2025-03-30 01:41:15,153 - Data directory: data/2025-03-30_01-41-13
2025-03-30 01:41:15,154 - Output directory: data/2025-03-30_01-41-13
2025-03-30 01:41:15,154 - Using data directory: data/2025-03-30_01-41-13
2025-03-30 01:41:15,154 - Looking for previous data in: data
2025-03-30 01:41:15,155 - Loading previous data from: data/2025-03-29_01-26-25/morphosource_data_complete.json
2025-03-30 01:41:15,524 - Loaded 105889 records from previous data file
2025-03-30 01:41:15,524 - Latest stored record ID: 000724554
2025-03-30 01:41:15,524 - Previous record count: 105889
2025-03-30 01:41:15,524 - Fetching page 1
2025-03-30 01:41:17,444 - Found record 000724712 - Total records: 1
2025-03-30 01:41:17,444 - Found record 000724709 - Total records: 2
2025-03-30 01:41:17,444 - Found record 000724554 - Total records: 3
2025-03-30 01:41:17,444 - Found latest stored record 000724554 - stopping fetch
2025-03-30 01:41:17,445 - Completed fetch - Found 3 new records
2025-03-30 01:41:17,445 - Latest webpage record ID: 000724712
2025-03-30 01:41:17,445 - New records available - latest records differ
2025-03-30 01:41:17,534 - New records: 3
2025-03-30 01:41:17,534 - Previous records: 105889
2025-03-30 01:41:17,534 - Combined records: 105891
2025-03-30 01:41:19,061 - Saved 105891 records to: data/2025-03-30_01-41-13/morphosource_data_complete.json
2025-03-30 01:41:19,061 - Created detailed release notes at: data/2025-03-30_01-41-13/release_notes.txt
