2025-05-25 01:49:55,969 - Data directory: data/2025-05-25_01-49-54
2025-05-25 01:49:55,970 - Output directory: data/2025-05-25_01-49-54
2025-05-25 01:49:55,970 - Using data directory: data/2025-05-25_01-49-54
2025-05-25 01:49:55,970 - Looking for previous data in: data
2025-05-25 01:49:55,971 - Loading previous data from: data/2025-05-24_01-38-43/morphosource_data_complete.json
2025-05-25 01:49:55,975 - Loaded 1029 records from previous data file
2025-05-25 01:49:55,975 - Latest stored record ID: 000744550
2025-05-25 01:49:55,975 - Previous record count: 1029
2025-05-25 01:49:55,975 - Fetching page 1
2025-05-25 01:50:02,979 - Found record 000744561 - Total records: 1
2025-05-25 01:50:02,979 - Found record 000744555 - Total records: 2
2025-05-25 01:50:02,979 - Found record 000744550 - Total records: 3
2025-05-25 01:50:02,980 - Found latest stored record 000744550 - stopping fetch
2025-05-25 01:50:02,980 - Completed fetch - Found 3 new records
2025-05-25 01:50:02,980 - Latest webpage record ID: 000744561
2025-05-25 01:50:02,980 - New records available - latest records differ
2025-05-25 01:50:02,981 - New records: 3
2025-05-25 01:50:02,981 - Previous records: 1029
2025-05-25 01:50:02,981 - Combined records: 1031
2025-05-25 01:50:02,996 - Saved 1031 records to: data/2025-05-25_01-49-54/morphosource_data_complete.json
2025-05-25 01:50:02,996 - Created detailed release notes at: data/2025-05-25_01-49-54/release_notes.txt
