2025-08-15 01:47:53,744 - Data directory: data/2025-08-15_01-47-52
2025-08-15 01:47:53,744 - Output directory: data/2025-08-15_01-47-52
2025-08-15 01:47:53,744 - Using data directory: data/2025-08-15_01-47-52
2025-08-15 01:47:53,745 - Looking for previous data in: data
2025-08-15 01:47:53,747 - Loading previous data from: data/2025-08-14_01-47-36/morphosource_data_complete.json
2025-08-15 01:47:54,176 - Loaded 108103 records from previous data file
2025-08-15 01:47:54,176 - Latest stored record ID: 000770342
2025-08-15 01:47:54,176 - Previous record count: 108103
2025-08-15 01:47:54,176 - Fetching page 1
2025-08-15 01:48:00,293 - Found record 000770825 - Total records: 1
2025-08-15 01:48:00,294 - Found record 000770727 - Total records: 2
2025-08-15 01:48:00,294 - Found record 000770724 - Total records: 3
2025-08-15 01:48:00,295 - Found record 000770342 - Total records: 4
2025-08-15 01:48:00,295 - Found latest stored record 000770342 - stopping fetch
2025-08-15 01:48:00,295 - Completed fetch - Found 4 new records
2025-08-15 01:48:00,295 - Latest webpage record ID: 000770825
2025-08-15 01:48:00,295 - New records available - latest records differ
2025-08-15 01:48:00,398 - New records: 4
2025-08-15 01:48:00,398 - Previous records: 108103
2025-08-15 01:48:00,398 - Combined records: 108106
2025-08-15 01:48:01,943 - Saved 108106 records to: data/2025-08-15_01-47-52/morphosource_data_complete.json
2025-08-15 01:48:01,944 - Created detailed release notes at: data/2025-08-15_01-47-52/release_notes.txt
