2026-05-27 00:56:43,173 - Data directory: data/2026-05-27_00-56-40
2026-05-27 00:56:43,174 - Output directory: data/2026-05-27_00-56-40
2026-05-27 00:56:43,174 - Fetch all mode: True
2026-05-27 00:56:43,174 - Using data directory: data/2026-05-27_00-56-40
2026-05-27 00:56:43,174 - Looking for previous data in: data
2026-05-27 00:56:43,181 - Loading previous data from: data/2025-10-06_01-28-33/morphosource_data_complete.json
2026-05-27 00:56:43,574 - Loaded 108782 records from previous data file
2026-05-27 00:56:43,574 - Latest stored record ID: 000781814
2026-05-27 00:56:43,575 - Previous record count: 108782
2026-05-27 00:56:43,575 - === FULL FETCH MODE: Collecting all records from all pages ===
2026-05-27 00:56:43,575 - Fetching page 1 via API
2026-05-27 00:56:43,832 - API error on page 1: Network error: Expecting value: line 1 column 1 (char 0) (error 1/5)
2026-05-27 00:56:48,837 - Fetching page 1 via API
2026-05-27 00:56:48,873 - API error on page 1: Network error: Expecting value: line 1 column 1 (char 0) (error 2/5)
2026-05-27 00:56:53,879 - Fetching page 1 via API
2026-05-27 00:56:53,914 - API error on page 1: Network error: Expecting value: line 1 column 1 (char 0) (error 3/5)
2026-05-27 00:56:58,920 - Fetching page 1 via API
2026-05-27 00:56:58,956 - API error on page 1: Network error: Expecting value: line 1 column 1 (char 0) (error 4/5)
2026-05-27 00:57:03,961 - Fetching page 1 via API
2026-05-27 00:57:03,999 - API error on page 1: Network error: Expecting value: line 1 column 1 (char 0) (error 5/5)
2026-05-27 00:57:03,999 - Error getting records: Network error: Expecting value: line 1 column 1 (char 0)
2026-05-27 00:57:03,999 - Error in daily check: Network error: Expecting value: line 1 column 1 (char 0)
