2025-01-27 18:53:31,236 - INFO - Using data file: data/2025-01-27_01-34-38/morphosource_data_complete.json
2025-01-27 18:53:31,654 - INFO - Found 104398 URLs to process
2025-01-27 18:53:31,654 - INFO - Processing up to 10 records this batch (total target: 40)
2025-01-27 18:53:31,654 - INFO - Starting at index 0, processed so far: 0
2025-01-27 18:53:31,759 - INFO - Setting up new Chrome driver
2025-01-27 18:53:32,319 - INFO - Processing URL: https://www.morphosource.org/concern/media/000704255?locale=en (Attempt 1/3)
2025-01-27 18:53:32,319 - INFO - Starting page load for https://www.morphosource.org/concern/media/000704255?locale=en
2025-01-27 18:53:35,208 - INFO - Page loaded for https://www.morphosource.org/concern/media/000704255?locale=en
2025-01-27 18:53:46,812 - INFO - Successfully processed https://www.morphosource.org/concern/media/000704255?locale=en
2025-01-27 18:53:48,816 - INFO - Processing URL: https://www.morphosource.org/concern/media/000704249?locale=en (Attempt 1/3)
2025-01-27 18:53:48,816 - INFO - Starting page load for https://www.morphosource.org/concern/media/000704249?locale=en
2025-01-27 18:53:50,784 - INFO - Page loaded for https://www.morphosource.org/concern/media/000704249?locale=en
2025-01-27 18:54:02,341 - INFO - Successfully processed https://www.morphosource.org/concern/media/000704249?locale=en
2025-01-27 18:54:04,344 - INFO - Processing URL: https://www.morphosource.org/concern/media/000704150?locale=en (Attempt 1/3)
2025-01-27 18:54:04,344 - INFO - Starting page load for https://www.morphosource.org/concern/media/000704150?locale=en
2025-01-27 18:54:04,894 - INFO - Page loaded for https://www.morphosource.org/concern/media/000704150?locale=en
2025-01-27 18:54:15,535 - INFO - Successfully processed https://www.morphosource.org/concern/media/000704150?locale=en
2025-01-27 18:54:17,538 - INFO - Processing URL: https://www.morphosource.org/concern/media/000704145?locale=en (Attempt 1/3)
2025-01-27 18:54:17,538 - INFO - Starting page load for https://www.morphosource.org/concern/media/000704145?locale=en
2025-01-27 18:54:18,810 - INFO - Page loaded for https://www.morphosource.org/concern/media/000704145?locale=en
2025-01-27 18:54:30,693 - INFO - Successfully processed https://www.morphosource.org/concern/media/000704145?locale=en
2025-01-27 18:54:32,697 - INFO - Processing URL: https://www.morphosource.org/concern/media/000704140?locale=en (Attempt 1/3)
2025-01-27 18:54:32,697 - INFO - Starting page load for https://www.morphosource.org/concern/media/000704140?locale=en
2025-01-27 18:54:34,092 - INFO - Page loaded for https://www.morphosource.org/concern/media/000704140?locale=en
2025-01-27 18:54:46,410 - INFO - Successfully processed https://www.morphosource.org/concern/media/000704140?locale=en
2025-01-27 18:54:48,413 - INFO - Processing URL: https://www.morphosource.org/concern/media/000704135?locale=en (Attempt 1/3)
2025-01-27 18:54:48,413 - INFO - Starting page load for https://www.morphosource.org/concern/media/000704135?locale=en
2025-01-27 18:54:50,297 - INFO - Page loaded for https://www.morphosource.org/concern/media/000704135?locale=en
2025-01-27 18:55:02,836 - INFO - Successfully processed https://www.morphosource.org/concern/media/000704135?locale=en
2025-01-27 18:55:04,839 - INFO - Processing URL: https://www.morphosource.org/concern/media/000704075?locale=en (Attempt 1/3)
2025-01-27 18:55:04,839 - INFO - Starting page load for https://www.morphosource.org/concern/media/000704075?locale=en
2025-01-27 18:55:06,347 - INFO - Page loaded for https://www.morphosource.org/concern/media/000704075?locale=en
2025-01-27 18:55:17,242 - INFO - Successfully processed https://www.morphosource.org/concern/media/000704075?locale=en
2025-01-27 18:55:19,246 - INFO - Processing URL: https://www.morphosource.org/concern/media/000704042?locale=en (Attempt 1/3)
2025-01-27 18:55:19,246 - INFO - Starting page load for https://www.morphosource.org/concern/media/000704042?locale=en
2025-01-27 18:55:20,586 - INFO - Page loaded for https://www.morphosource.org/concern/media/000704042?locale=en
2025-01-27 18:55:32,956 - INFO - Successfully processed https://www.morphosource.org/concern/media/000704042?locale=en
2025-01-27 18:55:34,959 - INFO - Processing URL: https://www.morphosource.org/concern/media/000704012?locale=en (Attempt 1/3)
2025-01-27 18:55:34,960 - INFO - Starting page load for https://www.morphosource.org/concern/media/000704012?locale=en
2025-01-27 18:55:36,292 - INFO - Page loaded for https://www.morphosource.org/concern/media/000704012?locale=en
2025-01-27 19:02:40,930 - INFO - Successfully processed https://www.morphosource.org/concern/media/000704012?locale=en
2025-01-27 19:02:42,932 - INFO - Processing URL: https://www.morphosource.org/concern/media/000703950?locale=en (Attempt 1/3)
2025-01-27 19:02:42,932 - INFO - Starting page load for https://www.morphosource.org/concern/media/000703950?locale=en
2025-01-27 19:02:48,312 - INFO - Page loaded for https://www.morphosource.org/concern/media/000703950?locale=en
2025-01-27 19:02:59,172 - INFO - Successfully processed https://www.morphosource.org/concern/media/000703950?locale=en
2025-01-27 19:03:01,223 - INFO - Saved 10 records to data/parquet/2025-01-27_18-53-30/morphosource_data_20250127_190301.parquet
2025-01-27 19:03:01,223 - INFO - Columns: url, processed_at, error, media_id, media_type, object_element_or_part, object_represented, object_taxonomy, object_organization, side, orientation, short_description, full_description, creator, date_created, date_uploaded, file_name, file_format(s), file_size_bytes, image_width, image_height, color_space, color_depth, compression, x_pixel_spacing, y_pixel_spacing, z_pixel_spacing, pixel_spacing_units, slice_thickness, number_of_images_in_set, number_of_parent_media, number_of_processing_events, modality, device, data_managed_by, data_uploaded_by, publication_status, download_reviewer, ip_holder, copyright_statement, creative_commons_license, permits_commercial_use, permits_3d_use, required_archival_of_published_derivatives, funding_attribution, publisher, cite_as, media_preview_mode, additional_usage_agreement, morphosource_ark, morphosource_doi, external_identifier, external_media_url, batch_index, attempt
2025-01-27 19:03:01,332 - INFO - Saved 10 records to data/parquet/2025-01-27_18-53-30/morphosource_data_20250127_190301.parquet
2025-01-27 19:03:01,332 - INFO - Columns: url, processed_at, error, media_id, media_type, object_element_or_part, object_represented, object_taxonomy, object_organization, side, orientation, short_description, full_description, creator, date_created, date_uploaded, file_name, file_format(s), file_size_bytes, image_width, image_height, color_space, color_depth, compression, x_pixel_spacing, y_pixel_spacing, z_pixel_spacing, pixel_spacing_units, slice_thickness, number_of_images_in_set, number_of_parent_media, number_of_processing_events, modality, device, data_managed_by, data_uploaded_by, publication_status, download_reviewer, ip_holder, copyright_statement, creative_commons_license, permits_commercial_use, permits_3d_use, required_archival_of_published_derivatives, funding_attribution, publisher, cite_as, media_preview_mode, additional_usage_agreement, morphosource_ark, morphosource_doi, external_identifier, external_media_url, batch_index, attempt
2025-01-27 19:03:01,332 - INFO - Processed 10 records in this batch
