2025-06-05 01:43:30,072 - Data directory: data/2025-06-05_01-43-27
2025-06-05 01:43:30,073 - Output directory: data/2025-06-05_01-43-27
2025-06-05 01:43:30,073 - Using data directory: data/2025-06-05_01-43-27
2025-06-05 01:43:30,073 - Looking for previous data in: data
2025-06-05 01:43:30,074 - Loading previous data from: data/2025-06-04_01-44-48/morphosource_data_complete.json
2025-06-05 01:43:30,078 - Loaded 1101 records from previous data file
2025-06-05 01:43:30,078 - Latest stored record ID: 000748632
2025-06-05 01:43:30,078 - Previous record count: 1101
2025-06-05 01:43:30,078 - Fetching page 1
2025-06-05 01:43:32,858 - Found record 000748963 - Total records: 1
2025-06-05 01:43:32,858 - Found record 000748957 - Total records: 2
2025-06-05 01:43:32,858 - Found record 000748954 - Total records: 3
2025-06-05 01:43:32,859 - Found record 000748951 - Total records: 4
2025-06-05 01:43:32,859 - Found record 000748948 - Total records: 5
2025-06-05 01:43:32,859 - Found record 000748945 - Total records: 6
2025-06-05 01:43:32,860 - Found record 000748890 - Total records: 7
2025-06-05 01:43:32,860 - Found record 000748881 - Total records: 8
2025-06-05 01:43:32,860 - Found record 000748871 - Total records: 9
2025-06-05 01:43:32,861 - Found record 000748867 - Total records: 10
2025-06-05 01:43:32,861 - Found record 000748725 - Total records: 11
2025-06-05 01:43:32,861 - Found record 000748668 - Total records: 12
2025-06-05 01:43:32,862 - Found record 000748663 - Total records: 13
2025-06-05 01:43:32,862 - Found record 000748653 - Total records: 14
2025-06-05 01:43:32,862 - Found record 000748649 - Total records: 15
2025-06-05 01:43:32,863 - Found record 000748646 - Total records: 16
2025-06-05 01:43:32,863 - Found record 000748643 - Total records: 17
2025-06-05 01:43:32,863 - Found record 000748632 - Total records: 18
2025-06-05 01:43:32,863 - Found latest stored record 000748632 - stopping fetch
2025-06-05 01:43:32,863 - Completed fetch - Found 18 new records
2025-06-05 01:43:32,864 - Latest webpage record ID: 000748963
2025-06-05 01:43:32,864 - New records available - latest records differ
2025-06-05 01:43:32,865 - New records: 18
2025-06-05 01:43:32,866 - Previous records: 1101
2025-06-05 01:43:32,866 - Combined records: 1118
2025-06-05 01:43:32,882 - Saved 1118 records to: data/2025-06-05_01-43-27/morphosource_data_complete.json
2025-06-05 01:43:32,882 - Created detailed release notes at: data/2025-06-05_01-43-27/release_notes.txt
