2025-03-12 01:24:32,378 - Data directory: data/2025-03-12_01-24-28
2025-03-12 01:24:32,378 - Output directory: data/2025-03-12_01-24-28
2025-03-12 01:24:32,379 - Using data directory: data/2025-03-12_01-24-28
2025-03-12 01:24:32,379 - Looking for previous data in: data
2025-03-12 01:24:32,379 - Loading previous data from: data/2025-03-11_01-25-29/morphosource_data_complete.json
2025-03-12 01:24:32,779 - Loaded 105439 records from previous data file
2025-03-12 01:24:32,779 - Latest stored record ID: 000718560
2025-03-12 01:24:32,779 - Previous record count: 105439
2025-03-12 01:24:32,779 - Fetching page 1
2025-03-12 01:24:36,307 - Found record 000719004 - Total records: 1
2025-03-12 01:24:36,308 - Found record 000718997 - Total records: 2
2025-03-12 01:24:36,308 - Found record 000718990 - Total records: 3
2025-03-12 01:24:36,308 - Found record 000718985 - Total records: 4
2025-03-12 01:24:36,309 - Found record 000718979 - Total records: 5
2025-03-12 01:24:36,309 - Found record 000718974 - Total records: 6
2025-03-12 01:24:36,309 - Found record 000718969 - Total records: 7
2025-03-12 01:24:36,310 - Found record 000718964 - Total records: 8
2025-03-12 01:24:36,310 - Found record 000718959 - Total records: 9
2025-03-12 01:24:36,311 - Found record 000718952 - Total records: 10
2025-03-12 01:24:36,311 - Found record 000718948 - Total records: 11
2025-03-12 01:24:36,311 - Found record 000718943 - Total records: 12
2025-03-12 01:24:36,312 - Found record 000718938 - Total records: 13
2025-03-12 01:24:36,312 - Found record 000718929 - Total records: 14
2025-03-12 01:24:36,312 - Found record 000718922 - Total records: 15
2025-03-12 01:24:36,313 - Found record 000718917 - Total records: 16
2025-03-12 01:24:36,313 - Found record 000718900 - Total records: 17
2025-03-12 01:24:36,313 - Found record 000718893 - Total records: 18
2025-03-12 01:24:36,314 - Found record 000718879 - Total records: 19
2025-03-12 01:24:36,314 - Found record 000718875 - Total records: 20
2025-03-12 01:24:36,314 - Found record 000718870 - Total records: 21
2025-03-12 01:24:36,315 - Found record 000718856 - Total records: 22
2025-03-12 01:24:36,315 - Found record 000718840 - Total records: 23
2025-03-12 01:24:36,316 - Found record 000718829 - Total records: 24
2025-03-12 01:24:36,316 - Found record 000718774 - Total records: 25
2025-03-12 01:24:36,316 - Found record 000718749 - Total records: 26
2025-03-12 01:24:36,317 - Found record 000718735 - Total records: 27
2025-03-12 01:24:36,317 - Found record 000718709 - Total records: 28
2025-03-12 01:24:36,317 - Found record 000718699 - Total records: 29
2025-03-12 01:24:36,318 - Found record 000718604 - Total records: 30
2025-03-12 01:24:36,318 - Found record 000718588 - Total records: 31
2025-03-12 01:24:36,318 - Found record 000718568 - Total records: 32
2025-03-12 01:24:36,319 - Found record 000718560 - Total records: 33
2025-03-12 01:24:36,319 - Found latest stored record 000718560 - stopping fetch
2025-03-12 01:24:36,319 - Completed fetch - Found 33 new records
2025-03-12 01:24:36,319 - Latest webpage record ID: 000719004
2025-03-12 01:24:36,319 - New records available - latest records differ
2025-03-12 01:24:36,598 - New records: 33
2025-03-12 01:24:36,599 - Previous records: 105439
2025-03-12 01:24:36,599 - Combined records: 105471
2025-03-12 01:24:38,108 - Saved 105471 records to: data/2025-03-12_01-24-28/morphosource_data_complete.json
2025-03-12 01:24:38,109 - Created detailed release notes at: data/2025-03-12_01-24-28/release_notes.txt
