2025-03-04 16:57:27,776 - Data directory: data/2025-03-04_16-57-26
2025-03-04 16:57:27,776 - Output directory: data/2025-03-04_16-57-26
2025-03-04 16:57:27,776 - Using data directory: data/2025-03-04_16-57-26
2025-03-04 16:57:27,776 - Looking for previous data in: data
2025-03-04 16:57:27,777 - Loading previous data from: data/2025-03-02_01-27-57/morphosource_data_complete.json
2025-03-04 16:57:28,157 - Loaded 105310 records from previous data file
2025-03-04 16:57:28,157 - Latest stored record ID: 000713958
2025-03-04 16:57:28,157 - Previous record count: 105310
2025-03-04 16:57:28,157 - Fetching page 1
2025-03-04 16:57:31,362 - Found record 000715757 - Total records: 1
2025-03-04 16:57:31,363 - Found record 000715737 - Total records: 2
2025-03-04 16:57:31,363 - Found record 000715723 - Total records: 3
2025-03-04 16:57:31,363 - Found record 000715654 - Total records: 4
2025-03-04 16:57:31,364 - Found record 000715362 - Total records: 5
2025-03-04 16:57:31,364 - Found record 000715334 - Total records: 6
2025-03-04 16:57:31,364 - Found record 000715277 - Total records: 7
2025-03-04 16:57:31,365 - Found record 000715200 - Total records: 8
2025-03-04 16:57:31,365 - Found record 000715177 - Total records: 9
2025-03-04 16:57:31,366 - Found record 000715143 - Total records: 10
2025-03-04 16:57:31,366 - Found record 000715104 - Total records: 11
2025-03-04 16:57:31,366 - Found record 000715096 - Total records: 12
2025-03-04 16:57:31,367 - Found record 000715091 - Total records: 13
2025-03-04 16:57:31,367 - Found record 000715086 - Total records: 14
2025-03-04 16:57:31,367 - Found record 000715078 - Total records: 15
2025-03-04 16:57:31,368 - Found record 000715075 - Total records: 16
2025-03-04 16:57:31,368 - Found record 000715066 - Total records: 17
2025-03-04 16:57:31,368 - Found record 000715049 - Total records: 18
2025-03-04 16:57:31,369 - Found record 000715032 - Total records: 19
2025-03-04 16:57:31,369 - Found record 000715029 - Total records: 20
2025-03-04 16:57:31,370 - Found record 000715024 - Total records: 21
2025-03-04 16:57:31,370 - Found record 000715021 - Total records: 22
2025-03-04 16:57:31,370 - Found record 000715015 - Total records: 23
2025-03-04 16:57:31,371 - Found record 000715007 - Total records: 24
2025-03-04 16:57:31,371 - Found record 000714740 - Total records: 25
2025-03-04 16:57:31,371 - Found record 000714736 - Total records: 26
2025-03-04 16:57:31,372 - Found record 000714730 - Total records: 27
2025-03-04 16:57:31,372 - Found record 000714726 - Total records: 28
2025-03-04 16:57:31,373 - Found record 000713958 - Total records: 29
2025-03-04 16:57:31,373 - Found latest stored record 000713958 - stopping fetch
2025-03-04 16:57:31,373 - Completed fetch - Found 29 new records
2025-03-04 16:57:31,373 - Latest webpage record ID: 000715757
2025-03-04 16:57:31,373 - New records available - latest records differ
2025-03-04 16:57:31,629 - New records: 29
2025-03-04 16:57:31,629 - Previous records: 105310
2025-03-04 16:57:31,629 - Combined records: 105338
2025-03-04 16:57:33,200 - Saved 105338 records to: data/2025-03-04_16-57-26/morphosource_data_complete.json
2025-03-04 16:57:33,201 - Created detailed release notes at: data/2025-03-04_16-57-26/release_notes.txt
