2025-04-23 01:38:29,150 - Data directory: data/2025-04-23_01-38-27
2025-04-23 01:38:29,150 - Output directory: data/2025-04-23_01-38-27
2025-04-23 01:38:29,150 - Using data directory: data/2025-04-23_01-38-27
2025-04-23 01:38:29,150 - Looking for previous data in: data
2025-04-23 01:38:29,151 - Loading previous data from: data/2025-04-22_01-38-07/morphosource_data_complete.json
2025-04-23 01:38:29,154 - Loaded 738 records from previous data file
2025-04-23 01:38:29,154 - Latest stored record ID: 000732612
2025-04-23 01:38:29,154 - Previous record count: 738
2025-04-23 01:38:29,154 - Fetching page 1
2025-04-23 01:38:32,465 - Found record 000733940 - Total records: 1
2025-04-23 01:38:32,465 - Found record 000733939 - Total records: 2
2025-04-23 01:38:32,465 - Found record 000733903 - Total records: 3
2025-04-23 01:38:32,466 - Found record 000733898 - Total records: 4
2025-04-23 01:38:32,466 - Found record 000733846 - Total records: 5
2025-04-23 01:38:32,466 - Found record 000733825 - Total records: 6
2025-04-23 01:38:32,467 - Found record 000733813 - Total records: 7
2025-04-23 01:38:32,467 - Found record 000733798 - Total records: 8
2025-04-23 01:38:32,467 - Found record 000733785 - Total records: 9
2025-04-23 01:38:32,468 - Found record 000733764 - Total records: 10
2025-04-23 01:38:32,468 - Found record 000733761 - Total records: 11
2025-04-23 01:38:32,468 - Found record 000733732 - Total records: 12
2025-04-23 01:38:32,468 - Found record 000732612 - Total records: 13
2025-04-23 01:38:32,469 - Found latest stored record 000732612 - stopping fetch
2025-04-23 01:38:32,469 - Completed fetch - Found 13 new records
2025-04-23 01:38:32,469 - Latest webpage record ID: 000733940
2025-04-23 01:38:32,469 - New records available - latest records differ
2025-04-23 01:38:32,470 - New records: 13
2025-04-23 01:38:32,470 - Previous records: 738
2025-04-23 01:38:32,470 - Combined records: 750
2025-04-23 01:38:32,481 - Saved 750 records to: data/2025-04-23_01-38-27/morphosource_data_complete.json
2025-04-23 01:38:32,481 - Created detailed release notes at: data/2025-04-23_01-38-27/release_notes.txt
