2025-05-22 01:42:05,868 - Data directory: data/2025-05-22_01-42-04
2025-05-22 01:42:05,868 - Output directory: data/2025-05-22_01-42-04
2025-05-22 01:42:05,868 - Using data directory: data/2025-05-22_01-42-04
2025-05-22 01:42:05,868 - Looking for previous data in: data
2025-05-22 01:42:05,870 - Loading previous data from: data/2025-05-21_01-42-37/morphosource_data_complete.json
2025-05-22 01:42:05,873 - Loaded 981 records from previous data file
2025-05-22 01:42:05,873 - Latest stored record ID: 000743635
2025-05-22 01:42:05,873 - Previous record count: 981
2025-05-22 01:42:05,873 - Fetching page 1
2025-05-22 01:42:14,137 - Found record 000743946 - Total records: 1
2025-05-22 01:42:14,138 - Found record 000743943 - Total records: 2
2025-05-22 01:42:14,138 - Found record 000743940 - Total records: 3
2025-05-22 01:42:14,139 - Found record 000743893 - Total records: 4
2025-05-22 01:42:14,139 - Found record 000743877 - Total records: 5
2025-05-22 01:42:14,140 - Found record 000743868 - Total records: 6
2025-05-22 01:42:14,140 - Found record 000743858 - Total records: 7
2025-05-22 01:42:14,140 - Found record 000743841 - Total records: 8
2025-05-22 01:42:14,141 - Found record 000743835 - Total records: 9
2025-05-22 01:42:14,141 - Found record 000743829 - Total records: 10
2025-05-22 01:42:14,141 - Found record 000743798 - Total records: 11
2025-05-22 01:42:14,142 - Found record 000743746 - Total records: 12
2025-05-22 01:42:14,142 - Found record 000743664 - Total records: 13
2025-05-22 01:42:14,142 - Found record 000743645 - Total records: 14
2025-05-22 01:42:14,143 - Found record 000743640 - Total records: 15
2025-05-22 01:42:14,143 - Found record 000743635 - Total records: 16
2025-05-22 01:42:14,143 - Found latest stored record 000743635 - stopping fetch
2025-05-22 01:42:14,143 - Completed fetch - Found 16 new records
2025-05-22 01:42:14,144 - Latest webpage record ID: 000743946
2025-05-22 01:42:14,144 - New records available - latest records differ
2025-05-22 01:42:14,145 - New records: 16
2025-05-22 01:42:14,145 - Previous records: 981
2025-05-22 01:42:14,145 - Combined records: 996
2025-05-22 01:42:14,160 - Saved 996 records to: data/2025-05-22_01-42-04/morphosource_data_complete.json
2025-05-22 01:42:14,160 - Created detailed release notes at: data/2025-05-22_01-42-04/release_notes.txt
