2025-03-06 01:24:57,892 - Data directory: data/2025-03-06_01-24-56
2025-03-06 01:24:57,892 - Output directory: data/2025-03-06_01-24-56
2025-03-06 01:24:57,893 - Using data directory: data/2025-03-06_01-24-56
2025-03-06 01:24:57,893 - Looking for previous data in: data
2025-03-06 01:24:57,893 - Loading previous data from: data/2025-03-05_01-24-27/morphosource_data_complete.json
2025-03-06 01:24:58,263 - Loaded 105346 records from previous data file
2025-03-06 01:24:58,263 - Latest stored record ID: 000716203
2025-03-06 01:24:58,263 - Previous record count: 105346
2025-03-06 01:24:58,263 - Fetching page 1
2025-03-06 01:25:01,316 - Found record 000716387 - Total records: 1
2025-03-06 01:25:01,316 - Found record 000716203 - Total records: 2
2025-03-06 01:25:01,316 - Found latest stored record 000716203 - stopping fetch
2025-03-06 01:25:01,316 - Completed fetch - Found 2 new records
2025-03-06 01:25:01,317 - Latest webpage record ID: 000716387
2025-03-06 01:25:01,317 - New records available - latest records differ
2025-03-06 01:25:01,404 - New records: 2
2025-03-06 01:25:01,405 - Previous records: 105346
2025-03-06 01:25:01,405 - Combined records: 105347
2025-03-06 01:25:02,921 - Saved 105347 records to: data/2025-03-06_01-24-56/morphosource_data_complete.json
2025-03-06 01:25:02,921 - Created detailed release notes at: data/2025-03-06_01-24-56/release_notes.txt
