2025-01-27 20:11:06,425 - INFO - Using data file: data/2025-01-27_01-34-38/morphosource_data_complete.json
2025-01-27 20:11:06,855 - INFO - Found 104398 URLs to process
2025-01-27 20:11:06,855 - INFO - Processing up to 10 records this batch (total target: 104398)
2025-01-27 20:11:06,855 - INFO - Starting at index 40, processed so far: 40
2025-01-27 20:11:06,921 - INFO - Setting up new Chrome driver
2025-01-27 20:11:07,476 - INFO - Processing URL: https://www.morphosource.org/concern/media/000702929?locale=en (Attempt 1/3)
2025-01-27 20:11:07,476 - INFO - Analyzing structure for: https://www.morphosource.org/concern/media/000702929?locale=en
2025-01-27 20:11:11,139 - INFO - Title loaded
2025-01-27 20:11:11,154 - INFO - Content elements found
2025-01-27 20:11:11,172 - INFO - Found media type using showcase layout
2025-01-27 20:11:11,172 - INFO - Detected Layout: showcase
2025-01-27 20:11:11,172 - INFO - Media Type: Volumetric Image Series
2025-01-27 20:11:12,421 - INFO - Successfully processed https://www.morphosource.org/concern/media/000702929?locale=en
2025-01-27 20:11:14,423 - INFO - Processing URL: https://www.morphosource.org/concern/media/000702919?locale=en (Attempt 1/3)
2025-01-27 20:11:14,424 - INFO - Analyzing structure for: https://www.morphosource.org/concern/media/000702919?locale=en
2025-01-27 20:11:16,681 - INFO - Title loaded
2025-01-27 20:11:16,696 - INFO - Content elements found
2025-01-27 20:11:16,710 - INFO - Found media type using showcase layout
2025-01-27 20:11:16,710 - INFO - Detected Layout: showcase
2025-01-27 20:11:16,710 - INFO - Media Type: Volumetric Image Series
2025-01-27 20:11:17,948 - INFO - Successfully processed https://www.morphosource.org/concern/media/000702919?locale=en
2025-01-27 20:11:19,950 - INFO - Processing URL: https://www.morphosource.org/concern/media/000702886?locale=en (Attempt 1/3)
2025-01-27 20:11:19,950 - INFO - Analyzing structure for: https://www.morphosource.org/concern/media/000702886?locale=en
2025-01-27 20:11:21,708 - INFO - Title loaded
2025-01-27 20:11:21,723 - INFO - Content elements found
2025-01-27 20:11:21,740 - INFO - Found media type using showcase layout
2025-01-27 20:11:21,740 - INFO - Detected Layout: showcase
2025-01-27 20:11:21,740 - INFO - Media Type: Image
2025-01-27 20:11:22,310 - INFO - Successfully processed https://www.morphosource.org/concern/media/000702886?locale=en
2025-01-27 20:11:24,313 - INFO - Processing URL: https://www.morphosource.org/concern/media/000702872?locale=en (Attempt 1/3)
2025-01-27 20:11:24,313 - INFO - Analyzing structure for: https://www.morphosource.org/concern/media/000702872?locale=en
2025-01-27 20:11:26,631 - INFO - Title loaded
2025-01-27 20:11:26,644 - INFO - Content elements found
2025-01-27 20:11:26,656 - INFO - Found media type using showcase layout
2025-01-27 20:11:26,656 - INFO - Detected Layout: showcase
2025-01-27 20:11:26,656 - INFO - Media Type: Mesh
2025-01-27 20:11:49,355 - INFO - Successfully processed https://www.morphosource.org/concern/media/000702872?locale=en
2025-01-27 20:11:51,359 - INFO - Processing URL: https://www.morphosource.org/concern/media/000702868?locale=en (Attempt 1/3)
2025-01-27 20:11:51,359 - INFO - Analyzing structure for: https://www.morphosource.org/concern/media/000702868?locale=en
2025-01-27 20:11:54,179 - INFO - Title loaded
2025-01-27 20:11:54,193 - INFO - Content elements found
2025-01-27 20:11:54,206 - INFO - Found media type using showcase layout
2025-01-27 20:11:54,206 - INFO - Detected Layout: showcase
2025-01-27 20:11:54,206 - INFO - Media Type: Volumetric Image Series
2025-01-27 20:11:55,280 - INFO - Successfully processed https://www.morphosource.org/concern/media/000702868?locale=en
2025-01-27 20:11:57,282 - INFO - Processing URL: https://www.morphosource.org/concern/media/000702863?locale=en (Attempt 1/3)
2025-01-27 20:11:57,282 - INFO - Analyzing structure for: https://www.morphosource.org/concern/media/000702863?locale=en
2025-01-27 20:11:58,375 - INFO - Title loaded
2025-01-27 20:11:58,389 - INFO - Content elements found
2025-01-27 20:11:58,402 - INFO - Found media type using showcase layout
2025-01-27 20:11:58,403 - INFO - Detected Layout: showcase
2025-01-27 20:11:58,403 - INFO - Media Type: Mesh
2025-01-27 20:12:22,835 - INFO - Successfully processed https://www.morphosource.org/concern/media/000702863?locale=en
2025-01-27 20:12:24,838 - INFO - Processing URL: https://www.morphosource.org/concern/media/000702859?locale=en (Attempt 1/3)
2025-01-27 20:12:24,839 - INFO - Analyzing structure for: https://www.morphosource.org/concern/media/000702859?locale=en
2025-01-27 20:12:26,106 - INFO - Title loaded
2025-01-27 20:12:26,119 - INFO - Content elements found
2025-01-27 20:12:26,130 - INFO - Found media type using showcase layout
2025-01-27 20:12:26,130 - INFO - Detected Layout: showcase
2025-01-27 20:12:26,131 - INFO - Media Type: Mesh
2025-01-27 20:12:49,071 - INFO - Successfully processed https://www.morphosource.org/concern/media/000702859?locale=en
2025-01-27 20:12:51,073 - INFO - Processing URL: https://www.morphosource.org/concern/media/000702855?locale=en (Attempt 1/3)
2025-01-27 20:12:51,073 - INFO - Analyzing structure for: https://www.morphosource.org/concern/media/000702855?locale=en
2025-01-27 20:12:52,792 - INFO - Title loaded
2025-01-27 20:12:52,805 - INFO - Content elements found
2025-01-27 20:12:52,817 - INFO - Found media type using showcase layout
2025-01-27 20:12:52,818 - INFO - Detected Layout: showcase
2025-01-27 20:12:52,818 - INFO - Media Type: Mesh
2025-01-27 20:13:15,999 - INFO - Successfully processed https://www.morphosource.org/concern/media/000702855?locale=en
2025-01-27 20:13:18,001 - INFO - Processing URL: https://www.morphosource.org/concern/media/000702850?locale=en (Attempt 1/3)
2025-01-27 20:13:18,001 - INFO - Analyzing structure for: https://www.morphosource.org/concern/media/000702850?locale=en
2025-01-27 20:13:20,211 - INFO - Title loaded
2025-01-27 20:13:20,225 - INFO - Content elements found
2025-01-27 20:13:20,237 - INFO - Found media type using showcase layout
2025-01-27 20:13:20,237 - INFO - Detected Layout: showcase
2025-01-27 20:13:20,237 - INFO - Media Type: Mesh
2025-01-27 20:13:42,846 - INFO - Successfully processed https://www.morphosource.org/concern/media/000702850?locale=en
2025-01-27 20:13:44,849 - INFO - Processing URL: https://www.morphosource.org/concern/media/000702845?locale=en (Attempt 1/3)
2025-01-27 20:13:44,850 - INFO - Analyzing structure for: https://www.morphosource.org/concern/media/000702845?locale=en
2025-01-27 20:13:48,026 - INFO - Title loaded
2025-01-27 20:13:48,041 - INFO - Content elements found
2025-01-27 20:13:48,053 - INFO - Found media type using showcase layout
2025-01-27 20:13:48,053 - INFO - Detected Layout: showcase
2025-01-27 20:13:48,053 - INFO - Media Type: Volumetric Image Series
2025-01-27 20:13:49,114 - INFO - Successfully processed https://www.morphosource.org/concern/media/000702845?locale=en
2025-01-27 20:13:51,137 - INFO - Saved 10 records to data/parquet/2025-01-27_20-11-05/morphosource_data_20250127_201351.parquet
2025-01-27 20:13:51,138 - INFO - Columns: url, processed_at, error, media_id, media_type, object_element_or_part, object_represented, object_taxonomy, object_organization, side, orientation, short_description, full_description, creator, date_created, date_uploaded, data_managed_by, data_uploaded_by, publication_status, download_reviewer, ip_holder, copyright_statement, creative_commons_license, morphosource_use_agreement_type, permits_commercial_use, permits_3d_use, required_archival_of_published_derivatives, funding_attribution, publisher, cite_as, media_preview_mode, additional_usage_agreement, morphosource_ark, morphosource_doi, external_identifier, external_media_url, file_name, file_formats, file_size, image_width, image_height, color_space, color_depth, compression, x_pixel_spacing, y_pixel_spacing, z_pixel_spacing, pixel_spacing_units, slice_thickness, number_of_images_in_set, number_of_parent_media, number_of_processing_events, modality, device, batch_index, attempt, points, polygons, map_type, uv_coordinates, vertex_color, bounding_box_dimensions, centroid_coordinates, units_of_point_coordinates, derived_directly_from
2025-01-27 20:13:51,222 - INFO - Saved 10 records to data/parquet/2025-01-27_20-11-05/morphosource_data_20250127_201351.parquet
2025-01-27 20:13:51,222 - INFO - Columns: url, processed_at, error, media_id, media_type, object_element_or_part, object_represented, object_taxonomy, object_organization, side, orientation, short_description, full_description, creator, date_created, date_uploaded, data_managed_by, data_uploaded_by, publication_status, download_reviewer, ip_holder, copyright_statement, creative_commons_license, morphosource_use_agreement_type, permits_commercial_use, permits_3d_use, required_archival_of_published_derivatives, funding_attribution, publisher, cite_as, media_preview_mode, additional_usage_agreement, morphosource_ark, morphosource_doi, external_identifier, external_media_url, file_name, file_formats, file_size, image_width, image_height, color_space, color_depth, compression, x_pixel_spacing, y_pixel_spacing, z_pixel_spacing, pixel_spacing_units, slice_thickness, number_of_images_in_set, number_of_parent_media, number_of_processing_events, modality, device, batch_index, attempt, points, polygons, map_type, uv_coordinates, vertex_color, bounding_box_dimensions, centroid_coordinates, units_of_point_coordinates, derived_directly_from
2025-01-27 20:13:51,222 - INFO - Processed 10 records in this batch
