2025-04-12 01:27:01,664 - Data directory: data/2025-04-12_01-26-57
2025-04-12 01:27:01,664 - Output directory: data/2025-04-12_01-26-57
2025-04-12 01:27:01,664 - Using data directory: data/2025-04-12_01-26-57
2025-04-12 01:27:01,664 - Looking for previous data in: data
2025-04-12 01:27:01,665 - Loading previous data from: data/2025-04-11_01-36-48/morphosource_data_complete.json
2025-04-12 01:27:01,667 - Loaded 616 records from previous data file
2025-04-12 01:27:01,667 - Latest stored record ID: 000729490
2025-04-12 01:27:01,667 - Previous record count: 616
2025-04-12 01:27:01,667 - Fetching page 1
2025-04-12 01:27:04,681 - Found record 000729916 - Total records: 1
2025-04-12 01:27:04,681 - Found record 000729911 - Total records: 2
2025-04-12 01:27:04,682 - Found record 000729910 - Total records: 3
2025-04-12 01:27:04,682 - Found record 000729901 - Total records: 4
2025-04-12 01:27:04,682 - Found record 000729889 - Total records: 5
2025-04-12 01:27:04,683 - Found record 000729810 - Total records: 6
2025-04-12 01:27:04,683 - Found record 000729788 - Total records: 7
2025-04-12 01:27:04,683 - Found record 000729680 - Total records: 8
2025-04-12 01:27:04,684 - Found record 000729604 - Total records: 9
2025-04-12 01:27:04,684 - Found record 000729584 - Total records: 10
2025-04-12 01:27:04,684 - Found record 000729545 - Total records: 11
2025-04-12 01:27:04,685 - Found record 000729526 - Total records: 12
2025-04-12 01:27:04,685 - Found record 000729490 - Total records: 13
2025-04-12 01:27:04,685 - Found latest stored record 000729490 - stopping fetch
2025-04-12 01:27:04,685 - Completed fetch - Found 13 new records
2025-04-12 01:27:04,686 - Latest webpage record ID: 000729916
2025-04-12 01:27:04,686 - New records available - latest records differ
2025-04-12 01:27:04,686 - New records: 13
2025-04-12 01:27:04,687 - Previous records: 616
2025-04-12 01:27:04,687 - Combined records: 628
2025-04-12 01:27:04,696 - Saved 628 records to: data/2025-04-12_01-26-57/morphosource_data_complete.json
2025-04-12 01:27:04,696 - Created detailed release notes at: data/2025-04-12_01-26-57/release_notes.txt
