2025-04-15 01:39:01,807 - Data directory: data/2025-04-15_01-39-00
2025-04-15 01:39:01,808 - Output directory: data/2025-04-15_01-39-00
2025-04-15 01:39:01,808 - Using data directory: data/2025-04-15_01-39-00
2025-04-15 01:39:01,808 - Looking for previous data in: data
2025-04-15 01:39:01,809 - Loading previous data from: data/2025-04-14_01-39-53/morphosource_data_complete.json
2025-04-15 01:39:01,811 - Loaded 632 records from previous data file
2025-04-15 01:39:01,811 - Latest stored record ID: 000729989
2025-04-15 01:39:01,811 - Previous record count: 632
2025-04-15 01:39:01,811 - Fetching page 1
2025-04-15 01:39:04,966 - Found record 000731066 - Total records: 1
2025-04-15 01:39:04,967 - Found record 000730154 - Total records: 2
2025-04-15 01:39:04,967 - Found record 000729989 - Total records: 3
2025-04-15 01:39:04,967 - Found latest stored record 000729989 - stopping fetch
2025-04-15 01:39:04,967 - Completed fetch - Found 3 new records
2025-04-15 01:39:04,967 - Latest webpage record ID: 000731066
2025-04-15 01:39:04,968 - New records available - latest records differ
2025-04-15 01:39:04,968 - New records: 3
2025-04-15 01:39:04,968 - Previous records: 632
2025-04-15 01:39:04,968 - Combined records: 634
2025-04-15 01:39:04,977 - Saved 634 records to: data/2025-04-15_01-39-00/morphosource_data_complete.json
2025-04-15 01:39:04,978 - Created detailed release notes at: data/2025-04-15_01-39-00/release_notes.txt
