2025-03-08 01:08:24,680 - Data directory: data/2025-03-08_01-08-23
2025-03-08 01:08:24,680 - Output directory: data/2025-03-08_01-08-23
2025-03-08 01:08:24,680 - Using data directory: data/2025-03-08_01-08-23
2025-03-08 01:08:24,680 - Looking for previous data in: data
2025-03-08 01:08:24,680 - Loading previous data from: data/2025-03-07_01-25-14/morphosource_data_complete.json
2025-03-08 01:08:25,049 - Loaded 105371 records from previous data file
2025-03-08 01:08:25,050 - Latest stored record ID: 000716851
2025-03-08 01:08:25,050 - Previous record count: 105371
2025-03-08 01:08:25,050 - Fetching page 1
2025-03-08 01:08:48,189 - Found record 000717123 - Total records: 1
2025-03-08 01:08:48,189 - Found record 000717104 - Total records: 2
2025-03-08 01:08:48,189 - Found record 000717050 - Total records: 3
2025-03-08 01:08:48,190 - Found record 000716851 - Total records: 4
2025-03-08 01:08:48,190 - Found latest stored record 000716851 - stopping fetch
2025-03-08 01:08:48,190 - Completed fetch - Found 4 new records
2025-03-08 01:08:48,190 - Latest webpage record ID: 000717123
2025-03-08 01:08:48,190 - New records available - latest records differ
2025-03-08 01:08:48,286 - New records: 4
2025-03-08 01:08:48,287 - Previous records: 105371
2025-03-08 01:08:48,287 - Combined records: 105374
2025-03-08 01:08:49,806 - Saved 105374 records to: data/2025-03-08_01-08-23/morphosource_data_complete.json
2025-03-08 01:08:49,806 - Created detailed release notes at: data/2025-03-08_01-08-23/release_notes.txt
