2026-06-06 00:56:19,081 - Data directory: data/2026-06-06_00-56-15
2026-06-06 00:56:19,081 - Output directory: data/2026-06-06_00-56-15
2026-06-06 00:56:19,081 - Fetch all mode: True
2026-06-06 00:56:19,082 - Using data directory: data/2026-06-06_00-56-15
2026-06-06 00:56:19,082 - Looking for previous data in: data
2026-06-06 00:56:19,089 - Loading previous data from: data/2025-10-06_01-28-33/morphosource_data_complete.json
2026-06-06 00:56:19,477 - Loaded 108782 records from previous data file
2026-06-06 00:56:19,478 - Latest stored record ID: 000781814
2026-06-06 00:56:19,478 - Previous record count: 108782
2026-06-06 00:56:19,478 - === FULL FETCH MODE: Collecting all records from all pages ===
2026-06-06 00:56:19,478 - Fetching page 1 via API
2026-06-06 00:56:19,776 - API error on page 1: Network error: Expecting value: line 1 column 1 (char 0) (error 1/5)
2026-06-06 00:56:24,782 - Fetching page 1 via API
2026-06-06 00:56:24,802 - API error on page 1: Network error: Expecting value: line 1 column 1 (char 0) (error 2/5)
2026-06-06 00:56:29,807 - Fetching page 1 via API
2026-06-06 00:56:29,827 - API error on page 1: Network error: Expecting value: line 1 column 1 (char 0) (error 3/5)
2026-06-06 00:56:34,833 - Fetching page 1 via API
2026-06-06 00:56:34,853 - API error on page 1: Network error: Expecting value: line 1 column 1 (char 0) (error 4/5)
2026-06-06 00:56:39,858 - Fetching page 1 via API
2026-06-06 00:56:39,882 - API error on page 1: Network error: Expecting value: line 1 column 1 (char 0) (error 5/5)
2026-06-06 00:56:39,882 - Error getting records: Network error: Expecting value: line 1 column 1 (char 0)
2026-06-06 00:56:39,882 - Error in daily check: Network error: Expecting value: line 1 column 1 (char 0)
