2025-05-28 01:43:02,784 - Data directory: data/2025-05-28_01-43-01
2025-05-28 01:43:02,784 - Output directory: data/2025-05-28_01-43-01
2025-05-28 01:43:02,784 - Using data directory: data/2025-05-28_01-43-01
2025-05-28 01:43:02,784 - Looking for previous data in: data
2025-05-28 01:43:02,786 - Loading previous data from: data/2025-05-27_01-41-31/morphosource_data_complete.json
2025-05-28 01:43:02,790 - Loaded 1033 records from previous data file
2025-05-28 01:43:02,790 - Latest stored record ID: 000745012
2025-05-28 01:43:02,790 - Previous record count: 1033
2025-05-28 01:43:02,790 - Fetching page 1
2025-05-28 01:43:11,694 - Found record 000745782 - Total records: 1
2025-05-28 01:43:11,694 - Found record 000745773 - Total records: 2
2025-05-28 01:43:11,694 - Found record 000745762 - Total records: 3
2025-05-28 01:43:11,695 - Found record 000745753 - Total records: 4
2025-05-28 01:43:11,695 - Found record 000745650 - Total records: 5
2025-05-28 01:43:11,696 - Found record 000745442 - Total records: 6
2025-05-28 01:43:11,696 - Found record 000745012 - Total records: 7
2025-05-28 01:43:11,696 - Found latest stored record 000745012 - stopping fetch
2025-05-28 01:43:11,696 - Completed fetch - Found 7 new records
2025-05-28 01:43:11,696 - Latest webpage record ID: 000745782
2025-05-28 01:43:11,696 - New records available - latest records differ
2025-05-28 01:43:11,697 - New records: 7
2025-05-28 01:43:11,698 - Previous records: 1033
2025-05-28 01:43:11,698 - Combined records: 1039
2025-05-28 01:43:11,713 - Saved 1039 records to: data/2025-05-28_01-43-01/morphosource_data_complete.json
2025-05-28 01:43:11,713 - Created detailed release notes at: data/2025-05-28_01-43-01/release_notes.txt
