2025-06-19 01:45:59,271 - Data directory: data/2025-06-19_01-45-57
2025-06-19 01:45:59,271 - Output directory: data/2025-06-19_01-45-57
2025-06-19 01:45:59,272 - Using data directory: data/2025-06-19_01-45-57
2025-06-19 01:45:59,272 - Looking for previous data in: data
2025-06-19 01:45:59,273 - Loading previous data from: data/2025-06-18_01-44-45/morphosource_data_complete.json
2025-06-19 01:45:59,279 - Loaded 1394 records from previous data file
2025-06-19 01:45:59,279 - Latest stored record ID: 000754322
2025-06-19 01:45:59,279 - Previous record count: 1394
2025-06-19 01:45:59,279 - Fetching page 1
2025-06-19 01:46:03,254 - Found record 000754421 - Total records: 1
2025-06-19 01:46:03,255 - Found record 000754417 - Total records: 2
2025-06-19 01:46:03,255 - Found record 000754412 - Total records: 3
2025-06-19 01:46:03,255 - Found record 000754402 - Total records: 4
2025-06-19 01:46:03,256 - Found record 000754365 - Total records: 5
2025-06-19 01:46:03,256 - Found record 000754353 - Total records: 6
2025-06-19 01:46:03,256 - Found record 000754349 - Total records: 7
2025-06-19 01:46:03,256 - Found record 000754322 - Total records: 8
2025-06-19 01:46:03,257 - Found latest stored record 000754322 - stopping fetch
2025-06-19 01:46:03,257 - Completed fetch - Found 8 new records
2025-06-19 01:46:03,257 - Latest webpage record ID: 000754421
2025-06-19 01:46:03,257 - New records available - latest records differ
2025-06-19 01:46:03,259 - New records: 8
2025-06-19 01:46:03,259 - Previous records: 1394
2025-06-19 01:46:03,259 - Combined records: 1401
2025-06-19 01:46:03,279 - Saved 1401 records to: data/2025-06-19_01-45-57/morphosource_data_complete.json
2025-06-19 01:46:03,279 - Created detailed release notes at: data/2025-06-19_01-45-57/release_notes.txt
