2025-05-08 01:41:32,571 - Data directory: data/2025-05-08_01-41-30
2025-05-08 01:41:32,571 - Output directory: data/2025-05-08_01-41-30
2025-05-08 01:41:32,571 - Using data directory: data/2025-05-08_01-41-30
2025-05-08 01:41:32,571 - Looking for previous data in: data
2025-05-08 01:41:32,572 - Loading previous data from: data/2025-05-07_01-41-22/morphosource_data_complete.json
2025-05-08 01:41:32,575 - Loaded 807 records from previous data file
2025-05-08 01:41:32,575 - Latest stored record ID: 000739398
2025-05-08 01:41:32,575 - Previous record count: 807
2025-05-08 01:41:32,575 - Fetching page 1
2025-05-08 01:41:34,810 - Found record 000739514 - Total records: 1
2025-05-08 01:41:34,811 - Found record 000739510 - Total records: 2
2025-05-08 01:41:34,811 - Found record 000739505 - Total records: 3
2025-05-08 01:41:34,811 - Found record 000739496 - Total records: 4
2025-05-08 01:41:34,812 - Found record 000739398 - Total records: 5
2025-05-08 01:41:34,812 - Found latest stored record 000739398 - stopping fetch
2025-05-08 01:41:34,812 - Completed fetch - Found 5 new records
2025-05-08 01:41:34,813 - Latest webpage record ID: 000739514
2025-05-08 01:41:34,813 - New records available - latest records differ
2025-05-08 01:41:34,813 - New records: 5
2025-05-08 01:41:34,813 - Previous records: 807
2025-05-08 01:41:34,814 - Combined records: 811
2025-05-08 01:41:34,825 - Saved 811 records to: data/2025-05-08_01-41-30/morphosource_data_complete.json
2025-05-08 01:41:34,826 - Created detailed release notes at: data/2025-05-08_01-41-30/release_notes.txt
