2025-06-01 01:59:35,582 - Data directory: data/2025-06-01_01-59-34
2025-06-01 01:59:35,582 - Output directory: data/2025-06-01_01-59-34
2025-06-01 01:59:35,582 - Using data directory: data/2025-06-01_01-59-34
2025-06-01 01:59:35,582 - Looking for previous data in: data
2025-06-01 01:59:35,584 - Loading previous data from: data/2025-05-31_01-40-25/morphosource_data_complete.json
2025-06-01 01:59:35,587 - Loaded 1070 records from previous data file
2025-06-01 01:59:35,587 - Latest stored record ID: 000748021
2025-06-01 01:59:35,587 - Previous record count: 1070
2025-06-01 01:59:35,587 - Fetching page 1
2025-06-01 01:59:38,104 - Found record 000748026 - Total records: 1
2025-06-01 01:59:38,104 - Found record 000748021 - Total records: 2
2025-06-01 01:59:38,104 - Found latest stored record 000748021 - stopping fetch
2025-06-01 01:59:38,104 - Completed fetch - Found 2 new records
2025-06-01 01:59:38,105 - Latest webpage record ID: 000748026
2025-06-01 01:59:38,105 - New records available - latest records differ
2025-06-01 01:59:38,106 - New records: 2
2025-06-01 01:59:38,106 - Previous records: 1070
2025-06-01 01:59:38,106 - Combined records: 1071
2025-06-01 01:59:38,122 - Saved 1071 records to: data/2025-06-01_01-59-34/morphosource_data_complete.json
2025-06-01 01:59:38,122 - Created detailed release notes at: data/2025-06-01_01-59-34/release_notes.txt
