2026-06-20 00:59:03,635 - Data directory: data/2026-06-20_00-58-59
2026-06-20 00:59:03,635 - Output directory: data/2026-06-20_00-58-59
2026-06-20 00:59:03,635 - Fetch all mode: True
2026-06-20 00:59:03,635 - Using data directory: data/2026-06-20_00-58-59
2026-06-20 00:59:03,635 - Looking for previous data in: data
2026-06-20 00:59:03,643 - Loading previous data from: data/2025-10-06_01-28-33/morphosource_data_complete.json
2026-06-20 00:59:04,036 - Loaded 108782 records from previous data file
2026-06-20 00:59:04,037 - Latest stored record ID: 000781814
2026-06-20 00:59:04,037 - Previous record count: 108782
2026-06-20 00:59:04,037 - === FULL FETCH MODE: Collecting all records from all pages ===
2026-06-20 00:59:04,037 - Fetching page 1 via API
2026-06-20 00:59:05,141 - API error on page 1: Network error: Expecting value: line 1 column 1 (char 0) (error 1/5)
2026-06-20 00:59:10,146 - Fetching page 1 via API
2026-06-20 00:59:10,226 - API error on page 1: Network error: Expecting value: line 1 column 1 (char 0) (error 2/5)
2026-06-20 00:59:15,231 - Fetching page 1 via API
2026-06-20 00:59:15,311 - API error on page 1: Network error: Expecting value: line 1 column 1 (char 0) (error 3/5)
2026-06-20 00:59:20,312 - Fetching page 1 via API
2026-06-20 00:59:20,391 - API error on page 1: Network error: Expecting value: line 1 column 1 (char 0) (error 4/5)
2026-06-20 00:59:25,396 - Fetching page 1 via API
2026-06-20 00:59:25,481 - API error on page 1: Network error: Expecting value: line 1 column 1 (char 0) (error 5/5)
2026-06-20 00:59:25,482 - Error getting records: Network error: Expecting value: line 1 column 1 (char 0)
2026-06-20 00:59:25,482 - Error in daily check: Network error: Expecting value: line 1 column 1 (char 0)
