2025-08-23 01:36:47,026 - Data directory: data/2025-08-23_01-36-43
2025-08-23 01:36:47,026 - Output directory: data/2025-08-23_01-36-43
2025-08-23 01:36:47,027 - Using data directory: data/2025-08-23_01-36-43
2025-08-23 01:36:47,027 - Looking for previous data in: data
2025-08-23 01:36:47,029 - Loading previous data from: data/2025-08-22_01-40-02/morphosource_data_complete.json
2025-08-23 01:36:47,454 - Loaded 108123 records from previous data file
2025-08-23 01:36:47,454 - Latest stored record ID: 000771681
2025-08-23 01:36:47,454 - Previous record count: 108123
2025-08-23 01:36:47,454 - Fetching page 1
2025-08-23 01:36:49,816 - Found record 000771968 - Total records: 1
2025-08-23 01:36:49,817 - Found record 000771921 - Total records: 2
2025-08-23 01:36:49,817 - Found record 000771887 - Total records: 3
2025-08-23 01:36:49,818 - Found record 000771882 - Total records: 4
2025-08-23 01:36:49,818 - Found record 000771878 - Total records: 5
2025-08-23 01:36:49,818 - Found record 000771874 - Total records: 6
2025-08-23 01:36:49,819 - Found record 000771869 - Total records: 7
2025-08-23 01:36:49,819 - Found record 000771864 - Total records: 8
2025-08-23 01:36:49,819 - Found record 000771724 - Total records: 9
2025-08-23 01:36:49,820 - Found record 000771688 - Total records: 10
2025-08-23 01:36:49,820 - Found record 000771681 - Total records: 11
2025-08-23 01:36:49,820 - Found latest stored record 000771681 - stopping fetch
2025-08-23 01:36:49,820 - Completed fetch - Found 11 new records
2025-08-23 01:36:49,821 - Latest webpage record ID: 000771968
2025-08-23 01:36:49,821 - New records available - latest records differ
2025-08-23 01:36:49,965 - New records: 11
2025-08-23 01:36:49,965 - Previous records: 108123
2025-08-23 01:36:49,965 - Combined records: 108133
2025-08-23 01:36:51,542 - Saved 108133 records to: data/2025-08-23_01-36-43/morphosource_data_complete.json
2025-08-23 01:36:51,542 - Created detailed release notes at: data/2025-08-23_01-36-43/release_notes.txt
