2025-06-14 01:41:40,622 - Data directory: data/2025-06-14_01-41-37
2025-06-14 01:41:40,622 - Output directory: data/2025-06-14_01-41-37
2025-06-14 01:41:40,622 - Using data directory: data/2025-06-14_01-41-37
2025-06-14 01:41:40,622 - Looking for previous data in: data
2025-06-14 01:41:40,624 - Loading previous data from: data/2025-06-13_01-45-09/morphosource_data_complete.json
2025-06-14 01:41:40,629 - Loaded 1366 records from previous data file
2025-06-14 01:41:40,629 - Latest stored record ID: 000751997
2025-06-14 01:41:40,629 - Previous record count: 1366
2025-06-14 01:41:40,629 - Fetching page 1
2025-06-14 01:41:43,078 - Found record 000752361 - Total records: 1
2025-06-14 01:41:43,078 - Found record 000752348 - Total records: 2
2025-06-14 01:41:43,078 - Found record 000752344 - Total records: 3
2025-06-14 01:41:43,079 - Found record 000751997 - Total records: 4
2025-06-14 01:41:43,079 - Found latest stored record 000751997 - stopping fetch
2025-06-14 01:41:43,079 - Completed fetch - Found 4 new records
2025-06-14 01:41:43,079 - Latest webpage record ID: 000752361
2025-06-14 01:41:43,079 - New records available - latest records differ
2025-06-14 01:41:43,080 - New records: 4
2025-06-14 01:41:43,080 - Previous records: 1366
2025-06-14 01:41:43,081 - Combined records: 1369
2025-06-14 01:41:43,100 - Saved 1369 records to: data/2025-06-14_01-41-37/morphosource_data_complete.json
2025-06-14 01:41:43,100 - Created detailed release notes at: data/2025-06-14_01-41-37/release_notes.txt
