2025-08-31 01:41:54,971 - Data directory: data/2025-08-31_01-41-51
2025-08-31 01:41:54,971 - Output directory: data/2025-08-31_01-41-51
2025-08-31 01:41:54,971 - Using data directory: data/2025-08-31_01-41-51
2025-08-31 01:41:54,971 - Looking for previous data in: data
2025-08-31 01:41:54,973 - Loading previous data from: data/2025-08-30_01-25-17/morphosource_data_complete.json
2025-08-31 01:41:55,399 - Loaded 108185 records from previous data file
2025-08-31 01:41:55,400 - Latest stored record ID: 000774170
2025-08-31 01:41:55,400 - Previous record count: 108185
2025-08-31 01:41:55,400 - Fetching page 1
2025-08-31 01:41:57,860 - Found record 000774221 - Total records: 1
2025-08-31 01:41:57,860 - Found record 000774170 - Total records: 2
2025-08-31 01:41:57,860 - Found latest stored record 000774170 - stopping fetch
2025-08-31 01:41:57,860 - Completed fetch - Found 2 new records
2025-08-31 01:41:57,861 - Latest webpage record ID: 000774221
2025-08-31 01:41:57,861 - New records available - latest records differ
2025-08-31 01:41:57,953 - New records: 2
2025-08-31 01:41:57,953 - Previous records: 108185
2025-08-31 01:41:57,953 - Combined records: 108186
2025-08-31 01:41:59,514 - Saved 108186 records to: data/2025-08-31_01-41-51/morphosource_data_complete.json
2025-08-31 01:41:59,514 - Created detailed release notes at: data/2025-08-31_01-41-51/release_notes.txt
