2025-01-27 17:52:47,729 - INFO - Using data file: data/2025-01-27_01-34-38/morphosource_data_complete.json
2025-01-27 17:52:48,180 - INFO - Found 104398 URLs to process
2025-01-27 17:52:48,181 - INFO - Starting at index 30, processed so far: 30
2025-01-27 17:52:48,426 - INFO - Processing URL: https://www.morphosource.org/concern/media/000703487?locale=en
2025-01-27 17:52:50,076 - INFO - Extracted fields for https://www.morphosource.org/concern/media/000703487?locale=en:
2025-01-27 17:52:50,076 - INFO -   url: https://www.morphosource.org/concern/media/000703487?locale=en
2025-01-27 17:52:50,076 - INFO -   processed_at: 2025-01-27T17:52:50.065407
2025-01-27 17:52:50,076 - INFO -   compression: Uncompressed
2025-01-27 17:52:50,076 - INFO - Extracted data for https://www.morphosource.org/concern/media/000703487?locale=en:
2025-01-27 17:52:50,077 - INFO -   url: https://www.morphosource.org/concern/media/000703487?locale=en
2025-01-27 17:52:50,077 - INFO -   processed_at: 2025-01-27T17:52:50.065407
2025-01-27 17:52:50,077 - INFO -   compression: Uncompressed
2025-01-27 17:52:50,077 - INFO -   batch_index: 30
2025-01-27 17:52:51,078 - INFO - Processing URL: https://www.morphosource.org/concern/media/000703483?locale=en
2025-01-27 17:52:52,870 - INFO - Extracted fields for https://www.morphosource.org/concern/media/000703483?locale=en:
2025-01-27 17:52:52,870 - INFO -   url: https://www.morphosource.org/concern/media/000703483?locale=en
2025-01-27 17:52:52,870 - INFO -   processed_at: 2025-01-27T17:52:52.859607
2025-01-27 17:52:52,870 - INFO -   compression: Uncompressed
2025-01-27 17:52:52,870 - INFO - Extracted data for https://www.morphosource.org/concern/media/000703483?locale=en:
2025-01-27 17:52:52,870 - INFO -   url: https://www.morphosource.org/concern/media/000703483?locale=en
2025-01-27 17:52:52,870 - INFO -   processed_at: 2025-01-27T17:52:52.859607
2025-01-27 17:52:52,870 - INFO -   compression: Uncompressed
2025-01-27 17:52:52,871 - INFO -   batch_index: 31
2025-01-27 17:52:53,872 - INFO - Processing URL: https://www.morphosource.org/concern/media/000703476?locale=en
2025-01-27 17:52:55,113 - INFO - Extracted fields for https://www.morphosource.org/concern/media/000703476?locale=en:
2025-01-27 17:52:55,113 - INFO -   url: https://www.morphosource.org/concern/media/000703476?locale=en
2025-01-27 17:52:55,113 - INFO -   processed_at: 2025-01-27T17:52:55.102207
2025-01-27 17:52:55,113 - INFO -   compression: Uncompressed
2025-01-27 17:52:55,113 - INFO - Extracted data for https://www.morphosource.org/concern/media/000703476?locale=en:
2025-01-27 17:52:55,113 - INFO -   url: https://www.morphosource.org/concern/media/000703476?locale=en
2025-01-27 17:52:55,113 - INFO -   processed_at: 2025-01-27T17:52:55.102207
2025-01-27 17:52:55,113 - INFO -   compression: Uncompressed
2025-01-27 17:52:55,113 - INFO -   batch_index: 32
2025-01-27 17:52:56,114 - INFO - Processing URL: https://www.morphosource.org/concern/media/000703472?locale=en
2025-01-27 17:52:57,480 - INFO - Extracted fields for https://www.morphosource.org/concern/media/000703472?locale=en:
2025-01-27 17:52:57,480 - INFO -   url: https://www.morphosource.org/concern/media/000703472?locale=en
2025-01-27 17:52:57,480 - INFO -   processed_at: 2025-01-27T17:52:57.469869
2025-01-27 17:52:57,480 - INFO -   compression: Uncompressed
2025-01-27 17:52:57,480 - INFO - Extracted data for https://www.morphosource.org/concern/media/000703472?locale=en:
2025-01-27 17:52:57,480 - INFO -   url: https://www.morphosource.org/concern/media/000703472?locale=en
2025-01-27 17:52:57,480 - INFO -   processed_at: 2025-01-27T17:52:57.469869
2025-01-27 17:52:57,481 - INFO -   compression: Uncompressed
2025-01-27 17:52:57,481 - INFO -   batch_index: 33
2025-01-27 17:52:58,482 - INFO - Processing URL: https://www.morphosource.org/concern/media/000703467?locale=en
2025-01-27 17:52:59,800 - INFO - Extracted fields for https://www.morphosource.org/concern/media/000703467?locale=en:
2025-01-27 17:52:59,800 - INFO -   url: https://www.morphosource.org/concern/media/000703467?locale=en
2025-01-27 17:52:59,800 - INFO -   processed_at: 2025-01-27T17:52:59.789768
2025-01-27 17:52:59,800 - INFO -   compression: Uncompressed
2025-01-27 17:52:59,800 - INFO - Extracted data for https://www.morphosource.org/concern/media/000703467?locale=en:
2025-01-27 17:52:59,800 - INFO -   url: https://www.morphosource.org/concern/media/000703467?locale=en
2025-01-27 17:52:59,801 - INFO -   processed_at: 2025-01-27T17:52:59.789768
2025-01-27 17:52:59,801 - INFO -   compression: Uncompressed
2025-01-27 17:52:59,801 - INFO -   batch_index: 34
2025-01-27 17:53:00,802 - INFO - Processing URL: https://www.morphosource.org/concern/media/000703305?locale=en
2025-01-27 17:53:02,011 - INFO - Extracted fields for https://www.morphosource.org/concern/media/000703305?locale=en:
2025-01-27 17:53:02,011 - INFO -   url: https://www.morphosource.org/concern/media/000703305?locale=en
2025-01-27 17:53:02,011 - INFO -   processed_at: 2025-01-27T17:53:01.999972
2025-01-27 17:53:02,012 - INFO -   compression: Uncompressed
2025-01-27 17:53:02,012 - INFO - Extracted data for https://www.morphosource.org/concern/media/000703305?locale=en:
2025-01-27 17:53:02,012 - INFO -   url: https://www.morphosource.org/concern/media/000703305?locale=en
2025-01-27 17:53:02,012 - INFO -   processed_at: 2025-01-27T17:53:01.999972
2025-01-27 17:53:02,012 - INFO -   compression: Uncompressed
2025-01-27 17:53:02,012 - INFO -   batch_index: 35
2025-01-27 17:53:03,013 - INFO - Processing URL: https://www.morphosource.org/concern/media/000703298?locale=en
2025-01-27 17:53:04,283 - INFO - Extracted fields for https://www.morphosource.org/concern/media/000703298?locale=en:
2025-01-27 17:53:04,284 - INFO -   url: https://www.morphosource.org/concern/media/000703298?locale=en
2025-01-27 17:53:04,284 - INFO -   processed_at: 2025-01-27T17:53:04.272983
2025-01-27 17:53:04,284 - INFO -   compression: Uncompressed
2025-01-27 17:53:04,284 - INFO - Extracted data for https://www.morphosource.org/concern/media/000703298?locale=en:
2025-01-27 17:53:04,284 - INFO -   url: https://www.morphosource.org/concern/media/000703298?locale=en
2025-01-27 17:53:04,284 - INFO -   processed_at: 2025-01-27T17:53:04.272983
2025-01-27 17:53:04,284 - INFO -   compression: Uncompressed
2025-01-27 17:53:04,284 - INFO -   batch_index: 36
2025-01-27 17:53:05,285 - INFO - Processing URL: https://www.morphosource.org/concern/media/000703294?locale=en
2025-01-27 17:53:06,520 - INFO - Extracted fields for https://www.morphosource.org/concern/media/000703294?locale=en:
2025-01-27 17:53:06,520 - INFO -   url: https://www.morphosource.org/concern/media/000703294?locale=en
2025-01-27 17:53:06,520 - INFO -   processed_at: 2025-01-27T17:53:06.508849
2025-01-27 17:53:06,520 - INFO -   compression: Uncompressed
2025-01-27 17:53:06,520 - INFO - Extracted data for https://www.morphosource.org/concern/media/000703294?locale=en:
2025-01-27 17:53:06,520 - INFO -   url: https://www.morphosource.org/concern/media/000703294?locale=en
2025-01-27 17:53:06,520 - INFO -   processed_at: 2025-01-27T17:53:06.508849
2025-01-27 17:53:06,520 - INFO -   compression: Uncompressed
2025-01-27 17:53:06,520 - INFO -   batch_index: 37
2025-01-27 17:53:07,522 - INFO - Processing URL: https://www.morphosource.org/concern/media/000703287?locale=en
2025-01-27 17:53:08,782 - INFO - Extracted fields for https://www.morphosource.org/concern/media/000703287?locale=en:
2025-01-27 17:53:08,782 - INFO -   url: https://www.morphosource.org/concern/media/000703287?locale=en
2025-01-27 17:53:08,782 - INFO -   processed_at: 2025-01-27T17:53:08.771066
2025-01-27 17:53:08,782 - INFO -   compression: Uncompressed
2025-01-27 17:53:08,783 - INFO - Extracted data for https://www.morphosource.org/concern/media/000703287?locale=en:
2025-01-27 17:53:08,783 - INFO -   url: https://www.morphosource.org/concern/media/000703287?locale=en
2025-01-27 17:53:08,783 - INFO -   processed_at: 2025-01-27T17:53:08.771066
2025-01-27 17:53:08,783 - INFO -   compression: Uncompressed
2025-01-27 17:53:08,783 - INFO -   batch_index: 38
2025-01-27 17:53:09,784 - INFO - Processing URL: https://www.morphosource.org/concern/media/000703273?locale=en
2025-01-27 17:53:11,100 - INFO - Extracted fields for https://www.morphosource.org/concern/media/000703273?locale=en:
2025-01-27 17:53:11,100 - INFO -   url: https://www.morphosource.org/concern/media/000703273?locale=en
2025-01-27 17:53:11,100 - INFO -   processed_at: 2025-01-27T17:53:11.089515
2025-01-27 17:53:11,100 - INFO -   compression: Uncompressed
2025-01-27 17:53:11,100 - INFO - Extracted data for https://www.morphosource.org/concern/media/000703273?locale=en:
2025-01-27 17:53:11,100 - INFO -   url: https://www.morphosource.org/concern/media/000703273?locale=en
2025-01-27 17:53:11,100 - INFO -   processed_at: 2025-01-27T17:53:11.089515
2025-01-27 17:53:11,100 - INFO -   compression: Uncompressed
2025-01-27 17:53:11,100 - INFO -   batch_index: 39
2025-01-27 17:53:12,153 - INFO - Saved 10 records to data/parquet/2025-01-27_17-52-46/morphosource_data_20250127_175312.parquet
2025-01-27 17:53:12,153 - INFO - Columns: url, processed_at, file_name, file_format, file_size_bytes, image_width, image_height, color_space, color_depth, compression, x_pixel_spacing, y_pixel_spacing, z_pixel_spacing, pixel_spacing_units, slice_thickness, number_of_images, batch_index
2025-01-27 17:53:12,153 - INFO - Processed 10 records in this batch
