2025-01-26 17:05:12,988 - INFO - Initialized collector with output directory: data/2025-01-26_17-05-12
2025-01-26 17:05:12,988 - INFO - Processing page 1
2025-01-26 17:05:17,207 - INFO - Processing page 2
2025-01-26 17:05:21,435 - INFO - Processing page 3
2025-01-26 17:05:26,497 - INFO - Processing page 4
2025-01-26 17:05:30,330 - INFO - Processing page 5
2025-01-26 17:05:32,955 - INFO - Checkpoint - Page: 5, Records: 500, Last ID: 000690121
2025-01-26 17:05:32,955 - INFO - Saved stats to data/2025-01-26_17-05-12/monthly_stats.json
2025-01-26 17:05:34,957 - INFO - Processing page 6
2025-01-26 17:05:39,871 - INFO - Processing page 7
2025-01-26 17:05:44,458 - INFO - Processing page 8
2025-01-26 17:05:48,936 - INFO - Processing page 9
2025-01-26 17:05:53,107 - INFO - Processing page 10
2025-01-26 17:05:55,620 - INFO - Checkpoint - Page: 10, Records: 1000, Last ID: 000675556
2025-01-26 17:05:55,620 - INFO - Saved stats to data/2025-01-26_17-05-12/monthly_stats.json
2025-01-26 17:05:57,622 - INFO - Processing page 11
2025-01-26 17:06:03,503 - INFO - Processing page 12
2025-01-26 17:06:08,126 - INFO - Processing page 13
2025-01-26 17:06:14,068 - INFO - Processing page 14
2025-01-26 17:06:19,043 - INFO - Processing page 15
2025-01-26 17:06:21,762 - INFO - Checkpoint - Page: 15, Records: 1500, Last ID: 000672899
2025-01-26 17:06:21,762 - INFO - Saved stats to data/2025-01-26_17-05-12/monthly_stats.json
2025-01-26 17:06:23,764 - INFO - Processing page 16
2025-01-26 17:06:28,297 - INFO - Processing page 17
2025-01-26 17:06:36,342 - INFO - Processing page 18
2025-01-26 17:06:40,439 - INFO - Processing page 19
2025-01-26 17:06:44,614 - INFO - Processing page 20
2025-01-26 17:06:47,665 - INFO - Checkpoint - Page: 20, Records: 2000, Last ID: 000668986
2025-01-26 17:06:47,665 - INFO - Saved stats to data/2025-01-26_17-05-12/monthly_stats.json
2025-01-26 17:06:49,668 - INFO - Processing page 21
2025-01-26 17:06:54,571 - INFO - Processing page 22
2025-01-26 17:06:58,651 - INFO - Processing page 23
2025-01-26 17:07:03,357 - INFO - Processing page 24
2025-01-26 17:07:07,244 - INFO - Processing page 25
2025-01-26 17:07:09,216 - INFO - Checkpoint - Page: 25, Records: 2500, Last ID: 000663610
2025-01-26 17:07:09,217 - INFO - Saved stats to data/2025-01-26_17-05-12/monthly_stats.json
2025-01-26 17:07:11,219 - INFO - Processing page 26
2025-01-26 17:07:15,612 - INFO - Processing page 27
2025-01-26 17:07:21,264 - INFO - Processing page 28
2025-01-26 17:07:25,740 - INFO - Processing page 29
2025-01-26 17:07:29,700 - INFO - Processing page 30
2025-01-26 17:07:32,462 - INFO - Checkpoint - Page: 30, Records: 3000, Last ID: 000655144
2025-01-26 17:07:32,462 - INFO - Saved stats to data/2025-01-26_17-05-12/monthly_stats.json
2025-01-26 17:07:34,464 - INFO - Processing page 31
2025-01-26 17:07:38,799 - INFO - Processing page 32
2025-01-26 17:07:42,845 - INFO - Processing page 33
2025-01-26 17:07:48,050 - INFO - Processing page 34
2025-01-26 17:07:52,086 - INFO - Processing page 35
2025-01-26 17:07:56,274 - INFO - Checkpoint - Page: 35, Records: 3500, Last ID: 000645797
2025-01-26 17:07:56,274 - INFO - Saved stats to data/2025-01-26_17-05-12/monthly_stats.json
2025-01-26 17:07:58,276 - INFO - Processing page 36
2025-01-26 17:08:03,268 - INFO - Processing page 37
2025-01-26 17:08:07,275 - INFO - Processing page 38
2025-01-26 17:08:13,611 - INFO - Processing page 39
2025-01-26 17:08:19,089 - INFO - Processing page 40
2025-01-26 17:08:22,186 - INFO - Checkpoint - Page: 40, Records: 4000, Last ID: 000636397
2025-01-26 17:08:22,187 - INFO - Saved stats to data/2025-01-26_17-05-12/monthly_stats.json
2025-01-26 17:08:24,189 - INFO - Processing page 41
2025-01-26 17:08:28,392 - INFO - Processing page 42
2025-01-26 17:08:34,241 - INFO - Processing page 43
2025-01-26 17:08:38,362 - INFO - Processing page 44
2025-01-26 17:08:42,961 - INFO - Processing page 45
2025-01-26 17:08:45,135 - INFO - Checkpoint - Page: 45, Records: 4500, Last ID: 000623866
2025-01-26 17:08:45,135 - INFO - Saved stats to data/2025-01-26_17-05-12/monthly_stats.json
2025-01-26 17:08:47,138 - INFO - Processing page 46
2025-01-26 17:08:51,179 - INFO - Processing page 47
2025-01-26 17:08:55,254 - INFO - Processing page 48
2025-01-26 17:09:00,903 - INFO - Processing page 49
2025-01-26 17:09:04,795 - INFO - Processing page 50
2025-01-26 17:09:07,503 - INFO - Checkpoint - Page: 50, Records: 5000, Last ID: 000616195
2025-01-26 17:09:07,504 - INFO - Saved stats to data/2025-01-26_17-05-12/monthly_stats.json
2025-01-26 17:09:09,506 - INFO - Processing page 51
2025-01-26 17:09:13,616 - INFO - Processing page 52
2025-01-26 17:09:18,166 - INFO - Processing page 53
2025-01-26 17:09:22,980 - INFO - Processing page 54
2025-01-26 17:09:29,242 - INFO - Processing page 55
2025-01-26 17:09:31,964 - INFO - Checkpoint - Page: 55, Records: 5500, Last ID: 000607477
2025-01-26 17:09:31,965 - INFO - Saved stats to data/2025-01-26_17-05-12/monthly_stats.json
2025-01-26 17:09:33,967 - INFO - Processing page 56
2025-01-26 17:09:38,666 - INFO - Processing page 57
2025-01-26 17:09:42,776 - INFO - Processing page 58
2025-01-26 17:09:47,247 - INFO - Processing page 59
2025-01-26 17:09:51,442 - INFO - Processing page 60
2025-01-26 17:09:54,096 - INFO - Checkpoint - Page: 60, Records: 6000, Last ID: 000601089
2025-01-26 17:09:54,096 - INFO - Saved stats to data/2025-01-26_17-05-12/monthly_stats.json
2025-01-26 17:09:56,099 - INFO - Processing page 61
2025-01-26 17:10:01,080 - INFO - Processing page 62
2025-01-26 17:10:05,855 - INFO - Processing page 63
2025-01-26 17:10:09,986 - INFO - Processing page 64
2025-01-26 17:10:14,638 - INFO - Processing page 65
2025-01-26 17:10:19,002 - INFO - Checkpoint - Page: 65, Records: 6500, Last ID: 000591609
2025-01-26 17:10:19,003 - INFO - Saved stats to data/2025-01-26_17-05-12/monthly_stats.json
2025-01-26 17:10:21,005 - INFO - Processing page 66
2025-01-26 17:10:26,837 - INFO - Processing page 67
2025-01-26 17:10:30,998 - INFO - Processing page 68
2025-01-26 17:10:35,379 - INFO - Processing page 69
2025-01-26 17:10:41,016 - INFO - Processing page 70
2025-01-26 17:10:43,099 - INFO - Checkpoint - Page: 70, Records: 7000, Last ID: 000581388
2025-01-26 17:10:43,099 - INFO - Saved stats to data/2025-01-26_17-05-12/monthly_stats.json
2025-01-26 17:10:45,101 - INFO - Processing page 71
2025-01-26 17:10:49,457 - INFO - Processing page 72
2025-01-26 17:10:56,946 - INFO - Processing page 73
2025-01-26 17:11:01,232 - INFO - Processing page 74
2025-01-26 17:11:07,719 - INFO - Processing page 75
2025-01-26 17:11:10,550 - INFO - Checkpoint - Page: 75, Records: 7500, Last ID: 000574713
2025-01-26 17:11:10,550 - INFO - Saved stats to data/2025-01-26_17-05-12/monthly_stats.json
2025-01-26 17:11:12,552 - INFO - Processing page 76
2025-01-26 17:11:16,642 - INFO - Processing page 77
2025-01-26 17:11:20,919 - INFO - Processing page 78
2025-01-26 17:11:25,901 - INFO - Processing page 79
2025-01-26 17:11:31,782 - INFO - Processing page 80
2025-01-26 17:11:34,408 - INFO - Checkpoint - Page: 80, Records: 8000, Last ID: 000570478
2025-01-26 17:11:34,408 - INFO - Saved stats to data/2025-01-26_17-05-12/monthly_stats.json
2025-01-26 17:11:36,410 - INFO - Processing page 81
2025-01-26 17:11:42,048 - INFO - Processing page 82
2025-01-26 17:11:47,187 - INFO - Processing page 83
2025-01-26 17:11:56,120 - INFO - Processing page 84
2025-01-26 17:12:02,091 - INFO - Processing page 85
2025-01-26 17:12:04,388 - INFO - Checkpoint - Page: 85, Records: 8500, Last ID: 000566346
2025-01-26 17:12:04,388 - INFO - Saved stats to data/2025-01-26_17-05-12/monthly_stats.json
2025-01-26 17:12:06,390 - INFO - Processing page 86
2025-01-26 17:12:12,023 - INFO - Processing page 87
2025-01-26 17:12:17,622 - INFO - Processing page 88
2025-01-26 17:12:22,278 - INFO - Processing page 89
2025-01-26 17:12:28,089 - INFO - Processing page 90
2025-01-26 17:12:31,002 - INFO - Checkpoint - Page: 90, Records: 9000, Last ID: 000555167
2025-01-26 17:12:31,002 - INFO - Saved stats to data/2025-01-26_17-05-12/monthly_stats.json
2025-01-26 17:12:33,005 - INFO - Processing page 91
2025-01-26 17:12:38,232 - INFO - Processing page 92
2025-01-26 17:12:42,174 - INFO - Processing page 93
2025-01-26 17:12:46,960 - INFO - Processing page 94
2025-01-26 17:12:52,197 - INFO - Processing page 95
2025-01-26 17:12:55,742 - INFO - Checkpoint - Page: 95, Records: 9500, Last ID: 000548575
2025-01-26 17:12:55,742 - INFO - Saved stats to data/2025-01-26_17-05-12/monthly_stats.json
2025-01-26 17:12:57,745 - INFO - Processing page 96
2025-01-26 17:13:01,889 - INFO - Processing page 97
2025-01-26 17:13:07,843 - INFO - Processing page 98
2025-01-26 17:13:12,199 - INFO - Processing page 99
2025-01-26 17:13:17,909 - INFO - Processing page 100
2025-01-26 17:13:20,234 - INFO - Checkpoint - Page: 100, Records: 10000, Last ID: 000541825
2025-01-26 17:13:20,234 - INFO - Saved stats to data/2025-01-26_17-05-12/monthly_stats.json
2025-01-26 17:13:22,236 - INFO - Processing page 101
2025-01-26 17:13:27,583 - INFO - Processing page 102
2025-01-26 17:13:31,697 - INFO - Processing page 103
2025-01-26 17:13:37,729 - INFO - Processing page 104
2025-01-26 17:13:44,103 - INFO - Processing page 105
2025-01-26 17:13:46,438 - INFO - Checkpoint - Page: 105, Records: 10500, Last ID: 000535714
2025-01-26 17:13:46,438 - INFO - Saved stats to data/2025-01-26_17-05-12/monthly_stats.json
2025-01-26 17:13:48,440 - INFO - Processing page 106
2025-01-26 17:13:52,377 - INFO - Processing page 107
2025-01-26 17:13:56,861 - INFO - Processing page 108
2025-01-26 17:14:01,117 - INFO - Processing page 109
2025-01-26 17:14:05,651 - INFO - Processing page 110
2025-01-26 17:14:10,865 - INFO - Checkpoint - Page: 110, Records: 11000, Last ID: 000528819
2025-01-26 17:14:10,865 - INFO - Saved stats to data/2025-01-26_17-05-12/monthly_stats.json
2025-01-26 17:14:12,868 - INFO - Processing page 111
2025-01-26 17:14:17,616 - INFO - Processing page 112
2025-01-26 17:14:21,734 - INFO - Processing page 113
2025-01-26 17:14:26,997 - INFO - Processing page 114
2025-01-26 17:14:30,993 - INFO - Processing page 115
2025-01-26 17:14:33,315 - INFO - Checkpoint - Page: 115, Records: 11500, Last ID: 000522682
2025-01-26 17:14:33,316 - INFO - Saved stats to data/2025-01-26_17-05-12/monthly_stats.json
2025-01-26 17:14:35,318 - INFO - Processing page 116
2025-01-26 17:14:39,336 - INFO - Processing page 117
2025-01-26 17:14:48,940 - INFO - Processing page 118
2025-01-26 17:14:56,220 - INFO - Processing page 119
2025-01-26 17:15:01,073 - INFO - Processing page 120
2025-01-26 17:15:03,275 - INFO - Checkpoint - Page: 120, Records: 12000, Last ID: 000517440
2025-01-26 17:15:03,275 - INFO - Saved stats to data/2025-01-26_17-05-12/monthly_stats.json
2025-01-26 17:15:05,278 - INFO - Processing page 121
2025-01-26 17:15:10,434 - INFO - Processing page 122
2025-01-26 17:15:14,867 - INFO - Processing page 123
2025-01-26 17:15:19,462 - INFO - Processing page 124
2025-01-26 17:15:24,865 - INFO - Processing page 125
2025-01-26 17:15:28,370 - INFO - Checkpoint - Page: 125, Records: 12500, Last ID: 000513299
2025-01-26 17:15:28,371 - INFO - Saved stats to data/2025-01-26_17-05-12/monthly_stats.json
2025-01-26 17:15:30,373 - INFO - Processing page 126
2025-01-26 17:15:34,698 - INFO - Processing page 127
2025-01-26 17:15:41,425 - INFO - Processing page 128
2025-01-26 17:15:45,388 - INFO - Processing page 129
2025-01-26 17:15:49,638 - INFO - Processing page 130
2025-01-26 17:15:52,398 - INFO - Checkpoint - Page: 130, Records: 13000, Last ID: 000506306
2025-01-26 17:15:52,399 - INFO - Saved stats to data/2025-01-26_17-05-12/monthly_stats.json
2025-01-26 17:15:54,401 - INFO - Processing page 131
2025-01-26 17:15:58,912 - INFO - Processing page 132
2025-01-26 17:16:02,628 - INFO - Processing page 133
2025-01-26 17:16:06,733 - INFO - Processing page 134
2025-01-26 17:16:10,764 - INFO - Processing page 135
2025-01-26 17:16:13,648 - INFO - Checkpoint - Page: 135, Records: 13500, Last ID: 000500009
2025-01-26 17:16:13,648 - INFO - Saved stats to data/2025-01-26_17-05-12/monthly_stats.json
2025-01-26 17:16:15,650 - INFO - Processing page 136
2025-01-26 17:16:19,746 - INFO - Processing page 137
2025-01-26 17:16:25,625 - INFO - Processing page 138
2025-01-26 17:16:29,466 - INFO - Processing page 139
2025-01-26 17:16:33,328 - INFO - Processing page 140
2025-01-26 17:16:36,224 - INFO - Checkpoint - Page: 140, Records: 14000, Last ID: 000496835
2025-01-26 17:16:36,225 - INFO - Saved stats to data/2025-01-26_17-05-12/monthly_stats.json
2025-01-26 17:16:38,227 - INFO - Processing page 141
2025-01-26 17:16:42,783 - INFO - Processing page 142
2025-01-26 17:16:47,163 - INFO - Processing page 143
2025-01-26 17:16:51,335 - INFO - Processing page 144
2025-01-26 17:16:55,440 - INFO - Processing page 145
2025-01-26 17:16:57,917 - INFO - Checkpoint - Page: 145, Records: 14500, Last ID: 000492319
2025-01-26 17:16:57,918 - INFO - Saved stats to data/2025-01-26_17-05-12/monthly_stats.json
2025-01-26 17:16:59,920 - INFO - Processing page 146
2025-01-26 17:17:04,050 - INFO - Processing page 147
2025-01-26 17:17:08,495 - INFO - Processing page 148
2025-01-26 17:17:13,614 - INFO - Processing page 149
2025-01-26 17:17:18,380 - INFO - Processing page 150
2025-01-26 17:17:21,632 - INFO - Checkpoint - Page: 150, Records: 15000, Last ID: 000485815
2025-01-26 17:17:21,632 - INFO - Saved stats to data/2025-01-26_17-05-12/monthly_stats.json
2025-01-26 17:17:23,634 - INFO - Processing page 151
2025-01-26 17:17:27,962 - INFO - Processing page 152
2025-01-26 17:17:32,921 - INFO - Processing page 153
2025-01-26 17:17:37,230 - INFO - Processing page 154
2025-01-26 17:17:41,985 - INFO - Processing page 155
2025-01-26 17:17:44,608 - INFO - Checkpoint - Page: 155, Records: 15500, Last ID: 000483064
2025-01-26 17:17:44,608 - INFO - Saved stats to data/2025-01-26_17-05-12/monthly_stats.json
2025-01-26 17:17:46,610 - INFO - Processing page 156
2025-01-26 17:17:51,248 - INFO - Processing page 157
2025-01-26 17:17:55,432 - INFO - Processing page 158
2025-01-26 17:18:00,019 - INFO - Processing page 159
2025-01-26 17:18:04,615 - INFO - Processing page 160
2025-01-26 17:18:07,442 - INFO - Checkpoint - Page: 160, Records: 16000, Last ID: 000479536
2025-01-26 17:18:07,443 - INFO - Saved stats to data/2025-01-26_17-05-12/monthly_stats.json
2025-01-26 17:18:09,445 - INFO - Processing page 161
2025-01-26 17:18:16,461 - INFO - Processing page 162
2025-01-26 17:18:21,181 - INFO - Processing page 163
2025-01-26 17:18:25,341 - INFO - Processing page 164
2025-01-26 17:18:30,710 - INFO - Processing page 165
2025-01-26 17:18:32,479 - INFO - Checkpoint - Page: 165, Records: 16500, Last ID: 000474179
2025-01-26 17:18:32,480 - INFO - Saved stats to data/2025-01-26_17-05-12/monthly_stats.json
2025-01-26 17:18:34,482 - INFO - Processing page 166
2025-01-26 17:18:39,107 - INFO - Processing page 167
2025-01-26 17:18:43,451 - INFO - Processing page 168
2025-01-26 17:18:48,852 - INFO - Processing page 169
2025-01-26 17:18:53,719 - INFO - Processing page 170
2025-01-26 17:18:55,781 - INFO - Checkpoint - Page: 170, Records: 17000, Last ID: 000470536
2025-01-26 17:18:55,782 - INFO - Saved stats to data/2025-01-26_17-05-12/monthly_stats.json
2025-01-26 17:18:57,784 - INFO - Processing page 171
2025-01-26 17:19:01,750 - INFO - Processing page 172
2025-01-26 17:19:05,986 - INFO - Processing page 173
2025-01-26 17:19:10,178 - INFO - Processing page 174
2025-01-26 17:19:15,429 - INFO - Processing page 175
2025-01-26 17:19:18,077 - INFO - Checkpoint - Page: 175, Records: 17500, Last ID: 000459431
2025-01-26 17:19:18,077 - INFO - Saved stats to data/2025-01-26_17-05-12/monthly_stats.json
2025-01-26 17:19:20,079 - INFO - Processing page 176
2025-01-26 17:19:24,122 - INFO - Processing page 177
2025-01-26 17:19:31,291 - INFO - Processing page 178
2025-01-26 17:19:35,423 - INFO - Processing page 179
2025-01-26 17:19:40,280 - INFO - Processing page 180
2025-01-26 17:19:42,431 - INFO - Checkpoint - Page: 180, Records: 18000, Last ID: 000454949
2025-01-26 17:19:42,431 - INFO - Saved stats to data/2025-01-26_17-05-12/monthly_stats.json
2025-01-26 17:19:44,433 - INFO - Processing page 181
2025-01-26 17:19:48,797 - INFO - Processing page 182
2025-01-26 17:19:53,492 - INFO - Processing page 183
2025-01-26 17:19:58,597 - INFO - Processing page 184
2025-01-26 17:20:03,518 - INFO - Processing page 185
2025-01-26 17:20:05,876 - INFO - Checkpoint - Page: 185, Records: 18500, Last ID: 000451758
2025-01-26 17:20:05,876 - INFO - Saved stats to data/2025-01-26_17-05-12/monthly_stats.json
2025-01-26 17:20:07,878 - INFO - Processing page 186
2025-01-26 17:20:12,465 - INFO - Processing page 187
2025-01-26 17:20:16,984 - INFO - Processing page 188
2025-01-26 17:20:21,050 - INFO - Processing page 189
2025-01-26 17:20:25,681 - INFO - Processing page 190
2025-01-26 17:20:28,348 - INFO - Checkpoint - Page: 190, Records: 19000, Last ID: 000447111
2025-01-26 17:20:28,348 - INFO - Saved stats to data/2025-01-26_17-05-12/monthly_stats.json
2025-01-26 17:20:30,351 - INFO - Processing page 191
2025-01-26 17:20:34,388 - INFO - Processing page 192
2025-01-26 17:20:38,363 - INFO - Processing page 193
2025-01-26 17:20:42,440 - INFO - Processing page 194
2025-01-26 17:20:47,348 - INFO - Processing page 195
2025-01-26 17:20:50,431 - INFO - Checkpoint - Page: 195, Records: 19500, Last ID: 000442872
2025-01-26 17:20:50,431 - INFO - Saved stats to data/2025-01-26_17-05-12/monthly_stats.json
2025-01-26 17:20:52,434 - INFO - Processing page 196
2025-01-26 17:20:56,437 - INFO - Processing page 197
2025-01-26 17:21:00,829 - INFO - Processing page 198
2025-01-26 17:21:04,700 - INFO - Processing page 199
2025-01-26 17:21:08,491 - INFO - Processing page 200
2025-01-26 17:21:12,156 - INFO - Checkpoint - Page: 200, Records: 20000, Last ID: 000438920
2025-01-26 17:21:12,156 - INFO - Saved stats to data/2025-01-26_17-05-12/monthly_stats.json
2025-01-26 17:21:14,158 - INFO - Processing page 201
2025-01-26 17:21:19,096 - INFO - Processing page 202
2025-01-26 17:21:23,241 - INFO - Processing page 203
2025-01-26 17:21:27,821 - INFO - Processing page 204
2025-01-26 17:21:31,901 - INFO - Processing page 205
2025-01-26 17:21:34,226 - INFO - Checkpoint - Page: 205, Records: 20500, Last ID: 000435870
2025-01-26 17:21:34,227 - INFO - Saved stats to data/2025-01-26_17-05-12/monthly_stats.json
2025-01-26 17:21:36,229 - INFO - Processing page 206
2025-01-26 17:21:40,253 - INFO - Processing page 207
2025-01-26 17:21:44,501 - INFO - Processing page 208
2025-01-26 17:21:49,851 - INFO - Processing page 209
2025-01-26 17:21:53,851 - INFO - Processing page 210
2025-01-26 17:21:56,199 - INFO - Checkpoint - Page: 210, Records: 21000, Last ID: 000431062
2025-01-26 17:21:56,199 - INFO - Saved stats to data/2025-01-26_17-05-12/monthly_stats.json
2025-01-26 17:21:58,201 - INFO - Processing page 211
2025-01-26 17:22:02,518 - INFO - Processing page 212
2025-01-26 17:22:07,103 - INFO - Processing page 213
2025-01-26 17:22:11,230 - INFO - Processing page 214
2025-01-26 17:22:15,173 - INFO - Processing page 215
2025-01-26 17:22:17,125 - INFO - Checkpoint - Page: 215, Records: 21500, Last ID: 000428048
2025-01-26 17:22:17,126 - INFO - Saved stats to data/2025-01-26_17-05-12/monthly_stats.json
2025-01-26 17:22:19,128 - INFO - Processing page 216
2025-01-26 17:22:25,228 - INFO - Processing page 217
2025-01-26 17:22:29,186 - INFO - Processing page 218
2025-01-26 17:22:33,115 - INFO - Processing page 219
2025-01-26 17:22:37,619 - INFO - Processing page 220
2025-01-26 17:22:41,172 - INFO - Checkpoint - Page: 220, Records: 22000, Last ID: 000424695
2025-01-26 17:22:41,172 - INFO - Saved stats to data/2025-01-26_17-05-12/monthly_stats.json
2025-01-26 17:22:43,175 - INFO - Processing page 221
2025-01-26 17:22:47,221 - INFO - Processing page 222
2025-01-26 17:22:51,777 - INFO - Processing page 223
2025-01-26 17:22:55,635 - INFO - Processing page 224
2025-01-26 17:22:59,990 - INFO - Processing page 225
2025-01-26 17:23:02,357 - INFO - Checkpoint - Page: 225, Records: 22500, Last ID: 000421773
2025-01-26 17:23:02,357 - INFO - Saved stats to data/2025-01-26_17-05-12/monthly_stats.json
2025-01-26 17:23:04,360 - INFO - Processing page 226
2025-01-26 17:23:09,134 - INFO - Processing page 227
2025-01-26 17:23:13,385 - INFO - Processing page 228
2025-01-26 17:23:17,749 - INFO - Processing page 229
2025-01-26 17:23:23,424 - INFO - Processing page 230
2025-01-26 17:23:25,990 - INFO - Checkpoint - Page: 230, Records: 23000, Last ID: 000417878
2025-01-26 17:23:25,991 - INFO - Saved stats to data/2025-01-26_17-05-12/monthly_stats.json
2025-01-26 17:23:27,993 - INFO - Processing page 231
2025-01-26 17:23:32,342 - INFO - Processing page 232
2025-01-26 17:23:37,118 - INFO - Processing page 233
2025-01-26 17:23:42,024 - INFO - Processing page 234
2025-01-26 17:23:46,303 - INFO - Processing page 235
2025-01-26 17:23:49,057 - INFO - Checkpoint - Page: 235, Records: 23500, Last ID: 000414402
2025-01-26 17:23:49,057 - INFO - Saved stats to data/2025-01-26_17-05-12/monthly_stats.json
2025-01-26 17:23:51,059 - INFO - Processing page 236
2025-01-26 17:23:55,755 - INFO - Processing page 237
2025-01-26 17:24:00,644 - INFO - Processing page 238
2025-01-26 17:24:04,918 - INFO - Processing page 239
2025-01-26 17:24:10,663 - INFO - Processing page 240
2025-01-26 17:24:14,555 - INFO - Checkpoint - Page: 240, Records: 24000, Last ID: 000411470
2025-01-26 17:24:14,555 - INFO - Saved stats to data/2025-01-26_17-05-12/monthly_stats.json
2025-01-26 17:24:16,558 - INFO - Processing page 241
2025-01-26 17:24:21,883 - INFO - Processing page 242
2025-01-26 17:24:27,570 - INFO - Processing page 243
2025-01-26 17:24:31,340 - INFO - Processing page 244
2025-01-26 17:24:36,812 - INFO - Processing page 245
2025-01-26 17:24:41,209 - INFO - Checkpoint - Page: 245, Records: 24500, Last ID: 000409121
2025-01-26 17:24:41,210 - INFO - Saved stats to data/2025-01-26_17-05-12/monthly_stats.json
2025-01-26 17:24:43,213 - INFO - Processing page 246
2025-01-26 17:24:50,729 - INFO - Processing page 247
2025-01-26 17:24:55,176 - INFO - Processing page 248
2025-01-26 17:24:59,666 - INFO - Processing page 249
2025-01-26 17:25:05,188 - INFO - Processing page 250
2025-01-26 17:25:09,205 - INFO - Checkpoint - Page: 250, Records: 25000, Last ID: 000405265
2025-01-26 17:25:09,205 - INFO - Saved stats to data/2025-01-26_17-05-12/monthly_stats.json
2025-01-26 17:25:11,208 - INFO - Processing page 251
2025-01-26 17:25:17,902 - INFO - Processing page 252
2025-01-26 17:25:22,816 - INFO - Processing page 253
2025-01-26 17:25:28,672 - INFO - Processing page 254
2025-01-26 17:25:34,442 - INFO - Processing page 255
2025-01-26 17:25:36,885 - INFO - Checkpoint - Page: 255, Records: 25500, Last ID: 000393672
2025-01-26 17:25:36,885 - INFO - Saved stats to data/2025-01-26_17-05-12/monthly_stats.json
2025-01-26 17:25:38,888 - INFO - Processing page 256
2025-01-26 17:25:44,400 - INFO - Processing page 257
2025-01-26 17:25:49,389 - INFO - Processing page 258
2025-01-26 17:25:55,908 - INFO - Processing page 259
2025-01-26 17:26:00,464 - INFO - Processing page 260
2025-01-26 17:26:02,600 - INFO - Checkpoint - Page: 260, Records: 26000, Last ID: 000388519
2025-01-26 17:26:02,600 - INFO - Saved stats to data/2025-01-26_17-05-12/monthly_stats.json
2025-01-26 17:26:04,603 - INFO - Processing page 261
2025-01-26 17:26:09,055 - INFO - Processing page 262
2025-01-26 17:26:14,374 - INFO - Processing page 263
2025-01-26 17:26:20,004 - INFO - Processing page 264
2025-01-26 17:26:25,827 - INFO - Processing page 265
2025-01-26 17:26:27,885 - INFO - Checkpoint - Page: 265, Records: 26500, Last ID: 000384978
2025-01-26 17:26:27,885 - INFO - Saved stats to data/2025-01-26_17-05-12/monthly_stats.json
2025-01-26 17:26:29,887 - INFO - Processing page 266
2025-01-26 17:26:34,066 - INFO - Processing page 267
2025-01-26 17:26:41,975 - INFO - Processing page 268
2025-01-26 17:26:49,218 - INFO - Processing page 269
2025-01-26 17:26:58,647 - INFO - Processing page 270
2025-01-26 17:27:03,780 - INFO - Checkpoint - Page: 270, Records: 27000, Last ID: 000379525
2025-01-26 17:27:03,780 - INFO - Saved stats to data/2025-01-26_17-05-12/monthly_stats.json
2025-01-26 17:27:05,782 - INFO - Processing page 271
2025-01-26 17:27:13,255 - INFO - Processing page 272
2025-01-26 17:27:18,040 - INFO - Processing page 273
2025-01-26 17:27:23,368 - INFO - Processing page 274
2025-01-26 17:27:28,259 - INFO - Processing page 275
2025-01-26 17:27:31,700 - INFO - Checkpoint - Page: 275, Records: 27500, Last ID: 000374615
2025-01-26 17:27:31,701 - INFO - Saved stats to data/2025-01-26_17-05-12/monthly_stats.json
2025-01-26 17:27:33,703 - INFO - Processing page 276
2025-01-26 17:27:40,909 - INFO - Processing page 277
2025-01-26 17:27:45,842 - INFO - Processing page 278
2025-01-26 17:27:51,573 - INFO - Processing page 279
2025-01-26 17:27:55,568 - INFO - Processing page 280
2025-01-26 17:28:00,506 - INFO - Checkpoint - Page: 280, Records: 28000, Last ID: 000370915
2025-01-26 17:28:00,506 - INFO - Saved stats to data/2025-01-26_17-05-12/monthly_stats.json
2025-01-26 17:28:02,509 - INFO - Processing page 281
2025-01-26 17:28:09,749 - INFO - Processing page 282
2025-01-26 17:28:15,355 - INFO - Processing page 283
2025-01-26 17:28:21,957 - INFO - Processing page 284
2025-01-26 17:28:26,256 - INFO - Processing page 285
2025-01-26 17:28:28,423 - INFO - Checkpoint - Page: 285, Records: 28500, Last ID: 000367143
2025-01-26 17:28:28,423 - INFO - Saved stats to data/2025-01-26_17-05-12/monthly_stats.json
2025-01-26 17:28:30,425 - INFO - Processing page 286
2025-01-26 17:28:36,430 - INFO - Processing page 287
2025-01-26 17:28:44,560 - INFO - Processing page 288
2025-01-26 17:28:51,181 - INFO - Processing page 289
2025-01-26 17:28:55,776 - INFO - Processing page 290
2025-01-26 17:28:59,507 - INFO - Checkpoint - Page: 290, Records: 29000, Last ID: 000363778
2025-01-26 17:28:59,507 - INFO - Saved stats to data/2025-01-26_17-05-12/monthly_stats.json
2025-01-26 17:29:01,509 - INFO - Processing page 291
2025-01-26 17:29:06,699 - INFO - Processing page 292
2025-01-26 17:29:12,174 - INFO - Processing page 293
2025-01-26 17:29:16,869 - INFO - Processing page 294
2025-01-26 17:29:21,740 - INFO - Processing page 295
2025-01-26 17:29:23,744 - INFO - Checkpoint - Page: 295, Records: 29500, Last ID: 000360454
2025-01-26 17:29:23,745 - INFO - Saved stats to data/2025-01-26_17-05-12/monthly_stats.json
2025-01-26 17:29:25,747 - INFO - Processing page 296
2025-01-26 17:29:30,873 - INFO - Processing page 297
2025-01-26 17:29:35,738 - INFO - Processing page 298
2025-01-26 17:29:40,893 - INFO - Processing page 299
2025-01-26 17:29:45,814 - INFO - Processing page 300
2025-01-26 17:29:48,330 - INFO - Checkpoint - Page: 300, Records: 30000, Last ID: 000357079
2025-01-26 17:29:48,330 - INFO - Saved stats to data/2025-01-26_17-05-12/monthly_stats.json
2025-01-26 17:29:50,332 - INFO - Processing page 301
2025-01-26 17:29:55,002 - INFO - Processing page 302
2025-01-26 17:30:00,803 - INFO - Processing page 303
2025-01-26 17:30:06,292 - INFO - Processing page 304
2025-01-26 17:30:10,441 - INFO - Processing page 305
2025-01-26 17:30:15,920 - INFO - Checkpoint - Page: 305, Records: 30500, Last ID: 000348836
2025-01-26 17:30:15,920 - INFO - Saved stats to data/2025-01-26_17-05-12/monthly_stats.json
2025-01-26 17:30:17,922 - INFO - Processing page 306
2025-01-26 17:30:23,087 - INFO - Processing page 307
2025-01-26 17:30:29,392 - INFO - Processing page 308
2025-01-26 17:30:34,771 - INFO - Processing page 309
2025-01-26 17:30:43,027 - INFO - Processing page 310
2025-01-26 17:30:46,489 - INFO - Checkpoint - Page: 310, Records: 31000, Last ID: 000168575
2025-01-26 17:30:46,490 - INFO - Saved stats to data/2025-01-26_17-05-12/monthly_stats.json
2025-01-26 17:30:48,492 - INFO - Processing page 311
2025-01-26 17:30:54,543 - INFO - Processing page 312
2025-01-26 17:31:01,437 - INFO - Processing page 313
2025-01-26 17:31:06,171 - INFO - Processing page 314
2025-01-26 17:31:13,142 - INFO - Processing page 315
2025-01-26 17:31:18,061 - INFO - Checkpoint - Page: 315, Records: 31500, Last ID: 000168676
2025-01-26 17:31:18,061 - INFO - Saved stats to data/2025-01-26_17-05-12/monthly_stats.json
2025-01-26 17:31:20,063 - INFO - Processing page 316
2025-01-26 17:31:28,541 - INFO - Processing page 317
2025-01-26 17:31:34,245 - INFO - Processing page 318
2025-01-26 17:31:39,558 - INFO - Processing page 319
2025-01-26 17:31:44,158 - INFO - Processing page 320
2025-01-26 17:31:49,706 - INFO - Checkpoint - Page: 320, Records: 32000, Last ID: 000000715
2025-01-26 17:31:49,706 - INFO - Saved stats to data/2025-01-26_17-05-12/monthly_stats.json
2025-01-26 17:31:51,709 - INFO - Processing page 321
2025-01-26 17:31:59,275 - INFO - Processing page 322
2025-01-26 17:32:04,152 - INFO - Processing page 323
2025-01-26 17:32:10,590 - INFO - Processing page 324
2025-01-26 17:32:16,973 - INFO - Processing page 325
2025-01-26 17:32:21,055 - INFO - Checkpoint - Page: 325, Records: 32500, Last ID: 000068790
2025-01-26 17:32:21,055 - INFO - Saved stats to data/2025-01-26_17-05-12/monthly_stats.json
2025-01-26 17:32:23,057 - INFO - Processing page 326
2025-01-26 17:32:28,745 - INFO - Processing page 327
2025-01-26 17:32:33,115 - INFO - Processing page 328
2025-01-26 17:32:37,653 - INFO - Processing page 329
2025-01-26 17:32:42,051 - INFO - Processing page 330
2025-01-26 17:32:43,900 - INFO - Checkpoint - Page: 330, Records: 33000, Last ID: 000166749
2025-01-26 17:32:43,901 - INFO - Saved stats to data/2025-01-26_17-05-12/monthly_stats.json
2025-01-26 17:32:45,903 - INFO - Processing page 331
2025-01-26 17:32:50,799 - INFO - Processing page 332
2025-01-26 17:32:56,143 - INFO - Processing page 333
2025-01-26 17:33:00,243 - INFO - Processing page 334
2025-01-26 17:33:05,918 - INFO - Processing page 335
2025-01-26 17:33:08,544 - INFO - Checkpoint - Page: 335, Records: 33500, Last ID: 000166566
2025-01-26 17:33:08,544 - INFO - Saved stats to data/2025-01-26_17-05-12/monthly_stats.json
2025-01-26 17:33:10,546 - INFO - Processing page 336
2025-01-26 17:33:17,667 - INFO - Processing page 337
2025-01-26 17:33:22,804 - INFO - Processing page 338
2025-01-26 17:33:29,458 - INFO - Processing page 339
2025-01-26 17:33:34,975 - INFO - Processing page 340
2025-01-26 17:33:38,053 - INFO - Checkpoint - Page: 340, Records: 34000, Last ID: 000102003
2025-01-26 17:33:38,053 - INFO - Saved stats to data/2025-01-26_17-05-12/monthly_stats.json
2025-01-26 17:33:40,055 - INFO - Processing page 341
2025-01-26 17:33:44,642 - INFO - Processing page 342
2025-01-26 17:33:49,078 - INFO - Processing page 343
2025-01-26 17:33:55,613 - INFO - Processing page 344
2025-01-26 17:34:02,509 - INFO - Processing page 345
2025-01-26 17:34:06,590 - INFO - Checkpoint - Page: 345, Records: 34500, Last ID: 000102503
2025-01-26 17:34:06,591 - INFO - Saved stats to data/2025-01-26_17-05-12/monthly_stats.json
2025-01-26 17:34:08,593 - INFO - Processing page 346
2025-01-26 17:34:13,567 - INFO - Processing page 347
2025-01-26 17:34:17,927 - INFO - Processing page 348
2025-01-26 17:34:27,156 - INFO - Processing page 349
2025-01-26 17:34:32,094 - INFO - Processing page 350
2025-01-26 17:34:35,636 - INFO - Checkpoint - Page: 350, Records: 35000, Last ID: 000103005
2025-01-26 17:34:35,636 - INFO - Saved stats to data/2025-01-26_17-05-12/monthly_stats.json
2025-01-26 17:34:37,638 - INFO - Processing page 351
2025-01-26 17:34:45,842 - INFO - Processing page 352
2025-01-26 17:34:51,881 - INFO - Processing page 353
2025-01-26 17:34:58,226 - INFO - Processing page 354
2025-01-26 17:35:03,584 - INFO - Processing page 355
2025-01-26 17:35:06,454 - INFO - Checkpoint - Page: 355, Records: 35500, Last ID: 000103504
2025-01-26 17:35:06,455 - INFO - Saved stats to data/2025-01-26_17-05-12/monthly_stats.json
2025-01-26 17:35:08,457 - INFO - Processing page 356
2025-01-26 17:35:15,274 - INFO - Processing page 357
2025-01-26 17:35:22,317 - INFO - Processing page 358
2025-01-26 17:35:29,418 - INFO - Processing page 359
2025-01-26 17:35:39,184 - INFO - Processing page 360
2025-01-26 17:35:42,625 - INFO - Checkpoint - Page: 360, Records: 36000, Last ID: 000165695
2025-01-26 17:35:42,626 - INFO - Saved stats to data/2025-01-26_17-05-12/monthly_stats.json
2025-01-26 17:35:44,628 - INFO - Processing page 361
2025-01-26 17:35:49,638 - INFO - Processing page 362
2025-01-26 17:35:55,925 - INFO - Processing page 363
2025-01-26 17:36:01,899 - INFO - Processing page 364
2025-01-26 17:36:06,105 - INFO - Processing page 365
2025-01-26 17:36:08,759 - INFO - Checkpoint - Page: 365, Records: 36500, Last ID: 000167098
2025-01-26 17:36:08,759 - INFO - Saved stats to data/2025-01-26_17-05-12/monthly_stats.json
2025-01-26 17:36:10,761 - INFO - Processing page 366
2025-01-26 17:36:15,431 - INFO - Processing page 367
2025-01-26 17:36:21,281 - INFO - Processing page 368
2025-01-26 17:36:26,112 - INFO - Processing page 369
2025-01-26 17:36:30,985 - INFO - Processing page 370
2025-01-26 17:36:33,239 - INFO - Checkpoint - Page: 370, Records: 37000, Last ID: 000168191
2025-01-26 17:36:33,239 - INFO - Saved stats to data/2025-01-26_17-05-12/monthly_stats.json
2025-01-26 17:36:35,241 - INFO - Processing page 371
2025-01-26 17:36:42,443 - INFO - Processing page 372
2025-01-26 17:36:47,200 - INFO - Processing page 373
2025-01-26 17:36:52,706 - INFO - Processing page 374
2025-01-26 17:36:56,978 - INFO - Processing page 375
2025-01-26 17:36:59,278 - INFO - Checkpoint - Page: 375, Records: 37500, Last ID: 000164831
2025-01-26 17:36:59,278 - INFO - Saved stats to data/2025-01-26_17-05-12/monthly_stats.json
2025-01-26 17:37:01,281 - INFO - Processing page 376
2025-01-26 17:37:05,180 - INFO - Processing page 377
2025-01-26 17:37:10,722 - INFO - Processing page 378
2025-01-26 17:37:16,090 - INFO - Processing page 379
2025-01-26 17:37:20,039 - INFO - Processing page 380
2025-01-26 17:37:25,270 - INFO - Checkpoint - Page: 380, Records: 38000, Last ID: 000163875
2025-01-26 17:37:25,270 - INFO - Saved stats to data/2025-01-26_17-05-12/monthly_stats.json
2025-01-26 17:37:27,272 - INFO - Processing page 381
2025-01-26 17:37:32,686 - INFO - Processing page 382
2025-01-26 17:37:37,349 - INFO - Processing page 383
2025-01-26 17:37:42,354 - INFO - Processing page 384
2025-01-26 17:37:47,935 - INFO - Processing page 385
2025-01-26 17:37:50,654 - INFO - Checkpoint - Page: 385, Records: 38500, Last ID: 000162608
2025-01-26 17:37:50,654 - INFO - Saved stats to data/2025-01-26_17-05-12/monthly_stats.json
2025-01-26 17:37:52,656 - INFO - Processing page 386
2025-01-26 17:37:57,153 - INFO - Processing page 387
2025-01-26 17:38:01,914 - INFO - Processing page 388
2025-01-26 17:38:07,482 - INFO - Processing page 389
2025-01-26 17:38:11,638 - INFO - Processing page 390
2025-01-26 17:38:15,332 - INFO - Checkpoint - Page: 390, Records: 39000, Last ID: 000161671
2025-01-26 17:38:15,332 - INFO - Saved stats to data/2025-01-26_17-05-12/monthly_stats.json
2025-01-26 17:38:17,334 - INFO - Processing page 391
2025-01-26 17:38:21,277 - INFO - Processing page 392
2025-01-26 17:38:25,480 - INFO - Processing page 393
2025-01-26 17:38:30,163 - INFO - Processing page 394
2025-01-26 17:38:34,841 - INFO - Processing page 395
2025-01-26 17:38:37,684 - INFO - Checkpoint - Page: 395, Records: 39500, Last ID: 000160821
2025-01-26 17:38:37,684 - INFO - Saved stats to data/2025-01-26_17-05-12/monthly_stats.json
2025-01-26 17:38:39,686 - INFO - Processing page 396
2025-01-26 17:38:44,988 - INFO - Processing page 397
2025-01-26 17:38:49,386 - INFO - Processing page 398
2025-01-26 17:38:53,617 - INFO - Processing page 399
2025-01-26 17:38:57,550 - INFO - Processing page 400
2025-01-26 17:38:59,989 - INFO - Checkpoint - Page: 400, Records: 40000, Last ID: 000160277
2025-01-26 17:38:59,989 - INFO - Saved stats to data/2025-01-26_17-05-12/monthly_stats.json
2025-01-26 17:39:01,992 - INFO - Processing page 401
2025-01-26 17:39:05,949 - INFO - Processing page 402
2025-01-26 17:39:12,460 - INFO - Processing page 403
2025-01-26 17:39:17,931 - INFO - Processing page 404
2025-01-26 17:39:23,036 - INFO - Processing page 405
2025-01-26 17:39:25,370 - INFO - Checkpoint - Page: 405, Records: 40500, Last ID: 000159706
2025-01-26 17:39:25,371 - INFO - Saved stats to data/2025-01-26_17-05-12/monthly_stats.json
2025-01-26 17:39:27,373 - INFO - Processing page 406
2025-01-26 17:39:32,787 - INFO - Processing page 407
2025-01-26 17:39:38,489 - INFO - Processing page 408
2025-01-26 17:39:43,917 - INFO - Processing page 409
2025-01-26 17:39:48,831 - INFO - Processing page 410
2025-01-26 17:39:52,951 - INFO - Checkpoint - Page: 410, Records: 41000, Last ID: 000158885
2025-01-26 17:39:52,952 - INFO - Saved stats to data/2025-01-26_17-05-12/monthly_stats.json
2025-01-26 17:39:54,954 - INFO - Processing page 411
2025-01-26 17:39:59,600 - INFO - Processing page 412
2025-01-26 17:40:05,844 - INFO - Processing page 413
2025-01-26 17:40:13,734 - INFO - Processing page 414
2025-01-26 17:40:19,630 - INFO - Processing page 415
2025-01-26 17:40:22,977 - INFO - Checkpoint - Page: 415, Records: 41500, Last ID: 000157783
2025-01-26 17:40:22,978 - INFO - Saved stats to data/2025-01-26_17-05-12/monthly_stats.json
2025-01-26 17:40:24,980 - INFO - Processing page 416
2025-01-26 17:40:30,155 - INFO - Processing page 417
2025-01-26 17:40:35,061 - INFO - Processing page 418
2025-01-26 17:40:40,143 - INFO - Processing page 419
2025-01-26 17:40:44,807 - INFO - Processing page 420
2025-01-26 17:40:47,172 - INFO - Checkpoint - Page: 420, Records: 42000, Last ID: 000154546
2025-01-26 17:40:47,172 - INFO - Saved stats to data/2025-01-26_17-05-12/monthly_stats.json
2025-01-26 17:40:49,174 - INFO - Processing page 421
2025-01-26 17:40:53,506 - INFO - Processing page 422
2025-01-26 17:40:58,848 - INFO - Processing page 423
2025-01-26 17:41:04,020 - INFO - Processing page 424
2025-01-26 17:41:09,433 - INFO - Processing page 425
2025-01-26 17:41:13,255 - INFO - Checkpoint - Page: 425, Records: 42500, Last ID: 000141291
2025-01-26 17:41:13,256 - INFO - Saved stats to data/2025-01-26_17-05-12/monthly_stats.json
2025-01-26 17:41:15,258 - INFO - Processing page 426
2025-01-26 17:41:22,184 - INFO - Processing page 427
2025-01-26 17:41:26,622 - INFO - Processing page 428
2025-01-26 17:41:30,796 - INFO - Processing page 429
2025-01-26 17:41:35,991 - INFO - Processing page 430
2025-01-26 17:41:38,684 - INFO - Checkpoint - Page: 430, Records: 43000, Last ID: 000133963
2025-01-26 17:41:38,684 - INFO - Saved stats to data/2025-01-26_17-05-12/monthly_stats.json
2025-01-26 17:41:40,687 - INFO - Processing page 431
2025-01-26 17:41:47,033 - INFO - Processing page 432
2025-01-26 17:41:51,381 - INFO - Processing page 433
2025-01-26 17:41:55,987 - INFO - Processing page 434
2025-01-26 17:42:00,121 - INFO - Processing page 435
2025-01-26 17:42:03,584 - INFO - Checkpoint - Page: 435, Records: 43500, Last ID: 000125699
2025-01-26 17:42:03,584 - INFO - Saved stats to data/2025-01-26_17-05-12/monthly_stats.json
2025-01-26 17:42:05,586 - INFO - Processing page 436
2025-01-26 17:42:13,020 - INFO - Processing page 437
2025-01-26 17:42:17,564 - INFO - Processing page 438
2025-01-26 17:42:22,213 - INFO - Processing page 439
2025-01-26 17:42:26,447 - INFO - Processing page 440
2025-01-26 17:42:28,608 - INFO - Checkpoint - Page: 440, Records: 44000, Last ID: 000123752
2025-01-26 17:42:28,608 - INFO - Saved stats to data/2025-01-26_17-05-12/monthly_stats.json
2025-01-26 17:42:30,611 - INFO - Processing page 441
2025-01-26 17:42:35,476 - INFO - Processing page 442
2025-01-26 17:42:42,647 - INFO - Processing page 443
2025-01-26 17:42:47,785 - INFO - Processing page 444
2025-01-26 17:42:52,180 - INFO - Processing page 445
2025-01-26 17:42:54,459 - INFO - Checkpoint - Page: 445, Records: 44500, Last ID: 000116361
2025-01-26 17:42:54,459 - INFO - Saved stats to data/2025-01-26_17-05-12/monthly_stats.json
2025-01-26 17:42:56,461 - INFO - Processing page 446
2025-01-26 17:43:00,901 - INFO - Processing page 447
2025-01-26 17:43:06,270 - INFO - Processing page 448
2025-01-26 17:43:11,411 - INFO - Processing page 449
2025-01-26 17:43:16,455 - INFO - Processing page 450
2025-01-26 17:43:18,819 - INFO - Checkpoint - Page: 450, Records: 45000, Last ID: 000115007
2025-01-26 17:43:18,819 - INFO - Saved stats to data/2025-01-26_17-05-12/monthly_stats.json
2025-01-26 17:43:20,822 - INFO - Processing page 451
2025-01-26 17:43:26,518 - INFO - Processing page 452
2025-01-26 17:43:31,587 - INFO - Processing page 453
2025-01-26 17:43:38,716 - INFO - Processing page 454
2025-01-26 17:43:43,559 - INFO - Processing page 455
2025-01-26 17:43:47,006 - INFO - Checkpoint - Page: 455, Records: 45500, Last ID: 000114174
2025-01-26 17:43:47,007 - INFO - Saved stats to data/2025-01-26_17-05-12/monthly_stats.json
2025-01-26 17:43:49,009 - INFO - Processing page 456
2025-01-26 17:43:53,684 - INFO - Processing page 457
2025-01-26 17:43:58,397 - INFO - Processing page 458
2025-01-26 17:44:04,460 - INFO - Processing page 459
2025-01-26 17:44:08,970 - INFO - Processing page 460
2025-01-26 17:44:11,288 - INFO - Checkpoint - Page: 460, Records: 46000, Last ID: 000113347
2025-01-26 17:44:11,288 - INFO - Saved stats to data/2025-01-26_17-05-12/monthly_stats.json
2025-01-26 17:44:13,290 - INFO - Processing page 461
2025-01-26 17:44:19,478 - INFO - Processing page 462
2025-01-26 17:44:24,736 - INFO - Processing page 463
2025-01-26 17:44:33,349 - INFO - Processing page 464
2025-01-26 17:44:39,740 - INFO - Processing page 465
2025-01-26 17:44:43,206 - INFO - Checkpoint - Page: 465, Records: 46500, Last ID: 000109850
2025-01-26 17:44:43,206 - INFO - Saved stats to data/2025-01-26_17-05-12/monthly_stats.json
2025-01-26 17:44:45,208 - INFO - Processing page 466
2025-01-26 17:44:50,972 - INFO - Processing page 467
2025-01-26 17:44:55,610 - INFO - Processing page 468
2025-01-26 17:45:06,123 - INFO - Processing page 469
2025-01-26 17:45:13,089 - INFO - Processing page 470
2025-01-26 17:45:17,274 - INFO - Checkpoint - Page: 470, Records: 47000, Last ID: 000109324
2025-01-26 17:45:17,274 - INFO - Saved stats to data/2025-01-26_17-05-12/monthly_stats.json
2025-01-26 17:45:19,276 - INFO - Processing page 471
2025-01-26 17:45:24,082 - INFO - Processing page 472
2025-01-26 17:45:29,359 - INFO - Processing page 473
2025-01-26 17:45:33,864 - INFO - Processing page 474
2025-01-26 17:45:41,000 - INFO - Processing page 475
2025-01-26 17:45:44,845 - INFO - Checkpoint - Page: 475, Records: 47500, Last ID: 000108772
2025-01-26 17:45:44,845 - INFO - Saved stats to data/2025-01-26_17-05-12/monthly_stats.json
2025-01-26 17:45:46,848 - INFO - Processing page 476
2025-01-26 17:45:51,308 - INFO - Processing page 477
2025-01-26 17:45:58,231 - INFO - Processing page 478
2025-01-26 17:46:06,204 - INFO - Processing page 479
2025-01-26 17:46:14,846 - INFO - Processing page 480
2025-01-26 17:46:17,390 - INFO - Checkpoint - Page: 480, Records: 48000, Last ID: 000107998
2025-01-26 17:46:17,390 - INFO - Saved stats to data/2025-01-26_17-05-12/monthly_stats.json
2025-01-26 17:46:19,393 - INFO - Processing page 481
2025-01-26 17:46:24,076 - INFO - Processing page 482
2025-01-26 17:46:30,165 - INFO - Processing page 483
2025-01-26 17:46:34,894 - INFO - Processing page 484
2025-01-26 17:46:40,389 - INFO - Processing page 485
2025-01-26 17:46:44,019 - INFO - Checkpoint - Page: 485, Records: 48500, Last ID: 000104049
2025-01-26 17:46:44,019 - INFO - Saved stats to data/2025-01-26_17-05-12/monthly_stats.json
2025-01-26 17:46:46,022 - INFO - Processing page 486
2025-01-26 17:46:50,708 - INFO - Processing page 487
2025-01-26 17:46:56,017 - INFO - Processing page 488
2025-01-26 17:47:00,653 - INFO - Processing page 489
2025-01-26 17:47:06,337 - INFO - Processing page 490
2025-01-26 17:47:09,161 - INFO - Checkpoint - Page: 490, Records: 49000, Last ID: 000101335
2025-01-26 17:47:09,162 - INFO - Saved stats to data/2025-01-26_17-05-12/monthly_stats.json
2025-01-26 17:47:11,164 - INFO - Processing page 491
2025-01-26 17:47:15,819 - INFO - Processing page 492
2025-01-26 17:47:20,133 - INFO - Processing page 493
2025-01-26 17:47:25,002 - INFO - Processing page 494
2025-01-26 17:47:28,991 - INFO - Processing page 495
2025-01-26 17:47:31,022 - INFO - Checkpoint - Page: 495, Records: 49500, Last ID: 000100733
2025-01-26 17:47:31,022 - INFO - Saved stats to data/2025-01-26_17-05-12/monthly_stats.json
2025-01-26 17:47:33,023 - INFO - Processing page 496
2025-01-26 17:47:37,663 - INFO - Processing page 497
2025-01-26 17:47:42,091 - INFO - Processing page 498
2025-01-26 17:47:46,299 - INFO - Processing page 499
2025-01-26 17:47:50,625 - INFO - Processing page 500
2025-01-26 17:47:53,244 - INFO - Checkpoint - Page: 500, Records: 50000, Last ID: 000100052
2025-01-26 17:47:53,244 - INFO - Saved stats to data/2025-01-26_17-05-12/monthly_stats.json
2025-01-26 17:47:55,246 - INFO - Processing page 501
2025-01-26 17:48:02,011 - INFO - Processing page 502
2025-01-26 17:48:06,872 - INFO - Processing page 503
2025-01-26 17:48:11,862 - INFO - Processing page 504
2025-01-26 17:48:16,147 - INFO - Processing page 505
2025-01-26 17:48:20,292 - INFO - Checkpoint - Page: 505, Records: 50500, Last ID: 000099288
2025-01-26 17:48:20,292 - INFO - Saved stats to data/2025-01-26_17-05-12/monthly_stats.json
2025-01-26 17:48:22,294 - INFO - Processing page 506
2025-01-26 17:48:26,943 - INFO - Processing page 507
2025-01-26 17:48:31,682 - INFO - Processing page 508
2025-01-26 17:48:37,206 - INFO - Processing page 509
2025-01-26 17:48:41,733 - INFO - Processing page 510
2025-01-26 17:48:43,865 - INFO - Checkpoint - Page: 510, Records: 51000, Last ID: 000098346
2025-01-26 17:48:43,865 - INFO - Saved stats to data/2025-01-26_17-05-12/monthly_stats.json
2025-01-26 17:48:45,867 - INFO - Processing page 511
2025-01-26 17:48:50,492 - INFO - Processing page 512
2025-01-26 17:48:54,693 - INFO - Processing page 513
2025-01-26 17:48:58,605 - INFO - Processing page 514
2025-01-26 17:49:02,662 - INFO - Processing page 515
2025-01-26 17:49:05,275 - INFO - Checkpoint - Page: 515, Records: 51500, Last ID: 000097730
2025-01-26 17:49:05,275 - INFO - Saved stats to data/2025-01-26_17-05-12/monthly_stats.json
2025-01-26 17:49:07,278 - INFO - Processing page 516
2025-01-26 17:49:14,479 - INFO - Processing page 517
2025-01-26 17:49:19,048 - INFO - Processing page 518
2025-01-26 17:49:23,694 - INFO - Processing page 519
2025-01-26 17:49:27,874 - INFO - Processing page 520
2025-01-26 17:49:30,581 - INFO - Checkpoint - Page: 520, Records: 52000, Last ID: 000097087
2025-01-26 17:49:30,581 - INFO - Saved stats to data/2025-01-26_17-05-12/monthly_stats.json
2025-01-26 17:49:32,584 - INFO - Processing page 521
2025-01-26 17:49:37,468 - INFO - Processing page 522
2025-01-26 17:49:43,226 - INFO - Processing page 523
2025-01-26 17:49:47,754 - INFO - Processing page 524
2025-01-26 17:49:53,629 - INFO - Processing page 525
2025-01-26 17:49:56,384 - INFO - Checkpoint - Page: 525, Records: 52500, Last ID: 000095956
2025-01-26 17:49:56,384 - INFO - Saved stats to data/2025-01-26_17-05-12/monthly_stats.json
2025-01-26 17:49:58,387 - INFO - Processing page 526
2025-01-26 17:50:05,561 - INFO - Processing page 527
2025-01-26 17:50:10,380 - INFO - Processing page 528
2025-01-26 17:50:14,437 - INFO - Processing page 529
2025-01-26 17:50:18,915 - INFO - Processing page 530
2025-01-26 17:50:21,015 - INFO - Checkpoint - Page: 530, Records: 53000, Last ID: 000093387
2025-01-26 17:50:21,015 - INFO - Saved stats to data/2025-01-26_17-05-12/monthly_stats.json
2025-01-26 17:50:23,018 - INFO - Processing page 531
2025-01-26 17:50:28,145 - INFO - Processing page 532
2025-01-26 17:50:32,699 - INFO - Processing page 533
2025-01-26 17:50:37,804 - INFO - Processing page 534
2025-01-26 17:50:43,786 - INFO - Processing page 535
2025-01-26 17:50:46,221 - INFO - Checkpoint - Page: 535, Records: 53500, Last ID: 000092657
2025-01-26 17:50:46,222 - INFO - Saved stats to data/2025-01-26_17-05-12/monthly_stats.json
2025-01-26 17:50:48,224 - INFO - Processing page 536
2025-01-26 17:50:53,466 - INFO - Processing page 537
2025-01-26 17:50:58,612 - INFO - Processing page 538
2025-01-26 17:51:03,090 - INFO - Processing page 539
2025-01-26 17:51:07,408 - INFO - Processing page 540
2025-01-26 17:51:09,688 - INFO - Checkpoint - Page: 540, Records: 54000, Last ID: 000091883
2025-01-26 17:51:09,689 - INFO - Saved stats to data/2025-01-26_17-05-12/monthly_stats.json
2025-01-26 17:51:11,691 - INFO - Processing page 541
2025-01-26 17:51:17,079 - INFO - Processing page 542
2025-01-26 17:51:24,394 - INFO - Processing page 543
2025-01-26 17:51:28,781 - INFO - Processing page 544
2025-01-26 17:51:33,274 - INFO - Processing page 545
2025-01-26 17:51:36,062 - INFO - Checkpoint - Page: 545, Records: 54500, Last ID: 000090041
2025-01-26 17:51:36,062 - INFO - Saved stats to data/2025-01-26_17-05-12/monthly_stats.json
2025-01-26 17:51:38,064 - INFO - Processing page 546
2025-01-26 17:51:42,804 - INFO - Processing page 547
2025-01-26 17:51:49,365 - INFO - Processing page 548
2025-01-26 17:51:55,661 - INFO - Processing page 549
2025-01-26 17:52:00,756 - INFO - Processing page 550
2025-01-26 17:52:05,211 - INFO - Checkpoint - Page: 550, Records: 55000, Last ID: 000089046
2025-01-26 17:52:05,211 - INFO - Saved stats to data/2025-01-26_17-05-12/monthly_stats.json
2025-01-26 17:52:07,214 - INFO - Processing page 551
2025-01-26 17:52:11,858 - INFO - Processing page 552
2025-01-26 17:52:16,423 - INFO - Processing page 553
2025-01-26 17:52:20,752 - INFO - Processing page 554
2025-01-26 17:52:25,158 - INFO - Processing page 555
2025-01-26 17:52:28,550 - INFO - Checkpoint - Page: 555, Records: 55500, Last ID: 000086233
2025-01-26 17:52:28,551 - INFO - Saved stats to data/2025-01-26_17-05-12/monthly_stats.json
2025-01-26 17:52:30,553 - INFO - Processing page 556
2025-01-26 17:52:36,560 - INFO - Processing page 557
2025-01-26 17:52:42,712 - INFO - Processing page 558
2025-01-26 17:52:49,252 - INFO - Processing page 559
2025-01-26 17:52:54,909 - INFO - Processing page 560
2025-01-26 17:52:57,657 - INFO - Checkpoint - Page: 560, Records: 56000, Last ID: 000085077
2025-01-26 17:52:57,657 - INFO - Saved stats to data/2025-01-26_17-05-12/monthly_stats.json
2025-01-26 17:52:59,659 - INFO - Processing page 561
2025-01-26 17:53:07,068 - INFO - Processing page 562
2025-01-26 17:53:11,201 - INFO - Processing page 563
2025-01-26 17:53:16,258 - INFO - Processing page 564
2025-01-26 17:53:20,965 - INFO - Processing page 565
2025-01-26 17:53:25,000 - INFO - Checkpoint - Page: 565, Records: 56500, Last ID: 000084389
2025-01-26 17:53:25,000 - INFO - Saved stats to data/2025-01-26_17-05-12/monthly_stats.json
2025-01-26 17:53:27,002 - INFO - Processing page 566
2025-01-26 17:53:33,404 - INFO - Processing page 567
2025-01-26 17:53:37,388 - INFO - Processing page 568
2025-01-26 17:53:42,579 - INFO - Processing page 569
2025-01-26 17:53:47,523 - INFO - Processing page 570
2025-01-26 17:53:50,651 - INFO - Checkpoint - Page: 570, Records: 57000, Last ID: 000083425
2025-01-26 17:53:50,652 - INFO - Saved stats to data/2025-01-26_17-05-12/monthly_stats.json
2025-01-26 17:53:52,654 - INFO - Processing page 571
2025-01-26 17:53:57,722 - INFO - Processing page 572
2025-01-26 17:54:01,888 - INFO - Processing page 573
2025-01-26 17:54:08,981 - INFO - Processing page 574
2025-01-26 17:54:13,439 - INFO - Processing page 575
2025-01-26 17:54:15,557 - INFO - Checkpoint - Page: 575, Records: 57500, Last ID: 000082413
2025-01-26 17:54:15,557 - INFO - Saved stats to data/2025-01-26_17-05-12/monthly_stats.json
2025-01-26 17:54:17,560 - INFO - Processing page 576
2025-01-26 17:54:23,404 - INFO - Processing page 577
2025-01-26 17:54:28,303 - INFO - Processing page 578
2025-01-26 17:54:33,027 - INFO - Processing page 579
2025-01-26 17:54:38,497 - INFO - Processing page 580
2025-01-26 17:54:41,249 - INFO - Checkpoint - Page: 580, Records: 58000, Last ID: 000083125
2025-01-26 17:54:41,250 - INFO - Saved stats to data/2025-01-26_17-05-12/monthly_stats.json
2025-01-26 17:54:43,252 - INFO - Processing page 581
2025-01-26 17:54:48,734 - INFO - Processing page 582
2025-01-26 17:54:52,756 - INFO - Processing page 583
2025-01-26 17:54:56,896 - INFO - Processing page 584
2025-01-26 17:55:00,958 - INFO - Processing page 585
2025-01-26 17:55:03,303 - INFO - Checkpoint - Page: 585, Records: 58500, Last ID: 000080776
2025-01-26 17:55:03,303 - INFO - Saved stats to data/2025-01-26_17-05-12/monthly_stats.json
2025-01-26 17:55:05,305 - INFO - Processing page 586
2025-01-26 17:55:10,267 - INFO - Processing page 587
2025-01-26 17:55:14,653 - INFO - Processing page 588
2025-01-26 17:55:22,079 - INFO - Processing page 589
2025-01-26 17:55:26,905 - INFO - Processing page 590
2025-01-26 17:55:31,401 - INFO - Checkpoint - Page: 590, Records: 59000, Last ID: 000079977
2025-01-26 17:55:31,402 - INFO - Saved stats to data/2025-01-26_17-05-12/monthly_stats.json
2025-01-26 17:55:33,404 - INFO - Processing page 591
2025-01-26 17:55:38,501 - INFO - Processing page 592
2025-01-26 17:55:44,111 - INFO - Processing page 593
2025-01-26 17:55:49,609 - INFO - Processing page 594
2025-01-26 17:55:54,234 - INFO - Processing page 595
2025-01-26 17:55:57,711 - INFO - Checkpoint - Page: 595, Records: 59500, Last ID: 000079032
2025-01-26 17:55:57,712 - INFO - Saved stats to data/2025-01-26_17-05-12/monthly_stats.json
2025-01-26 17:55:59,714 - INFO - Processing page 596
2025-01-26 17:56:04,088 - INFO - Processing page 597
2025-01-26 17:56:11,050 - INFO - Processing page 598
2025-01-26 17:56:15,484 - INFO - Processing page 599
2025-01-26 17:56:20,525 - INFO - Processing page 600
2025-01-26 17:56:22,608 - INFO - Checkpoint - Page: 600, Records: 60000, Last ID: 000077649
2025-01-26 17:56:22,608 - INFO - Saved stats to data/2025-01-26_17-05-12/monthly_stats.json
2025-01-26 17:56:24,610 - INFO - Processing page 601
2025-01-26 17:56:33,485 - INFO - Processing page 602
2025-01-26 17:56:38,563 - INFO - Processing page 603
2025-01-26 17:56:43,810 - INFO - Processing page 604
2025-01-26 17:56:47,903 - INFO - Processing page 605
2025-01-26 17:56:51,480 - INFO - Checkpoint - Page: 605, Records: 60500, Last ID: 000076521
2025-01-26 17:56:51,480 - INFO - Saved stats to data/2025-01-26_17-05-12/monthly_stats.json
2025-01-26 17:56:53,482 - INFO - Processing page 606
2025-01-26 17:57:00,141 - INFO - Processing page 607
2025-01-26 17:57:07,159 - INFO - Processing page 608
2025-01-26 17:57:12,479 - INFO - Processing page 609
2025-01-26 17:57:18,401 - INFO - Processing page 610
2025-01-26 17:57:22,484 - INFO - Checkpoint - Page: 610, Records: 61000, Last ID: 000075737
2025-01-26 17:57:22,485 - INFO - Saved stats to data/2025-01-26_17-05-12/monthly_stats.json
2025-01-26 17:57:24,487 - INFO - Processing page 611
2025-01-26 17:57:29,181 - INFO - Processing page 612
2025-01-26 17:57:34,207 - INFO - Processing page 613
2025-01-26 17:57:38,583 - INFO - Processing page 614
2025-01-26 17:57:43,757 - INFO - Processing page 615
2025-01-26 17:57:47,356 - INFO - Checkpoint - Page: 615, Records: 61500, Last ID: 000075019
2025-01-26 17:57:47,356 - INFO - Saved stats to data/2025-01-26_17-05-12/monthly_stats.json
2025-01-26 17:57:49,358 - INFO - Processing page 616
2025-01-26 17:57:53,639 - INFO - Processing page 617
2025-01-26 17:57:59,225 - INFO - Processing page 618
2025-01-26 17:58:05,904 - INFO - Processing page 619
2025-01-26 17:58:10,730 - INFO - Processing page 620
2025-01-26 17:58:13,262 - INFO - Checkpoint - Page: 620, Records: 62000, Last ID: 000073878
2025-01-26 17:58:13,262 - INFO - Saved stats to data/2025-01-26_17-05-12/monthly_stats.json
2025-01-26 17:58:15,264 - INFO - Processing page 621
2025-01-26 17:58:19,291 - INFO - Processing page 622
2025-01-26 17:58:23,396 - INFO - Processing page 623
2025-01-26 17:58:28,724 - INFO - Processing page 624
2025-01-26 17:58:33,045 - INFO - Processing page 625
2025-01-26 17:58:36,273 - INFO - Checkpoint - Page: 625, Records: 62500, Last ID: 000073022
2025-01-26 17:58:36,273 - INFO - Saved stats to data/2025-01-26_17-05-12/monthly_stats.json
2025-01-26 17:58:38,275 - INFO - Processing page 626
2025-01-26 17:58:43,563 - INFO - Processing page 627
2025-01-26 17:58:47,800 - INFO - Processing page 628
2025-01-26 17:58:53,326 - INFO - Processing page 629
2025-01-26 17:58:58,333 - INFO - Processing page 630
2025-01-26 17:59:00,832 - INFO - Checkpoint - Page: 630, Records: 63000, Last ID: 000072743
2025-01-26 17:59:00,832 - INFO - Saved stats to data/2025-01-26_17-05-12/monthly_stats.json
2025-01-26 17:59:02,835 - INFO - Processing page 631
2025-01-26 17:59:07,102 - INFO - Processing page 632
2025-01-26 17:59:11,941 - INFO - Processing page 633
2025-01-26 17:59:16,158 - INFO - Processing page 634
2025-01-26 17:59:20,453 - INFO - Processing page 635
2025-01-26 17:59:22,823 - INFO - Checkpoint - Page: 635, Records: 63500, Last ID: 000071774
2025-01-26 17:59:22,824 - INFO - Saved stats to data/2025-01-26_17-05-12/monthly_stats.json
2025-01-26 17:59:24,826 - INFO - Processing page 636
2025-01-26 17:59:29,550 - INFO - Processing page 637
2025-01-26 17:59:34,756 - INFO - Processing page 638
2025-01-26 17:59:39,559 - INFO - Processing page 639
2025-01-26 17:59:45,583 - INFO - Processing page 640
2025-01-26 17:59:48,262 - INFO - Checkpoint - Page: 640, Records: 64000, Last ID: 000071043
2025-01-26 17:59:48,262 - INFO - Saved stats to data/2025-01-26_17-05-12/monthly_stats.json
2025-01-26 17:59:50,264 - INFO - Processing page 641
2025-01-26 17:59:55,045 - INFO - Processing page 642
2025-01-26 17:59:59,542 - INFO - Processing page 643
2025-01-26 18:00:04,320 - INFO - Processing page 644
2025-01-26 18:00:09,171 - INFO - Processing page 645
2025-01-26 18:00:13,050 - INFO - Checkpoint - Page: 645, Records: 64500, Last ID: 000070324
2025-01-26 18:00:13,050 - INFO - Saved stats to data/2025-01-26_17-05-12/monthly_stats.json
2025-01-26 18:00:15,052 - INFO - Processing page 646
2025-01-26 18:00:20,629 - INFO - Processing page 647
2025-01-26 18:00:25,307 - INFO - Processing page 648
2025-01-26 18:00:30,614 - INFO - Processing page 649
2025-01-26 18:00:35,614 - INFO - Processing page 650
2025-01-26 18:00:39,174 - INFO - Checkpoint - Page: 650, Records: 65000, Last ID: 000069234
2025-01-26 18:00:39,175 - INFO - Saved stats to data/2025-01-26_17-05-12/monthly_stats.json
2025-01-26 18:00:41,177 - INFO - Processing page 651
2025-01-26 18:00:45,317 - INFO - Processing page 652
2025-01-26 18:00:51,141 - INFO - Processing page 653
2025-01-26 18:00:55,709 - INFO - Processing page 654
2025-01-26 18:01:00,279 - INFO - Processing page 655
2025-01-26 18:01:02,784 - INFO - Checkpoint - Page: 655, Records: 65500, Last ID: 000068325
2025-01-26 18:01:02,784 - INFO - Saved stats to data/2025-01-26_17-05-12/monthly_stats.json
2025-01-26 18:01:04,786 - INFO - Processing page 656
2025-01-26 18:01:10,880 - INFO - Processing page 657
2025-01-26 18:01:15,793 - INFO - Processing page 658
2025-01-26 18:01:20,738 - INFO - Processing page 659
2025-01-26 18:01:25,383 - INFO - Processing page 660
2025-01-26 18:01:28,176 - INFO - Checkpoint - Page: 660, Records: 66000, Last ID: 000067367
2025-01-26 18:01:28,176 - INFO - Saved stats to data/2025-01-26_17-05-12/monthly_stats.json
2025-01-26 18:01:30,178 - INFO - Processing page 661
2025-01-26 18:01:34,623 - INFO - Processing page 662
2025-01-26 18:01:39,263 - INFO - Processing page 663
2025-01-26 18:01:44,688 - INFO - Processing page 664
2025-01-26 18:01:50,784 - INFO - Processing page 665
2025-01-26 18:01:53,581 - INFO - Checkpoint - Page: 665, Records: 66500, Last ID: 000065888
2025-01-26 18:01:53,581 - INFO - Saved stats to data/2025-01-26_17-05-12/monthly_stats.json
2025-01-26 18:01:55,583 - INFO - Processing page 666
2025-01-26 18:01:59,856 - INFO - Processing page 667
2025-01-26 18:02:04,620 - INFO - Processing page 668
2025-01-26 18:02:10,721 - INFO - Processing page 669
2025-01-26 18:02:15,363 - INFO - Processing page 670
2025-01-26 18:02:17,968 - INFO - Checkpoint - Page: 670, Records: 67000, Last ID: 000065299
2025-01-26 18:02:17,968 - INFO - Saved stats to data/2025-01-26_17-05-12/monthly_stats.json
2025-01-26 18:02:19,970 - INFO - Processing page 671
2025-01-26 18:02:24,373 - INFO - Processing page 672
2025-01-26 18:02:30,294 - INFO - Processing page 673
2025-01-26 18:02:35,390 - INFO - Processing page 674
2025-01-26 18:02:42,049 - INFO - Processing page 675
2025-01-26 18:02:45,290 - INFO - Checkpoint - Page: 675, Records: 67500, Last ID: 000064277
2025-01-26 18:02:45,290 - INFO - Saved stats to data/2025-01-26_17-05-12/monthly_stats.json
2025-01-26 18:02:47,292 - INFO - Processing page 676
2025-01-26 18:02:52,132 - INFO - Processing page 677
2025-01-26 18:02:56,270 - INFO - Processing page 678
2025-01-26 18:03:01,443 - INFO - Processing page 679
2025-01-26 18:03:06,231 - INFO - Processing page 680
2025-01-26 18:03:08,635 - INFO - Checkpoint - Page: 680, Records: 68000, Last ID: 000063503
2025-01-26 18:03:08,636 - INFO - Saved stats to data/2025-01-26_17-05-12/monthly_stats.json
2025-01-26 18:03:10,638 - INFO - Processing page 681
2025-01-26 18:03:16,481 - INFO - Processing page 682
2025-01-26 18:03:21,237 - INFO - Processing page 683
2025-01-26 18:03:25,510 - INFO - Processing page 684
2025-01-26 18:03:30,410 - INFO - Processing page 685
2025-01-26 18:03:32,548 - INFO - Checkpoint - Page: 685, Records: 68500, Last ID: 000062990
2025-01-26 18:03:32,549 - INFO - Saved stats to data/2025-01-26_17-05-12/monthly_stats.json
2025-01-26 18:03:34,551 - INFO - Processing page 686
2025-01-26 18:03:38,965 - INFO - Processing page 687
2025-01-26 18:03:43,783 - INFO - Processing page 688
2025-01-26 18:03:48,751 - INFO - Processing page 689
2025-01-26 18:03:53,290 - INFO - Processing page 690
2025-01-26 18:03:56,006 - INFO - Checkpoint - Page: 690, Records: 69000, Last ID: 000062228
2025-01-26 18:03:56,006 - INFO - Saved stats to data/2025-01-26_17-05-12/monthly_stats.json
2025-01-26 18:03:58,008 - INFO - Processing page 691
2025-01-26 18:04:03,425 - INFO - Processing page 692
2025-01-26 18:04:08,421 - INFO - Processing page 693
2025-01-26 18:04:13,390 - INFO - Processing page 694
2025-01-26 18:04:17,865 - INFO - Processing page 695
2025-01-26 18:04:21,001 - INFO - Checkpoint - Page: 695, Records: 69500, Last ID: 000061443
2025-01-26 18:04:21,001 - INFO - Saved stats to data/2025-01-26_17-05-12/monthly_stats.json
2025-01-26 18:04:23,003 - INFO - Processing page 696
2025-01-26 18:04:27,353 - INFO - Processing page 697
2025-01-26 18:04:31,528 - INFO - Processing page 698
2025-01-26 18:04:35,557 - INFO - Processing page 699
2025-01-26 18:04:39,446 - INFO - Processing page 700
2025-01-26 18:04:41,914 - INFO - Checkpoint - Page: 700, Records: 70000, Last ID: 000060656
2025-01-26 18:04:41,915 - INFO - Saved stats to data/2025-01-26_17-05-12/monthly_stats.json
2025-01-26 18:04:43,917 - INFO - Processing page 701
2025-01-26 18:04:48,005 - INFO - Processing page 702
2025-01-26 18:04:52,516 - INFO - Processing page 703
2025-01-26 18:04:56,684 - INFO - Processing page 704
2025-01-26 18:05:01,551 - INFO - Processing page 705
2025-01-26 18:05:04,149 - INFO - Checkpoint - Page: 705, Records: 70500, Last ID: 000060146
2025-01-26 18:05:04,150 - INFO - Saved stats to data/2025-01-26_17-05-12/monthly_stats.json
2025-01-26 18:05:06,152 - INFO - Processing page 706
2025-01-26 18:05:10,463 - INFO - Processing page 707
2025-01-26 18:05:15,136 - INFO - Processing page 708
2025-01-26 18:05:19,372 - INFO - Processing page 709
2025-01-26 18:05:24,174 - INFO - Processing page 710
2025-01-26 18:05:28,607 - INFO - Checkpoint - Page: 710, Records: 71000, Last ID: 000059397
2025-01-26 18:05:28,607 - INFO - Saved stats to data/2025-01-26_17-05-12/monthly_stats.json
2025-01-26 18:05:30,610 - INFO - Processing page 711
2025-01-26 18:05:35,778 - INFO - Processing page 712
2025-01-26 18:05:40,360 - INFO - Processing page 713
2025-01-26 18:05:44,796 - INFO - Processing page 714
2025-01-26 18:05:49,635 - INFO - Processing page 715
2025-01-26 18:05:52,373 - INFO - Checkpoint - Page: 715, Records: 71500, Last ID: 000058843
2025-01-26 18:05:52,373 - INFO - Saved stats to data/2025-01-26_17-05-12/monthly_stats.json
2025-01-26 18:05:54,375 - INFO - Processing page 716
2025-01-26 18:05:59,273 - INFO - Processing page 717
2025-01-26 18:06:03,777 - INFO - Processing page 718
2025-01-26 18:06:10,048 - INFO - Processing page 719
2025-01-26 18:06:14,272 - INFO - Processing page 720
2025-01-26 18:06:17,286 - INFO - Checkpoint - Page: 720, Records: 72000, Last ID: 000058303
2025-01-26 18:06:17,287 - INFO - Saved stats to data/2025-01-26_17-05-12/monthly_stats.json
2025-01-26 18:06:19,289 - INFO - Processing page 721
2025-01-26 18:06:25,540 - INFO - Processing page 722
2025-01-26 18:06:29,943 - INFO - Processing page 723
2025-01-26 18:06:34,971 - INFO - Processing page 724
2025-01-26 18:06:41,121 - INFO - Processing page 725
2025-01-26 18:06:43,644 - INFO - Checkpoint - Page: 725, Records: 72500, Last ID: 000057433
2025-01-26 18:06:43,645 - INFO - Saved stats to data/2025-01-26_17-05-12/monthly_stats.json
2025-01-26 18:06:45,647 - INFO - Processing page 726
2025-01-26 18:06:50,158 - INFO - Processing page 727
2025-01-26 18:06:54,931 - INFO - Processing page 728
2025-01-26 18:07:01,762 - INFO - Processing page 729
2025-01-26 18:07:07,396 - INFO - Processing page 730
2025-01-26 18:07:11,511 - INFO - Checkpoint - Page: 730, Records: 73000, Last ID: 000056377
2025-01-26 18:07:11,511 - INFO - Saved stats to data/2025-01-26_17-05-12/monthly_stats.json
2025-01-26 18:07:13,513 - INFO - Processing page 731
2025-01-26 18:07:18,044 - INFO - Processing page 732
2025-01-26 18:07:23,063 - INFO - Processing page 733
2025-01-26 18:07:30,873 - INFO - Processing page 734
2025-01-26 18:07:35,900 - INFO - Processing page 735
2025-01-26 18:07:39,153 - INFO - Checkpoint - Page: 735, Records: 73500, Last ID: 000055292
2025-01-26 18:07:39,153 - INFO - Saved stats to data/2025-01-26_17-05-12/monthly_stats.json
2025-01-26 18:07:41,155 - INFO - Processing page 736
2025-01-26 18:07:46,728 - INFO - Processing page 737
2025-01-26 18:07:50,890 - INFO - Processing page 738
2025-01-26 18:07:55,735 - INFO - Processing page 739
2025-01-26 18:08:01,565 - INFO - Processing page 740
2025-01-26 18:08:03,902 - INFO - Checkpoint - Page: 740, Records: 74000, Last ID: 000054729
2025-01-26 18:08:03,902 - INFO - Saved stats to data/2025-01-26_17-05-12/monthly_stats.json
2025-01-26 18:08:05,904 - INFO - Processing page 741
2025-01-26 18:08:13,674 - INFO - Processing page 742
2025-01-26 18:08:17,826 - INFO - Processing page 743
2025-01-26 18:08:22,392 - INFO - Processing page 744
2025-01-26 18:08:27,544 - INFO - Processing page 745
2025-01-26 18:08:30,055 - INFO - Checkpoint - Page: 745, Records: 74500, Last ID: 000053838
2025-01-26 18:08:30,056 - INFO - Saved stats to data/2025-01-26_17-05-12/monthly_stats.json
2025-01-26 18:08:32,058 - INFO - Processing page 746
2025-01-26 18:08:36,769 - INFO - Processing page 747
2025-01-26 18:08:42,180 - INFO - Processing page 748
2025-01-26 18:08:46,710 - INFO - Processing page 749
2025-01-26 18:08:51,091 - INFO - Processing page 750
2025-01-26 18:08:54,784 - INFO - Checkpoint - Page: 750, Records: 75000, Last ID: 000052560
2025-01-26 18:08:54,784 - INFO - Saved stats to data/2025-01-26_17-05-12/monthly_stats.json
2025-01-26 18:08:56,784 - INFO - Processing page 751
2025-01-26 18:09:00,848 - INFO - Processing page 752
2025-01-26 18:09:05,040 - INFO - Processing page 753
2025-01-26 18:09:09,884 - INFO - Processing page 754
2025-01-26 18:09:14,825 - INFO - Processing page 755
2025-01-26 18:09:17,203 - INFO - Checkpoint - Page: 755, Records: 75500, Last ID: 000051964
2025-01-26 18:09:17,203 - INFO - Saved stats to data/2025-01-26_17-05-12/monthly_stats.json
2025-01-26 18:09:19,205 - INFO - Processing page 756
2025-01-26 18:09:23,805 - INFO - Processing page 757
2025-01-26 18:09:27,898 - INFO - Processing page 758
2025-01-26 18:09:31,926 - INFO - Processing page 759
2025-01-26 18:09:35,936 - INFO - Processing page 760
2025-01-26 18:09:41,564 - INFO - Checkpoint - Page: 760, Records: 76000, Last ID: 000051204
2025-01-26 18:09:41,564 - INFO - Saved stats to data/2025-01-26_17-05-12/monthly_stats.json
2025-01-26 18:09:43,566 - INFO - Processing page 761
2025-01-26 18:09:50,036 - INFO - Processing page 762
2025-01-26 18:09:54,506 - INFO - Processing page 763
2025-01-26 18:10:00,564 - INFO - Processing page 764
2025-01-26 18:10:05,244 - INFO - Processing page 765
2025-01-26 18:10:09,658 - INFO - Checkpoint - Page: 765, Records: 76500, Last ID: 000105295
2025-01-26 18:10:09,658 - INFO - Saved stats to data/2025-01-26_17-05-12/monthly_stats.json
2025-01-26 18:10:11,661 - INFO - Processing page 766
2025-01-26 18:10:18,255 - INFO - Processing page 767
2025-01-26 18:10:22,502 - INFO - Processing page 768
2025-01-26 18:10:27,581 - INFO - Processing page 769
2025-01-26 18:10:36,253 - INFO - Processing page 770
2025-01-26 18:10:42,028 - INFO - Checkpoint - Page: 770, Records: 77000, Last ID: 000049403
2025-01-26 18:10:42,028 - INFO - Saved stats to data/2025-01-26_17-05-12/monthly_stats.json
2025-01-26 18:10:44,030 - INFO - Processing page 771
2025-01-26 18:10:51,132 - INFO - Processing page 772
2025-01-26 18:10:56,956 - INFO - Processing page 773
2025-01-26 18:11:03,127 - INFO - Processing page 774
2025-01-26 18:11:07,512 - INFO - Processing page 775
2025-01-26 18:11:12,350 - INFO - Checkpoint - Page: 775, Records: 77500, Last ID: 000048865
2025-01-26 18:11:12,350 - INFO - Saved stats to data/2025-01-26_17-05-12/monthly_stats.json
2025-01-26 18:11:14,353 - INFO - Processing page 776
2025-01-26 18:11:18,411 - INFO - Processing page 777
2025-01-26 18:11:22,686 - INFO - Processing page 778
2025-01-26 18:11:27,431 - INFO - Processing page 779
2025-01-26 18:11:35,236 - INFO - Processing page 780
2025-01-26 18:11:40,241 - INFO - Checkpoint - Page: 780, Records: 78000, Last ID: 000048014
2025-01-26 18:11:40,241 - INFO - Saved stats to data/2025-01-26_17-05-12/monthly_stats.json
2025-01-26 18:11:42,244 - INFO - Processing page 781
2025-01-26 18:11:47,913 - INFO - Processing page 782
2025-01-26 18:11:52,434 - INFO - Processing page 783
2025-01-26 18:11:56,818 - INFO - Processing page 784
2025-01-26 18:12:02,305 - INFO - Processing page 785
2025-01-26 18:12:04,702 - INFO - Checkpoint - Page: 785, Records: 78500, Last ID: 000046899
2025-01-26 18:12:04,703 - INFO - Saved stats to data/2025-01-26_17-05-12/monthly_stats.json
2025-01-26 18:12:06,705 - INFO - Processing page 786
2025-01-26 18:12:11,814 - INFO - Processing page 787
2025-01-26 18:12:16,705 - INFO - Processing page 788
2025-01-26 18:12:22,942 - INFO - Processing page 789
2025-01-26 18:12:27,974 - INFO - Processing page 790
2025-01-26 18:12:31,116 - INFO - Checkpoint - Page: 790, Records: 79000, Last ID: 000045540
2025-01-26 18:12:31,117 - INFO - Saved stats to data/2025-01-26_17-05-12/monthly_stats.json
2025-01-26 18:12:33,119 - INFO - Processing page 791
2025-01-26 18:12:37,829 - INFO - Processing page 792
2025-01-26 18:12:42,668 - INFO - Processing page 793
2025-01-26 18:12:47,625 - INFO - Processing page 794
2025-01-26 18:12:52,484 - INFO - Processing page 795
2025-01-26 18:12:54,681 - INFO - Checkpoint - Page: 795, Records: 79500, Last ID: 000044176
2025-01-26 18:12:54,681 - INFO - Saved stats to data/2025-01-26_17-05-12/monthly_stats.json
2025-01-26 18:12:56,684 - INFO - Processing page 796
2025-01-26 18:13:05,287 - INFO - Processing page 797
2025-01-26 18:13:10,073 - INFO - Processing page 798
2025-01-26 18:13:17,598 - INFO - Processing page 799
2025-01-26 18:13:24,033 - INFO - Processing page 800
2025-01-26 18:13:29,639 - INFO - Checkpoint - Page: 800, Records: 80000, Last ID: 000043314
2025-01-26 18:13:29,639 - INFO - Saved stats to data/2025-01-26_17-05-12/monthly_stats.json
2025-01-26 18:13:31,641 - INFO - Processing page 801
2025-01-26 18:13:36,645 - INFO - Processing page 802
2025-01-26 18:13:41,549 - INFO - Processing page 803
2025-01-26 18:13:48,110 - INFO - Processing page 804
2025-01-26 18:13:52,740 - INFO - Processing page 805
2025-01-26 18:13:55,797 - INFO - Checkpoint - Page: 805, Records: 80500, Last ID: 000042607
2025-01-26 18:13:55,797 - INFO - Saved stats to data/2025-01-26_17-05-12/monthly_stats.json
2025-01-26 18:13:57,799 - INFO - Processing page 806
2025-01-26 18:14:02,380 - INFO - Processing page 807
2025-01-26 18:14:10,381 - INFO - Processing page 808
2025-01-26 18:14:17,327 - INFO - Processing page 809
2025-01-26 18:14:21,823 - INFO - Processing page 810
2025-01-26 18:14:24,891 - INFO - Checkpoint - Page: 810, Records: 81000, Last ID: 000048634
2025-01-26 18:14:24,892 - INFO - Saved stats to data/2025-01-26_17-05-12/monthly_stats.json
2025-01-26 18:14:26,894 - INFO - Processing page 811
2025-01-26 18:14:31,541 - INFO - Processing page 812
2025-01-26 18:14:38,092 - INFO - Processing page 813
2025-01-26 18:14:42,593 - INFO - Processing page 814
2025-01-26 18:14:48,631 - INFO - Processing page 815
2025-01-26 18:14:51,354 - INFO - Checkpoint - Page: 815, Records: 81500, Last ID: 000039456
2025-01-26 18:14:51,354 - INFO - Saved stats to data/2025-01-26_17-05-12/monthly_stats.json
2025-01-26 18:14:53,356 - INFO - Processing page 816
2025-01-26 18:14:57,457 - INFO - Processing page 817
2025-01-26 18:15:05,173 - INFO - Processing page 818
2025-01-26 18:15:10,071 - INFO - Processing page 819
2025-01-26 18:15:14,846 - INFO - Processing page 820
2025-01-26 18:15:18,991 - INFO - Checkpoint - Page: 820, Records: 82000, Last ID: 000038523
2025-01-26 18:15:18,991 - INFO - Saved stats to data/2025-01-26_17-05-12/monthly_stats.json
2025-01-26 18:15:20,993 - INFO - Processing page 821
2025-01-26 18:15:27,243 - INFO - Processing page 822
2025-01-26 18:15:32,706 - INFO - Processing page 823
2025-01-26 18:15:37,378 - INFO - Processing page 824
2025-01-26 18:15:42,640 - INFO - Processing page 825
2025-01-26 18:15:44,780 - INFO - Checkpoint - Page: 825, Records: 82500, Last ID: 000037715
2025-01-26 18:15:44,781 - INFO - Saved stats to data/2025-01-26_17-05-12/monthly_stats.json
2025-01-26 18:15:46,783 - INFO - Processing page 826
2025-01-26 18:15:51,558 - INFO - Processing page 827
2025-01-26 18:15:55,932 - INFO - Processing page 828
2025-01-26 18:15:59,938 - INFO - Processing page 829
2025-01-26 18:16:05,778 - INFO - Processing page 830
2025-01-26 18:16:10,783 - INFO - Checkpoint - Page: 830, Records: 83000, Last ID: 000036689
2025-01-26 18:16:10,783 - INFO - Saved stats to data/2025-01-26_17-05-12/monthly_stats.json
2025-01-26 18:16:12,786 - INFO - Processing page 831
2025-01-26 18:16:19,212 - INFO - Processing page 832
2025-01-26 18:16:23,659 - INFO - Processing page 833
2025-01-26 18:16:27,831 - INFO - Processing page 834
2025-01-26 18:16:31,968 - INFO - Processing page 835
2025-01-26 18:16:34,846 - INFO - Checkpoint - Page: 835, Records: 83500, Last ID: 000036142
2025-01-26 18:16:34,846 - INFO - Saved stats to data/2025-01-26_17-05-12/monthly_stats.json
2025-01-26 18:16:36,849 - INFO - Processing page 836
2025-01-26 18:16:43,497 - INFO - Processing page 837
2025-01-26 18:16:48,434 - INFO - Processing page 838
2025-01-26 18:16:53,215 - INFO - Processing page 839
2025-01-26 18:16:58,200 - INFO - Processing page 840
2025-01-26 18:17:01,038 - INFO - Checkpoint - Page: 840, Records: 84000, Last ID: 000035541
2025-01-26 18:17:01,038 - INFO - Saved stats to data/2025-01-26_17-05-12/monthly_stats.json
2025-01-26 18:17:03,040 - INFO - Processing page 841
2025-01-26 18:17:08,523 - INFO - Processing page 842
2025-01-26 18:17:14,965 - INFO - Processing page 843
2025-01-26 18:17:19,285 - INFO - Processing page 844
2025-01-26 18:17:23,973 - INFO - Processing page 845
2025-01-26 18:17:29,414 - INFO - Checkpoint - Page: 845, Records: 84500, Last ID: 000035014
2025-01-26 18:17:29,414 - INFO - Saved stats to data/2025-01-26_17-05-12/monthly_stats.json
2025-01-26 18:17:31,416 - INFO - Processing page 846
2025-01-26 18:17:35,773 - INFO - Processing page 847
2025-01-26 18:17:40,528 - INFO - Processing page 848
2025-01-26 18:17:46,127 - INFO - Processing page 849
2025-01-26 18:17:51,902 - INFO - Processing page 850
2025-01-26 18:17:54,146 - INFO - Checkpoint - Page: 850, Records: 85000, Last ID: 000034425
2025-01-26 18:17:54,147 - INFO - Saved stats to data/2025-01-26_17-05-12/monthly_stats.json
2025-01-26 18:17:56,149 - INFO - Processing page 851
2025-01-26 18:18:00,485 - INFO - Processing page 852
2025-01-26 18:18:05,842 - INFO - Processing page 853
2025-01-26 18:18:11,358 - INFO - Processing page 854
2025-01-26 18:18:15,915 - INFO - Processing page 855
2025-01-26 18:18:18,926 - INFO - Checkpoint - Page: 855, Records: 85500, Last ID: 000033682
2025-01-26 18:18:18,926 - INFO - Saved stats to data/2025-01-26_17-05-12/monthly_stats.json
2025-01-26 18:18:20,929 - INFO - Processing page 856
2025-01-26 18:18:26,939 - INFO - Processing page 857
2025-01-26 18:18:31,300 - INFO - Processing page 858
2025-01-26 18:18:35,611 - INFO - Processing page 859
2025-01-26 18:18:39,919 - INFO - Processing page 860
2025-01-26 18:18:42,977 - INFO - Checkpoint - Page: 860, Records: 86000, Last ID: 000032954
2025-01-26 18:18:42,977 - INFO - Saved stats to data/2025-01-26_17-05-12/monthly_stats.json
2025-01-26 18:18:44,979 - INFO - Processing page 861
2025-01-26 18:18:48,903 - INFO - Processing page 862
2025-01-26 18:18:54,079 - INFO - Processing page 863
2025-01-26 18:18:59,036 - INFO - Processing page 864
2025-01-26 18:19:03,774 - INFO - Processing page 865
2025-01-26 18:19:06,153 - INFO - Checkpoint - Page: 865, Records: 86500, Last ID: 000031924
2025-01-26 18:19:06,153 - INFO - Saved stats to data/2025-01-26_17-05-12/monthly_stats.json
2025-01-26 18:19:08,155 - INFO - Processing page 866
2025-01-26 18:19:12,639 - INFO - Processing page 867
2025-01-26 18:19:17,628 - INFO - Processing page 868
2025-01-26 18:19:22,867 - INFO - Processing page 869
2025-01-26 18:19:27,470 - INFO - Processing page 870
2025-01-26 18:19:29,904 - INFO - Checkpoint - Page: 870, Records: 87000, Last ID: 000030768
2025-01-26 18:19:29,904 - INFO - Saved stats to data/2025-01-26_17-05-12/monthly_stats.json
2025-01-26 18:19:31,906 - INFO - Processing page 871
2025-01-26 18:19:36,175 - INFO - Processing page 872
2025-01-26 18:19:41,183 - INFO - Processing page 873
2025-01-26 18:19:46,130 - INFO - Processing page 874
2025-01-26 18:19:51,394 - INFO - Processing page 875
2025-01-26 18:19:53,941 - INFO - Checkpoint - Page: 875, Records: 87500, Last ID: 000030057
2025-01-26 18:19:53,941 - INFO - Saved stats to data/2025-01-26_17-05-12/monthly_stats.json
2025-01-26 18:19:55,943 - INFO - Processing page 876
2025-01-26 18:20:01,265 - INFO - Processing page 877
2025-01-26 18:20:05,794 - INFO - Processing page 878
2025-01-26 18:20:10,200 - INFO - Processing page 879
2025-01-26 18:20:14,759 - INFO - Processing page 880
2025-01-26 18:20:17,970 - INFO - Checkpoint - Page: 880, Records: 88000, Last ID: 000029319
2025-01-26 18:20:17,970 - INFO - Saved stats to data/2025-01-26_17-05-12/monthly_stats.json
2025-01-26 18:20:19,972 - INFO - Processing page 881
2025-01-26 18:20:24,527 - INFO - Processing page 882
2025-01-26 18:20:29,131 - INFO - Processing page 883
2025-01-26 18:20:33,852 - INFO - Processing page 884
2025-01-26 18:20:39,673 - INFO - Processing page 885
2025-01-26 18:20:44,354 - INFO - Checkpoint - Page: 885, Records: 88500, Last ID: 000028585
2025-01-26 18:20:44,354 - INFO - Saved stats to data/2025-01-26_17-05-12/monthly_stats.json
2025-01-26 18:20:46,356 - INFO - Processing page 886
2025-01-26 18:20:50,629 - INFO - Processing page 887
2025-01-26 18:20:55,006 - INFO - Processing page 888
2025-01-26 18:21:00,725 - INFO - Processing page 889
2025-01-26 18:21:05,600 - INFO - Processing page 890
2025-01-26 18:21:08,037 - INFO - Checkpoint - Page: 890, Records: 89000, Last ID: 000027851
2025-01-26 18:21:08,037 - INFO - Saved stats to data/2025-01-26_17-05-12/monthly_stats.json
2025-01-26 18:21:10,040 - INFO - Processing page 891
2025-01-26 18:21:15,204 - INFO - Processing page 892
2025-01-26 18:21:20,218 - INFO - Processing page 893
2025-01-26 18:21:24,528 - INFO - Processing page 894
2025-01-26 18:21:29,221 - INFO - Processing page 895
2025-01-26 18:21:33,019 - INFO - Checkpoint - Page: 895, Records: 89500, Last ID: 000027019
2025-01-26 18:21:33,019 - INFO - Saved stats to data/2025-01-26_17-05-12/monthly_stats.json
2025-01-26 18:21:35,021 - INFO - Processing page 896
2025-01-26 18:21:39,562 - INFO - Processing page 897
2025-01-26 18:21:44,184 - INFO - Processing page 898
2025-01-26 18:21:49,048 - INFO - Processing page 899
2025-01-26 18:21:53,438 - INFO - Processing page 900
2025-01-26 18:21:55,819 - INFO - Checkpoint - Page: 900, Records: 90000, Last ID: 000026212
2025-01-26 18:21:55,819 - INFO - Saved stats to data/2025-01-26_17-05-12/monthly_stats.json
2025-01-26 18:21:57,821 - INFO - Processing page 901
2025-01-26 18:22:03,395 - INFO - Processing page 902
2025-01-26 18:22:07,639 - INFO - Processing page 903
2025-01-26 18:22:12,409 - INFO - Processing page 904
2025-01-26 18:22:17,581 - INFO - Processing page 905
2025-01-26 18:22:20,741 - INFO - Checkpoint - Page: 905, Records: 90500, Last ID: 000025093
2025-01-26 18:22:20,741 - INFO - Saved stats to data/2025-01-26_17-05-12/monthly_stats.json
2025-01-26 18:22:22,743 - INFO - Processing page 906
2025-01-26 18:22:27,036 - INFO - Processing page 907
2025-01-26 18:22:31,479 - INFO - Processing page 908
2025-01-26 18:22:35,839 - INFO - Processing page 909
2025-01-26 18:22:40,306 - INFO - Processing page 910
2025-01-26 18:22:42,610 - INFO - Checkpoint - Page: 910, Records: 91000, Last ID: 000024397
2025-01-26 18:22:42,611 - INFO - Saved stats to data/2025-01-26_17-05-12/monthly_stats.json
2025-01-26 18:22:44,613 - INFO - Processing page 911
2025-01-26 18:22:49,958 - INFO - Processing page 912
2025-01-26 18:22:55,267 - INFO - Processing page 913
2025-01-26 18:23:02,153 - INFO - Processing page 914
2025-01-26 18:23:06,591 - INFO - Processing page 915
2025-01-26 18:23:09,450 - INFO - Checkpoint - Page: 915, Records: 91500, Last ID: 000023482
2025-01-26 18:23:09,451 - INFO - Saved stats to data/2025-01-26_17-05-12/monthly_stats.json
2025-01-26 18:23:11,453 - INFO - Processing page 916
2025-01-26 18:23:16,265 - INFO - Processing page 917
2025-01-26 18:23:20,559 - INFO - Processing page 918
2025-01-26 18:23:25,446 - INFO - Processing page 919
2025-01-26 18:23:30,325 - INFO - Processing page 920
2025-01-26 18:23:34,491 - INFO - Checkpoint - Page: 920, Records: 92000, Last ID: 000022189
2025-01-26 18:23:34,491 - INFO - Saved stats to data/2025-01-26_17-05-12/monthly_stats.json
2025-01-26 18:23:36,494 - INFO - Processing page 921
2025-01-26 18:23:41,112 - INFO - Processing page 922
2025-01-26 18:23:45,483 - INFO - Processing page 923
2025-01-26 18:23:50,234 - INFO - Processing page 924
2025-01-26 18:23:54,622 - INFO - Processing page 925
2025-01-26 18:23:57,115 - INFO - Checkpoint - Page: 925, Records: 92500, Last ID: 000021232
2025-01-26 18:23:57,115 - INFO - Saved stats to data/2025-01-26_17-05-12/monthly_stats.json
2025-01-26 18:23:59,117 - INFO - Processing page 926
2025-01-26 18:24:03,736 - INFO - Processing page 927
2025-01-26 18:24:07,772 - INFO - Processing page 928
2025-01-26 18:24:12,321 - INFO - Processing page 929
2025-01-26 18:24:16,683 - INFO - Processing page 930
2025-01-26 18:24:20,353 - INFO - Checkpoint - Page: 930, Records: 93000, Last ID: 000020131
2025-01-26 18:24:20,354 - INFO - Saved stats to data/2025-01-26_17-05-12/monthly_stats.json
2025-01-26 18:24:22,356 - INFO - Processing page 931
2025-01-26 18:24:27,165 - INFO - Processing page 932
2025-01-26 18:24:32,661 - INFO - Processing page 933
2025-01-26 18:24:37,631 - INFO - Processing page 934
2025-01-26 18:24:42,672 - INFO - Processing page 935
2025-01-26 18:24:45,491 - INFO - Checkpoint - Page: 935, Records: 93500, Last ID: 000019471
2025-01-26 18:24:45,492 - INFO - Saved stats to data/2025-01-26_17-05-12/monthly_stats.json
2025-01-26 18:24:47,494 - INFO - Processing page 936
2025-01-26 18:24:53,967 - INFO - Processing page 937
2025-01-26 18:24:58,306 - INFO - Processing page 938
2025-01-26 18:25:02,434 - INFO - Processing page 939
2025-01-26 18:25:08,591 - INFO - Processing page 940
2025-01-26 18:25:11,007 - INFO - Checkpoint - Page: 940, Records: 94000, Last ID: 000018732
2025-01-26 18:25:11,007 - INFO - Saved stats to data/2025-01-26_17-05-12/monthly_stats.json
2025-01-26 18:25:13,009 - INFO - Processing page 941
2025-01-26 18:25:17,993 - INFO - Processing page 942
2025-01-26 18:25:22,827 - INFO - Processing page 943
2025-01-26 18:25:27,430 - INFO - Processing page 944
2025-01-26 18:25:32,225 - INFO - Processing page 945
2025-01-26 18:25:34,836 - INFO - Checkpoint - Page: 945, Records: 94500, Last ID: 000018072
2025-01-26 18:25:34,836 - INFO - Saved stats to data/2025-01-26_17-05-12/monthly_stats.json
2025-01-26 18:25:36,838 - INFO - Processing page 946
2025-01-26 18:25:44,648 - INFO - Processing page 947
2025-01-26 18:25:52,145 - INFO - Processing page 948
2025-01-26 18:25:56,614 - INFO - Processing page 949
2025-01-26 18:26:01,073 - INFO - Processing page 950
2025-01-26 18:26:04,329 - INFO - Checkpoint - Page: 950, Records: 95000, Last ID: 000016910
2025-01-26 18:26:04,329 - INFO - Saved stats to data/2025-01-26_17-05-12/monthly_stats.json
2025-01-26 18:26:06,331 - INFO - Processing page 951
2025-01-26 18:26:11,242 - INFO - Processing page 952
2025-01-26 18:26:16,599 - INFO - Processing page 953
2025-01-26 18:26:22,476 - INFO - Processing page 954
2025-01-26 18:26:28,364 - INFO - Processing page 955
2025-01-26 18:26:30,737 - INFO - Checkpoint - Page: 955, Records: 95500, Last ID: 000020026
2025-01-26 18:26:30,737 - INFO - Saved stats to data/2025-01-26_17-05-12/monthly_stats.json
2025-01-26 18:26:32,738 - INFO - Processing page 956
2025-01-26 18:26:37,387 - INFO - Processing page 957
2025-01-26 18:26:45,130 - INFO - Processing page 958
2025-01-26 18:26:50,103 - INFO - Processing page 959
2025-01-26 18:26:59,248 - INFO - Processing page 960
2025-01-26 18:27:01,735 - INFO - Checkpoint - Page: 960, Records: 96000, Last ID: 000032786
2025-01-26 18:27:01,735 - INFO - Saved stats to data/2025-01-26_17-05-12/monthly_stats.json
2025-01-26 18:27:03,737 - INFO - Processing page 961
2025-01-26 18:27:08,350 - INFO - Processing page 962
2025-01-26 18:27:14,756 - INFO - Processing page 963
2025-01-26 18:27:19,373 - INFO - Processing page 964
2025-01-26 18:27:24,221 - INFO - Processing page 965
2025-01-26 18:27:27,646 - INFO - Checkpoint - Page: 965, Records: 96500, Last ID: 000014825
2025-01-26 18:27:27,646 - INFO - Saved stats to data/2025-01-26_17-05-12/monthly_stats.json
2025-01-26 18:27:29,648 - INFO - Processing page 966
2025-01-26 18:27:34,214 - INFO - Processing page 967
2025-01-26 18:27:39,841 - INFO - Processing page 968
2025-01-26 18:27:44,378 - INFO - Processing page 969
2025-01-26 18:27:50,148 - INFO - Processing page 970
2025-01-26 18:27:52,554 - INFO - Checkpoint - Page: 970, Records: 97000, Last ID: 000025969
2025-01-26 18:27:52,554 - INFO - Saved stats to data/2025-01-26_17-05-12/monthly_stats.json
2025-01-26 18:27:54,557 - INFO - Processing page 971
2025-01-26 18:27:59,551 - INFO - Processing page 972
2025-01-26 18:28:06,475 - INFO - Processing page 973
2025-01-26 18:28:12,358 - INFO - Processing page 974
2025-01-26 18:28:17,160 - INFO - Processing page 975
2025-01-26 18:28:19,627 - INFO - Checkpoint - Page: 975, Records: 97500, Last ID: 000013033
2025-01-26 18:28:19,627 - INFO - Saved stats to data/2025-01-26_17-05-12/monthly_stats.json
2025-01-26 18:28:21,630 - INFO - Processing page 976
2025-01-26 18:28:26,743 - INFO - Processing page 977
2025-01-26 18:28:31,315 - INFO - Processing page 978
2025-01-26 18:28:37,661 - INFO - Processing page 979
2025-01-26 18:28:43,525 - INFO - Processing page 980
2025-01-26 18:28:46,373 - INFO - Checkpoint - Page: 980, Records: 98000, Last ID: 000034836
2025-01-26 18:28:46,374 - INFO - Saved stats to data/2025-01-26_17-05-12/monthly_stats.json
2025-01-26 18:28:48,376 - INFO - Processing page 981
2025-01-26 18:28:52,878 - INFO - Processing page 982
2025-01-26 18:28:58,611 - INFO - Processing page 983
2025-01-26 18:29:03,072 - INFO - Processing page 984
2025-01-26 18:29:08,328 - INFO - Processing page 985
2025-01-26 18:29:11,132 - INFO - Checkpoint - Page: 985, Records: 98500, Last ID: 000009434
2025-01-26 18:29:11,133 - INFO - Saved stats to data/2025-01-26_17-05-12/monthly_stats.json
2025-01-26 18:29:13,135 - INFO - Processing page 986
2025-01-26 18:29:17,827 - INFO - Processing page 987
2025-01-26 18:29:22,123 - INFO - Processing page 988
2025-01-26 18:29:26,716 - INFO - Processing page 989
2025-01-26 18:29:33,766 - INFO - Processing page 990
2025-01-26 18:29:36,250 - INFO - Checkpoint - Page: 990, Records: 99000, Last ID: 000007361
2025-01-26 18:29:36,250 - INFO - Saved stats to data/2025-01-26_17-05-12/monthly_stats.json
2025-01-26 18:29:38,253 - INFO - Processing page 991
2025-01-26 18:29:42,739 - INFO - Processing page 992
2025-01-26 18:29:47,599 - INFO - Processing page 993
2025-01-26 18:29:52,614 - INFO - Processing page 994
2025-01-26 18:29:58,099 - INFO - Processing page 995
2025-01-26 18:30:01,154 - INFO - Checkpoint - Page: 995, Records: 99500, Last ID: 000006408
2025-01-26 18:30:01,154 - INFO - Saved stats to data/2025-01-26_17-05-12/monthly_stats.json
2025-01-26 18:30:03,157 - INFO - Processing page 996
2025-01-26 18:30:09,164 - INFO - Processing page 997
2025-01-26 18:30:15,136 - INFO - Processing page 998
2025-01-26 18:30:20,512 - INFO - Processing page 999
2025-01-26 18:30:25,195 - INFO - Processing page 1000
2025-01-26 18:30:27,557 - INFO - Checkpoint - Page: 1000, Records: 100000, Last ID: 000084331
2025-01-26 18:30:27,557 - INFO - Saved stats to data/2025-01-26_17-05-12/monthly_stats.json
2025-01-26 18:30:29,560 - INFO - Processing page 1001
2025-01-26 18:30:33,505 - INFO - Processing page 1002
2025-01-26 18:30:40,025 - INFO - Processing page 1003
2025-01-26 18:30:46,490 - INFO - Processing page 1004
2025-01-26 18:30:51,125 - INFO - Processing page 1005
2025-01-26 18:30:54,026 - INFO - Checkpoint - Page: 1005, Records: 100500, Last ID: 000004713
2025-01-26 18:30:54,026 - INFO - Saved stats to data/2025-01-26_17-05-12/monthly_stats.json
2025-01-26 18:30:56,028 - INFO - Processing page 1006
2025-01-26 18:31:00,519 - INFO - Processing page 1007
2025-01-26 18:31:06,227 - INFO - Processing page 1008
2025-01-26 18:31:11,009 - INFO - Processing page 1009
2025-01-26 18:31:16,655 - INFO - Processing page 1010
2025-01-26 18:31:21,082 - INFO - Checkpoint - Page: 1010, Records: 101000, Last ID: 000004152
2025-01-26 18:31:21,082 - INFO - Saved stats to data/2025-01-26_17-05-12/monthly_stats.json
2025-01-26 18:31:23,085 - INFO - Processing page 1011
2025-01-26 18:31:28,074 - INFO - Processing page 1012
2025-01-26 18:31:32,312 - INFO - Processing page 1013
2025-01-26 18:31:39,289 - INFO - Processing page 1014
2025-01-26 18:31:44,240 - INFO - Processing page 1015
2025-01-26 18:31:47,717 - INFO - Checkpoint - Page: 1015, Records: 101500, Last ID: 000003612
2025-01-26 18:31:47,717 - INFO - Saved stats to data/2025-01-26_17-05-12/monthly_stats.json
2025-01-26 18:31:49,720 - INFO - Processing page 1016
2025-01-26 18:31:55,226 - INFO - Processing page 1017
2025-01-26 18:32:02,013 - INFO - Processing page 1018
2025-01-26 18:32:06,581 - INFO - Processing page 1019
2025-01-26 18:32:10,932 - INFO - Processing page 1020
2025-01-26 18:32:15,011 - INFO - Checkpoint - Page: 1020, Records: 102000, Last ID: 000003064
2025-01-26 18:32:15,012 - INFO - Saved stats to data/2025-01-26_17-05-12/monthly_stats.json
2025-01-26 18:32:17,014 - INFO - Processing page 1021
2025-01-26 18:32:22,147 - INFO - Processing page 1022
2025-01-26 18:32:27,477 - INFO - Processing page 1023
2025-01-26 18:32:34,602 - INFO - Processing page 1024
2025-01-26 18:32:38,811 - INFO - Processing page 1025
2025-01-26 18:32:41,385 - INFO - Checkpoint - Page: 1025, Records: 102500, Last ID: 000002341
2025-01-26 18:32:41,385 - INFO - Saved stats to data/2025-01-26_17-05-12/monthly_stats.json
2025-01-26 18:32:43,388 - INFO - Processing page 1026
2025-01-26 18:32:48,799 - INFO - Processing page 1027
2025-01-26 18:32:53,648 - INFO - Processing page 1028
2025-01-26 18:32:58,802 - INFO - Processing page 1029
2025-01-26 18:33:05,055 - INFO - Processing page 1030
2025-01-26 18:33:07,299 - INFO - Checkpoint - Page: 1030, Records: 103000, Last ID: 000001638
2025-01-26 18:33:07,300 - INFO - Saved stats to data/2025-01-26_17-05-12/monthly_stats.json
2025-01-26 18:33:09,302 - INFO - Processing page 1031
2025-01-26 18:33:14,100 - INFO - Processing page 1032
2025-01-26 18:33:18,344 - INFO - Processing page 1033
2025-01-26 18:33:22,525 - INFO - Processing page 1034
2025-01-26 18:33:28,197 - INFO - Processing page 1035
2025-01-26 18:33:30,608 - INFO - Checkpoint - Page: 1035, Records: 103500, Last ID: 000001103
2025-01-26 18:33:30,608 - INFO - Saved stats to data/2025-01-26_17-05-12/monthly_stats.json
2025-01-26 18:33:32,610 - INFO - Processing page 1036
2025-01-26 18:33:38,202 - INFO - Processing page 1037
2025-01-26 18:33:47,488 - INFO - Processing page 1038
2025-01-26 18:33:52,924 - INFO - Processing page 1039
2025-01-26 18:33:57,210 - INFO - Processing page 1040
2025-01-26 18:34:03,181 - INFO - Checkpoint - Page: 1040, Records: 104000, Last ID: 000000421
2025-01-26 18:34:03,181 - INFO - Saved stats to data/2025-01-26_17-05-12/monthly_stats.json
2025-01-26 18:34:05,183 - INFO - Processing page 1041
2025-01-26 18:34:11,144 - INFO - Processing page 1042
2025-01-26 18:34:15,353 - INFO - Processing page 1043
2025-01-26 18:34:21,180 - INFO - Processing page 1044
2025-01-26 18:34:28,957 - INFO - Processing page 1045
2025-01-26 18:34:30,511 - INFO - Analysis complete:
2025-01-26 18:34:30,511 - INFO - - Existing records: 0
2025-01-26 18:34:30,511 - INFO - - New records: 104398
2025-01-26 18:34:30,511 - INFO - - Modified records: 0
2025-01-26 18:34:30,511 - INFO - - Removed records: 0
2025-01-26 18:34:30,547 - INFO - Validation passed - saving new dataset
2025-01-26 18:34:32,116 - INFO - Collection complete. Total records: 104398
2025-01-26 18:34:32,116 - INFO - Modified records: 0
