2025-03-31 01:40:02,646 - Data directory: data/2025-03-31_01-40-00
2025-03-31 01:40:02,646 - Output directory: data/2025-03-31_01-40-00
2025-03-31 01:40:02,646 - Using data directory: data/2025-03-31_01-40-00
2025-03-31 01:40:02,647 - Looking for previous data in: data
2025-03-31 01:40:02,647 - Loading previous data from: data/2025-03-30_01-41-13/morphosource_data_complete.json
2025-03-31 01:40:03,029 - Loaded 105891 records from previous data file
2025-03-31 01:40:03,029 - Latest stored record ID: 000724712
2025-03-31 01:40:03,029 - Previous record count: 105891
2025-03-31 01:40:03,029 - Fetching page 1
2025-03-31 01:40:22,778 - Found record 000724751 - Total records: 1
2025-03-31 01:40:22,779 - Found record 000724745 - Total records: 2
2025-03-31 01:40:22,779 - Found record 000724739 - Total records: 3
2025-03-31 01:40:22,779 - Found record 000724727 - Total records: 4
2025-03-31 01:40:22,780 - Found record 000724712 - Total records: 5
2025-03-31 01:40:22,780 - Found latest stored record 000724712 - stopping fetch
2025-03-31 01:40:22,780 - Completed fetch - Found 5 new records
2025-03-31 01:40:22,780 - Latest webpage record ID: 000724751
2025-03-31 01:40:22,780 - New records available - latest records differ
2025-03-31 01:40:22,892 - New records: 5
2025-03-31 01:40:22,892 - Previous records: 105891
2025-03-31 01:40:22,892 - Combined records: 105895
2025-03-31 01:40:24,395 - Saved 105895 records to: data/2025-03-31_01-40-00/morphosource_data_complete.json
2025-03-31 01:40:24,395 - Created detailed release notes at: data/2025-03-31_01-40-00/release_notes.txt
