2025-02-09 01:24:31,577 - Data directory: data/2025-02-09_01-24-31
2025-02-09 01:24:31,577 - Output directory: data/2025-02-09_01-24-31
2025-02-09 01:24:31,578 - Using data directory: data/2025-02-09_01-24-31
2025-02-09 01:24:31,578 - Looking for previous data in: data
2025-02-09 01:24:31,578 - Loading previous data from: data/2025-02-08_01-18-24/morphosource_data_complete.json
2025-02-09 01:24:31,959 - Loaded 104817 records from previous data file
2025-02-09 01:24:31,960 - Latest stored record ID: 000707996
2025-02-09 01:24:31,960 - Previous record count: 104817
2025-02-09 01:24:31,960 - Fetching page 1
2025-02-09 01:24:34,279 - Found record 000708053 - Total records: 1
2025-02-09 01:24:34,280 - Found record 000707996 - Total records: 2
2025-02-09 01:24:34,280 - Found latest stored record 000707996 - stopping fetch
2025-02-09 01:24:34,280 - Completed fetch - Found 2 new records
2025-02-09 01:24:34,280 - Latest webpage record ID: 000708053
2025-02-09 01:24:34,280 - New records available - latest records differ
2025-02-09 01:24:34,364 - New records: 2
2025-02-09 01:24:34,364 - Previous records: 104817
2025-02-09 01:24:34,365 - Combined records: 104818
2025-02-09 01:24:35,909 - Saved 104818 records to: data/2025-02-09_01-24-31/morphosource_data_complete.json
2025-02-09 01:24:35,909 - Created detailed release notes at: data/2025-02-09_01-24-31/release_notes.txt
