2025-02-07 01:20:44,245 - Data directory: data/2025-02-07_01-20-44
2025-02-07 01:20:44,245 - Output directory: data/2025-02-07_01-20-44
2025-02-07 01:20:44,246 - Using data directory: data/2025-02-07_01-20-44
2025-02-07 01:20:44,246 - Looking for previous data in: data
2025-02-07 01:20:44,246 - Loading previous data from: data/2025-02-06_01-20-52/morphosource_data_complete.json
2025-02-07 01:20:44,630 - Loaded 104713 records from previous data file
2025-02-07 01:20:44,630 - Latest stored record ID: 000707436
2025-02-07 01:20:44,630 - Previous record count: 104713
2025-02-07 01:20:44,630 - Fetching page 1
2025-02-07 01:20:49,218 - Found record 000707576 - Total records: 1
2025-02-07 01:20:49,218 - Found record 000707572 - Total records: 2
2025-02-07 01:20:49,218 - Found record 000707565 - Total records: 3
2025-02-07 01:20:49,219 - Found record 000707561 - Total records: 4
2025-02-07 01:20:49,219 - Found record 000707557 - Total records: 5
2025-02-07 01:20:49,219 - Found record 000707553 - Total records: 6
2025-02-07 01:20:49,220 - Found record 000707549 - Total records: 7
2025-02-07 01:20:49,220 - Found record 000707514 - Total records: 8
2025-02-07 01:20:49,220 - Found record 000707484 - Total records: 9
2025-02-07 01:20:49,221 - Found record 000707436 - Total records: 10
2025-02-07 01:20:49,221 - Found latest stored record 000707436 - stopping fetch
2025-02-07 01:20:49,221 - Completed fetch - Found 10 new records
2025-02-07 01:20:49,221 - Latest webpage record ID: 000707576
2025-02-07 01:20:49,221 - New records available - latest records differ
2025-02-07 01:20:49,350 - New records: 10
2025-02-07 01:20:49,350 - Previous records: 104713
2025-02-07 01:20:49,350 - Combined records: 104722
2025-02-07 01:20:50,852 - Saved 104722 records to: data/2025-02-07_01-20-44/morphosource_data_complete.json
2025-02-07 01:20:50,853 - Created detailed release notes at: data/2025-02-07_01-20-44/release_notes.txt
