2025-05-02 01:39:55,254 - Data directory: data/2025-05-02_01-39-53
2025-05-02 01:39:55,254 - Output directory: data/2025-05-02_01-39-53
2025-05-02 01:39:55,254 - Using data directory: data/2025-05-02_01-39-53
2025-05-02 01:39:55,254 - Looking for previous data in: data
2025-05-02 01:39:55,255 - Loading previous data from: data/2025-05-01_01-47-33/morphosource_data_complete.json
2025-05-02 01:39:55,258 - Loaded 780 records from previous data file
2025-05-02 01:39:55,258 - Latest stored record ID: 000737404
2025-05-02 01:39:55,258 - Previous record count: 780
2025-05-02 01:39:55,258 - Fetching page 1
2025-05-02 01:40:04,401 - Found record 000738389 - Total records: 1
2025-05-02 01:40:04,402 - Found record 000738387 - Total records: 2
2025-05-02 01:40:04,402 - Found record 000738339 - Total records: 3
2025-05-02 01:40:04,402 - Found record 000737404 - Total records: 4
2025-05-02 01:40:04,402 - Found latest stored record 000737404 - stopping fetch
2025-05-02 01:40:04,402 - Completed fetch - Found 4 new records
2025-05-02 01:40:04,403 - Latest webpage record ID: 000738389
2025-05-02 01:40:04,403 - New records available - latest records differ
2025-05-02 01:40:04,404 - New records: 4
2025-05-02 01:40:04,404 - Previous records: 780
2025-05-02 01:40:04,404 - Combined records: 783
2025-05-02 01:40:04,415 - Saved 783 records to: data/2025-05-02_01-39-53/morphosource_data_complete.json
2025-05-02 01:40:04,415 - Created detailed release notes at: data/2025-05-02_01-39-53/release_notes.txt
