2026-07-13 00:42:17,746 - Data directory: data/2026-07-13_00-42-15
2026-07-13 00:42:17,747 - Output directory: data/2026-07-13_00-42-15
2026-07-13 00:42:17,747 - Fetch all mode: True
2026-07-13 00:42:17,747 - Using data directory: data/2026-07-13_00-42-15
2026-07-13 00:42:17,747 - Looking for previous data in: data
2026-07-13 00:42:17,755 - Loading previous data from: data/2025-10-06_01-28-33/morphosource_data_complete.json
2026-07-13 00:42:18,164 - Loaded 108782 records from previous data file
2026-07-13 00:42:18,164 - Latest stored record ID: 000781814
2026-07-13 00:42:18,164 - Previous record count: 108782
2026-07-13 00:42:18,164 - === FULL FETCH MODE: Collecting all records from all pages ===
2026-07-13 00:42:18,164 - Fetching page 1 via API
2026-07-13 00:42:18,501 - API error on page 1: Network error: Expecting value: line 1 column 1 (char 0) (error 1/5)
2026-07-13 00:42:23,506 - Fetching page 1 via API
2026-07-13 00:42:23,541 - API error on page 1: Network error: Expecting value: line 1 column 1 (char 0) (error 2/5)
2026-07-13 00:42:28,547 - Fetching page 1 via API
2026-07-13 00:42:28,580 - API error on page 1: Network error: Expecting value: line 1 column 1 (char 0) (error 3/5)
2026-07-13 00:42:33,584 - Fetching page 1 via API
2026-07-13 00:42:33,617 - API error on page 1: Network error: Expecting value: line 1 column 1 (char 0) (error 4/5)
2026-07-13 00:42:38,622 - Fetching page 1 via API
2026-07-13 00:42:38,657 - API error on page 1: Network error: Expecting value: line 1 column 1 (char 0) (error 5/5)
2026-07-13 00:42:38,657 - Error getting records: Network error: Expecting value: line 1 column 1 (char 0)
2026-07-13 00:42:38,657 - Error in daily check: Network error: Expecting value: line 1 column 1 (char 0)
