2025-09-17 01:26:09,251 - Data directory: data/2025-09-17_01-26-04
2025-09-17 01:26:09,251 - Output directory: data/2025-09-17_01-26-04
2025-09-17 01:26:09,251 - Using data directory: data/2025-09-17_01-26-04
2025-09-17 01:26:09,252 - Looking for previous data in: data
2025-09-17 01:26:09,256 - Loading previous data from: data/2025-09-16_01-25-46/morphosource_data_complete.json
2025-09-17 01:26:09,717 - Loaded 108658 records from previous data file
2025-09-17 01:26:09,718 - Latest stored record ID: 000779414
2025-09-17 01:26:09,718 - Previous record count: 108658
2025-09-17 01:26:09,718 - Fetching page 1
2025-09-17 01:26:12,229 - Found record 000779619 - Total records: 1
2025-09-17 01:26:12,229 - Found record 000779414 - Total records: 2
2025-09-17 01:26:12,229 - Found latest stored record 000779414 - stopping fetch
2025-09-17 01:26:12,229 - Completed fetch - Found 2 new records
2025-09-17 01:26:12,230 - Latest webpage record ID: 000779619
2025-09-17 01:26:12,231 - New records available - latest records differ
2025-09-17 01:26:12,322 - New records: 2
2025-09-17 01:26:12,322 - Previous records: 108658
2025-09-17 01:26:12,322 - Combined records: 108659
2025-09-17 01:26:13,906 - Saved 108659 records to: data/2025-09-17_01-26-04/morphosource_data_complete.json
2025-09-17 01:26:13,906 - Created detailed release notes at: data/2025-09-17_01-26-04/release_notes.txt
