2025-05-29 01:42:47,983 - Data directory: data/2025-05-29_01-42-46
2025-05-29 01:42:47,983 - Output directory: data/2025-05-29_01-42-46
2025-05-29 01:42:47,983 - Using data directory: data/2025-05-29_01-42-46
2025-05-29 01:42:47,984 - Looking for previous data in: data
2025-05-29 01:42:47,985 - Loading previous data from: data/2025-05-28_01-43-01/morphosource_data_complete.json
2025-05-29 01:42:47,989 - Loaded 1039 records from previous data file
2025-05-29 01:42:47,989 - Latest stored record ID: 000745782
2025-05-29 01:42:47,989 - Previous record count: 1039
2025-05-29 01:42:47,989 - Fetching page 1
2025-05-29 01:42:52,510 - Found record 000746260 - Total records: 1
2025-05-29 01:42:52,510 - Found record 000745782 - Total records: 2
2025-05-29 01:42:52,510 - Found latest stored record 000745782 - stopping fetch
2025-05-29 01:42:52,510 - Completed fetch - Found 2 new records
2025-05-29 01:42:52,511 - Latest webpage record ID: 000746260
2025-05-29 01:42:52,511 - New records available - latest records differ
2025-05-29 01:42:52,512 - New records: 2
2025-05-29 01:42:52,512 - Previous records: 1039
2025-05-29 01:42:52,512 - Combined records: 1040
2025-05-29 01:42:52,527 - Saved 1040 records to: data/2025-05-29_01-42-46/morphosource_data_complete.json
2025-05-29 01:42:52,527 - Created detailed release notes at: data/2025-05-29_01-42-46/release_notes.txt
