2026-04-18 00:39:09,914 - Data directory: data/2026-04-18_00-39-07
2026-04-18 00:39:09,914 - Output directory: data/2026-04-18_00-39-07
2026-04-18 00:39:09,914 - Fetch all mode: True
2026-04-18 00:39:09,914 - Using data directory: data/2026-04-18_00-39-07
2026-04-18 00:39:09,914 - Looking for previous data in: data
2026-04-18 00:39:09,920 - Loading previous data from: data/2025-10-06_01-28-33/morphosource_data_complete.json
2026-04-18 00:39:10,333 - Loaded 108782 records from previous data file
2026-04-18 00:39:10,333 - Latest stored record ID: 000781814
2026-04-18 00:39:10,333 - Previous record count: 108782
2026-04-18 00:39:10,333 - === FULL FETCH MODE: Collecting all records from all pages ===
2026-04-18 00:39:10,333 - Fetching page 1 via API
2026-04-18 00:39:20,649 - Retrying (Retry(total=2, connect=None, read=None, redirect=None, status=None)) after connection broken by 'ConnectTimeoutError(<HTTPSConnection(host='www.morphosource.org', port=443) at 0x7f484d43d930>, 'Connection to www.morphosource.org timed out. (connect timeout=10)')': /catalog.json?q=X-Ray+Computed+Tomography&search_field=all_fields&sort=system_create_dtsi+desc&page=1&per_page=100
2026-04-18 00:39:40,850 - Retrying (Retry(total=1, connect=None, read=None, redirect=None, status=None)) after connection broken by 'ConnectTimeoutError(<HTTPSConnection(host='www.morphosource.org', port=443) at 0x7f484d43db40>, 'Connection to www.morphosource.org timed out. (connect timeout=10)')': /catalog.json?q=X-Ray+Computed+Tomography&search_field=all_fields&sort=system_create_dtsi+desc&page=1&per_page=100
2026-04-18 00:40:11,026 - Retrying (Retry(total=0, connect=None, read=None, redirect=None, status=None)) after connection broken by 'ConnectTimeoutError(<HTTPSConnection(host='www.morphosource.org', port=443) at 0x7f484d43dcf0>, 'Connection to www.morphosource.org timed out. (connect timeout=10)')': /catalog.json?q=X-Ray+Computed+Tomography&search_field=all_fields&sort=system_create_dtsi+desc&page=1&per_page=100
2026-04-18 00:40:21,039 - API error on page 1: Network error: HTTPSConnectionPool(host='www.morphosource.org', port=443): Max retries exceeded with url: /catalog.json?q=X-Ray+Computed+Tomography&search_field=all_fields&sort=system_create_dtsi+desc&page=1&per_page=100 (Caused by ConnectTimeoutError(<HTTPSConnection(host='www.morphosource.org', port=443) at 0x7f484d43dea0>, 'Connection to www.morphosource.org timed out. (connect timeout=10)')) (error 1/5)
2026-04-18 00:40:26,042 - Fetching page 1 via API
2026-04-18 00:40:36,388 - Retrying (Retry(total=2, connect=None, read=None, redirect=None, status=None)) after connection broken by 'ConnectTimeoutError(<HTTPSConnection(host='www.morphosource.org', port=443) at 0x7f484d43e2c0>, 'Connection to www.morphosource.org timed out. (connect timeout=10)')': /catalog.json?q=X-Ray+Computed+Tomography&search_field=all_fields&sort=system_create_dtsi+desc&page=1&per_page=100
2026-04-18 00:40:56,557 - Retrying (Retry(total=1, connect=None, read=None, redirect=None, status=None)) after connection broken by 'ConnectTimeoutError(<HTTPSConnection(host='www.morphosource.org', port=443) at 0x7f484d43e3b0>, 'Connection to www.morphosource.org timed out. (connect timeout=10)')': /catalog.json?q=X-Ray+Computed+Tomography&search_field=all_fields&sort=system_create_dtsi+desc&page=1&per_page=100
2026-04-18 00:41:26,743 - Retrying (Retry(total=0, connect=None, read=None, redirect=None, status=None)) after connection broken by 'ConnectTimeoutError(<HTTPSConnection(host='www.morphosource.org', port=443) at 0x7f484d43e560>, 'Connection to www.morphosource.org timed out. (connect timeout=10)')': /catalog.json?q=X-Ray+Computed+Tomography&search_field=all_fields&sort=system_create_dtsi+desc&page=1&per_page=100
2026-04-18 00:41:36,839 - API error on page 1: Network error: HTTPSConnectionPool(host='www.morphosource.org', port=443): Max retries exceeded with url: /catalog.json?q=X-Ray+Computed+Tomography&search_field=all_fields&sort=system_create_dtsi+desc&page=1&per_page=100 (Caused by ConnectTimeoutError(<HTTPSConnection(host='www.morphosource.org', port=443) at 0x7f484d43e710>, 'Connection to www.morphosource.org timed out. (connect timeout=10)')) (error 2/5)
2026-04-18 00:41:41,845 - Fetching page 1 via API
2026-04-18 00:41:51,858 - Retrying (Retry(total=2, connect=None, read=None, redirect=None, status=None)) after connection broken by 'ConnectTimeoutError(<HTTPSConnection(host='www.morphosource.org', port=443) at 0x7f484d43eb30>, 'Connection to www.morphosource.org timed out. (connect timeout=10)')': /catalog.json?q=X-Ray+Computed+Tomography&search_field=all_fields&sort=system_create_dtsi+desc&page=1&per_page=100
2026-04-18 00:42:11,882 - Retrying (Retry(total=1, connect=None, read=None, redirect=None, status=None)) after connection broken by 'ConnectTimeoutError(<HTTPSConnection(host='www.morphosource.org', port=443) at 0x7f484d43ec20>, 'Connection to www.morphosource.org timed out. (connect timeout=10)')': /catalog.json?q=X-Ray+Computed+Tomography&search_field=all_fields&sort=system_create_dtsi+desc&page=1&per_page=100
2026-04-18 00:42:42,068 - Retrying (Retry(total=0, connect=None, read=None, redirect=None, status=None)) after connection broken by 'ConnectTimeoutError(<HTTPSConnection(host='www.morphosource.org', port=443) at 0x7f484d43edd0>, 'Connection to www.morphosource.org timed out. (connect timeout=10)')': /catalog.json?q=X-Ray+Computed+Tomography&search_field=all_fields&sort=system_create_dtsi+desc&page=1&per_page=100
2026-04-18 00:42:52,081 - API error on page 1: Network error: HTTPSConnectionPool(host='www.morphosource.org', port=443): Max retries exceeded with url: /catalog.json?q=X-Ray+Computed+Tomography&search_field=all_fields&sort=system_create_dtsi+desc&page=1&per_page=100 (Caused by ConnectTimeoutError(<HTTPSConnection(host='www.morphosource.org', port=443) at 0x7f484d43ef80>, 'Connection to www.morphosource.org timed out. (connect timeout=10)')) (error 3/5)
2026-04-18 00:42:57,087 - Fetching page 1 via API
2026-04-18 00:43:07,101 - Retrying (Retry(total=2, connect=None, read=None, redirect=None, status=None)) after connection broken by 'ConnectTimeoutError(<HTTPSConnection(host='www.morphosource.org', port=443) at 0x7f484d43f3a0>, 'Connection to www.morphosource.org timed out. (connect timeout=10)')': /catalog.json?q=X-Ray+Computed+Tomography&search_field=all_fields&sort=system_create_dtsi+desc&page=1&per_page=100
2026-04-18 00:43:27,124 - Retrying (Retry(total=1, connect=None, read=None, redirect=None, status=None)) after connection broken by 'ConnectTimeoutError(<HTTPSConnection(host='www.morphosource.org', port=443) at 0x7f484d43f490>, 'Connection to www.morphosource.org timed out. (connect timeout=10)')': /catalog.json?q=X-Ray+Computed+Tomography&search_field=all_fields&sort=system_create_dtsi+desc&page=1&per_page=100
2026-04-18 00:43:57,150 - Retrying (Retry(total=0, connect=None, read=None, redirect=None, status=None)) after connection broken by 'ConnectTimeoutError(<HTTPSConnection(host='www.morphosource.org', port=443) at 0x7f484d43f640>, 'Connection to www.morphosource.org timed out. (connect timeout=10)')': /catalog.json?q=X-Ray+Computed+Tomography&search_field=all_fields&sort=system_create_dtsi+desc&page=1&per_page=100
2026-04-18 00:44:07,337 - API error on page 1: Network error: HTTPSConnectionPool(host='www.morphosource.org', port=443): Max retries exceeded with url: /catalog.json?q=X-Ray+Computed+Tomography&search_field=all_fields&sort=system_create_dtsi+desc&page=1&per_page=100 (Caused by ConnectTimeoutError(<HTTPSConnection(host='www.morphosource.org', port=443) at 0x7f484d43f7f0>, 'Connection to www.morphosource.org timed out. (connect timeout=10)')) (error 4/5)
2026-04-18 00:44:12,343 - Fetching page 1 via API
2026-04-18 00:44:22,579 - Retrying (Retry(total=2, connect=None, read=None, redirect=None, status=None)) after connection broken by 'ConnectTimeoutError(<HTTPSConnection(host='www.morphosource.org', port=443) at 0x7f484d43f250>, 'Connection to www.morphosource.org timed out. (connect timeout=10)')': /catalog.json?q=X-Ray+Computed+Tomography&search_field=all_fields&sort=system_create_dtsi+desc&page=1&per_page=100
2026-04-18 00:44:42,757 - Retrying (Retry(total=1, connect=None, read=None, redirect=None, status=None)) after connection broken by 'ConnectTimeoutError(<HTTPSConnection(host='www.morphosource.org', port=443) at 0x7f484d43f520>, 'Connection to www.morphosource.org timed out. (connect timeout=10)')': /catalog.json?q=X-Ray+Computed+Tomography&search_field=all_fields&sort=system_create_dtsi+desc&page=1&per_page=100
2026-04-18 00:45:12,791 - Retrying (Retry(total=0, connect=None, read=None, redirect=None, status=None)) after connection broken by 'ConnectTimeoutError(<HTTPSConnection(host='www.morphosource.org', port=443) at 0x7f484d43f790>, 'Connection to www.morphosource.org timed out. (connect timeout=10)')': /catalog.json?q=X-Ray+Computed+Tomography&search_field=all_fields&sort=system_create_dtsi+desc&page=1&per_page=100
2026-04-18 00:45:22,803 - API error on page 1: Network error: HTTPSConnectionPool(host='www.morphosource.org', port=443): Max retries exceeded with url: /catalog.json?q=X-Ray+Computed+Tomography&search_field=all_fields&sort=system_create_dtsi+desc&page=1&per_page=100 (Caused by ConnectTimeoutError(<HTTPSConnection(host='www.morphosource.org', port=443) at 0x7f484d43f580>, 'Connection to www.morphosource.org timed out. (connect timeout=10)')) (error 5/5)
2026-04-18 00:45:22,803 - Error getting records: Network error: HTTPSConnectionPool(host='www.morphosource.org', port=443): Max retries exceeded with url: /catalog.json?q=X-Ray+Computed+Tomography&search_field=all_fields&sort=system_create_dtsi+desc&page=1&per_page=100 (Caused by ConnectTimeoutError(<HTTPSConnection(host='www.morphosource.org', port=443) at 0x7f484d43f580>, 'Connection to www.morphosource.org timed out. (connect timeout=10)'))
2026-04-18 00:45:22,803 - Error in daily check: Network error: HTTPSConnectionPool(host='www.morphosource.org', port=443): Max retries exceeded with url: /catalog.json?q=X-Ray+Computed+Tomography&search_field=all_fields&sort=system_create_dtsi+desc&page=1&per_page=100 (Caused by ConnectTimeoutError(<HTTPSConnection(host='www.morphosource.org', port=443) at 0x7f484d43f580>, 'Connection to www.morphosource.org timed out. (connect timeout=10)'))
