2025-02-08 01:18:25,029 - Data directory: data/2025-02-08_01-18-24
2025-02-08 01:18:25,029 - Output directory: data/2025-02-08_01-18-24
2025-02-08 01:18:25,029 - Using data directory: data/2025-02-08_01-18-24
2025-02-08 01:18:25,029 - Looking for previous data in: data
2025-02-08 01:18:25,029 - Loading previous data from: data/2025-02-07_01-20-44/morphosource_data_complete.json
2025-02-08 01:18:25,405 - Loaded 104722 records from previous data file
2025-02-08 01:18:25,405 - Latest stored record ID: 000707576
2025-02-08 01:18:25,405 - Previous record count: 104722
2025-02-08 01:18:25,405 - Fetching page 1
2025-02-08 01:18:28,133 - Found record 000707996 - Total records: 1
2025-02-08 01:18:28,133 - Found record 000707992 - Total records: 2
2025-02-08 01:18:28,134 - Found record 000707988 - Total records: 3
2025-02-08 01:18:28,134 - Found record 000707984 - Total records: 4
2025-02-08 01:18:28,134 - Found record 000707980 - Total records: 5
2025-02-08 01:18:28,135 - Found record 000707975 - Total records: 6
2025-02-08 01:18:28,135 - Found record 000707971 - Total records: 7
2025-02-08 01:18:28,136 - Found record 000707967 - Total records: 8
2025-02-08 01:18:28,136 - Found record 000707963 - Total records: 9
2025-02-08 01:18:28,136 - Found record 000707959 - Total records: 10
2025-02-08 01:18:28,137 - Found record 000707955 - Total records: 11
2025-02-08 01:18:28,137 - Found record 000707951 - Total records: 12
2025-02-08 01:18:28,137 - Found record 000707947 - Total records: 13
2025-02-08 01:18:28,138 - Found record 000707943 - Total records: 14
2025-02-08 01:18:28,138 - Found record 000707939 - Total records: 15
2025-02-08 01:18:28,139 - Found record 000707934 - Total records: 16
2025-02-08 01:18:28,139 - Found record 000707930 - Total records: 17
2025-02-08 01:18:28,139 - Found record 000707926 - Total records: 18
2025-02-08 01:18:28,140 - Found record 000707922 - Total records: 19
2025-02-08 01:18:28,140 - Found record 000707915 - Total records: 20
2025-02-08 01:18:28,140 - Found record 000707907 - Total records: 21
2025-02-08 01:18:28,141 - Found record 000707903 - Total records: 22
2025-02-08 01:18:28,141 - Found record 000707895 - Total records: 23
2025-02-08 01:18:28,141 - Found record 000707891 - Total records: 24
2025-02-08 01:18:28,142 - Found record 000707887 - Total records: 25
2025-02-08 01:18:28,142 - Found record 000707883 - Total records: 26
2025-02-08 01:18:28,143 - Found record 000707879 - Total records: 27
2025-02-08 01:18:28,143 - Found record 000707875 - Total records: 28
2025-02-08 01:18:28,143 - Found record 000707871 - Total records: 29
2025-02-08 01:18:28,144 - Found record 000707867 - Total records: 30
2025-02-08 01:18:28,144 - Found record 000707862 - Total records: 31
2025-02-08 01:18:28,145 - Found record 000707858 - Total records: 32
2025-02-08 01:18:28,145 - Found record 000707854 - Total records: 33
2025-02-08 01:18:28,146 - Found record 000707850 - Total records: 34
2025-02-08 01:18:28,146 - Found record 000707846 - Total records: 35
2025-02-08 01:18:28,146 - Found record 000707837 - Total records: 36
2025-02-08 01:18:28,147 - Found record 000707830 - Total records: 37
2025-02-08 01:18:28,147 - Found record 000707826 - Total records: 38
2025-02-08 01:18:28,147 - Found record 000707820 - Total records: 39
2025-02-08 01:18:28,148 - Found record 000707811 - Total records: 40
2025-02-08 01:18:28,148 - Found record 000707807 - Total records: 41
2025-02-08 01:18:28,149 - Found record 000707803 - Total records: 42
2025-02-08 01:18:28,149 - Found record 000707799 - Total records: 43
2025-02-08 01:18:28,149 - Found record 000707795 - Total records: 44
2025-02-08 01:18:28,150 - Found record 000707791 - Total records: 45
2025-02-08 01:18:28,150 - Found record 000707787 - Total records: 46
2025-02-08 01:18:28,150 - Found record 000707782 - Total records: 47
2025-02-08 01:18:28,151 - Found record 000707781 - Total records: 48
2025-02-08 01:18:28,151 - Found record 000707775 - Total records: 49
2025-02-08 01:18:28,151 - Found record 000707771 - Total records: 50
2025-02-08 01:18:28,152 - Found record 000707765 - Total records: 51
2025-02-08 01:18:28,152 - Found record 000707763 - Total records: 52
2025-02-08 01:18:28,153 - Found record 000707758 - Total records: 53
2025-02-08 01:18:28,153 - Found record 000707754 - Total records: 54
2025-02-08 01:18:28,153 - Found record 000707749 - Total records: 55
2025-02-08 01:18:28,154 - Found record 000707748 - Total records: 56
2025-02-08 01:18:28,154 - Found record 000707742 - Total records: 57
2025-02-08 01:18:28,154 - Found record 000707738 - Total records: 58
2025-02-08 01:18:28,155 - Found record 000707734 - Total records: 59
2025-02-08 01:18:28,155 - Found record 000707731 - Total records: 60
2025-02-08 01:18:28,156 - Found record 000707726 - Total records: 61
2025-02-08 01:18:28,156 - Found record 000707721 - Total records: 62
2025-02-08 01:18:28,156 - Found record 000707719 - Total records: 63
2025-02-08 01:18:28,157 - Found record 000707713 - Total records: 64
2025-02-08 01:18:28,157 - Found record 000707708 - Total records: 65
2025-02-08 01:18:28,157 - Found record 000707706 - Total records: 66
2025-02-08 01:18:28,158 - Found record 000707697 - Total records: 67
2025-02-08 01:18:28,158 - Found record 000707696 - Total records: 68
2025-02-08 01:18:28,158 - Found record 000707691 - Total records: 69
2025-02-08 01:18:28,159 - Found record 000707685 - Total records: 70
2025-02-08 01:18:28,159 - Found record 000707684 - Total records: 71
2025-02-08 01:18:28,160 - Found record 000707678 - Total records: 72
2025-02-08 01:18:28,160 - Found record 000707674 - Total records: 73
2025-02-08 01:18:28,160 - Found record 000707670 - Total records: 74
2025-02-08 01:18:28,161 - Found record 000707666 - Total records: 75
2025-02-08 01:18:28,161 - Found record 000707662 - Total records: 76
2025-02-08 01:18:28,161 - Found record 000707658 - Total records: 77
2025-02-08 01:18:28,162 - Found record 000707653 - Total records: 78
2025-02-08 01:18:28,162 - Found record 000707652 - Total records: 79
2025-02-08 01:18:28,163 - Found record 000707644 - Total records: 80
2025-02-08 01:18:28,163 - Found record 000707643 - Total records: 81
2025-02-08 01:18:28,163 - Found record 000707637 - Total records: 82
2025-02-08 01:18:28,164 - Found record 000707633 - Total records: 83
2025-02-08 01:18:28,164 - Found record 000707629 - Total records: 84
2025-02-08 01:18:28,164 - Found record 000707625 - Total records: 85
2025-02-08 01:18:28,165 - Found record 000707621 - Total records: 86
2025-02-08 01:18:28,165 - Found record 000707617 - Total records: 87
2025-02-08 01:18:28,166 - Found record 000707613 - Total records: 88
2025-02-08 01:18:28,166 - Found record 000707609 - Total records: 89
2025-02-08 01:18:28,166 - Found record 000707605 - Total records: 90
2025-02-08 01:18:28,167 - Found record 000707600 - Total records: 91
2025-02-08 01:18:28,167 - Found record 000707596 - Total records: 92
2025-02-08 01:18:28,167 - Found record 000707592 - Total records: 93
2025-02-08 01:18:28,168 - Found record 000707588 - Total records: 94
2025-02-08 01:18:28,168 - Found record 000707584 - Total records: 95
2025-02-08 01:18:28,168 - Found record 000707576 - Total records: 96
2025-02-08 01:18:28,168 - Found latest stored record 000707576 - stopping fetch
2025-02-08 01:18:28,168 - Completed fetch - Found 96 new records
2025-02-08 01:18:28,169 - Latest webpage record ID: 000707996
2025-02-08 01:18:28,169 - New records available - latest records differ
2025-02-08 01:18:28,828 - New records: 96
2025-02-08 01:18:28,829 - Previous records: 104722
2025-02-08 01:18:28,829 - Combined records: 104817
2025-02-08 01:18:30,377 - Saved 104817 records to: data/2025-02-08_01-18-24/morphosource_data_complete.json
2025-02-08 01:18:30,377 - Created detailed release notes at: data/2025-02-08_01-18-24/release_notes.txt
