2025-08-03 02:03:14,699 - Data directory: data/2025-08-03_02-03-11
2025-08-03 02:03:14,700 - Output directory: data/2025-08-03_02-03-11
2025-08-03 02:03:14,700 - Using data directory: data/2025-08-03_02-03-11
2025-08-03 02:03:14,700 - Looking for previous data in: data
2025-08-03 02:03:14,702 - Loading previous data from: data/2025-08-02_01-49-34/morphosource_data_complete.json
2025-08-03 02:03:15,127 - Loaded 108018 records from previous data file
2025-08-03 02:03:15,127 - Latest stored record ID: 000768264
2025-08-03 02:03:15,127 - Previous record count: 108018
2025-08-03 02:03:15,127 - Fetching page 1
2025-08-03 02:03:18,963 - Found record 000768318 - Total records: 1
2025-08-03 02:03:18,964 - Found record 000768313 - Total records: 2
2025-08-03 02:03:18,964 - Found record 000768306 - Total records: 3
2025-08-03 02:03:18,964 - Found record 000768264 - Total records: 4
2025-08-03 02:03:18,964 - Found latest stored record 000768264 - stopping fetch
2025-08-03 02:03:18,964 - Completed fetch - Found 4 new records
2025-08-03 02:03:18,965 - Latest webpage record ID: 000768318
2025-08-03 02:03:18,965 - New records available - latest records differ
2025-08-03 02:03:19,066 - New records: 4
2025-08-03 02:03:19,066 - Previous records: 108018
2025-08-03 02:03:19,066 - Combined records: 108021
2025-08-03 02:03:20,601 - Saved 108021 records to: data/2025-08-03_02-03-11/morphosource_data_complete.json
2025-08-03 02:03:20,601 - Created detailed release notes at: data/2025-08-03_02-03-11/release_notes.txt
