2026-06-29 01:00:26,967 - Data directory: data/2026-06-29_01-00-22
2026-06-29 01:00:26,967 - Output directory: data/2026-06-29_01-00-22
2026-06-29 01:00:26,967 - Fetch all mode: True
2026-06-29 01:00:26,968 - Using data directory: data/2026-06-29_01-00-22
2026-06-29 01:00:26,968 - Looking for previous data in: data
2026-06-29 01:00:26,976 - Loading previous data from: data/2025-10-06_01-28-33/morphosource_data_complete.json
2026-06-29 01:00:27,387 - Loaded 108782 records from previous data file
2026-06-29 01:00:27,387 - Latest stored record ID: 000781814
2026-06-29 01:00:27,387 - Previous record count: 108782
2026-06-29 01:00:27,387 - === FULL FETCH MODE: Collecting all records from all pages ===
2026-06-29 01:00:27,387 - Fetching page 1 via API
2026-06-29 01:00:28,148 - API error on page 1: Network error: Expecting value: line 1 column 1 (char 0) (error 1/5)
2026-06-29 01:00:33,153 - Fetching page 1 via API
2026-06-29 01:00:33,231 - API error on page 1: Network error: Expecting value: line 1 column 1 (char 0) (error 2/5)
2026-06-29 01:00:38,236 - Fetching page 1 via API
2026-06-29 01:00:38,313 - API error on page 1: Network error: Expecting value: line 1 column 1 (char 0) (error 3/5)
2026-06-29 01:00:43,318 - Fetching page 1 via API
2026-06-29 01:00:43,396 - API error on page 1: Network error: Expecting value: line 1 column 1 (char 0) (error 4/5)
2026-06-29 01:00:48,398 - Fetching page 1 via API
2026-06-29 01:00:48,476 - API error on page 1: Network error: Expecting value: line 1 column 1 (char 0) (error 5/5)
2026-06-29 01:00:48,476 - Error getting records: Network error: Expecting value: line 1 column 1 (char 0)
2026-06-29 01:00:48,476 - Error in daily check: Network error: Expecting value: line 1 column 1 (char 0)
