2025-02-19 01:21:22,216 - Data directory: data/2025-02-19_01-21-21
2025-02-19 01:21:22,216 - Output directory: data/2025-02-19_01-21-21
2025-02-19 01:21:22,216 - Using data directory: data/2025-02-19_01-21-21
2025-02-19 01:21:22,216 - Looking for previous data in: data
2025-02-19 01:21:22,216 - Loading previous data from: data/2025-02-18_01-20-47/morphosource_data_complete.json
2025-02-19 01:21:22,589 - Loaded 105235 records from previous data file
2025-02-19 01:21:22,589 - Latest stored record ID: 000710938
2025-02-19 01:21:22,589 - Previous record count: 105235
2025-02-19 01:21:22,589 - Fetching page 1
2025-02-19 01:21:27,226 - Found record 000711399 - Total records: 1
2025-02-19 01:21:27,226 - Found record 000711348 - Total records: 2
2025-02-19 01:21:27,227 - Found record 000711345 - Total records: 3
2025-02-19 01:21:27,227 - Found record 000711341 - Total records: 4
2025-02-19 01:21:27,227 - Found record 000711338 - Total records: 5
2025-02-19 01:21:27,228 - Found record 000711334 - Total records: 6
2025-02-19 01:21:27,228 - Found record 000711325 - Total records: 7
2025-02-19 01:21:27,228 - Found record 000711236 - Total records: 8
2025-02-19 01:21:27,228 - Found record 000711231 - Total records: 9
2025-02-19 01:21:27,229 - Found record 000711227 - Total records: 10
2025-02-19 01:21:27,229 - Found record 000711211 - Total records: 11
2025-02-19 01:21:27,229 - Found record 000711203 - Total records: 12
2025-02-19 01:21:27,230 - Found record 000711194 - Total records: 13
2025-02-19 01:21:27,230 - Found record 000710938 - Total records: 14
2025-02-19 01:21:27,230 - Found latest stored record 000710938 - stopping fetch
2025-02-19 01:21:27,230 - Completed fetch - Found 14 new records
2025-02-19 01:21:27,230 - Latest webpage record ID: 000711399
2025-02-19 01:21:27,230 - New records available - latest records differ
2025-02-19 01:21:27,387 - New records: 14
2025-02-19 01:21:27,387 - Previous records: 105235
2025-02-19 01:21:27,387 - Combined records: 105248
2025-02-19 01:21:28,934 - Saved 105248 records to: data/2025-02-19_01-21-21/morphosource_data_complete.json
2025-02-19 01:21:28,934 - Created detailed release notes at: data/2025-02-19_01-21-21/release_notes.txt
