2025-02-26 01:22:56,070 - Data directory: data/2025-02-26_01-22-55
2025-02-26 01:22:56,070 - Output directory: data/2025-02-26_01-22-55
2025-02-26 01:22:56,070 - Using data directory: data/2025-02-26_01-22-55
2025-02-26 01:22:56,070 - Looking for previous data in: data
2025-02-26 01:22:56,071 - Loading previous data from: data/2025-02-25_01-23-21/morphosource_data_complete.json
2025-02-26 01:22:56,466 - Loaded 105251 records from previous data file
2025-02-26 01:22:56,467 - Latest stored record ID: 000713045
2025-02-26 01:22:56,467 - Previous record count: 105251
2025-02-26 01:22:56,467 - Fetching page 1
2025-02-26 01:23:00,858 - Found record 000713395 - Total records: 1
2025-02-26 01:23:00,858 - Found record 000713392 - Total records: 2
2025-02-26 01:23:00,858 - Found record 000713388 - Total records: 3
2025-02-26 01:23:00,859 - Found record 000713385 - Total records: 4
2025-02-26 01:23:00,859 - Found record 000713377 - Total records: 5
2025-02-26 01:23:00,860 - Found record 000713374 - Total records: 6
2025-02-26 01:23:00,860 - Found record 000713320 - Total records: 7
2025-02-26 01:23:00,860 - Found record 000713304 - Total records: 8
2025-02-26 01:23:00,861 - Found record 000713062 - Total records: 9
2025-02-26 01:23:00,861 - Found record 000713045 - Total records: 10
2025-02-26 01:23:00,861 - Found latest stored record 000713045 - stopping fetch
2025-02-26 01:23:00,861 - Completed fetch - Found 10 new records
2025-02-26 01:23:00,861 - Latest webpage record ID: 000713395
2025-02-26 01:23:00,862 - New records available - latest records differ
2025-02-26 01:23:00,997 - New records: 10
2025-02-26 01:23:00,997 - Previous records: 105251
2025-02-26 01:23:00,997 - Combined records: 105260
2025-02-26 01:23:02,527 - Saved 105260 records to: data/2025-02-26_01-22-55/morphosource_data_complete.json
2025-02-26 01:23:02,527 - Created detailed release notes at: data/2025-02-26_01-22-55/release_notes.txt
