2026-05-12 00:47:58,295 - Data directory: data/2026-05-12_00-47-55
2026-05-12 00:47:58,295 - Output directory: data/2026-05-12_00-47-55
2026-05-12 00:47:58,295 - Fetch all mode: True
2026-05-12 00:47:58,296 - Using data directory: data/2026-05-12_00-47-55
2026-05-12 00:47:58,296 - Looking for previous data in: data
2026-05-12 00:47:58,302 - Loading previous data from: data/2025-10-06_01-28-33/morphosource_data_complete.json
2026-05-12 00:47:58,713 - Loaded 108782 records from previous data file
2026-05-12 00:47:58,714 - Latest stored record ID: 000781814
2026-05-12 00:47:58,714 - Previous record count: 108782
2026-05-12 00:47:58,714 - === FULL FETCH MODE: Collecting all records from all pages ===
2026-05-12 00:47:58,714 - Fetching page 1 via API
2026-05-12 00:47:59,594 - API error on page 1: Network error: Expecting value: line 1 column 1 (char 0) (error 1/5)
2026-05-12 00:48:04,599 - Fetching page 1 via API
2026-05-12 00:48:04,655 - API error on page 1: Network error: Expecting value: line 1 column 1 (char 0) (error 2/5)
2026-05-12 00:48:09,660 - Fetching page 1 via API
2026-05-12 00:48:09,714 - API error on page 1: Network error: Expecting value: line 1 column 1 (char 0) (error 3/5)
2026-05-12 00:48:14,720 - Fetching page 1 via API
2026-05-12 00:48:14,774 - API error on page 1: Network error: Expecting value: line 1 column 1 (char 0) (error 4/5)
2026-05-12 00:48:19,779 - Fetching page 1 via API
2026-05-12 00:48:19,833 - API error on page 1: Network error: Expecting value: line 1 column 1 (char 0) (error 5/5)
2026-05-12 00:48:19,834 - Error getting records: Network error: Expecting value: line 1 column 1 (char 0)
2026-05-12 00:48:19,834 - Error in daily check: Network error: Expecting value: line 1 column 1 (char 0)
