2025-08-18 01:53:44,580 - Data directory: data/2025-08-18_01-53-42
2025-08-18 01:53:44,580 - Output directory: data/2025-08-18_01-53-42
2025-08-18 01:53:44,580 - Using data directory: data/2025-08-18_01-53-42
2025-08-18 01:53:44,580 - Looking for previous data in: data
2025-08-18 01:53:44,583 - Loading previous data from: data/2025-08-17_01-53-18/morphosource_data_complete.json
2025-08-18 01:53:45,022 - Loaded 108109 records from previous data file
2025-08-18 01:53:45,022 - Latest stored record ID: 000771053
2025-08-18 01:53:45,022 - Previous record count: 108109
2025-08-18 01:53:45,022 - Fetching page 1
2025-08-18 01:53:51,196 - Found record 000771066 - Total records: 1
2025-08-18 01:53:51,196 - Found record 000771063 - Total records: 2
2025-08-18 01:53:51,196 - Found record 000771060 - Total records: 3
2025-08-18 01:53:51,197 - Found record 000771053 - Total records: 4
2025-08-18 01:53:51,197 - Found latest stored record 000771053 - stopping fetch
2025-08-18 01:53:51,197 - Completed fetch - Found 4 new records
2025-08-18 01:53:51,197 - Latest webpage record ID: 000771066
2025-08-18 01:53:51,197 - New records available - latest records differ
2025-08-18 01:53:51,298 - New records: 4
2025-08-18 01:53:51,298 - Previous records: 108109
2025-08-18 01:53:51,298 - Combined records: 108112
2025-08-18 01:53:52,835 - Saved 108112 records to: data/2025-08-18_01-53-42/morphosource_data_complete.json
2025-08-18 01:53:52,836 - Created detailed release notes at: data/2025-08-18_01-53-42/release_notes.txt
