2025-03-28 01:27:04,689 - Data directory: data/2025-03-28_01-26-59
2025-03-28 01:27:04,689 - Output directory: data/2025-03-28_01-26-59
2025-03-28 01:27:04,690 - Using data directory: data/2025-03-28_01-26-59
2025-03-28 01:27:04,690 - Looking for previous data in: data
2025-03-28 01:27:04,690 - Loading previous data from: data/2025-03-27_01-26-56/morphosource_data_complete.json
2025-03-28 01:27:05,061 - Loaded 105805 records from previous data file
2025-03-28 01:27:05,062 - Latest stored record ID: 000723604
2025-03-28 01:27:05,062 - Previous record count: 105805
2025-03-28 01:27:05,062 - Fetching page 1
2025-03-28 01:27:30,908 - Found record 000724347 - Total records: 1
2025-03-28 01:27:30,908 - Found record 000724337 - Total records: 2
2025-03-28 01:27:30,909 - Found record 000724332 - Total records: 3
2025-03-28 01:27:30,909 - Found record 000724320 - Total records: 4
2025-03-28 01:27:30,909 - Found record 000724318 - Total records: 5
2025-03-28 01:27:30,910 - Found record 000724309 - Total records: 6
2025-03-28 01:27:30,910 - Found record 000724298 - Total records: 7
2025-03-28 01:27:30,910 - Found record 000724294 - Total records: 8
2025-03-28 01:27:30,911 - Found record 000724289 - Total records: 9
2025-03-28 01:27:30,911 - Found record 000724283 - Total records: 10
2025-03-28 01:27:30,911 - Found record 000724278 - Total records: 11
2025-03-28 01:27:30,912 - Found record 000724269 - Total records: 12
2025-03-28 01:27:30,912 - Found record 000724259 - Total records: 13
2025-03-28 01:27:30,912 - Found record 000724256 - Total records: 14
2025-03-28 01:27:30,913 - Found record 000724248 - Total records: 15
2025-03-28 01:27:30,913 - Found record 000724243 - Total records: 16
2025-03-28 01:27:30,913 - Found record 000724233 - Total records: 17
2025-03-28 01:27:30,914 - Found record 000724228 - Total records: 18
2025-03-28 01:27:30,914 - Found record 000724223 - Total records: 19
2025-03-28 01:27:30,914 - Found record 000724202 - Total records: 20
2025-03-28 01:27:30,914 - Found record 000724169 - Total records: 21
2025-03-28 01:27:30,915 - Found record 000724133 - Total records: 22
2025-03-28 01:27:30,915 - Found record 000724092 - Total records: 23
2025-03-28 01:27:30,915 - Found record 000724066 - Total records: 24
2025-03-28 01:27:30,916 - Found record 000724029 - Total records: 25
2025-03-28 01:27:30,916 - Found record 000724013 - Total records: 26
2025-03-28 01:27:30,916 - Found record 000724011 - Total records: 27
2025-03-28 01:27:30,917 - Found record 000723991 - Total records: 28
2025-03-28 01:27:30,917 - Found record 000723965 - Total records: 29
2025-03-28 01:27:30,917 - Found record 000723912 - Total records: 30
2025-03-28 01:27:30,917 - Found record 000723902 - Total records: 31
2025-03-28 01:27:30,918 - Found record 000723898 - Total records: 32
2025-03-28 01:27:30,918 - Found record 000723895 - Total records: 33
2025-03-28 01:27:30,918 - Found record 000723888 - Total records: 34
2025-03-28 01:27:30,919 - Found record 000723881 - Total records: 35
2025-03-28 01:27:30,919 - Found record 000723876 - Total records: 36
2025-03-28 01:27:30,919 - Found record 000723874 - Total records: 37
2025-03-28 01:27:30,920 - Found record 000723871 - Total records: 38
2025-03-28 01:27:30,920 - Found record 000723865 - Total records: 39
2025-03-28 01:27:30,920 - Found record 000723858 - Total records: 40
2025-03-28 01:27:30,920 - Found record 000723856 - Total records: 41
2025-03-28 01:27:30,921 - Found record 000723845 - Total records: 42
2025-03-28 01:27:30,921 - Found record 000723841 - Total records: 43
2025-03-28 01:27:30,921 - Found record 000723838 - Total records: 44
2025-03-28 01:27:30,922 - Found record 000723834 - Total records: 45
2025-03-28 01:27:30,922 - Found record 000723831 - Total records: 46
2025-03-28 01:27:30,922 - Found record 000723825 - Total records: 47
2025-03-28 01:27:30,923 - Found record 000723821 - Total records: 48
2025-03-28 01:27:30,923 - Found record 000723818 - Total records: 49
2025-03-28 01:27:30,923 - Found record 000723814 - Total records: 50
2025-03-28 01:27:30,924 - Found record 000723810 - Total records: 51
2025-03-28 01:27:30,924 - Found record 000723806 - Total records: 52
2025-03-28 01:27:30,924 - Found record 000723799 - Total records: 53
2025-03-28 01:27:30,924 - Found record 000723796 - Total records: 54
2025-03-28 01:27:30,925 - Found record 000723787 - Total records: 55
2025-03-28 01:27:30,925 - Found record 000723784 - Total records: 56
2025-03-28 01:27:30,925 - Found record 000723780 - Total records: 57
2025-03-28 01:27:30,926 - Found record 000723777 - Total records: 58
2025-03-28 01:27:30,926 - Found record 000723772 - Total records: 59
2025-03-28 01:27:30,926 - Found record 000723769 - Total records: 60
2025-03-28 01:27:30,927 - Found record 000723760 - Total records: 61
2025-03-28 01:27:30,927 - Found record 000723755 - Total records: 62
2025-03-28 01:27:30,927 - Found record 000723752 - Total records: 63
2025-03-28 01:27:30,928 - Found record 000723726 - Total records: 64
2025-03-28 01:27:30,928 - Found record 000723722 - Total records: 65
2025-03-28 01:27:30,928 - Found record 000723720 - Total records: 66
2025-03-28 01:27:30,928 - Found record 000723604 - Total records: 67
2025-03-28 01:27:30,929 - Found latest stored record 000723604 - stopping fetch
2025-03-28 01:27:30,929 - Completed fetch - Found 67 new records
2025-03-28 01:27:30,929 - Latest webpage record ID: 000724347
2025-03-28 01:27:30,929 - New records available - latest records differ
2025-03-28 01:27:31,442 - New records: 67
2025-03-28 01:27:31,442 - Previous records: 105805
2025-03-28 01:27:31,442 - Combined records: 105871
2025-03-28 01:27:32,984 - Saved 105871 records to: data/2025-03-28_01-26-59/morphosource_data_complete.json
2025-03-28 01:27:32,984 - Created detailed release notes at: data/2025-03-28_01-26-59/release_notes.txt
