2025-07-23 01:54:40,312 - Data directory: data/2025-07-23_01-54-37
2025-07-23 01:54:40,312 - Output directory: data/2025-07-23_01-54-37
2025-07-23 01:54:40,312 - Using data directory: data/2025-07-23_01-54-37
2025-07-23 01:54:40,312 - Looking for previous data in: data
2025-07-23 01:54:40,314 - Loading previous data from: data/2025-07-22_01-52-56/morphosource_data_complete.json
2025-07-23 01:54:40,749 - Loaded 107805 records from previous data file
2025-07-23 01:54:40,749 - Latest stored record ID: 000765070
2025-07-23 01:54:40,749 - Previous record count: 107805
2025-07-23 01:54:40,750 - Fetching page 1
2025-07-23 01:54:43,379 - Found record 000765256 - Total records: 1
2025-07-23 01:54:43,379 - Found record 000765223 - Total records: 2
2025-07-23 01:54:43,380 - Found record 000765211 - Total records: 3
2025-07-23 01:54:43,380 - Found record 000765206 - Total records: 4
2025-07-23 01:54:43,380 - Found record 000765176 - Total records: 5
2025-07-23 01:54:43,380 - Found record 000765171 - Total records: 6
2025-07-23 01:54:43,381 - Found record 000765146 - Total records: 7
2025-07-23 01:54:43,381 - Found record 000765108 - Total records: 8
2025-07-23 01:54:43,381 - Found record 000765070 - Total records: 9
2025-07-23 01:54:43,381 - Found latest stored record 000765070 - stopping fetch
2025-07-23 01:54:43,382 - Completed fetch - Found 9 new records
2025-07-23 01:54:43,382 - Latest webpage record ID: 000765256
2025-07-23 01:54:43,382 - New records available - latest records differ
2025-07-23 01:54:43,515 - New records: 9
2025-07-23 01:54:43,515 - Previous records: 107805
2025-07-23 01:54:43,515 - Combined records: 107813
2025-07-23 01:54:45,085 - Saved 107813 records to: data/2025-07-23_01-54-37/morphosource_data_complete.json
2025-07-23 01:54:45,086 - Created detailed release notes at: data/2025-07-23_01-54-37/release_notes.txt
