2026-05-24 00:56:12,196 - Data directory: data/2026-05-24_00-56-09
2026-05-24 00:56:12,196 - Output directory: data/2026-05-24_00-56-09
2026-05-24 00:56:12,196 - Fetch all mode: True
2026-05-24 00:56:12,196 - Using data directory: data/2026-05-24_00-56-09
2026-05-24 00:56:12,197 - Looking for previous data in: data
2026-05-24 00:56:12,203 - Loading previous data from: data/2025-10-06_01-28-33/morphosource_data_complete.json
2026-05-24 00:56:12,605 - Loaded 108782 records from previous data file
2026-05-24 00:56:12,605 - Latest stored record ID: 000781814
2026-05-24 00:56:12,605 - Previous record count: 108782
2026-05-24 00:56:12,605 - === FULL FETCH MODE: Collecting all records from all pages ===
2026-05-24 00:56:12,605 - Fetching page 1 via API
2026-05-24 00:56:13,015 - API error on page 1: Network error: Expecting value: line 1 column 1 (char 0) (error 1/5)
2026-05-24 00:56:18,019 - Fetching page 1 via API
2026-05-24 00:56:18,062 - API error on page 1: Network error: Expecting value: line 1 column 1 (char 0) (error 2/5)
2026-05-24 00:56:23,065 - Fetching page 1 via API
2026-05-24 00:56:23,109 - API error on page 1: Network error: Expecting value: line 1 column 1 (char 0) (error 3/5)
2026-05-24 00:56:28,114 - Fetching page 1 via API
2026-05-24 00:56:28,158 - API error on page 1: Network error: Expecting value: line 1 column 1 (char 0) (error 4/5)
2026-05-24 00:56:33,159 - Fetching page 1 via API
2026-05-24 00:56:33,203 - API error on page 1: Network error: Expecting value: line 1 column 1 (char 0) (error 5/5)
2026-05-24 00:56:33,203 - Error getting records: Network error: Expecting value: line 1 column 1 (char 0)
2026-05-24 00:56:33,203 - Error in daily check: Network error: Expecting value: line 1 column 1 (char 0)
