2026-07-19 00:41:06,696 - Data directory: data/2026-07-19_00-41-03
2026-07-19 00:41:06,696 - Output directory: data/2026-07-19_00-41-03
2026-07-19 00:41:06,696 - Fetch all mode: True
2026-07-19 00:41:06,697 - Using data directory: data/2026-07-19_00-41-03
2026-07-19 00:41:06,697 - Looking for previous data in: data
2026-07-19 00:41:06,703 - Loading previous data from: data/2025-10-06_01-28-33/morphosource_data_complete.json
2026-07-19 00:41:07,014 - Loaded 108782 records from previous data file
2026-07-19 00:41:07,014 - Latest stored record ID: 000781814
2026-07-19 00:41:07,014 - Previous record count: 108782
2026-07-19 00:41:07,014 - === FULL FETCH MODE: Collecting all records from all pages ===
2026-07-19 00:41:07,014 - Fetching page 1 via API
2026-07-19 00:41:07,606 - API error on page 1: Network error: Expecting value: line 1 column 1 (char 0) (error 1/5)
2026-07-19 00:41:12,611 - Fetching page 1 via API
2026-07-19 00:41:12,675 - API error on page 1: Network error: Expecting value: line 1 column 1 (char 0) (error 2/5)
2026-07-19 00:41:17,680 - Fetching page 1 via API
2026-07-19 00:41:17,742 - API error on page 1: Network error: Expecting value: line 1 column 1 (char 0) (error 3/5)
2026-07-19 00:41:22,745 - Fetching page 1 via API
2026-07-19 00:41:22,807 - API error on page 1: Network error: Expecting value: line 1 column 1 (char 0) (error 4/5)
2026-07-19 00:41:27,813 - Fetching page 1 via API
2026-07-19 00:41:27,876 - API error on page 1: Network error: Expecting value: line 1 column 1 (char 0) (error 5/5)
2026-07-19 00:41:27,876 - Error getting records: Network error: Expecting value: line 1 column 1 (char 0)
2026-07-19 00:41:27,876 - Error in daily check: Network error: Expecting value: line 1 column 1 (char 0)
