2025-08-06 01:56:14,723 - Data directory: data/2025-08-06_01-56-12
2025-08-06 01:56:14,723 - Output directory: data/2025-08-06_01-56-12
2025-08-06 01:56:14,724 - Using data directory: data/2025-08-06_01-56-12
2025-08-06 01:56:14,724 - Looking for previous data in: data
2025-08-06 01:56:14,726 - Loading previous data from: data/2025-08-05_01-57-44/morphosource_data_complete.json
2025-08-06 01:56:15,165 - Loaded 108026 records from previous data file
2025-08-06 01:56:15,166 - Latest stored record ID: 000768633
2025-08-06 01:56:15,166 - Previous record count: 108026
2025-08-06 01:56:15,166 - Fetching page 1
2025-08-06 01:56:17,810 - Found record 000768893 - Total records: 1
2025-08-06 01:56:17,811 - Found record 000768876 - Total records: 2
2025-08-06 01:56:17,811 - Found record 000768633 - Total records: 3
2025-08-06 01:56:17,812 - Found latest stored record 000768633 - stopping fetch
2025-08-06 01:56:17,812 - Completed fetch - Found 3 new records
2025-08-06 01:56:17,812 - Latest webpage record ID: 000768893
2025-08-06 01:56:17,812 - New records available - latest records differ
2025-08-06 01:56:17,910 - New records: 3
2025-08-06 01:56:17,910 - Previous records: 108026
2025-08-06 01:56:17,910 - Combined records: 108028
2025-08-06 01:56:19,450 - Saved 108028 records to: data/2025-08-06_01-56-12/morphosource_data_complete.json
2025-08-06 01:56:19,450 - Created detailed release notes at: data/2025-08-06_01-56-12/release_notes.txt
