2025-10-06 01:28:37,357 - Data directory: data/2025-10-06_01-28-33
2025-10-06 01:28:37,357 - Output directory: data/2025-10-06_01-28-33
2025-10-06 01:28:37,358 - Using data directory: data/2025-10-06_01-28-33
2025-10-06 01:28:37,358 - Looking for previous data in: data
2025-10-06 01:28:37,360 - Loading previous data from: data/2025-10-05_01-42-44/morphosource_data_complete.json
2025-10-06 01:28:37,808 - Loaded 108762 records from previous data file
2025-10-06 01:28:37,809 - Latest stored record ID: 000781506
2025-10-06 01:28:37,809 - Previous record count: 108762
2025-10-06 01:28:37,809 - Fetching page 1
2025-10-06 01:28:50,750 - Found record 000781814 - Total records: 1
2025-10-06 01:28:50,751 - Found record 000781808 - Total records: 2
2025-10-06 01:28:50,751 - Found record 000781802 - Total records: 3
2025-10-06 01:28:50,752 - Found record 000781796 - Total records: 4
2025-10-06 01:28:50,752 - Found record 000781790 - Total records: 5
2025-10-06 01:28:50,752 - Found record 000781784 - Total records: 6
2025-10-06 01:28:50,753 - Found record 000781778 - Total records: 7
2025-10-06 01:28:50,753 - Found record 000781772 - Total records: 8
2025-10-06 01:28:50,753 - Found record 000781766 - Total records: 9
2025-10-06 01:28:50,754 - Found record 000781760 - Total records: 10
2025-10-06 01:28:50,754 - Found record 000781754 - Total records: 11
2025-10-06 01:28:50,754 - Found record 000781749 - Total records: 12
2025-10-06 01:28:50,754 - Found record 000781744 - Total records: 13
2025-10-06 01:28:50,755 - Found record 000781738 - Total records: 14
2025-10-06 01:28:50,755 - Found record 000781732 - Total records: 15
2025-10-06 01:28:50,755 - Found record 000781726 - Total records: 16
2025-10-06 01:28:50,756 - Found record 000781720 - Total records: 17
2025-10-06 01:28:50,756 - Found record 000781714 - Total records: 18
2025-10-06 01:28:50,756 - Found record 000781708 - Total records: 19
2025-10-06 01:28:50,756 - Found record 000781703 - Total records: 20
2025-10-06 01:28:50,757 - Found record 000781506 - Total records: 21
2025-10-06 01:28:50,757 - Found latest stored record 000781506 - stopping fetch
2025-10-06 01:28:50,757 - Completed fetch - Found 21 new records
2025-10-06 01:28:50,758 - Latest webpage record ID: 000781814
2025-10-06 01:28:50,758 - New records available - latest records differ
2025-10-06 01:28:50,974 - New records: 21
2025-10-06 01:28:50,974 - Previous records: 108762
2025-10-06 01:28:50,975 - Combined records: 108782
2025-10-06 01:28:52,560 - Saved 108782 records to: data/2025-10-06_01-28-33/morphosource_data_complete.json
2025-10-06 01:28:52,560 - Created detailed release notes at: data/2025-10-06_01-28-33/release_notes.txt
