2025-02-14 01:20:50,144 - Data directory: data/2025-02-14_01-20-49
2025-02-14 01:20:50,144 - Output directory: data/2025-02-14_01-20-49
2025-02-14 01:20:50,145 - Using data directory: data/2025-02-14_01-20-49
2025-02-14 01:20:50,145 - Looking for previous data in: data
2025-02-14 01:20:50,145 - Loading previous data from: data/2025-02-13_01-21-07/morphosource_data_complete.json
2025-02-14 01:20:50,530 - Loaded 105181 records from previous data file
2025-02-14 01:20:50,531 - Latest stored record ID: 000709702
2025-02-14 01:20:50,531 - Previous record count: 105181
2025-02-14 01:20:50,531 - Fetching page 1
2025-02-14 01:20:53,866 - Found record 000709984 - Total records: 1
2025-02-14 01:20:53,866 - Found record 000709702 - Total records: 2
2025-02-14 01:20:53,866 - Found latest stored record 000709702 - stopping fetch
2025-02-14 01:20:53,867 - Completed fetch - Found 2 new records
2025-02-14 01:20:53,867 - Latest webpage record ID: 000709984
2025-02-14 01:20:53,867 - New records available - latest records differ
2025-02-14 01:20:53,954 - New records: 2
2025-02-14 01:20:53,955 - Previous records: 105181
2025-02-14 01:20:53,955 - Combined records: 105182
2025-02-14 01:20:55,579 - Saved 105182 records to: data/2025-02-14_01-20-49/morphosource_data_complete.json
2025-02-14 01:20:55,580 - Created detailed release notes at: data/2025-02-14_01-20-49/release_notes.txt
