2025-06-21 01:43:13,151 - Data directory: data/2025-06-21_01-43-11
2025-06-21 01:43:13,151 - Output directory: data/2025-06-21_01-43-11
2025-06-21 01:43:13,152 - Using data directory: data/2025-06-21_01-43-11
2025-06-21 01:43:13,152 - Looking for previous data in: data
2025-06-21 01:43:13,153 - Loading previous data from: data/2025-06-20_01-45-09/morphosource_data_complete.json
2025-06-21 01:43:13,159 - Loaded 1403 records from previous data file
2025-06-21 01:43:13,159 - Latest stored record ID: 000754501
2025-06-21 01:43:13,159 - Previous record count: 1403
2025-06-21 01:43:13,159 - Fetching page 1
2025-06-21 01:43:17,263 - Found record 000754982 - Total records: 1
2025-06-21 01:43:17,263 - Found record 000754975 - Total records: 2
2025-06-21 01:43:17,264 - Found record 000754971 - Total records: 3
2025-06-21 01:43:17,264 - Found record 000754969 - Total records: 4
2025-06-21 01:43:17,264 - Found record 000754962 - Total records: 5
2025-06-21 01:43:17,265 - Found record 000754961 - Total records: 6
2025-06-21 01:43:17,265 - Found record 000754954 - Total records: 7
2025-06-21 01:43:17,265 - Found record 000754953 - Total records: 8
2025-06-21 01:43:17,266 - Found record 000754947 - Total records: 9
2025-06-21 01:43:17,266 - Found record 000754945 - Total records: 10
2025-06-21 01:43:17,266 - Found record 000754939 - Total records: 11
2025-06-21 01:43:17,267 - Found record 000754937 - Total records: 12
2025-06-21 01:43:17,267 - Found record 000754931 - Total records: 13
2025-06-21 01:43:17,267 - Found record 000754929 - Total records: 14
2025-06-21 01:43:17,268 - Found record 000754923 - Total records: 15
2025-06-21 01:43:17,268 - Found record 000754921 - Total records: 16
2025-06-21 01:43:17,268 - Found record 000754915 - Total records: 17
2025-06-21 01:43:17,269 - Found record 000754913 - Total records: 18
2025-06-21 01:43:17,269 - Found record 000754907 - Total records: 19
2025-06-21 01:43:17,269 - Found record 000754905 - Total records: 20
2025-06-21 01:43:17,270 - Found record 000754898 - Total records: 21
2025-06-21 01:43:17,270 - Found record 000754897 - Total records: 22
2025-06-21 01:43:17,270 - Found record 000754890 - Total records: 23
2025-06-21 01:43:17,271 - Found record 000754889 - Total records: 24
2025-06-21 01:43:17,271 - Found record 000754878 - Total records: 25
2025-06-21 01:43:17,271 - Found record 000754855 - Total records: 26
2025-06-21 01:43:17,272 - Found record 000754846 - Total records: 27
2025-06-21 01:43:17,272 - Found record 000754845 - Total records: 28
2025-06-21 01:43:17,272 - Found record 000754730 - Total records: 29
2025-06-21 01:43:17,273 - Found record 000754715 - Total records: 30
2025-06-21 01:43:17,273 - Found record 000754711 - Total records: 31
2025-06-21 01:43:17,273 - Found record 000754707 - Total records: 32
2025-06-21 01:43:17,274 - Found record 000754703 - Total records: 33
2025-06-21 01:43:17,274 - Found record 000754699 - Total records: 34
2025-06-21 01:43:17,274 - Found record 000754695 - Total records: 35
2025-06-21 01:43:17,275 - Found record 000754690 - Total records: 36
2025-06-21 01:43:17,275 - Found record 000754686 - Total records: 37
2025-06-21 01:43:17,275 - Found record 000754680 - Total records: 38
2025-06-21 01:43:17,276 - Found record 000754675 - Total records: 39
2025-06-21 01:43:17,276 - Found record 000754670 - Total records: 40
2025-06-21 01:43:17,276 - Found record 000754665 - Total records: 41
2025-06-21 01:43:17,277 - Found record 000754658 - Total records: 42
2025-06-21 01:43:17,277 - Found record 000754651 - Total records: 43
2025-06-21 01:43:17,277 - Found record 000754649 - Total records: 44
2025-06-21 01:43:17,278 - Found record 000754619 - Total records: 45
2025-06-21 01:43:17,278 - Found record 000754602 - Total records: 46
2025-06-21 01:43:17,278 - Found record 000754589 - Total records: 47
2025-06-21 01:43:17,279 - Found record 000754580 - Total records: 48
2025-06-21 01:43:17,279 - Found record 000754576 - Total records: 49
2025-06-21 01:43:17,279 - Found record 000754569 - Total records: 50
2025-06-21 01:43:17,280 - Found record 000754565 - Total records: 51
2025-06-21 01:43:17,280 - Found record 000754558 - Total records: 52
2025-06-21 01:43:17,280 - Found record 000754501 - Total records: 53
2025-06-21 01:43:17,280 - Found latest stored record 000754501 - stopping fetch
2025-06-21 01:43:17,281 - Completed fetch - Found 53 new records
2025-06-21 01:43:17,281 - Latest webpage record ID: 000754982
2025-06-21 01:43:17,281 - New records available - latest records differ
2025-06-21 01:43:17,286 - New records: 53
2025-06-21 01:43:17,286 - Previous records: 1403
2025-06-21 01:43:17,286 - Combined records: 1455
2025-06-21 01:43:17,308 - Saved 1455 records to: data/2025-06-21_01-43-11/morphosource_data_complete.json
2025-06-21 01:43:17,308 - Created detailed release notes at: data/2025-06-21_01-43-11/release_notes.txt
