2026-07-08 00:40:11,720 - Data directory: data/2026-07-08_00-40-09
2026-07-08 00:40:11,720 - Output directory: data/2026-07-08_00-40-09
2026-07-08 00:40:11,720 - Fetch all mode: True
2026-07-08 00:40:11,720 - Using data directory: data/2026-07-08_00-40-09
2026-07-08 00:40:11,721 - Looking for previous data in: data
2026-07-08 00:40:11,729 - Loading previous data from: data/2025-10-06_01-28-33/morphosource_data_complete.json
2026-07-08 00:40:12,149 - Loaded 108782 records from previous data file
2026-07-08 00:40:12,150 - Latest stored record ID: 000781814
2026-07-08 00:40:12,150 - Previous record count: 108782
2026-07-08 00:40:12,150 - === FULL FETCH MODE: Collecting all records from all pages ===
2026-07-08 00:40:12,150 - Fetching page 1 via API
2026-07-08 00:40:12,583 - API error on page 1: Network error: Expecting value: line 1 column 1 (char 0) (error 1/5)
2026-07-08 00:40:17,588 - Fetching page 1 via API
2026-07-08 00:40:17,624 - API error on page 1: Network error: Expecting value: line 1 column 1 (char 0) (error 2/5)
2026-07-08 00:40:22,630 - Fetching page 1 via API
2026-07-08 00:40:22,667 - API error on page 1: Network error: Expecting value: line 1 column 1 (char 0) (error 3/5)
2026-07-08 00:40:27,672 - Fetching page 1 via API
2026-07-08 00:40:27,710 - API error on page 1: Network error: Expecting value: line 1 column 1 (char 0) (error 4/5)
2026-07-08 00:40:32,715 - Fetching page 1 via API
2026-07-08 00:40:32,754 - API error on page 1: Network error: Expecting value: line 1 column 1 (char 0) (error 5/5)
2026-07-08 00:40:32,754 - Error getting records: Network error: Expecting value: line 1 column 1 (char 0)
2026-07-08 00:40:32,754 - Error in daily check: Network error: Expecting value: line 1 column 1 (char 0)
