2025-03-21 01:27:04,043 - Data directory: data/2025-03-21_01-27-02
2025-03-21 01:27:04,044 - Output directory: data/2025-03-21_01-27-02
2025-03-21 01:27:04,044 - Using data directory: data/2025-03-21_01-27-02
2025-03-21 01:27:04,044 - Looking for previous data in: data
2025-03-21 01:27:04,045 - Loading previous data from: data/2025-03-20_01-25-09/morphosource_data_complete.json
2025-03-21 01:27:04,414 - Loaded 105658 records from previous data file
2025-03-21 01:27:04,414 - Latest stored record ID: 000722070
2025-03-21 01:27:04,414 - Previous record count: 105658
2025-03-21 01:27:04,414 - Fetching page 1
2025-03-21 01:27:07,754 - Found record 000722547 - Total records: 1
2025-03-21 01:27:07,755 - Found record 000722538 - Total records: 2
2025-03-21 01:27:07,755 - Found record 000722532 - Total records: 3
2025-03-21 01:27:07,755 - Found record 000722523 - Total records: 4
2025-03-21 01:27:07,756 - Found record 000722512 - Total records: 5
2025-03-21 01:27:07,756 - Found record 000722505 - Total records: 6
2025-03-21 01:27:07,756 - Found record 000722495 - Total records: 7
2025-03-21 01:27:07,756 - Found record 000722487 - Total records: 8
2025-03-21 01:27:07,757 - Found record 000722482 - Total records: 9
2025-03-21 01:27:07,757 - Found record 000722476 - Total records: 10
2025-03-21 01:27:07,757 - Found record 000722470 - Total records: 11
2025-03-21 01:27:07,758 - Found record 000722467 - Total records: 12
2025-03-21 01:27:07,758 - Found record 000722418 - Total records: 13
2025-03-21 01:27:07,758 - Found record 000722413 - Total records: 14
2025-03-21 01:27:07,758 - Found record 000722193 - Total records: 15
2025-03-21 01:27:07,759 - Found record 000722142 - Total records: 16
2025-03-21 01:27:07,759 - Found record 000722137 - Total records: 17
2025-03-21 01:27:07,759 - Found record 000722070 - Total records: 18
2025-03-21 01:27:07,759 - Found latest stored record 000722070 - stopping fetch
2025-03-21 01:27:07,759 - Completed fetch - Found 18 new records
2025-03-21 01:27:07,760 - Latest webpage record ID: 000722547
2025-03-21 01:27:07,760 - New records available - latest records differ
2025-03-21 01:27:07,932 - New records: 18
2025-03-21 01:27:07,933 - Previous records: 105658
2025-03-21 01:27:07,933 - Combined records: 105675
2025-03-21 01:27:09,484 - Saved 105675 records to: data/2025-03-21_01-27-02/morphosource_data_complete.json
2025-03-21 01:27:09,484 - Created detailed release notes at: data/2025-03-21_01-27-02/release_notes.txt
