2025-09-16 01:25:48,036 - Data directory: data/2025-09-16_01-25-46
2025-09-16 01:25:48,037 - Output directory: data/2025-09-16_01-25-46
2025-09-16 01:25:48,037 - Using data directory: data/2025-09-16_01-25-46
2025-09-16 01:25:48,037 - Looking for previous data in: data
2025-09-16 01:25:48,039 - Loading previous data from: data/2025-09-15_01-41-03/morphosource_data_complete.json
2025-09-16 01:25:48,471 - Loaded 108645 records from previous data file
2025-09-16 01:25:48,471 - Latest stored record ID: 000779171
2025-09-16 01:25:48,471 - Previous record count: 108645
2025-09-16 01:25:48,471 - Fetching page 1
2025-09-16 01:25:52,679 - Found record 000779414 - Total records: 1
2025-09-16 01:25:52,679 - Found record 000779278 - Total records: 2
2025-09-16 01:25:52,680 - Found record 000779248 - Total records: 3
2025-09-16 01:25:52,680 - Found record 000779245 - Total records: 4
2025-09-16 01:25:52,681 - Found record 000779240 - Total records: 5
2025-09-16 01:25:52,681 - Found record 000779234 - Total records: 6
2025-09-16 01:25:52,681 - Found record 000779222 - Total records: 7
2025-09-16 01:25:52,682 - Found record 000779219 - Total records: 8
2025-09-16 01:25:52,682 - Found record 000779216 - Total records: 9
2025-09-16 01:25:52,682 - Found record 000779213 - Total records: 10
2025-09-16 01:25:52,683 - Found record 000779210 - Total records: 11
2025-09-16 01:25:52,683 - Found record 000779207 - Total records: 12
2025-09-16 01:25:52,683 - Found record 000779204 - Total records: 13
2025-09-16 01:25:52,684 - Found record 000779171 - Total records: 14
2025-09-16 01:25:52,684 - Found latest stored record 000779171 - stopping fetch
2025-09-16 01:25:52,684 - Completed fetch - Found 14 new records
2025-09-16 01:25:52,685 - Latest webpage record ID: 000779414
2025-09-16 01:25:52,685 - New records available - latest records differ
2025-09-16 01:25:52,867 - New records: 14
2025-09-16 01:25:52,867 - Previous records: 108645
2025-09-16 01:25:52,867 - Combined records: 108658
2025-09-16 01:25:54,478 - Saved 108658 records to: data/2025-09-16_01-25-46/morphosource_data_complete.json
2025-09-16 01:25:54,478 - Created detailed release notes at: data/2025-09-16_01-25-46/release_notes.txt
