2026-05-29 00:59:13,576 - Data directory: data/2026-05-29_00-59-10
2026-05-29 00:59:13,576 - Output directory: data/2026-05-29_00-59-10
2026-05-29 00:59:13,576 - Fetch all mode: True
2026-05-29 00:59:13,576 - Using data directory: data/2026-05-29_00-59-10
2026-05-29 00:59:13,576 - Looking for previous data in: data
2026-05-29 00:59:13,582 - Loading previous data from: data/2025-10-06_01-28-33/morphosource_data_complete.json
2026-05-29 00:59:13,948 - Loaded 108782 records from previous data file
2026-05-29 00:59:13,948 - Latest stored record ID: 000781814
2026-05-29 00:59:13,948 - Previous record count: 108782
2026-05-29 00:59:13,948 - === FULL FETCH MODE: Collecting all records from all pages ===
2026-05-29 00:59:13,948 - Fetching page 1 via API
2026-05-29 00:59:14,642 - API error on page 1: Network error: Expecting value: line 1 column 1 (char 0) (error 1/5)
2026-05-29 00:59:19,647 - Fetching page 1 via API
2026-05-29 00:59:19,693 - API error on page 1: Network error: Expecting value: line 1 column 1 (char 0) (error 2/5)
2026-05-29 00:59:24,698 - Fetching page 1 via API
2026-05-29 00:59:24,743 - API error on page 1: Network error: Expecting value: line 1 column 1 (char 0) (error 3/5)
2026-05-29 00:59:29,749 - Fetching page 1 via API
2026-05-29 00:59:29,796 - API error on page 1: Network error: Expecting value: line 1 column 1 (char 0) (error 4/5)
2026-05-29 00:59:34,801 - Fetching page 1 via API
2026-05-29 00:59:34,847 - API error on page 1: Network error: Expecting value: line 1 column 1 (char 0) (error 5/5)
2026-05-29 00:59:34,847 - Error getting records: Network error: Expecting value: line 1 column 1 (char 0)
2026-05-29 00:59:34,847 - Error in daily check: Network error: Expecting value: line 1 column 1 (char 0)
