2026-05-28 00:51:34,308 - Data directory: data/2026-05-28_00-51-31
2026-05-28 00:51:34,308 - Output directory: data/2026-05-28_00-51-31
2026-05-28 00:51:34,308 - Fetch all mode: True
2026-05-28 00:51:34,309 - Using data directory: data/2026-05-28_00-51-31
2026-05-28 00:51:34,309 - Looking for previous data in: data
2026-05-28 00:51:34,315 - Loading previous data from: data/2025-10-06_01-28-33/morphosource_data_complete.json
2026-05-28 00:51:34,704 - Loaded 108782 records from previous data file
2026-05-28 00:51:34,704 - Latest stored record ID: 000781814
2026-05-28 00:51:34,704 - Previous record count: 108782
2026-05-28 00:51:34,704 - === FULL FETCH MODE: Collecting all records from all pages ===
2026-05-28 00:51:34,704 - Fetching page 1 via API
2026-05-28 00:51:35,581 - API error on page 1: Network error: Expecting value: line 1 column 1 (char 0) (error 1/5)
2026-05-28 00:51:40,586 - Fetching page 1 via API
2026-05-28 00:51:40,653 - API error on page 1: Network error: Expecting value: line 1 column 1 (char 0) (error 2/5)
2026-05-28 00:51:45,658 - Fetching page 1 via API
2026-05-28 00:51:45,727 - API error on page 1: Network error: Expecting value: line 1 column 1 (char 0) (error 3/5)
2026-05-28 00:51:50,732 - Fetching page 1 via API
2026-05-28 00:51:50,800 - API error on page 1: Network error: Expecting value: line 1 column 1 (char 0) (error 4/5)
2026-05-28 00:51:55,802 - Fetching page 1 via API
2026-05-28 00:51:55,869 - API error on page 1: Network error: Expecting value: line 1 column 1 (char 0) (error 5/5)
2026-05-28 00:51:55,869 - Error getting records: Network error: Expecting value: line 1 column 1 (char 0)
2026-05-28 00:51:55,869 - Error in daily check: Network error: Expecting value: line 1 column 1 (char 0)
