2025-06-27 01:46:45,876 - Data directory: data/2025-06-27_01-46-42
2025-06-27 01:46:45,876 - Output directory: data/2025-06-27_01-46-42
2025-06-27 01:46:45,876 - Using data directory: data/2025-06-27_01-46-42
2025-06-27 01:46:45,876 - Looking for previous data in: data
2025-06-27 01:46:45,878 - Loading previous data from: data/2025-06-26_01-45-24/morphosource_data_complete.json
2025-06-27 01:46:45,884 - Loaded 1763 records from previous data file
2025-06-27 01:46:45,885 - Latest stored record ID: 000757297
2025-06-27 01:46:45,885 - Previous record count: 1763
2025-06-27 01:46:45,885 - Fetching page 1
2025-06-27 01:46:48,100 - Found record 000757626 - Total records: 1
2025-06-27 01:46:48,101 - Found record 000757621 - Total records: 2
2025-06-27 01:46:48,101 - Found record 000757618 - Total records: 3
2025-06-27 01:46:48,101 - Found record 000757615 - Total records: 4
2025-06-27 01:46:48,102 - Found record 000757612 - Total records: 5
2025-06-27 01:46:48,102 - Found record 000757609 - Total records: 6
2025-06-27 01:46:48,102 - Found record 000757591 - Total records: 7
2025-06-27 01:46:48,103 - Found record 000757588 - Total records: 8
2025-06-27 01:46:48,103 - Found record 000757585 - Total records: 9
2025-06-27 01:46:48,104 - Found record 000757582 - Total records: 10
2025-06-27 01:46:48,104 - Found record 000757579 - Total records: 11
2025-06-27 01:46:48,104 - Found record 000757567 - Total records: 12
2025-06-27 01:46:48,105 - Found record 000757564 - Total records: 13
2025-06-27 01:46:48,105 - Found record 000757561 - Total records: 14
2025-06-27 01:46:48,105 - Found record 000757558 - Total records: 15
2025-06-27 01:46:48,106 - Found record 000757551 - Total records: 16
2025-06-27 01:46:48,106 - Found record 000757548 - Total records: 17
2025-06-27 01:46:48,107 - Found record 000757543 - Total records: 18
2025-06-27 01:46:48,107 - Found record 000757538 - Total records: 19
2025-06-27 01:46:48,107 - Found record 000757534 - Total records: 20
2025-06-27 01:46:48,108 - Found record 000757532 - Total records: 21
2025-06-27 01:46:48,108 - Found record 000757521 - Total records: 22
2025-06-27 01:46:48,108 - Found record 000757518 - Total records: 23
2025-06-27 01:46:48,109 - Found record 000757515 - Total records: 24
2025-06-27 01:46:48,109 - Found record 000757507 - Total records: 25
2025-06-27 01:46:48,110 - Found record 000757498 - Total records: 26
2025-06-27 01:46:48,110 - Found record 000757494 - Total records: 27
2025-06-27 01:46:48,110 - Found record 000757484 - Total records: 28
2025-06-27 01:46:48,111 - Found record 000757477 - Total records: 29
2025-06-27 01:46:48,111 - Found record 000757473 - Total records: 30
2025-06-27 01:46:48,111 - Found record 000757350 - Total records: 31
2025-06-27 01:46:48,112 - Found record 000757332 - Total records: 32
2025-06-27 01:46:48,112 - Found record 000757312 - Total records: 33
2025-06-27 01:46:48,112 - Found record 000757301 - Total records: 34
2025-06-27 01:46:48,113 - Found record 000757297 - Total records: 35
2025-06-27 01:46:48,113 - Found latest stored record 000757297 - stopping fetch
2025-06-27 01:46:48,113 - Completed fetch - Found 35 new records
2025-06-27 01:46:48,113 - Latest webpage record ID: 000757626
2025-06-27 01:46:48,113 - New records available - latest records differ
2025-06-27 01:46:48,118 - New records: 35
2025-06-27 01:46:48,118 - Previous records: 1763
2025-06-27 01:46:48,118 - Combined records: 1797
2025-06-27 01:46:48,144 - Saved 1797 records to: data/2025-06-27_01-46-42/morphosource_data_complete.json
2025-06-27 01:46:48,145 - Created detailed release notes at: data/2025-06-27_01-46-42/release_notes.txt
