2025-01-30 22:32:15,925 - Data directory: data/2025-01-30_22-32-15
2025-01-30 22:32:15,925 - Output directory: data/2025-01-30_22-32-15
2025-01-30 22:32:15,925 - Using data directory: data/2025-01-30_22-32-15
2025-01-30 22:32:15,925 - Looking for previous data in: data
2025-01-30 22:32:15,925 - Loading previous data from: data/2025-01-27_01-34-38/morphosource_data_complete.json
2025-01-30 22:32:16,305 - Loaded 104398 records from previous data file
2025-01-30 22:32:16,305 - Latest stored record ID: 000704255
2025-01-30 22:32:16,305 - Previous record count: 104398
2025-01-30 22:32:16,305 - Fetching page 1
2025-01-30 22:32:18,567 - Found record 000705639 - Total records: 1
2025-01-30 22:32:18,567 - Found record 000705613 - Total records: 2
2025-01-30 22:32:18,567 - Found record 000705609 - Total records: 3
2025-01-30 22:32:18,568 - Found record 000705605 - Total records: 4
2025-01-30 22:32:18,568 - Found record 000705594 - Total records: 5
2025-01-30 22:32:18,568 - Found record 000705592 - Total records: 6
2025-01-30 22:32:18,569 - Found record 000705580 - Total records: 7
2025-01-30 22:32:18,569 - Found record 000705568 - Total records: 8
2025-01-30 22:32:18,569 - Found record 000705560 - Total records: 9
2025-01-30 22:32:18,570 - Found record 000705559 - Total records: 10
2025-01-30 22:32:18,570 - Found record 000705558 - Total records: 11
2025-01-30 22:32:18,570 - Found record 000705557 - Total records: 12
2025-01-30 22:32:18,571 - Found record 000705556 - Total records: 13
2025-01-30 22:32:18,571 - Found record 000705542 - Total records: 14
2025-01-30 22:32:18,571 - Found record 000705534 - Total records: 15
2025-01-30 22:32:18,572 - Found record 000705524 - Total records: 16
2025-01-30 22:32:18,572 - Found record 000705502 - Total records: 17
2025-01-30 22:32:18,572 - Found record 000705496 - Total records: 18
2025-01-30 22:32:18,573 - Found record 000705476 - Total records: 19
2025-01-30 22:32:18,573 - Found record 000705475 - Total records: 20
2025-01-30 22:32:18,573 - Found record 000705474 - Total records: 21
2025-01-30 22:32:18,574 - Found record 000705465 - Total records: 22
2025-01-30 22:32:18,574 - Found record 000705435 - Total records: 23
2025-01-30 22:32:18,574 - Found record 000705424 - Total records: 24
2025-01-30 22:32:18,575 - Found record 000705420 - Total records: 25
2025-01-30 22:32:18,575 - Found record 000705419 - Total records: 26
2025-01-30 22:32:18,575 - Found record 000705401 - Total records: 27
2025-01-30 22:32:18,576 - Found record 000705168 - Total records: 28
2025-01-30 22:32:18,576 - Found record 000705146 - Total records: 29
2025-01-30 22:32:18,576 - Found record 000705130 - Total records: 30
2025-01-30 22:32:18,577 - Found record 000705114 - Total records: 31
2025-01-30 22:32:18,577 - Found record 000705106 - Total records: 32
2025-01-30 22:32:18,577 - Found record 000705095 - Total records: 33
2025-01-30 22:32:18,578 - Found record 000705061 - Total records: 34
2025-01-30 22:32:18,578 - Found record 000705058 - Total records: 35
2025-01-30 22:32:18,578 - Found record 000705055 - Total records: 36
2025-01-30 22:32:18,579 - Found record 000705052 - Total records: 37
2025-01-30 22:32:18,579 - Found record 000705049 - Total records: 38
2025-01-30 22:32:18,579 - Found record 000705046 - Total records: 39
2025-01-30 22:32:18,580 - Found record 000705043 - Total records: 40
2025-01-30 22:32:18,580 - Found record 000704987 - Total records: 41
2025-01-30 22:32:18,580 - Found record 000704986 - Total records: 42
2025-01-30 22:32:18,581 - Found record 000704985 - Total records: 43
2025-01-30 22:32:18,581 - Found record 000704969 - Total records: 44
2025-01-30 22:32:18,581 - Found record 000704948 - Total records: 45
2025-01-30 22:32:18,581 - Found record 000704941 - Total records: 46
2025-01-30 22:32:18,582 - Found record 000704940 - Total records: 47
2025-01-30 22:32:18,582 - Found record 000704933 - Total records: 48
2025-01-30 22:32:18,582 - Found record 000704931 - Total records: 49
2025-01-30 22:32:18,583 - Found record 000704925 - Total records: 50
2025-01-30 22:32:18,583 - Found record 000704924 - Total records: 51
2025-01-30 22:32:18,584 - Found record 000704913 - Total records: 52
2025-01-30 22:32:18,584 - Found record 000704907 - Total records: 53
2025-01-30 22:32:18,584 - Found record 000704893 - Total records: 54
2025-01-30 22:32:18,585 - Found record 000704874 - Total records: 55
2025-01-30 22:32:18,585 - Found record 000704872 - Total records: 56
2025-01-30 22:32:18,585 - Found record 000704871 - Total records: 57
2025-01-30 22:32:18,586 - Found record 000704863 - Total records: 58
2025-01-30 22:32:18,586 - Found record 000704859 - Total records: 59
2025-01-30 22:32:18,586 - Found record 000704856 - Total records: 60
2025-01-30 22:32:18,587 - Found record 000704853 - Total records: 61
2025-01-30 22:32:18,587 - Found record 000704850 - Total records: 62
2025-01-30 22:32:18,588 - Found record 000704845 - Total records: 63
2025-01-30 22:32:18,588 - Found record 000704840 - Total records: 64
2025-01-30 22:32:18,588 - Found record 000704835 - Total records: 65
2025-01-30 22:32:18,589 - Found record 000704830 - Total records: 66
2025-01-30 22:32:18,589 - Found record 000704825 - Total records: 67
2025-01-30 22:32:18,589 - Found record 000704807 - Total records: 68
2025-01-30 22:32:18,590 - Found record 000704806 - Total records: 69
2025-01-30 22:32:18,590 - Found record 000704805 - Total records: 70
2025-01-30 22:32:18,590 - Found record 000704797 - Total records: 71
2025-01-30 22:32:18,591 - Found record 000704792 - Total records: 72
2025-01-30 22:32:18,591 - Found record 000704787 - Total records: 73
2025-01-30 22:32:18,592 - Found record 000704782 - Total records: 74
2025-01-30 22:32:18,592 - Found record 000704765 - Total records: 75
2025-01-30 22:32:18,592 - Found record 000704761 - Total records: 76
2025-01-30 22:32:18,593 - Found record 000704720 - Total records: 77
2025-01-30 22:32:18,593 - Found record 000704700 - Total records: 78
2025-01-30 22:32:18,593 - Found record 000704693 - Total records: 79
2025-01-30 22:32:18,594 - Found record 000704682 - Total records: 80
2025-01-30 22:32:18,594 - Found record 000704675 - Total records: 81
2025-01-30 22:32:18,594 - Found record 000704666 - Total records: 82
2025-01-30 22:32:18,595 - Found record 000704661 - Total records: 83
2025-01-30 22:32:18,595 - Found record 000704656 - Total records: 84
2025-01-30 22:32:18,595 - Found record 000704644 - Total records: 85
2025-01-30 22:32:18,596 - Found record 000704638 - Total records: 86
2025-01-30 22:32:18,596 - Found record 000704631 - Total records: 87
2025-01-30 22:32:18,597 - Found record 000704626 - Total records: 88
2025-01-30 22:32:18,597 - Found record 000704611 - Total records: 89
2025-01-30 22:32:18,597 - Found record 000704607 - Total records: 90
2025-01-30 22:32:18,598 - Found record 000704602 - Total records: 91
2025-01-30 22:32:18,598 - Found record 000704593 - Total records: 92
2025-01-30 22:32:18,598 - Found record 000704577 - Total records: 93
2025-01-30 22:32:18,599 - Found record 000704575 - Total records: 94
2025-01-30 22:32:18,599 - Found record 000704568 - Total records: 95
2025-01-30 22:32:18,599 - Found record 000704565 - Total records: 96
2025-01-30 22:32:18,600 - Found record 000704562 - Total records: 97
2025-01-30 22:32:18,600 - Found record 000704543 - Total records: 98
2025-01-30 22:32:18,601 - Found record 000704535 - Total records: 99
2025-01-30 22:32:18,601 - Found record 000704527 - Total records: 100
2025-01-30 22:32:19,602 - Fetching page 2
2025-01-30 22:32:22,175 - Found record 000704519 - Total records: 101
2025-01-30 22:32:22,175 - Found record 000704398 - Total records: 102
2025-01-30 22:32:22,175 - Found record 000704393 - Total records: 103
2025-01-30 22:32:22,176 - Found record 000704388 - Total records: 104
2025-01-30 22:32:22,176 - Found record 000704255 - Total records: 105
2025-01-30 22:32:22,176 - Found latest stored record 000704255 - stopping fetch
2025-01-30 22:32:22,176 - Completed fetch - Found 105 new records
2025-01-30 22:32:22,177 - Latest webpage record ID: 000705639
2025-01-30 22:32:22,177 - New records available - latest records differ
2025-01-30 22:32:22,194 - New records: 104
2025-01-30 22:32:22,194 - Removed records: 104397
2025-01-30 22:32:22,196 - Saved 105 records to: data/2025-01-30_22-32-15/morphosource_data_complete.json
2025-01-30 22:32:22,196 - Created detailed release notes at: data/2025-01-30_22-32-15/release_notes.txt
2025-01-30 22:32:22,250 - Created 'new records' release notes at: data/2025-01-30_22-32-15/release_notes.txt
