2025-09-01 01:51:11,309 - Data directory: data/2025-09-01_01-51-07
2025-09-01 01:51:11,309 - Output directory: data/2025-09-01_01-51-07
2025-09-01 01:51:11,310 - Using data directory: data/2025-09-01_01-51-07
2025-09-01 01:51:11,310 - Looking for previous data in: data
2025-09-01 01:51:11,312 - Loading previous data from: data/2025-08-31_01-41-51/morphosource_data_complete.json
2025-09-01 01:51:11,734 - Loaded 108186 records from previous data file
2025-09-01 01:51:11,734 - Latest stored record ID: 000774221
2025-09-01 01:51:11,734 - Previous record count: 108186
2025-09-01 01:51:11,735 - Fetching page 1
2025-09-01 01:51:13,853 - Found record 000774358 - Total records: 1
2025-09-01 01:51:13,853 - Found record 000774355 - Total records: 2
2025-09-01 01:51:13,853 - Found record 000774336 - Total records: 3
2025-09-01 01:51:13,854 - Found record 000774221 - Total records: 4
2025-09-01 01:51:13,854 - Found latest stored record 000774221 - stopping fetch
2025-09-01 01:51:13,854 - Completed fetch - Found 4 new records
2025-09-01 01:51:13,855 - Latest webpage record ID: 000774358
2025-09-01 01:51:13,855 - New records available - latest records differ
2025-09-01 01:51:13,953 - New records: 4
2025-09-01 01:51:13,953 - Previous records: 108186
2025-09-01 01:51:13,953 - Combined records: 108189
2025-09-01 01:51:15,498 - Saved 108189 records to: data/2025-09-01_01-51-07/morphosource_data_complete.json
2025-09-01 01:51:15,498 - Created detailed release notes at: data/2025-09-01_01-51-07/release_notes.txt
