2025-05-31 01:40:26,641 - Data directory: data/2025-05-31_01-40-25
2025-05-31 01:40:26,641 - Output directory: data/2025-05-31_01-40-25
2025-05-31 01:40:26,642 - Using data directory: data/2025-05-31_01-40-25
2025-05-31 01:40:26,642 - Looking for previous data in: data
2025-05-31 01:40:26,643 - Loading previous data from: data/2025-05-30_01-40-41/morphosource_data_complete.json
2025-05-31 01:40:26,647 - Loaded 1047 records from previous data file
2025-05-31 01:40:26,647 - Latest stored record ID: 000747814
2025-05-31 01:40:26,647 - Previous record count: 1047
2025-05-31 01:40:26,647 - Fetching page 1
2025-05-31 01:40:33,852 - Found record 000748021 - Total records: 1
2025-05-31 01:40:33,853 - Found record 000748017 - Total records: 2
2025-05-31 01:40:33,853 - Found record 000748009 - Total records: 3
2025-05-31 01:40:33,854 - Found record 000748000 - Total records: 4
2025-05-31 01:40:33,854 - Found record 000747993 - Total records: 5
2025-05-31 01:40:33,855 - Found record 000747988 - Total records: 6
2025-05-31 01:40:33,855 - Found record 000747983 - Total records: 7
2025-05-31 01:40:33,855 - Found record 000747975 - Total records: 8
2025-05-31 01:40:33,856 - Found record 000747971 - Total records: 9
2025-05-31 01:40:33,856 - Found record 000747956 - Total records: 10
2025-05-31 01:40:33,856 - Found record 000747949 - Total records: 11
2025-05-31 01:40:33,857 - Found record 000747944 - Total records: 12
2025-05-31 01:40:33,857 - Found record 000747937 - Total records: 13
2025-05-31 01:40:33,858 - Found record 000747932 - Total records: 14
2025-05-31 01:40:33,858 - Found record 000747924 - Total records: 15
2025-05-31 01:40:33,858 - Found record 000747923 - Total records: 16
2025-05-31 01:40:33,859 - Found record 000747911 - Total records: 17
2025-05-31 01:40:33,859 - Found record 000747902 - Total records: 18
2025-05-31 01:40:33,859 - Found record 000747891 - Total records: 19
2025-05-31 01:40:33,860 - Found record 000747889 - Total records: 20
2025-05-31 01:40:33,860 - Found record 000747878 - Total records: 21
2025-05-31 01:40:33,860 - Found record 000747871 - Total records: 22
2025-05-31 01:40:33,861 - Found record 000747837 - Total records: 23
2025-05-31 01:40:33,861 - Found record 000747814 - Total records: 24
2025-05-31 01:40:33,861 - Found latest stored record 000747814 - stopping fetch
2025-05-31 01:40:33,861 - Completed fetch - Found 24 new records
2025-05-31 01:40:33,862 - Latest webpage record ID: 000748021
2025-05-31 01:40:33,862 - New records available - latest records differ
2025-05-31 01:40:33,864 - New records: 24
2025-05-31 01:40:33,864 - Previous records: 1047
2025-05-31 01:40:33,864 - Combined records: 1070
2025-05-31 01:40:33,880 - Saved 1070 records to: data/2025-05-31_01-40-25/morphosource_data_complete.json
2025-05-31 01:40:33,881 - Created detailed release notes at: data/2025-05-31_01-40-25/release_notes.txt
