2025-10-02 01:26:17,923 - Data directory: data/2025-10-02_01-26-12
2025-10-02 01:26:17,923 - Output directory: data/2025-10-02_01-26-12
2025-10-02 01:26:17,923 - Using data directory: data/2025-10-02_01-26-12
2025-10-02 01:26:17,924 - Looking for previous data in: data
2025-10-02 01:26:17,926 - Loading previous data from: data/2025-10-01_01-45-03/morphosource_data_complete.json
2025-10-02 01:26:18,389 - Loaded 108754 records from previous data file
2025-10-02 01:26:18,389 - Latest stored record ID: 000781242
2025-10-02 01:26:18,390 - Previous record count: 108754
2025-10-02 01:26:18,390 - Fetching page 1
2025-10-02 01:26:42,167 - Found record 000781295 - Total records: 1
2025-10-02 01:26:42,167 - Found record 000781279 - Total records: 2
2025-10-02 01:26:42,168 - Found record 000781268 - Total records: 3
2025-10-02 01:26:42,168 - Found record 000781254 - Total records: 4
2025-10-02 01:26:42,168 - Found record 000781242 - Total records: 5
2025-10-02 01:26:42,168 - Found latest stored record 000781242 - stopping fetch
2025-10-02 01:26:42,168 - Completed fetch - Found 5 new records
2025-10-02 01:26:42,169 - Latest webpage record ID: 000781295
2025-10-02 01:26:42,170 - New records available - latest records differ
2025-10-02 01:26:42,289 - New records: 5
2025-10-02 01:26:42,289 - Previous records: 108754
2025-10-02 01:26:42,289 - Combined records: 108758
2025-10-02 01:26:43,891 - Saved 108758 records to: data/2025-10-02_01-26-12/morphosource_data_complete.json
2025-10-02 01:26:43,891 - Created detailed release notes at: data/2025-10-02_01-26-12/release_notes.txt
