2025-09-18 01:25:56,828 - Data directory: data/2025-09-18_01-25-54
2025-09-18 01:25:56,828 - Output directory: data/2025-09-18_01-25-54
2025-09-18 01:25:56,829 - Using data directory: data/2025-09-18_01-25-54
2025-09-18 01:25:56,829 - Looking for previous data in: data
2025-09-18 01:25:56,831 - Loading previous data from: data/2025-09-17_01-26-04/morphosource_data_complete.json
2025-09-18 01:25:57,277 - Loaded 108659 records from previous data file
2025-09-18 01:25:57,278 - Latest stored record ID: 000779619
2025-09-18 01:25:57,278 - Previous record count: 108659
2025-09-18 01:25:57,278 - Fetching page 1
2025-09-18 01:26:04,532 - Found record 000779801 - Total records: 1
2025-09-18 01:26:04,533 - Found record 000779796 - Total records: 2
2025-09-18 01:26:04,533 - Found record 000779792 - Total records: 3
2025-09-18 01:26:04,534 - Found record 000779784 - Total records: 4
2025-09-18 01:26:04,534 - Found record 000779779 - Total records: 5
2025-09-18 01:26:04,534 - Found record 000779769 - Total records: 6
2025-09-18 01:26:04,535 - Found record 000779761 - Total records: 7
2025-09-18 01:26:04,535 - Found record 000779759 - Total records: 8
2025-09-18 01:26:04,536 - Found record 000779726 - Total records: 9
2025-09-18 01:26:04,536 - Found record 000779619 - Total records: 10
2025-09-18 01:26:04,536 - Found latest stored record 000779619 - stopping fetch
2025-09-18 01:26:04,536 - Completed fetch - Found 10 new records
2025-09-18 01:26:04,537 - Latest webpage record ID: 000779801
2025-09-18 01:26:04,537 - New records available - latest records differ
2025-09-18 01:26:04,681 - New records: 10
2025-09-18 01:26:04,681 - Previous records: 108659
2025-09-18 01:26:04,682 - Combined records: 108668
2025-09-18 01:26:06,281 - Saved 108668 records to: data/2025-09-18_01-25-54/morphosource_data_complete.json
2025-09-18 01:26:06,282 - Created detailed release notes at: data/2025-09-18_01-25-54/release_notes.txt
