2026-05-22 00:55:20,241 - Data directory: data/2026-05-22_00-55-17
2026-05-22 00:55:20,241 - Output directory: data/2026-05-22_00-55-17
2026-05-22 00:55:20,242 - Fetch all mode: True
2026-05-22 00:55:20,242 - Using data directory: data/2026-05-22_00-55-17
2026-05-22 00:55:20,242 - Looking for previous data in: data
2026-05-22 00:55:20,249 - Loading previous data from: data/2025-10-06_01-28-33/morphosource_data_complete.json
2026-05-22 00:55:20,638 - Loaded 108782 records from previous data file
2026-05-22 00:55:20,638 - Latest stored record ID: 000781814
2026-05-22 00:55:20,638 - Previous record count: 108782
2026-05-22 00:55:20,638 - === FULL FETCH MODE: Collecting all records from all pages ===
2026-05-22 00:55:20,638 - Fetching page 1 via API
2026-05-22 00:55:20,968 - API error on page 1: Network error: Expecting value: line 1 column 1 (char 0) (error 1/5)
2026-05-22 00:55:25,973 - Fetching page 1 via API
2026-05-22 00:55:25,997 - API error on page 1: Network error: Expecting value: line 1 column 1 (char 0) (error 2/5)
2026-05-22 00:55:31,002 - Fetching page 1 via API
2026-05-22 00:55:31,025 - API error on page 1: Network error: Expecting value: line 1 column 1 (char 0) (error 3/5)
2026-05-22 00:55:36,030 - Fetching page 1 via API
2026-05-22 00:55:36,054 - API error on page 1: Network error: Expecting value: line 1 column 1 (char 0) (error 4/5)
2026-05-22 00:55:41,059 - Fetching page 1 via API
2026-05-22 00:55:41,083 - API error on page 1: Network error: Expecting value: line 1 column 1 (char 0) (error 5/5)
2026-05-22 00:55:41,083 - Error getting records: Network error: Expecting value: line 1 column 1 (char 0)
2026-05-22 00:55:41,083 - Error in daily check: Network error: Expecting value: line 1 column 1 (char 0)
