2025-04-19 01:26:07,324 - Data directory: data/2025-04-19_01-26-03
2025-04-19 01:26:07,324 - Output directory: data/2025-04-19_01-26-03
2025-04-19 01:26:07,324 - Using data directory: data/2025-04-19_01-26-03
2025-04-19 01:26:07,325 - Looking for previous data in: data
2025-04-19 01:26:07,326 - Loading previous data from: data/2025-04-18_01-28-12/morphosource_data_complete.json
2025-04-19 01:26:07,328 - Loaded 643 records from previous data file
2025-04-19 01:26:07,328 - Latest stored record ID: 000731474
2025-04-19 01:26:07,328 - Previous record count: 643
2025-04-19 01:26:07,328 - Fetching page 1
2025-04-19 01:26:09,753 - Found record 000731594 - Total records: 1
2025-04-19 01:26:09,754 - Found record 000731589 - Total records: 2
2025-04-19 01:26:09,754 - Found record 000731584 - Total records: 3
2025-04-19 01:26:09,754 - Found record 000731578 - Total records: 4
2025-04-19 01:26:09,755 - Found record 000731572 - Total records: 5
2025-04-19 01:26:09,755 - Found record 000731567 - Total records: 6
2025-04-19 01:26:09,756 - Found record 000731561 - Total records: 7
2025-04-19 01:26:09,756 - Found record 000731555 - Total records: 8
2025-04-19 01:26:09,756 - Found record 000731552 - Total records: 9
2025-04-19 01:26:09,757 - Found record 000731546 - Total records: 10
2025-04-19 01:26:09,757 - Found record 000731540 - Total records: 11
2025-04-19 01:26:09,757 - Found record 000731536 - Total records: 12
2025-04-19 01:26:09,758 - Found record 000731531 - Total records: 13
2025-04-19 01:26:09,758 - Found record 000731527 - Total records: 14
2025-04-19 01:26:09,758 - Found record 000731522 - Total records: 15
2025-04-19 01:26:09,759 - Found record 000731518 - Total records: 16
2025-04-19 01:26:09,759 - Found record 000731507 - Total records: 17
2025-04-19 01:26:09,759 - Found record 000731503 - Total records: 18
2025-04-19 01:26:09,760 - Found record 000731474 - Total records: 19
2025-04-19 01:26:09,760 - Found latest stored record 000731474 - stopping fetch
2025-04-19 01:26:09,760 - Completed fetch - Found 19 new records
2025-04-19 01:26:09,760 - Latest webpage record ID: 000731594
2025-04-19 01:26:09,760 - New records available - latest records differ
2025-04-19 01:26:09,761 - New records: 19
2025-04-19 01:26:09,761 - Previous records: 643
2025-04-19 01:26:09,762 - Combined records: 661
2025-04-19 01:26:09,771 - Saved 661 records to: data/2025-04-19_01-26-03/morphosource_data_complete.json
2025-04-19 01:26:09,771 - Created detailed release notes at: data/2025-04-19_01-26-03/release_notes.txt
