2025-08-19 01:42:11,430 - Data directory: data/2025-08-19_01-42-07
2025-08-19 01:42:11,430 - Output directory: data/2025-08-19_01-42-07
2025-08-19 01:42:11,431 - Using data directory: data/2025-08-19_01-42-07
2025-08-19 01:42:11,431 - Looking for previous data in: data
2025-08-19 01:42:11,433 - Loading previous data from: data/2025-08-18_01-53-42/morphosource_data_complete.json
2025-08-19 01:42:11,876 - Loaded 108112 records from previous data file
2025-08-19 01:42:11,877 - Latest stored record ID: 000771066
2025-08-19 01:42:11,877 - Previous record count: 108112
2025-08-19 01:42:11,877 - Fetching page 1
2025-08-19 01:42:15,579 - Found record 000771091 - Total records: 1
2025-08-19 01:42:15,580 - Found record 000771066 - Total records: 2
2025-08-19 01:42:15,580 - Found latest stored record 000771066 - stopping fetch
2025-08-19 01:42:15,580 - Completed fetch - Found 2 new records
2025-08-19 01:42:15,581 - Latest webpage record ID: 000771091
2025-08-19 01:42:15,581 - New records available - latest records differ
2025-08-19 01:42:15,676 - New records: 2
2025-08-19 01:42:15,676 - Previous records: 108112
2025-08-19 01:42:15,676 - Combined records: 108113
2025-08-19 01:42:17,243 - Saved 108113 records to: data/2025-08-19_01-42-07/morphosource_data_complete.json
2025-08-19 01:42:17,244 - Created detailed release notes at: data/2025-08-19_01-42-07/release_notes.txt
