2025-04-16 01:38:46,978 - Data directory: data/2025-04-16_01-38-45
2025-04-16 01:38:46,978 - Output directory: data/2025-04-16_01-38-45
2025-04-16 01:38:46,978 - Using data directory: data/2025-04-16_01-38-45
2025-04-16 01:38:46,978 - Looking for previous data in: data
2025-04-16 01:38:46,979 - Loading previous data from: data/2025-04-15_01-39-00/morphosource_data_complete.json
2025-04-16 01:38:46,981 - Loaded 634 records from previous data file
2025-04-16 01:38:46,981 - Latest stored record ID: 000731066
2025-04-16 01:38:46,981 - Previous record count: 634
2025-04-16 01:38:46,981 - Fetching page 1
2025-04-16 01:38:49,440 - Found record 000731140 - Total records: 1
2025-04-16 01:38:49,440 - Found record 000731066 - Total records: 2
2025-04-16 01:38:49,440 - Found latest stored record 000731066 - stopping fetch
2025-04-16 01:38:49,440 - Completed fetch - Found 2 new records
2025-04-16 01:38:49,441 - Latest webpage record ID: 000731140
2025-04-16 01:38:49,441 - New records available - latest records differ
2025-04-16 01:38:49,441 - New records: 2
2025-04-16 01:38:49,441 - Previous records: 634
2025-04-16 01:38:49,441 - Combined records: 635
2025-04-16 01:38:49,450 - Saved 635 records to: data/2025-04-16_01-38-45/morphosource_data_complete.json
2025-04-16 01:38:49,450 - Created detailed release notes at: data/2025-04-16_01-38-45/release_notes.txt
