2025-01-27 21:12:19,083 - INFO - Using data file: data/2025-01-27_01-34-38/morphosource_data_complete.json
2025-01-27 21:12:19,509 - INFO - Found 104398 URLs to process
2025-01-27 21:12:19,510 - INFO - Starting with: index=145, processed=145, target=170
2025-01-27 21:12:19,510 - INFO - Processing up to 10 records this batch
2025-01-27 21:12:19,510 - INFO - Total target: 170, Remaining: 25
2025-01-27 21:12:19,510 - INFO - Starting at index 145, processed so far: 145
2025-01-27 21:12:19,510 - INFO - Processing batch from index 145 to 155 (total processed so far: 145)
2025-01-27 21:12:19,633 - INFO - Processing record 145 (URL: https://www.morphosource.org/concern/media/000699503?locale=en)
2025-01-27 21:12:19,634 - INFO - Setting up new Chrome driver
2025-01-27 21:12:19,976 - INFO - Processing URL: https://www.morphosource.org/concern/media/000699503?locale=en (Attempt 1/3)
2025-01-27 21:12:19,976 - INFO - Analyzing structure for: https://www.morphosource.org/concern/media/000699503?locale=en
2025-01-27 21:12:23,353 - INFO - Title loaded
2025-01-27 21:12:23,368 - INFO - Content elements found
2025-01-27 21:12:23,388 - INFO - Found media type using showcase layout
2025-01-27 21:12:23,388 - INFO - Detected Layout: showcase
2025-01-27 21:12:23,388 - INFO - Media Type: Mesh
2025-01-27 21:12:24,719 - INFO - Successfully processed https://www.morphosource.org/concern/media/000699503?locale=en (record 145)
2025-01-27 21:12:26,722 - INFO - Processing record 146 (URL: https://www.morphosource.org/concern/media/000699452?locale=en)
2025-01-27 21:12:26,722 - INFO - Processing URL: https://www.morphosource.org/concern/media/000699452?locale=en (Attempt 1/3)
2025-01-27 21:12:26,722 - INFO - Analyzing structure for: https://www.morphosource.org/concern/media/000699452?locale=en
2025-01-27 21:12:28,593 - INFO - Title loaded
2025-01-27 21:12:28,605 - INFO - Content elements found
2025-01-27 21:12:28,616 - INFO - Found media type using showcase layout
2025-01-27 21:12:28,616 - INFO - Detected Layout: showcase
2025-01-27 21:12:28,616 - INFO - Media Type: Volumetric Image Series
2025-01-27 21:12:29,734 - INFO - Successfully processed https://www.morphosource.org/concern/media/000699452?locale=en (record 146)
2025-01-27 21:12:31,736 - INFO - Processing record 147 (URL: https://www.morphosource.org/concern/media/000699383?locale=en)
2025-01-27 21:12:31,736 - INFO - Processing URL: https://www.morphosource.org/concern/media/000699383?locale=en (Attempt 1/3)
2025-01-27 21:12:31,736 - INFO - Analyzing structure for: https://www.morphosource.org/concern/media/000699383?locale=en
2025-01-27 21:12:33,060 - INFO - Title loaded
2025-01-27 21:12:33,073 - INFO - Content elements found
2025-01-27 21:12:33,085 - INFO - Found media type using showcase layout
2025-01-27 21:12:33,085 - INFO - Detected Layout: showcase
2025-01-27 21:12:33,086 - INFO - Media Type: Mesh
2025-01-27 21:13:07,267 - INFO - Successfully processed https://www.morphosource.org/concern/media/000699383?locale=en (record 147)
2025-01-27 21:13:09,269 - INFO - Processing record 148 (URL: https://www.morphosource.org/concern/media/000699333?locale=en)
2025-01-27 21:13:09,269 - INFO - Processing URL: https://www.morphosource.org/concern/media/000699333?locale=en (Attempt 1/3)
2025-01-27 21:13:09,269 - INFO - Analyzing structure for: https://www.morphosource.org/concern/media/000699333?locale=en
2025-01-27 21:13:11,992 - INFO - Title loaded
2025-01-27 21:13:12,003 - INFO - Content elements found
2025-01-27 21:13:12,014 - INFO - Found media type using showcase layout
2025-01-27 21:13:12,015 - INFO - Detected Layout: showcase
2025-01-27 21:13:12,015 - INFO - Media Type: Mesh
2025-01-27 21:13:12,784 - INFO - Successfully processed https://www.morphosource.org/concern/media/000699333?locale=en (record 148)
2025-01-27 21:13:14,784 - INFO - Processing record 149 (URL: https://www.morphosource.org/concern/media/000699265?locale=en)
2025-01-27 21:13:14,785 - INFO - Processing URL: https://www.morphosource.org/concern/media/000699265?locale=en (Attempt 1/3)
2025-01-27 21:13:14,785 - INFO - Analyzing structure for: https://www.morphosource.org/concern/media/000699265?locale=en
2025-01-27 21:13:16,052 - INFO - Title loaded
2025-01-27 21:13:16,073 - INFO - Content elements found
2025-01-27 21:13:16,089 - INFO - Found media type using showcase layout
2025-01-27 21:13:16,089 - INFO - Detected Layout: showcase
2025-01-27 21:13:16,089 - INFO - Media Type: Volumetric Image Series
2025-01-27 21:13:16,888 - INFO - Successfully processed https://www.morphosource.org/concern/media/000699265?locale=en (record 149)
2025-01-27 21:13:18,890 - INFO - Processing record 150 (URL: https://www.morphosource.org/concern/media/000699150?locale=en)
2025-01-27 21:13:18,890 - INFO - Processing URL: https://www.morphosource.org/concern/media/000699150?locale=en (Attempt 1/3)
2025-01-27 21:13:18,890 - INFO - Analyzing structure for: https://www.morphosource.org/concern/media/000699150?locale=en
2025-01-27 21:13:20,405 - INFO - Title loaded
2025-01-27 21:13:20,419 - INFO - Content elements found
2025-01-27 21:13:20,432 - INFO - Found media type using showcase layout
2025-01-27 21:13:20,432 - INFO - Detected Layout: showcase
2025-01-27 21:13:20,432 - INFO - Media Type: Mesh
2025-01-27 21:13:21,378 - INFO - Successfully processed https://www.morphosource.org/concern/media/000699150?locale=en (record 150)
2025-01-27 21:13:23,380 - INFO - Processing record 151 (URL: https://www.morphosource.org/concern/media/000699133?locale=en)
2025-01-27 21:13:23,380 - INFO - Processing URL: https://www.morphosource.org/concern/media/000699133?locale=en (Attempt 1/3)
2025-01-27 21:13:23,380 - INFO - Analyzing structure for: https://www.morphosource.org/concern/media/000699133?locale=en
2025-01-27 21:13:27,369 - INFO - Title loaded
2025-01-27 21:13:27,382 - INFO - Content elements found
2025-01-27 21:13:27,393 - INFO - Found media type using showcase layout
2025-01-27 21:13:27,393 - INFO - Detected Layout: showcase
2025-01-27 21:13:27,393 - INFO - Media Type: Mesh
2025-01-27 21:13:28,339 - INFO - Successfully processed https://www.morphosource.org/concern/media/000699133?locale=en (record 151)
2025-01-27 21:13:30,341 - INFO - Processing record 152 (URL: https://www.morphosource.org/concern/media/000699076?locale=en)
2025-01-27 21:13:30,342 - INFO - Processing URL: https://www.morphosource.org/concern/media/000699076?locale=en (Attempt 1/3)
2025-01-27 21:13:30,342 - INFO - Analyzing structure for: https://www.morphosource.org/concern/media/000699076?locale=en
2025-01-27 21:13:33,933 - INFO - Title loaded
2025-01-27 21:13:33,946 - INFO - Content elements found
2025-01-27 21:13:33,958 - INFO - Found media type using showcase layout
2025-01-27 21:13:33,958 - INFO - Detected Layout: showcase
2025-01-27 21:13:33,958 - INFO - Media Type: Volumetric Image Series
2025-01-27 21:13:35,073 - INFO - Successfully processed https://www.morphosource.org/concern/media/000699076?locale=en (record 152)
2025-01-27 21:13:37,075 - INFO - Processing record 153 (URL: https://www.morphosource.org/concern/media/000699070?locale=en)
2025-01-27 21:13:37,075 - INFO - Processing URL: https://www.morphosource.org/concern/media/000699070?locale=en (Attempt 1/3)
2025-01-27 21:13:37,075 - INFO - Analyzing structure for: https://www.morphosource.org/concern/media/000699070?locale=en
2025-01-27 21:13:38,467 - INFO - Title loaded
2025-01-27 21:13:38,483 - INFO - Content elements found
2025-01-27 21:13:38,502 - INFO - Found media type using showcase layout
2025-01-27 21:13:38,502 - INFO - Detected Layout: showcase
2025-01-27 21:13:38,502 - INFO - Media Type: Volumetric Image Series
2025-01-27 21:13:39,780 - INFO - Successfully processed https://www.morphosource.org/concern/media/000699070?locale=en (record 153)
2025-01-27 21:13:41,782 - INFO - Processing record 154 (URL: https://www.morphosource.org/concern/media/000699063?locale=en)
2025-01-27 21:13:41,782 - INFO - Processing URL: https://www.morphosource.org/concern/media/000699063?locale=en (Attempt 1/3)
2025-01-27 21:13:41,782 - INFO - Analyzing structure for: https://www.morphosource.org/concern/media/000699063?locale=en
2025-01-27 21:13:43,507 - INFO - Title loaded
2025-01-27 21:13:43,522 - INFO - Content elements found
2025-01-27 21:13:43,541 - INFO - Found media type using showcase layout
2025-01-27 21:13:43,541 - INFO - Detected Layout: showcase
2025-01-27 21:13:43,541 - INFO - Media Type: Volumetric Image Series
2025-01-27 21:13:44,752 - INFO - Successfully processed https://www.morphosource.org/concern/media/000699063?locale=en (record 154)
2025-01-27 21:13:46,790 - INFO - Saved 10 records to data/parquet/2025-01-27_21-12-18/morphosource_data_20250127_211346.parquet
2025-01-27 21:13:46,790 - INFO - Columns: url, processed_at, error, media_id, media_type, object_element_or_part, object_represented, object_taxonomy, object_organization, side, orientation, short_description, full_description, creator, date_created, date_uploaded, data_managed_by, data_uploaded_by, publication_status, download_reviewer, ip_holder, copyright_statement, creative_commons_license, morphosource_use_agreement_type, permits_commercial_use, permits_3d_use, required_archival_of_published_derivatives, funding_attribution, publisher, cite_as, media_preview_mode, additional_usage_agreement, morphosource_ark, morphosource_doi, external_identifier, external_media_url, file_name, file_formats, file_size, points, polygons, map_type, uv_coordinates, vertex_color, bounding_box_dimensions, centroid_coordinates, units_of_point_coordinates, number_of_parent_media, number_of_processing_events, derived_directly_from, modality, device, batch_index, attempt, processing_time, image_width, image_height, color_space, color_depth, compression, x_pixel_spacing, y_pixel_spacing, z_pixel_spacing, pixel_spacing_units, slice_thickness, number_of_images_in_set
2025-01-27 21:13:46,881 - INFO - Saved 10 records to data/parquet/2025-01-27_21-12-18/morphosource_data_20250127_211346.parquet
2025-01-27 21:13:46,881 - INFO - Columns: url, processed_at, error, media_id, media_type, object_element_or_part, object_represented, object_taxonomy, object_organization, side, orientation, short_description, full_description, creator, date_created, date_uploaded, data_managed_by, data_uploaded_by, publication_status, download_reviewer, ip_holder, copyright_statement, creative_commons_license, morphosource_use_agreement_type, permits_commercial_use, permits_3d_use, required_archival_of_published_derivatives, funding_attribution, publisher, cite_as, media_preview_mode, additional_usage_agreement, morphosource_ark, morphosource_doi, external_identifier, external_media_url, file_name, file_formats, file_size, points, polygons, map_type, uv_coordinates, vertex_color, bounding_box_dimensions, centroid_coordinates, units_of_point_coordinates, number_of_parent_media, number_of_processing_events, derived_directly_from, modality, device, batch_index, attempt, processing_time, image_width, image_height, color_space, color_depth, compression, x_pixel_spacing, y_pixel_spacing, z_pixel_spacing, pixel_spacing_units, slice_thickness, number_of_images_in_set
2025-01-27 21:13:46,881 - INFO - Processed 10 records in this batch
