2026-05-13 00:52:33,903 - Data directory: data/2026-05-13_00-52-30
2026-05-13 00:52:33,903 - Output directory: data/2026-05-13_00-52-30
2026-05-13 00:52:33,903 - Fetch all mode: True
2026-05-13 00:52:33,903 - Using data directory: data/2026-05-13_00-52-30
2026-05-13 00:52:33,903 - Looking for previous data in: data
2026-05-13 00:52:33,908 - Loading previous data from: data/2025-10-06_01-28-33/morphosource_data_complete.json
2026-05-13 00:52:34,298 - Loaded 108782 records from previous data file
2026-05-13 00:52:34,298 - Latest stored record ID: 000781814
2026-05-13 00:52:34,298 - Previous record count: 108782
2026-05-13 00:52:34,298 - === FULL FETCH MODE: Collecting all records from all pages ===
2026-05-13 00:52:34,298 - Fetching page 1 via API
2026-05-13 00:52:34,905 - API error on page 1: Network error: Expecting value: line 1 column 1 (char 0) (error 1/5)
2026-05-13 00:52:39,910 - Fetching page 1 via API
2026-05-13 00:52:39,964 - API error on page 1: Network error: Expecting value: line 1 column 1 (char 0) (error 2/5)
2026-05-13 00:52:44,970 - Fetching page 1 via API
2026-05-13 00:52:45,023 - API error on page 1: Network error: Expecting value: line 1 column 1 (char 0) (error 3/5)
2026-05-13 00:52:50,028 - Fetching page 1 via API
2026-05-13 00:52:50,082 - API error on page 1: Network error: Expecting value: line 1 column 1 (char 0) (error 4/5)
2026-05-13 00:52:55,087 - Fetching page 1 via API
2026-05-13 00:52:55,141 - API error on page 1: Network error: Expecting value: line 1 column 1 (char 0) (error 5/5)
2026-05-13 00:52:55,141 - Error getting records: Network error: Expecting value: line 1 column 1 (char 0)
2026-05-13 00:52:55,141 - Error in daily check: Network error: Expecting value: line 1 column 1 (char 0)
