2026-06-15 01:06:29,561 - Data directory: data/2026-06-15_01-06-26
2026-06-15 01:06:29,561 - Output directory: data/2026-06-15_01-06-26
2026-06-15 01:06:29,561 - Fetch all mode: True
2026-06-15 01:06:29,562 - Using data directory: data/2026-06-15_01-06-26
2026-06-15 01:06:29,562 - Looking for previous data in: data
2026-06-15 01:06:29,569 - Loading previous data from: data/2025-10-06_01-28-33/morphosource_data_complete.json
2026-06-15 01:06:29,963 - Loaded 108782 records from previous data file
2026-06-15 01:06:29,963 - Latest stored record ID: 000781814
2026-06-15 01:06:29,963 - Previous record count: 108782
2026-06-15 01:06:29,963 - === FULL FETCH MODE: Collecting all records from all pages ===
2026-06-15 01:06:29,963 - Fetching page 1 via API
2026-06-15 01:06:40,426 - Retrying (Retry(total=2, connect=None, read=None, redirect=None, status=None)) after connection broken by 'ConnectTimeoutError(<HTTPSConnection(host='www.morphosource.org', port=443) at 0x7f38b5bb2590>, 'Connection to www.morphosource.org timed out. (connect timeout=10)')': /catalog.json?q=X-Ray+Computed+Tomography&search_field=all_fields&sort=system_create_dtsi+desc&page=1&per_page=100
2026-06-15 01:07:00,719 - Retrying (Retry(total=1, connect=None, read=None, redirect=None, status=None)) after connection broken by 'ConnectTimeoutError(<HTTPSConnection(host='www.morphosource.org', port=443) at 0x7f38b5bb27a0>, 'Connection to www.morphosource.org timed out. (connect timeout=10)')': /catalog.json?q=X-Ray+Computed+Tomography&search_field=all_fields&sort=system_create_dtsi+desc&page=1&per_page=100
2026-06-15 01:07:31,091 - Retrying (Retry(total=0, connect=None, read=None, redirect=None, status=None)) after connection broken by 'ConnectTimeoutError(<HTTPSConnection(host='www.morphosource.org', port=443) at 0x7f38b5bb2950>, 'Connection to www.morphosource.org timed out. (connect timeout=10)')': /catalog.json?q=X-Ray+Computed+Tomography&search_field=all_fields&sort=system_create_dtsi+desc&page=1&per_page=100
2026-06-15 01:07:41,105 - API error on page 1: Network error: HTTPSConnectionPool(host='www.morphosource.org', port=443): Max retries exceeded with url: /catalog.json?q=X-Ray+Computed+Tomography&search_field=all_fields&sort=system_create_dtsi+desc&page=1&per_page=100 (Caused by ConnectTimeoutError(<HTTPSConnection(host='www.morphosource.org', port=443) at 0x7f38b5bb2b00>, 'Connection to www.morphosource.org timed out. (connect timeout=10)')) (error 1/5)
2026-06-15 01:07:46,110 - Fetching page 1 via API
2026-06-15 01:07:56,411 - Retrying (Retry(total=2, connect=None, read=None, redirect=None, status=None)) after connection broken by 'ConnectTimeoutError(<HTTPSConnection(host='www.morphosource.org', port=443) at 0x7f38b5bb2e30>, 'Connection to www.morphosource.org timed out. (connect timeout=10)')': /catalog.json?q=X-Ray+Computed+Tomography&search_field=all_fields&sort=system_create_dtsi+desc&page=1&per_page=100
2026-06-15 01:08:16,455 - Retrying (Retry(total=1, connect=None, read=None, redirect=None, status=None)) after connection broken by 'ConnectTimeoutError(<HTTPSConnection(host='www.morphosource.org', port=443) at 0x7f38b5bb3010>, 'Connection to www.morphosource.org timed out. (connect timeout=10)')': /catalog.json?q=X-Ray+Computed+Tomography&search_field=all_fields&sort=system_create_dtsi+desc&page=1&per_page=100
2026-06-15 01:08:46,750 - Retrying (Retry(total=0, connect=None, read=None, redirect=None, status=None)) after connection broken by 'ConnectTimeoutError(<HTTPSConnection(host='www.morphosource.org', port=443) at 0x7f38b5bb31c0>, 'Connection to www.morphosource.org timed out. (connect timeout=10)')': /catalog.json?q=X-Ray+Computed+Tomography&search_field=all_fields&sort=system_create_dtsi+desc&page=1&per_page=100
2026-06-15 01:08:56,948 - API error on page 1: Network error: HTTPSConnectionPool(host='www.morphosource.org', port=443): Max retries exceeded with url: /catalog.json?q=X-Ray+Computed+Tomography&search_field=all_fields&sort=system_create_dtsi+desc&page=1&per_page=100 (Caused by ConnectTimeoutError(<HTTPSConnection(host='www.morphosource.org', port=443) at 0x7f38b5bb3370>, 'Connection to www.morphosource.org timed out. (connect timeout=10)')) (error 2/5)
2026-06-15 01:09:01,953 - Fetching page 1 via API
2026-06-15 01:09:12,064 - Retrying (Retry(total=2, connect=None, read=None, redirect=None, status=None)) after connection broken by 'ConnectTimeoutError(<HTTPSConnection(host='www.morphosource.org', port=443) at 0x7f38b5bb36a0>, 'Connection to www.morphosource.org timed out. (connect timeout=10)')': /catalog.json?q=X-Ray+Computed+Tomography&search_field=all_fields&sort=system_create_dtsi+desc&page=1&per_page=100
2026-06-15 01:09:32,269 - Retrying (Retry(total=1, connect=None, read=None, redirect=None, status=None)) after connection broken by 'ConnectTimeoutError(<HTTPSConnection(host='www.morphosource.org', port=443) at 0x7f38b5bb3880>, 'Connection to www.morphosource.org timed out. (connect timeout=10)')': /catalog.json?q=X-Ray+Computed+Tomography&search_field=all_fields&sort=system_create_dtsi+desc&page=1&per_page=100
2026-06-15 01:10:02,302 - Retrying (Retry(total=0, connect=None, read=None, redirect=None, status=None)) after connection broken by 'ConnectTimeoutError(<HTTPSConnection(host='www.morphosource.org', port=443) at 0x7f38b5bb3a30>, 'Connection to www.morphosource.org timed out. (connect timeout=10)')': /catalog.json?q=X-Ray+Computed+Tomography&search_field=all_fields&sort=system_create_dtsi+desc&page=1&per_page=100
2026-06-15 01:10:12,497 - API error on page 1: Network error: HTTPSConnectionPool(host='www.morphosource.org', port=443): Max retries exceeded with url: /catalog.json?q=X-Ray+Computed+Tomography&search_field=all_fields&sort=system_create_dtsi+desc&page=1&per_page=100 (Caused by ConnectTimeoutError(<HTTPSConnection(host='www.morphosource.org', port=443) at 0x7f38b5bb3be0>, 'Connection to www.morphosource.org timed out. (connect timeout=10)')) (error 3/5)
2026-06-15 01:10:17,502 - Fetching page 1 via API
2026-06-15 01:10:27,808 - Retrying (Retry(total=2, connect=None, read=None, redirect=None, status=None)) after connection broken by 'ConnectTimeoutError(<HTTPSConnection(host='www.morphosource.org', port=443) at 0x7f38b5bb3f40>, 'Connection to www.morphosource.org timed out. (connect timeout=10)')': /catalog.json?q=X-Ray+Computed+Tomography&search_field=all_fields&sort=system_create_dtsi+desc&page=1&per_page=100
2026-06-15 01:10:47,907 - Retrying (Retry(total=1, connect=None, read=None, redirect=None, status=None)) after connection broken by 'ConnectTimeoutError(<HTTPSConnection(host='www.morphosource.org', port=443) at 0x7f38a3754130>, 'Connection to www.morphosource.org timed out. (connect timeout=10)')': /catalog.json?q=X-Ray+Computed+Tomography&search_field=all_fields&sort=system_create_dtsi+desc&page=1&per_page=100
2026-06-15 01:11:18,147 - Retrying (Retry(total=0, connect=None, read=None, redirect=None, status=None)) after connection broken by 'ConnectTimeoutError(<HTTPSConnection(host='www.morphosource.org', port=443) at 0x7f38b5bb3400>, 'Connection to www.morphosource.org timed out. (connect timeout=10)')': /catalog.json?q=X-Ray+Computed+Tomography&search_field=all_fields&sort=system_create_dtsi+desc&page=1&per_page=100
2026-06-15 01:11:28,341 - API error on page 1: Network error: HTTPSConnectionPool(host='www.morphosource.org', port=443): Max retries exceeded with url: /catalog.json?q=X-Ray+Computed+Tomography&search_field=all_fields&sort=system_create_dtsi+desc&page=1&per_page=100 (Caused by ConnectTimeoutError(<HTTPSConnection(host='www.morphosource.org', port=443) at 0x7f38b5bb3910>, 'Connection to www.morphosource.org timed out. (connect timeout=10)')) (error 4/5)
2026-06-15 01:11:33,347 - Fetching page 1 via API
2026-06-15 01:11:43,368 - Retrying (Retry(total=2, connect=None, read=None, redirect=None, status=None)) after connection broken by 'ConnectTimeoutError(<HTTPSConnection(host='www.morphosource.org', port=443) at 0x7f38b5bb3af0>, 'Connection to www.morphosource.org timed out. (connect timeout=10)')': /catalog.json?q=X-Ray+Computed+Tomography&search_field=all_fields&sort=system_create_dtsi+desc&page=1&per_page=100
2026-06-15 01:12:03,584 - Retrying (Retry(total=1, connect=None, read=None, redirect=None, status=None)) after connection broken by 'ConnectTimeoutError(<HTTPSConnection(host='www.morphosource.org', port=443) at 0x7f38b5bb3670>, 'Connection to www.morphosource.org timed out. (connect timeout=10)')': /catalog.json?q=X-Ray+Computed+Tomography&search_field=all_fields&sort=system_create_dtsi+desc&page=1&per_page=100
2026-06-15 01:12:33,798 - Retrying (Retry(total=0, connect=None, read=None, redirect=None, status=None)) after connection broken by 'ConnectTimeoutError(<HTTPSConnection(host='www.morphosource.org', port=443) at 0x7f38b5bb2b90>, 'Connection to www.morphosource.org timed out. (connect timeout=10)')': /catalog.json?q=X-Ray+Computed+Tomography&search_field=all_fields&sort=system_create_dtsi+desc&page=1&per_page=100
2026-06-15 01:12:43,824 - API error on page 1: Network error: HTTPSConnectionPool(host='www.morphosource.org', port=443): Max retries exceeded with url: /catalog.json?q=X-Ray+Computed+Tomography&search_field=all_fields&sort=system_create_dtsi+desc&page=1&per_page=100 (Caused by ConnectTimeoutError(<HTTPSConnection(host='www.morphosource.org', port=443) at 0x7f38b5bb30a0>, 'Connection to www.morphosource.org timed out. (connect timeout=10)')) (error 5/5)
2026-06-15 01:12:43,825 - Error getting records: Network error: HTTPSConnectionPool(host='www.morphosource.org', port=443): Max retries exceeded with url: /catalog.json?q=X-Ray+Computed+Tomography&search_field=all_fields&sort=system_create_dtsi+desc&page=1&per_page=100 (Caused by ConnectTimeoutError(<HTTPSConnection(host='www.morphosource.org', port=443) at 0x7f38b5bb30a0>, 'Connection to www.morphosource.org timed out. (connect timeout=10)'))
2026-06-15 01:12:43,825 - Error in daily check: Network error: HTTPSConnectionPool(host='www.morphosource.org', port=443): Max retries exceeded with url: /catalog.json?q=X-Ray+Computed+Tomography&search_field=all_fields&sort=system_create_dtsi+desc&page=1&per_page=100 (Caused by ConnectTimeoutError(<HTTPSConnection(host='www.morphosource.org', port=443) at 0x7f38b5bb30a0>, 'Connection to www.morphosource.org timed out. (connect timeout=10)'))
