2026-06-28 00:59:31,555 - Data directory: data/2026-06-28_00-59-27
2026-06-28 00:59:31,555 - Output directory: data/2026-06-28_00-59-27
2026-06-28 00:59:31,555 - Fetch all mode: True
2026-06-28 00:59:31,556 - Using data directory: data/2026-06-28_00-59-27
2026-06-28 00:59:31,556 - Looking for previous data in: data
2026-06-28 00:59:31,564 - Loading previous data from: data/2025-10-06_01-28-33/morphosource_data_complete.json
2026-06-28 00:59:31,970 - Loaded 108782 records from previous data file
2026-06-28 00:59:31,970 - Latest stored record ID: 000781814
2026-06-28 00:59:31,970 - Previous record count: 108782
2026-06-28 00:59:31,971 - === FULL FETCH MODE: Collecting all records from all pages ===
2026-06-28 00:59:31,971 - Fetching page 1 via API
2026-06-28 00:59:32,293 - API error on page 1: Network error: Expecting value: line 1 column 1 (char 0) (error 1/5)
2026-06-28 00:59:37,299 - Fetching page 1 via API
2026-06-28 00:59:37,344 - API error on page 1: Network error: Expecting value: line 1 column 1 (char 0) (error 2/5)
2026-06-28 00:59:42,349 - Fetching page 1 via API
2026-06-28 00:59:42,395 - API error on page 1: Network error: Expecting value: line 1 column 1 (char 0) (error 3/5)
2026-06-28 00:59:47,400 - Fetching page 1 via API
2026-06-28 00:59:47,445 - API error on page 1: Network error: Expecting value: line 1 column 1 (char 0) (error 4/5)
2026-06-28 00:59:52,450 - Fetching page 1 via API
2026-06-28 00:59:52,496 - API error on page 1: Network error: Expecting value: line 1 column 1 (char 0) (error 5/5)
2026-06-28 00:59:52,496 - Error getting records: Network error: Expecting value: line 1 column 1 (char 0)
2026-06-28 00:59:52,496 - Error in daily check: Network error: Expecting value: line 1 column 1 (char 0)
