2025-09-10 01:26:23,142 - Data directory: data/2025-09-10_01-26-17
2025-09-10 01:26:23,142 - Output directory: data/2025-09-10_01-26-17
2025-09-10 01:26:23,142 - Using data directory: data/2025-09-10_01-26-17
2025-09-10 01:26:23,142 - Looking for previous data in: data
2025-09-10 01:26:23,145 - Loading previous data from: data/2025-09-09_01-28-50/morphosource_data_complete.json
2025-09-10 01:26:23,610 - Loaded 108299 records from previous data file
2025-09-10 01:26:23,610 - Latest stored record ID: 000776154
2025-09-10 01:26:23,610 - Previous record count: 108299
2025-09-10 01:26:23,610 - Fetching page 1
2025-09-10 01:26:26,117 - Found record 000776214 - Total records: 1
2025-09-10 01:26:26,118 - Found record 000776208 - Total records: 2
2025-09-10 01:26:26,118 - Found record 000776173 - Total records: 3
2025-09-10 01:26:26,118 - Found record 000776166 - Total records: 4
2025-09-10 01:26:26,119 - Found record 000776163 - Total records: 5
2025-09-10 01:26:26,119 - Found record 000776160 - Total records: 6
2025-09-10 01:26:26,120 - Found record 000776154 - Total records: 7
2025-09-10 01:26:26,120 - Found latest stored record 000776154 - stopping fetch
2025-09-10 01:26:26,120 - Completed fetch - Found 7 new records
2025-09-10 01:26:26,121 - Latest webpage record ID: 000776214
2025-09-10 01:26:26,121 - New records available - latest records differ
2025-09-10 01:26:26,251 - New records: 7
2025-09-10 01:26:26,251 - Previous records: 108299
2025-09-10 01:26:26,251 - Combined records: 108305
2025-09-10 01:26:27,858 - Saved 108305 records to: data/2025-09-10_01-26-17/morphosource_data_complete.json
2025-09-10 01:26:27,858 - Created detailed release notes at: data/2025-09-10_01-26-17/release_notes.txt
