2025-01-27 20:02:29,238 - INFO - Using data file: data/2025-01-27_01-34-38/morphosource_data_complete.json
2025-01-27 20:02:29,661 - INFO - Found 104398 URLs to process
2025-01-27 20:02:29,661 - INFO - Processing up to 10 records this batch (total target: 40)
2025-01-27 20:02:29,661 - INFO - Starting at index 0, processed so far: 0
2025-01-27 20:02:29,838 - INFO - Setting up new Chrome driver
2025-01-27 20:02:30,989 - INFO - Processing URL: https://www.morphosource.org/concern/media/000704255?locale=en (Attempt 1/3)
2025-01-27 20:02:30,989 - INFO - Analyzing structure for: https://www.morphosource.org/concern/media/000704255?locale=en
2025-01-27 20:02:35,765 - INFO - Title loaded
2025-01-27 20:02:35,780 - INFO - Content elements found
2025-01-27 20:02:35,872 - INFO - Found media type using showcase layout
2025-01-27 20:02:35,872 - INFO - Detected Layout: showcase
2025-01-27 20:02:35,872 - INFO - Media Type: Volumetric Image Series
2025-01-27 20:02:38,576 - INFO - Successfully processed https://www.morphosource.org/concern/media/000704255?locale=en
2025-01-27 20:02:40,579 - INFO - Processing URL: https://www.morphosource.org/concern/media/000704249?locale=en (Attempt 1/3)
2025-01-27 20:02:40,579 - INFO - Analyzing structure for: https://www.morphosource.org/concern/media/000704249?locale=en
2025-01-27 20:02:41,635 - INFO - Title loaded
2025-01-27 20:02:41,647 - INFO - Content elements found
2025-01-27 20:02:41,659 - INFO - Found media type using showcase layout
2025-01-27 20:02:41,659 - INFO - Detected Layout: showcase
2025-01-27 20:02:41,659 - INFO - Media Type: Volumetric Image Series
2025-01-27 20:02:42,665 - INFO - Successfully processed https://www.morphosource.org/concern/media/000704249?locale=en
2025-01-27 20:02:44,667 - INFO - Processing URL: https://www.morphosource.org/concern/media/000704150?locale=en (Attempt 1/3)
2025-01-27 20:02:44,667 - INFO - Analyzing structure for: https://www.morphosource.org/concern/media/000704150?locale=en
2025-01-27 20:02:45,240 - INFO - Title loaded
2025-01-27 20:02:45,255 - INFO - Content elements found
2025-01-27 20:02:45,274 - INFO - Found media type using showcase layout
2025-01-27 20:02:45,274 - INFO - Detected Layout: showcase
2025-01-27 20:02:45,274 - INFO - Media Type: Volumetric Image Series
2025-01-27 20:03:06,151 - INFO - Successfully processed https://www.morphosource.org/concern/media/000704150?locale=en
2025-01-27 20:03:08,153 - INFO - Processing URL: https://www.morphosource.org/concern/media/000704145?locale=en (Attempt 1/3)
2025-01-27 20:03:08,153 - INFO - Analyzing structure for: https://www.morphosource.org/concern/media/000704145?locale=en
2025-01-27 20:03:10,935 - INFO - Title loaded
2025-01-27 20:03:10,950 - INFO - Content elements found
2025-01-27 20:03:10,964 - INFO - Found media type using showcase layout
2025-01-27 20:03:10,964 - INFO - Detected Layout: showcase
2025-01-27 20:03:10,964 - INFO - Media Type: Volumetric Image Series
2025-01-27 20:03:14,753 - INFO - Successfully processed https://www.morphosource.org/concern/media/000704145?locale=en
2025-01-27 20:03:16,756 - INFO - Processing URL: https://www.morphosource.org/concern/media/000704140?locale=en (Attempt 1/3)
2025-01-27 20:03:16,757 - INFO - Analyzing structure for: https://www.morphosource.org/concern/media/000704140?locale=en
2025-01-27 20:03:19,900 - INFO - Title loaded
2025-01-27 20:03:19,912 - INFO - Content elements found
2025-01-27 20:03:19,926 - INFO - Found media type using showcase layout
2025-01-27 20:03:19,926 - INFO - Detected Layout: showcase
2025-01-27 20:03:19,926 - INFO - Media Type: Volumetric Image Series
2025-01-27 20:03:20,701 - INFO - Successfully processed https://www.morphosource.org/concern/media/000704140?locale=en
2025-01-27 20:03:22,704 - INFO - Processing URL: https://www.morphosource.org/concern/media/000704135?locale=en (Attempt 1/3)
2025-01-27 20:03:22,704 - INFO - Analyzing structure for: https://www.morphosource.org/concern/media/000704135?locale=en
2025-01-27 20:03:24,636 - INFO - Title loaded
2025-01-27 20:03:24,648 - INFO - Content elements found
2025-01-27 20:03:24,659 - INFO - Found media type using showcase layout
2025-01-27 20:03:24,659 - INFO - Detected Layout: showcase
2025-01-27 20:03:24,660 - INFO - Media Type: Volumetric Image Series
2025-01-27 20:03:25,643 - INFO - Successfully processed https://www.morphosource.org/concern/media/000704135?locale=en
2025-01-27 20:03:27,645 - INFO - Processing URL: https://www.morphosource.org/concern/media/000704075?locale=en (Attempt 1/3)
2025-01-27 20:03:27,646 - INFO - Analyzing structure for: https://www.morphosource.org/concern/media/000704075?locale=en
2025-01-27 20:03:30,784 - INFO - Title loaded
2025-01-27 20:03:30,799 - INFO - Content elements found
2025-01-27 20:03:30,866 - INFO - Found media type using showcase layout
2025-01-27 20:03:30,866 - INFO - Detected Layout: showcase
2025-01-27 20:03:30,866 - INFO - Media Type: Volumetric Image Series
2025-01-27 20:03:32,166 - INFO - Successfully processed https://www.morphosource.org/concern/media/000704075?locale=en
2025-01-27 20:03:34,169 - INFO - Processing URL: https://www.morphosource.org/concern/media/000704042?locale=en (Attempt 1/3)
2025-01-27 20:03:34,169 - INFO - Analyzing structure for: https://www.morphosource.org/concern/media/000704042?locale=en
2025-01-27 20:03:36,956 - INFO - Title loaded
2025-01-27 20:03:36,969 - INFO - Content elements found
2025-01-27 20:03:36,983 - INFO - Found media type using showcase layout
2025-01-27 20:03:36,983 - INFO - Detected Layout: showcase
2025-01-27 20:03:36,983 - INFO - Media Type: Volumetric Image Series
2025-01-27 20:03:37,986 - INFO - Successfully processed https://www.morphosource.org/concern/media/000704042?locale=en
2025-01-27 20:03:39,988 - INFO - Processing URL: https://www.morphosource.org/concern/media/000704012?locale=en (Attempt 1/3)
2025-01-27 20:03:39,988 - INFO - Analyzing structure for: https://www.morphosource.org/concern/media/000704012?locale=en
2025-01-27 20:03:45,100 - INFO - Title loaded
2025-01-27 20:03:45,115 - INFO - Content elements found
2025-01-27 20:03:45,135 - INFO - Found media type using showcase layout
2025-01-27 20:03:45,135 - INFO - Detected Layout: showcase
2025-01-27 20:03:45,135 - INFO - Media Type: Mesh
2025-01-27 20:03:46,472 - INFO - Successfully processed https://www.morphosource.org/concern/media/000704012?locale=en
2025-01-27 20:03:48,474 - INFO - Processing URL: https://www.morphosource.org/concern/media/000703950?locale=en (Attempt 1/3)
2025-01-27 20:03:48,474 - INFO - Analyzing structure for: https://www.morphosource.org/concern/media/000703950?locale=en
2025-01-27 20:03:54,974 - INFO - Title loaded
2025-01-27 20:03:54,987 - INFO - Content elements found
2025-01-27 20:03:54,999 - INFO - Found media type using showcase layout
2025-01-27 20:03:54,999 - INFO - Detected Layout: showcase
2025-01-27 20:03:54,999 - INFO - Media Type: Volumetric Image Series
2025-01-27 20:03:56,129 - INFO - Successfully processed https://www.morphosource.org/concern/media/000703950?locale=en
2025-01-27 20:03:58,155 - INFO - Saved 10 records to data/parquet/2025-01-27_20-02-28/morphosource_data_20250127_200358.parquet
2025-01-27 20:03:58,156 - INFO - Columns: url, processed_at, error, media_id, media_type, object_element_or_part, object_represented, object_taxonomy, object_organization, side, orientation, short_description, full_description, creator, date_created, date_uploaded, data_managed_by, data_uploaded_by, publication_status, download_reviewer, ip_holder, copyright_statement, creative_commons_license, morphosource_use_agreement_type, permits_commercial_use, permits_3d_use, required_archival_of_published_derivatives, funding_attribution, publisher, cite_as, media_preview_mode, additional_usage_agreement, morphosource_ark, morphosource_doi, external_identifier, external_media_url, file_name, file_formats, file_size, image_width, image_height, color_space, color_depth, compression, x_pixel_spacing, y_pixel_spacing, z_pixel_spacing, pixel_spacing_units, slice_thickness, number_of_images_in_set, number_of_parent_media, number_of_processing_events, modality, device, batch_index, attempt, points, polygons, map_type, uv_coordinates, vertex_color, bounding_box_dimensions, centroid_coordinates, units_of_point_coordinates, derived_directly_from
2025-01-27 20:03:58,269 - INFO - Saved 10 records to data/parquet/2025-01-27_20-02-28/morphosource_data_20250127_200358.parquet
2025-01-27 20:03:58,269 - INFO - Columns: url, processed_at, error, media_id, media_type, object_element_or_part, object_represented, object_taxonomy, object_organization, side, orientation, short_description, full_description, creator, date_created, date_uploaded, data_managed_by, data_uploaded_by, publication_status, download_reviewer, ip_holder, copyright_statement, creative_commons_license, morphosource_use_agreement_type, permits_commercial_use, permits_3d_use, required_archival_of_published_derivatives, funding_attribution, publisher, cite_as, media_preview_mode, additional_usage_agreement, morphosource_ark, morphosource_doi, external_identifier, external_media_url, file_name, file_formats, file_size, image_width, image_height, color_space, color_depth, compression, x_pixel_spacing, y_pixel_spacing, z_pixel_spacing, pixel_spacing_units, slice_thickness, number_of_images_in_set, number_of_parent_media, number_of_processing_events, modality, device, batch_index, attempt, points, polygons, map_type, uv_coordinates, vertex_color, bounding_box_dimensions, centroid_coordinates, units_of_point_coordinates, derived_directly_from
2025-01-27 20:03:58,270 - INFO - Processed 10 records in this batch
