2026-05-25 00:56:55,208 - Data directory: data/2026-05-25_00-56-52
2026-05-25 00:56:55,208 - Output directory: data/2026-05-25_00-56-52
2026-05-25 00:56:55,208 - Fetch all mode: True
2026-05-25 00:56:55,208 - Using data directory: data/2026-05-25_00-56-52
2026-05-25 00:56:55,208 - Looking for previous data in: data
2026-05-25 00:56:55,215 - Loading previous data from: data/2025-10-06_01-28-33/morphosource_data_complete.json
2026-05-25 00:56:55,605 - Loaded 108782 records from previous data file
2026-05-25 00:56:55,605 - Latest stored record ID: 000781814
2026-05-25 00:56:55,606 - Previous record count: 108782
2026-05-25 00:56:55,606 - === FULL FETCH MODE: Collecting all records from all pages ===
2026-05-25 00:56:55,606 - Fetching page 1 via API
2026-05-25 00:56:56,033 - API error on page 1: Network error: Expecting value: line 1 column 1 (char 0) (error 1/5)
2026-05-25 00:57:01,038 - Fetching page 1 via API
2026-05-25 00:57:01,097 - API error on page 1: Network error: Expecting value: line 1 column 1 (char 0) (error 2/5)
2026-05-25 00:57:06,102 - Fetching page 1 via API
2026-05-25 00:57:06,122 - API error on page 1: Network error: Expecting value: line 1 column 1 (char 0) (error 3/5)
2026-05-25 00:57:11,127 - Fetching page 1 via API
2026-05-25 00:57:11,147 - API error on page 1: Network error: Expecting value: line 1 column 1 (char 0) (error 4/5)
2026-05-25 00:57:16,152 - Fetching page 1 via API
2026-05-25 00:57:16,172 - API error on page 1: Network error: Expecting value: line 1 column 1 (char 0) (error 5/5)
2026-05-25 00:57:16,172 - Error getting records: Network error: Expecting value: line 1 column 1 (char 0)
2026-05-25 00:57:16,172 - Error in daily check: Network error: Expecting value: line 1 column 1 (char 0)
