2025-06-07 01:42:34,501 - Data directory: data/2025-06-07_01-42-32
2025-06-07 01:42:34,501 - Output directory: data/2025-06-07_01-42-32
2025-06-07 01:42:34,501 - Using data directory: data/2025-06-07_01-42-32
2025-06-07 01:42:34,502 - Looking for previous data in: data
2025-06-07 01:42:34,503 - Loading previous data from: data/2025-06-06_01-43-12/morphosource_data_complete.json
2025-06-07 01:42:34,507 - Loaded 1118 records from previous data file
2025-06-07 01:42:34,507 - Latest stored record ID: 000748963
2025-06-07 01:42:34,507 - Previous record count: 1118
2025-06-07 01:42:34,507 - Fetching page 1
2025-06-07 01:42:38,551 - Found record 000749743 - Total records: 1
2025-06-07 01:42:38,551 - Found record 000749739 - Total records: 2
2025-06-07 01:42:38,552 - Found record 000749733 - Total records: 3
2025-06-07 01:42:38,552 - Found record 000749724 - Total records: 4
2025-06-07 01:42:38,552 - Found record 000749721 - Total records: 5
2025-06-07 01:42:38,553 - Found record 000749716 - Total records: 6
2025-06-07 01:42:38,553 - Found record 000749708 - Total records: 7
2025-06-07 01:42:38,553 - Found record 000749705 - Total records: 8
2025-06-07 01:42:38,554 - Found record 000749695 - Total records: 9
2025-06-07 01:42:38,554 - Found record 000749688 - Total records: 10
2025-06-07 01:42:38,554 - Found record 000749682 - Total records: 11
2025-06-07 01:42:38,555 - Found record 000749675 - Total records: 12
2025-06-07 01:42:38,555 - Found record 000749667 - Total records: 13
2025-06-07 01:42:38,555 - Found record 000749663 - Total records: 14
2025-06-07 01:42:38,556 - Found record 000749658 - Total records: 15
2025-06-07 01:42:38,556 - Found record 000749655 - Total records: 16
2025-06-07 01:42:38,556 - Found record 000749652 - Total records: 17
2025-06-07 01:42:38,557 - Found record 000749650 - Total records: 18
2025-06-07 01:42:38,557 - Found record 000749646 - Total records: 19
2025-06-07 01:42:38,557 - Found record 000749643 - Total records: 20
2025-06-07 01:42:38,558 - Found record 000749640 - Total records: 21
2025-06-07 01:42:38,558 - Found record 000749637 - Total records: 22
2025-06-07 01:42:38,558 - Found record 000749634 - Total records: 23
2025-06-07 01:42:38,559 - Found record 000749631 - Total records: 24
2025-06-07 01:42:38,559 - Found record 000749627 - Total records: 25
2025-06-07 01:42:38,559 - Found record 000749624 - Total records: 26
2025-06-07 01:42:38,560 - Found record 000749621 - Total records: 27
2025-06-07 01:42:38,560 - Found record 000749620 - Total records: 28
2025-06-07 01:42:38,560 - Found record 000749612 - Total records: 29
2025-06-07 01:42:38,561 - Found record 000749608 - Total records: 30
2025-06-07 01:42:38,561 - Found record 000749605 - Total records: 31
2025-06-07 01:42:38,561 - Found record 000749602 - Total records: 32
2025-06-07 01:42:38,562 - Found record 000749601 - Total records: 33
2025-06-07 01:42:38,562 - Found record 000749593 - Total records: 34
2025-06-07 01:42:38,562 - Found record 000749590 - Total records: 35
2025-06-07 01:42:38,563 - Found record 000749587 - Total records: 36
2025-06-07 01:42:38,563 - Found record 000749584 - Total records: 37
2025-06-07 01:42:38,563 - Found record 000749578 - Total records: 38
2025-06-07 01:42:38,564 - Found record 000749574 - Total records: 39
2025-06-07 01:42:38,564 - Found record 000749571 - Total records: 40
2025-06-07 01:42:38,564 - Found record 000749568 - Total records: 41
2025-06-07 01:42:38,565 - Found record 000749564 - Total records: 42
2025-06-07 01:42:38,565 - Found record 000749561 - Total records: 43
2025-06-07 01:42:38,565 - Found record 000749555 - Total records: 44
2025-06-07 01:42:38,566 - Found record 000749552 - Total records: 45
2025-06-07 01:42:38,566 - Found record 000749549 - Total records: 46
2025-06-07 01:42:38,566 - Found record 000749547 - Total records: 47
2025-06-07 01:42:38,567 - Found record 000749542 - Total records: 48
2025-06-07 01:42:38,567 - Found record 000749540 - Total records: 49
2025-06-07 01:42:38,567 - Found record 000749536 - Total records: 50
2025-06-07 01:42:38,568 - Found record 000749535 - Total records: 51
2025-06-07 01:42:38,568 - Found record 000749530 - Total records: 52
2025-06-07 01:42:38,568 - Found record 000749528 - Total records: 53
2025-06-07 01:42:38,568 - Found record 000749524 - Total records: 54
2025-06-07 01:42:38,569 - Found record 000749523 - Total records: 55
2025-06-07 01:42:38,569 - Found record 000749518 - Total records: 56
2025-06-07 01:42:38,569 - Found record 000749516 - Total records: 57
2025-06-07 01:42:38,570 - Found record 000749512 - Total records: 58
2025-06-07 01:42:38,570 - Found record 000749511 - Total records: 59
2025-06-07 01:42:38,570 - Found record 000749506 - Total records: 60
2025-06-07 01:42:38,571 - Found record 000749504 - Total records: 61
2025-06-07 01:42:38,571 - Found record 000749500 - Total records: 62
2025-06-07 01:42:38,571 - Found record 000749498 - Total records: 63
2025-06-07 01:42:38,572 - Found record 000749496 - Total records: 64
2025-06-07 01:42:38,572 - Found record 000749488 - Total records: 65
2025-06-07 01:42:38,573 - Found record 000749486 - Total records: 66
2025-06-07 01:42:38,573 - Found record 000749482 - Total records: 67
2025-06-07 01:42:38,573 - Found record 000749481 - Total records: 68
2025-06-07 01:42:38,574 - Found record 000749475 - Total records: 69
2025-06-07 01:42:38,574 - Found record 000749474 - Total records: 70
2025-06-07 01:42:38,574 - Found record 000749466 - Total records: 71
2025-06-07 01:42:38,575 - Found record 000749465 - Total records: 72
2025-06-07 01:42:38,575 - Found record 000749460 - Total records: 73
2025-06-07 01:42:38,576 - Found record 000749459 - Total records: 74
2025-06-07 01:42:38,576 - Found record 000749454 - Total records: 75
2025-06-07 01:42:38,576 - Found record 000749453 - Total records: 76
2025-06-07 01:42:38,577 - Found record 000749448 - Total records: 77
2025-06-07 01:42:38,577 - Found record 000749447 - Total records: 78
2025-06-07 01:42:38,577 - Found record 000749442 - Total records: 79
2025-06-07 01:42:38,578 - Found record 000749441 - Total records: 80
2025-06-07 01:42:38,578 - Found record 000749435 - Total records: 81
2025-06-07 01:42:38,578 - Found record 000749434 - Total records: 82
2025-06-07 01:42:38,579 - Found record 000749426 - Total records: 83
2025-06-07 01:42:38,579 - Found record 000749425 - Total records: 84
2025-06-07 01:42:38,580 - Found record 000749420 - Total records: 85
2025-06-07 01:42:38,580 - Found record 000749419 - Total records: 86
2025-06-07 01:42:38,580 - Found record 000749411 - Total records: 87
2025-06-07 01:42:38,581 - Found record 000749406 - Total records: 88
2025-06-07 01:42:38,581 - Found record 000749404 - Total records: 89
2025-06-07 01:42:38,581 - Found record 000749400 - Total records: 90
2025-06-07 01:42:38,582 - Found record 000749399 - Total records: 91
2025-06-07 01:42:38,582 - Found record 000749395 - Total records: 92
2025-06-07 01:42:38,583 - Found record 000749392 - Total records: 93
2025-06-07 01:42:38,583 - Found record 000749388 - Total records: 94
2025-06-07 01:42:38,583 - Found record 000749387 - Total records: 95
2025-06-07 01:42:38,584 - Found record 000749382 - Total records: 96
2025-06-07 01:42:38,584 - Found record 000749380 - Total records: 97
2025-06-07 01:42:38,584 - Found record 000749376 - Total records: 98
2025-06-07 01:42:38,585 - Found record 000749375 - Total records: 99
2025-06-07 01:42:38,585 - Found record 000749370 - Total records: 100
2025-06-07 01:42:39,586 - Fetching page 2
2025-06-07 01:42:43,656 - Found record 000749368 - Total records: 101
2025-06-07 01:42:43,657 - Found record 000749364 - Total records: 102
2025-06-07 01:42:43,657 - Found record 000749363 - Total records: 103
2025-06-07 01:42:43,657 - Found record 000749358 - Total records: 104
2025-06-07 01:42:43,658 - Found record 000749356 - Total records: 105
2025-06-07 01:42:43,658 - Found record 000749352 - Total records: 106
2025-06-07 01:42:43,659 - Found record 000749351 - Total records: 107
2025-06-07 01:42:43,659 - Found record 000749346 - Total records: 108
2025-06-07 01:42:43,659 - Found record 000749344 - Total records: 109
2025-06-07 01:42:43,660 - Found record 000749340 - Total records: 110
2025-06-07 01:42:43,660 - Found record 000749339 - Total records: 111
2025-06-07 01:42:43,660 - Found record 000749334 - Total records: 112
2025-06-07 01:42:43,661 - Found record 000749332 - Total records: 113
2025-06-07 01:42:43,661 - Found record 000749328 - Total records: 114
2025-06-07 01:42:43,662 - Found record 000749327 - Total records: 115
2025-06-07 01:42:43,662 - Found record 000749322 - Total records: 116
2025-06-07 01:42:43,662 - Found record 000749321 - Total records: 117
2025-06-07 01:42:43,663 - Found record 000749316 - Total records: 118
2025-06-07 01:42:43,663 - Found record 000749311 - Total records: 119
2025-06-07 01:42:43,663 - Found record 000749305 - Total records: 120
2025-06-07 01:42:43,664 - Found record 000749301 - Total records: 121
2025-06-07 01:42:43,664 - Found record 000749297 - Total records: 122
2025-06-07 01:42:43,664 - Found record 000749296 - Total records: 123
2025-06-07 01:42:43,665 - Found record 000749291 - Total records: 124
2025-06-07 01:42:43,665 - Found record 000749289 - Total records: 125
2025-06-07 01:42:43,666 - Found record 000749283 - Total records: 126
2025-06-07 01:42:43,666 - Found record 000749282 - Total records: 127
2025-06-07 01:42:43,666 - Found record 000749277 - Total records: 128
2025-06-07 01:42:43,667 - Found record 000749275 - Total records: 129
2025-06-07 01:42:43,667 - Found record 000749272 - Total records: 130
2025-06-07 01:42:43,667 - Found record 000749270 - Total records: 131
2025-06-07 01:42:43,668 - Found record 000749265 - Total records: 132
2025-06-07 01:42:43,668 - Found record 000749263 - Total records: 133
2025-06-07 01:42:43,668 - Found record 000749259 - Total records: 134
2025-06-07 01:42:43,669 - Found record 000749258 - Total records: 135
2025-06-07 01:42:43,669 - Found record 000749254 - Total records: 136
2025-06-07 01:42:43,670 - Found record 000749251 - Total records: 137
2025-06-07 01:42:43,670 - Found record 000749247 - Total records: 138
2025-06-07 01:42:43,670 - Found record 000749246 - Total records: 139
2025-06-07 01:42:43,671 - Found record 000749241 - Total records: 140
2025-06-07 01:42:43,671 - Found record 000749239 - Total records: 141
2025-06-07 01:42:43,671 - Found record 000749235 - Total records: 142
2025-06-07 01:42:43,672 - Found record 000749234 - Total records: 143
2025-06-07 01:42:43,672 - Found record 000749229 - Total records: 144
2025-06-07 01:42:43,673 - Found record 000749227 - Total records: 145
2025-06-07 01:42:43,673 - Found record 000749223 - Total records: 146
2025-06-07 01:42:43,673 - Found record 000749222 - Total records: 147
2025-06-07 01:42:43,674 - Found record 000749217 - Total records: 148
2025-06-07 01:42:43,674 - Found record 000749216 - Total records: 149
2025-06-07 01:42:43,674 - Found record 000749211 - Total records: 150
2025-06-07 01:42:43,675 - Found record 000749210 - Total records: 151
2025-06-07 01:42:43,675 - Found record 000749205 - Total records: 152
2025-06-07 01:42:43,675 - Found record 000749204 - Total records: 153
2025-06-07 01:42:43,676 - Found record 000749199 - Total records: 154
2025-06-07 01:42:43,676 - Found record 000749198 - Total records: 155
2025-06-07 01:42:43,677 - Found record 000749193 - Total records: 156
2025-06-07 01:42:43,677 - Found record 000749192 - Total records: 157
2025-06-07 01:42:43,677 - Found record 000749187 - Total records: 158
2025-06-07 01:42:43,678 - Found record 000749186 - Total records: 159
2025-06-07 01:42:43,678 - Found record 000749181 - Total records: 160
2025-06-07 01:42:43,678 - Found record 000749180 - Total records: 161
2025-06-07 01:42:43,679 - Found record 000749175 - Total records: 162
2025-06-07 01:42:43,679 - Found record 000749174 - Total records: 163
2025-06-07 01:42:43,679 - Found record 000749169 - Total records: 164
2025-06-07 01:42:43,680 - Found record 000749168 - Total records: 165
2025-06-07 01:42:43,680 - Found record 000749163 - Total records: 166
2025-06-07 01:42:43,680 - Found record 000749162 - Total records: 167
2025-06-07 01:42:43,681 - Found record 000749157 - Total records: 168
2025-06-07 01:42:43,681 - Found record 000749156 - Total records: 169
2025-06-07 01:42:43,681 - Found record 000749151 - Total records: 170
2025-06-07 01:42:43,682 - Found record 000749150 - Total records: 171
2025-06-07 01:42:43,682 - Found record 000749145 - Total records: 172
2025-06-07 01:42:43,682 - Found record 000749144 - Total records: 173
2025-06-07 01:42:43,682 - Found record 000749139 - Total records: 174
2025-06-07 01:42:43,683 - Found record 000749138 - Total records: 175
2025-06-07 01:42:43,683 - Found record 000749133 - Total records: 176
2025-06-07 01:42:43,683 - Found record 000749132 - Total records: 177
2025-06-07 01:42:43,684 - Found record 000749127 - Total records: 178
2025-06-07 01:42:43,684 - Found record 000749126 - Total records: 179
2025-06-07 01:42:43,684 - Found record 000749121 - Total records: 180
2025-06-07 01:42:43,684 - Found record 000749120 - Total records: 181
2025-06-07 01:42:43,685 - Found record 000749115 - Total records: 182
2025-06-07 01:42:43,685 - Found record 000749114 - Total records: 183
2025-06-07 01:42:43,685 - Found record 000749109 - Total records: 184
2025-06-07 01:42:43,686 - Found record 000749108 - Total records: 185
2025-06-07 01:42:43,686 - Found record 000749093 - Total records: 186
2025-06-07 01:42:43,686 - Found record 000748963 - Total records: 187
2025-06-07 01:42:43,687 - Found latest stored record 000748963 - stopping fetch
2025-06-07 01:42:43,687 - Completed fetch - Found 187 new records
2025-06-07 01:42:43,687 - Latest webpage record ID: 000749743
2025-06-07 01:42:43,687 - New records available - latest records differ
2025-06-07 01:42:43,698 - New records: 187
2025-06-07 01:42:43,699 - Previous records: 1118
2025-06-07 01:42:43,699 - Combined records: 1304
2025-06-07 01:42:43,717 - Saved 1304 records to: data/2025-06-07_01-42-32/morphosource_data_complete.json
2025-06-07 01:42:43,718 - Created detailed release notes at: data/2025-06-07_01-42-32/release_notes.txt
