2025-08-26 01:40:45,153 - Data directory: data/2025-08-26_01-40-40
2025-08-26 01:40:45,153 - Output directory: data/2025-08-26_01-40-40
2025-08-26 01:40:45,153 - Using data directory: data/2025-08-26_01-40-40
2025-08-26 01:40:45,153 - Looking for previous data in: data
2025-08-26 01:40:45,157 - Loading previous data from: data/2025-08-25_01-44-15/morphosource_data_complete.json
2025-08-26 01:40:45,605 - Loaded 108138 records from previous data file
2025-08-26 01:40:45,606 - Latest stored record ID: 000772009
2025-08-26 01:40:45,606 - Previous record count: 108138
2025-08-26 01:40:45,606 - Fetching page 1
2025-08-26 01:40:48,957 - Found record 000772262 - Total records: 1
2025-08-26 01:40:48,958 - Found record 000772261 - Total records: 2
2025-08-26 01:40:48,958 - Found record 000772251 - Total records: 3
2025-08-26 01:40:48,958 - Found record 000772250 - Total records: 4
2025-08-26 01:40:48,959 - Found record 000772243 - Total records: 5
2025-08-26 01:40:48,959 - Found record 000772241 - Total records: 6
2025-08-26 01:40:48,959 - Found record 000772232 - Total records: 7
2025-08-26 01:40:48,960 - Found record 000772229 - Total records: 8
2025-08-26 01:40:48,960 - Found record 000772221 - Total records: 9
2025-08-26 01:40:48,960 - Found record 000772220 - Total records: 10
2025-08-26 01:40:48,960 - Found record 000772072 - Total records: 11
2025-08-26 01:40:48,961 - Found record 000772063 - Total records: 12
2025-08-26 01:40:48,961 - Found record 000772057 - Total records: 13
2025-08-26 01:40:48,961 - Found record 000772009 - Total records: 14
2025-08-26 01:40:48,961 - Found latest stored record 000772009 - stopping fetch
2025-08-26 01:40:48,961 - Completed fetch - Found 14 new records
2025-08-26 01:40:48,962 - Latest webpage record ID: 000772262
2025-08-26 01:40:48,963 - New records available - latest records differ
2025-08-26 01:40:49,124 - New records: 14
2025-08-26 01:40:49,124 - Previous records: 108138
2025-08-26 01:40:49,124 - Combined records: 108151
2025-08-26 01:40:50,687 - Saved 108151 records to: data/2025-08-26_01-40-40/morphosource_data_complete.json
2025-08-26 01:40:50,687 - Created detailed release notes at: data/2025-08-26_01-40-40/release_notes.txt
