2025-01-26 15:37:21,108 - INFO - Initialized collector with output directory: data/2025-01-26_15-37-20
2025-01-26 15:37:21,108 - INFO - Loading existing data from data/morphosource_data_complete.json
2025-01-26 15:37:21,108 - INFO - Created backup at: data/2025-01-26_15-37-20/previous_data.json
2025-01-26 15:37:21,108 - INFO - Loaded 5 existing records
2025-01-26 15:37:21,108 - INFO - Processing page 1
2025-01-26 15:37:26,690 - INFO - Processing page 2
2025-01-26 15:37:30,778 - INFO - Processing page 3
2025-01-26 15:37:35,330 - INFO - Processing page 4
2025-01-26 15:37:39,790 - INFO - Processing page 5
2025-01-26 15:37:42,884 - INFO - Checkpoint - Page: 5, Records: 500, Last ID: 000690121
2025-01-26 15:37:42,885 - INFO - Saved stats to data/2025-01-26_15-37-20/monthly_stats.json
2025-01-26 15:37:44,887 - INFO - Processing page 6
2025-01-26 15:37:49,661 - INFO - Processing page 7
2025-01-26 15:37:54,060 - INFO - Processing page 8
2025-01-26 15:37:58,680 - INFO - Processing page 9
2025-01-26 15:38:02,969 - INFO - Processing page 10
2025-01-26 15:38:05,757 - INFO - Checkpoint - Page: 10, Records: 1000, Last ID: 000675556
2025-01-26 15:38:05,758 - INFO - Saved stats to data/2025-01-26_15-37-20/monthly_stats.json
2025-01-26 15:38:07,760 - INFO - Processing page 11
2025-01-26 15:38:12,010 - INFO - Processing page 12
2025-01-26 15:38:17,030 - INFO - Processing page 13
2025-01-26 15:38:21,981 - INFO - Processing page 14
2025-01-26 15:38:27,295 - INFO - Processing page 15
2025-01-26 15:38:30,319 - INFO - Checkpoint - Page: 15, Records: 1500, Last ID: 000672899
2025-01-26 15:38:30,319 - INFO - Saved stats to data/2025-01-26_15-37-20/monthly_stats.json
2025-01-26 15:38:32,322 - INFO - Processing page 16
2025-01-26 15:38:36,715 - INFO - Processing page 17
2025-01-26 15:38:41,200 - INFO - Processing page 18
2025-01-26 15:38:45,549 - INFO - Processing page 19
2025-01-26 15:38:49,861 - INFO - Processing page 20
2025-01-26 15:38:52,573 - INFO - Checkpoint - Page: 20, Records: 2000, Last ID: 000668986
2025-01-26 15:38:52,574 - INFO - Saved stats to data/2025-01-26_15-37-20/monthly_stats.json
2025-01-26 15:38:54,576 - INFO - Processing page 21
2025-01-26 15:38:58,753 - INFO - Processing page 22
2025-01-26 15:39:03,227 - INFO - Processing page 23
2025-01-26 15:39:07,896 - INFO - Processing page 24
2025-01-26 15:39:12,816 - INFO - Processing page 25
2025-01-26 15:39:16,628 - INFO - Checkpoint - Page: 25, Records: 2500, Last ID: 000663610
2025-01-26 15:39:16,628 - INFO - Saved stats to data/2025-01-26_15-37-20/monthly_stats.json
2025-01-26 15:39:18,630 - INFO - Processing page 26
2025-01-26 15:39:23,845 - INFO - Processing page 27
2025-01-26 15:39:28,991 - INFO - Processing page 28
2025-01-26 15:39:33,044 - INFO - Processing page 29
2025-01-26 15:39:37,523 - INFO - Processing page 30
2025-01-26 15:39:41,742 - INFO - Checkpoint - Page: 30, Records: 3000, Last ID: 000655144
2025-01-26 15:39:41,742 - INFO - Saved stats to data/2025-01-26_15-37-20/monthly_stats.json
2025-01-26 15:39:43,744 - INFO - Processing page 31
2025-01-26 15:39:48,520 - INFO - Processing page 32
2025-01-26 15:39:54,606 - INFO - Processing page 33
2025-01-26 15:39:59,384 - INFO - Processing page 34
2025-01-26 15:40:04,240 - INFO - Processing page 35
2025-01-26 15:40:07,029 - INFO - Checkpoint - Page: 35, Records: 3500, Last ID: 000645797
2025-01-26 15:40:07,030 - INFO - Saved stats to data/2025-01-26_15-37-20/monthly_stats.json
2025-01-26 15:40:09,032 - INFO - Processing page 36
2025-01-26 15:40:13,213 - INFO - Processing page 37
2025-01-26 15:40:18,454 - INFO - Processing page 38
2025-01-26 15:40:23,014 - INFO - Processing page 39
2025-01-26 15:40:27,649 - INFO - Processing page 40
2025-01-26 15:40:29,632 - INFO - Checkpoint - Page: 40, Records: 4000, Last ID: 000636397
2025-01-26 15:40:29,633 - INFO - Saved stats to data/2025-01-26_15-37-20/monthly_stats.json
2025-01-26 15:40:31,635 - INFO - Processing page 41
2025-01-26 15:40:36,232 - INFO - Processing page 42
2025-01-26 15:40:40,265 - INFO - Processing page 43
2025-01-26 15:40:44,437 - INFO - Processing page 44
2025-01-26 15:40:48,898 - INFO - Processing page 45
2025-01-26 15:40:51,454 - INFO - Checkpoint - Page: 45, Records: 4500, Last ID: 000623866
2025-01-26 15:40:51,455 - INFO - Saved stats to data/2025-01-26_15-37-20/monthly_stats.json
2025-01-26 15:40:53,457 - INFO - Processing page 46
2025-01-26 15:40:57,590 - INFO - Processing page 47
2025-01-26 15:41:01,970 - INFO - Processing page 48
2025-01-26 15:41:06,327 - INFO - Processing page 49
2025-01-26 15:41:12,182 - INFO - Processing page 50
2025-01-26 15:41:16,020 - INFO - Checkpoint - Page: 50, Records: 5000, Last ID: 000616195
2025-01-26 15:41:16,020 - INFO - Saved stats to data/2025-01-26_15-37-20/monthly_stats.json
2025-01-26 15:41:18,022 - INFO - Processing page 51
2025-01-26 15:41:22,919 - INFO - Processing page 52
2025-01-26 15:41:28,371 - INFO - Processing page 53
2025-01-26 15:41:33,350 - INFO - Processing page 54
2025-01-26 15:41:39,342 - INFO - Processing page 55
2025-01-26 15:41:41,443 - INFO - Checkpoint - Page: 55, Records: 5500, Last ID: 000607477
2025-01-26 15:41:41,443 - INFO - Saved stats to data/2025-01-26_15-37-20/monthly_stats.json
2025-01-26 15:41:43,445 - INFO - Processing page 56
2025-01-26 15:41:47,989 - INFO - Processing page 57
2025-01-26 15:41:51,985 - INFO - Processing page 58
2025-01-26 15:41:56,556 - INFO - Processing page 59
2025-01-26 15:42:01,043 - INFO - Processing page 60
2025-01-26 15:42:03,308 - INFO - Checkpoint - Page: 60, Records: 6000, Last ID: 000601089
2025-01-26 15:42:03,308 - INFO - Saved stats to data/2025-01-26_15-37-20/monthly_stats.json
2025-01-26 15:42:05,310 - INFO - Processing page 61
2025-01-26 15:42:28,212 - INFO - Processing page 62
2025-01-26 15:42:36,211 - INFO - Processing page 63
2025-01-26 15:42:41,555 - INFO - Processing page 64
2025-01-26 15:42:46,194 - INFO - Processing page 65
2025-01-26 15:42:48,452 - INFO - Checkpoint - Page: 65, Records: 6500, Last ID: 000591609
2025-01-26 15:42:48,452 - INFO - Saved stats to data/2025-01-26_15-37-20/monthly_stats.json
2025-01-26 15:42:50,455 - INFO - Processing page 66
2025-01-26 15:42:55,016 - INFO - Processing page 67
2025-01-26 15:42:59,417 - INFO - Processing page 68
2025-01-26 15:43:03,748 - INFO - Processing page 69
2025-01-26 15:43:08,511 - INFO - Processing page 70
2025-01-26 15:43:11,116 - INFO - Checkpoint - Page: 70, Records: 7000, Last ID: 000581388
2025-01-26 15:43:11,116 - INFO - Saved stats to data/2025-01-26_15-37-20/monthly_stats.json
2025-01-26 15:43:13,118 - INFO - Processing page 71
2025-01-26 15:43:17,564 - INFO - Processing page 72
2025-01-26 15:43:22,387 - INFO - Processing page 73
2025-01-26 15:43:26,838 - INFO - Processing page 74
2025-01-26 15:43:31,393 - INFO - Processing page 75
2025-01-26 15:43:35,068 - INFO - Checkpoint - Page: 75, Records: 7500, Last ID: 000574713
2025-01-26 15:43:35,068 - INFO - Saved stats to data/2025-01-26_15-37-20/monthly_stats.json
2025-01-26 15:43:37,070 - INFO - Processing page 76
2025-01-26 15:43:42,578 - INFO - Processing page 77
2025-01-26 15:43:46,811 - INFO - Processing page 78
2025-01-26 15:43:53,520 - INFO - Processing page 79
2025-01-26 15:43:59,839 - INFO - Processing page 80
2025-01-26 15:44:02,204 - INFO - Checkpoint - Page: 80, Records: 8000, Last ID: 000570478
2025-01-26 15:44:02,204 - INFO - Saved stats to data/2025-01-26_15-37-20/monthly_stats.json
2025-01-26 15:44:04,207 - INFO - Processing page 81
2025-01-26 15:44:09,227 - INFO - Processing page 82
2025-01-26 15:44:13,713 - INFO - Processing page 83
2025-01-26 15:44:19,046 - INFO - Processing page 84
2025-01-26 15:44:26,672 - INFO - Processing page 85
2025-01-26 15:44:29,070 - INFO - Checkpoint - Page: 85, Records: 8500, Last ID: 000566346
2025-01-26 15:44:29,070 - INFO - Saved stats to data/2025-01-26_15-37-20/monthly_stats.json
2025-01-26 15:44:31,072 - INFO - Processing page 86
2025-01-26 15:44:36,232 - INFO - Processing page 87
2025-01-26 15:44:41,745 - INFO - Processing page 88
2025-01-26 15:44:47,166 - INFO - Processing page 89
2025-01-26 15:44:52,457 - INFO - Processing page 90
2025-01-26 15:44:55,560 - INFO - Checkpoint - Page: 90, Records: 9000, Last ID: 000555167
2025-01-26 15:44:55,560 - INFO - Saved stats to data/2025-01-26_15-37-20/monthly_stats.json
2025-01-26 15:44:57,561 - INFO - Processing page 91
2025-01-26 15:45:03,603 - INFO - Processing page 92
2025-01-26 15:45:12,208 - INFO - Processing page 93
2025-01-26 15:45:18,854 - INFO - Processing page 94
2025-01-26 15:45:24,164 - INFO - Processing page 95
2025-01-26 15:45:28,315 - INFO - Checkpoint - Page: 95, Records: 9500, Last ID: 000548575
2025-01-26 15:45:28,315 - INFO - Saved stats to data/2025-01-26_15-37-20/monthly_stats.json
2025-01-26 15:45:30,317 - INFO - Processing page 96
2025-01-26 15:45:39,419 - INFO - Processing page 97
2025-01-26 15:45:45,963 - INFO - Processing page 98
2025-01-26 15:45:50,558 - INFO - Processing page 99
2025-01-26 15:45:59,230 - INFO - Processing page 100
2025-01-26 15:46:02,337 - INFO - Checkpoint - Page: 100, Records: 10000, Last ID: 000541825
2025-01-26 15:46:02,337 - INFO - Saved stats to data/2025-01-26_15-37-20/monthly_stats.json
2025-01-26 15:46:04,339 - INFO - Processing page 101
2025-01-26 15:46:09,258 - INFO - Processing page 102
2025-01-26 15:46:14,237 - INFO - Processing page 103
2025-01-26 15:46:19,537 - INFO - Processing page 104
2025-01-26 15:46:24,560 - INFO - Processing page 105
2025-01-26 15:46:27,175 - INFO - Checkpoint - Page: 105, Records: 10500, Last ID: 000535714
2025-01-26 15:46:27,176 - INFO - Saved stats to data/2025-01-26_15-37-20/monthly_stats.json
2025-01-26 15:46:29,178 - INFO - Processing page 106
2025-01-26 15:46:33,694 - INFO - Processing page 107
2025-01-26 15:46:37,861 - INFO - Processing page 108
2025-01-26 15:46:43,604 - INFO - Processing page 109
2025-01-26 15:46:48,332 - INFO - Processing page 110
2025-01-26 15:46:50,598 - INFO - Checkpoint - Page: 110, Records: 11000, Last ID: 000528819
2025-01-26 15:46:50,599 - INFO - Saved stats to data/2025-01-26_15-37-20/monthly_stats.json
2025-01-26 15:46:52,601 - INFO - Processing page 111
2025-01-26 15:46:58,103 - INFO - Processing page 112
2025-01-26 15:47:03,406 - INFO - Processing page 113
2025-01-26 15:47:08,113 - INFO - Processing page 114
2025-01-26 15:47:13,207 - INFO - Processing page 115
2025-01-26 15:47:16,530 - INFO - Checkpoint - Page: 115, Records: 11500, Last ID: 000522682
2025-01-26 15:47:16,531 - INFO - Saved stats to data/2025-01-26_15-37-20/monthly_stats.json
2025-01-26 15:47:18,533 - INFO - Processing page 116
2025-01-26 15:47:24,555 - INFO - Processing page 117
2025-01-26 15:47:31,514 - INFO - Processing page 118
2025-01-26 15:47:36,318 - INFO - Processing page 119
2025-01-26 15:47:42,004 - INFO - Processing page 120
2025-01-26 15:47:45,153 - INFO - Checkpoint - Page: 120, Records: 12000, Last ID: 000517440
2025-01-26 15:47:45,154 - INFO - Saved stats to data/2025-01-26_15-37-20/monthly_stats.json
2025-01-26 15:47:47,156 - INFO - Processing page 121
2025-01-26 15:47:52,288 - INFO - Processing page 122
2025-01-26 15:47:56,537 - INFO - Processing page 123
2025-01-26 15:48:02,323 - INFO - Processing page 124
2025-01-26 15:48:07,173 - INFO - Processing page 125
2025-01-26 15:48:11,050 - INFO - Checkpoint - Page: 125, Records: 12500, Last ID: 000513299
2025-01-26 15:48:11,050 - INFO - Saved stats to data/2025-01-26_15-37-20/monthly_stats.json
2025-01-26 15:48:13,052 - INFO - Processing page 126
2025-01-26 15:48:18,263 - INFO - Processing page 127
2025-01-26 15:48:23,643 - INFO - Processing page 128
2025-01-26 15:48:30,608 - INFO - Processing page 129
2025-01-26 15:48:35,706 - INFO - Processing page 130
2025-01-26 15:48:41,176 - INFO - Checkpoint - Page: 130, Records: 13000, Last ID: 000506306
2025-01-26 15:48:41,176 - INFO - Saved stats to data/2025-01-26_15-37-20/monthly_stats.json
2025-01-26 15:48:43,178 - INFO - Processing page 131
2025-01-26 15:48:49,080 - INFO - Processing page 132
2025-01-26 15:48:53,256 - INFO - Processing page 133
2025-01-26 15:48:58,705 - INFO - Processing page 134
2025-01-26 15:49:03,295 - INFO - Processing page 135
2025-01-26 15:49:06,963 - INFO - Checkpoint - Page: 135, Records: 13500, Last ID: 000500009
2025-01-26 15:49:06,963 - INFO - Saved stats to data/2025-01-26_15-37-20/monthly_stats.json
2025-01-26 15:49:08,965 - INFO - Processing page 136
2025-01-26 15:49:17,588 - INFO - Processing page 137
2025-01-26 15:49:22,140 - INFO - Processing page 138
2025-01-26 15:49:26,723 - INFO - Processing page 139
2025-01-26 15:49:32,088 - INFO - Processing page 140
2025-01-26 15:49:35,578 - INFO - Checkpoint - Page: 140, Records: 14000, Last ID: 000496835
2025-01-26 15:49:35,579 - INFO - Saved stats to data/2025-01-26_15-37-20/monthly_stats.json
2025-01-26 15:49:37,581 - INFO - Processing page 141
2025-01-26 15:49:42,632 - INFO - Processing page 142
2025-01-26 15:49:48,653 - INFO - Processing page 143
2025-01-26 15:49:53,714 - INFO - Processing page 144
2025-01-26 15:49:59,200 - INFO - Processing page 145
2025-01-26 15:50:01,486 - INFO - Checkpoint - Page: 145, Records: 14500, Last ID: 000492319
2025-01-26 15:50:01,486 - INFO - Saved stats to data/2025-01-26_15-37-20/monthly_stats.json
2025-01-26 15:50:03,489 - INFO - Processing page 146
2025-01-26 15:50:07,612 - INFO - Processing page 147
2025-01-26 15:50:13,204 - INFO - Processing page 148
2025-01-26 15:50:17,869 - INFO - Processing page 149
2025-01-26 15:50:22,455 - INFO - Processing page 150
2025-01-26 15:50:25,483 - INFO - Checkpoint - Page: 150, Records: 15000, Last ID: 000485815
2025-01-26 15:50:25,483 - INFO - Saved stats to data/2025-01-26_15-37-20/monthly_stats.json
2025-01-26 15:50:27,486 - INFO - Processing page 151
2025-01-26 15:50:35,758 - INFO - Processing page 152
2025-01-26 15:50:40,190 - INFO - Processing page 153
2025-01-26 15:50:45,740 - INFO - Processing page 154
2025-01-26 15:50:51,474 - INFO - Processing page 155
2025-01-26 15:50:53,874 - INFO - Checkpoint - Page: 155, Records: 15500, Last ID: 000483064
2025-01-26 15:50:53,875 - INFO - Saved stats to data/2025-01-26_15-37-20/monthly_stats.json
2025-01-26 15:50:55,877 - INFO - Processing page 156
2025-01-26 15:51:00,823 - INFO - Processing page 157
2025-01-26 15:51:05,231 - INFO - Processing page 158
2025-01-26 15:51:09,458 - INFO - Processing page 159
2025-01-26 15:51:15,779 - INFO - Processing page 160
2025-01-26 15:51:19,018 - INFO - Checkpoint - Page: 160, Records: 16000, Last ID: 000479536
2025-01-26 15:51:19,018 - INFO - Saved stats to data/2025-01-26_15-37-20/monthly_stats.json
2025-01-26 15:51:21,020 - INFO - Processing page 161
2025-01-26 15:51:26,190 - INFO - Processing page 162
2025-01-26 15:51:30,698 - INFO - Processing page 163
2025-01-26 15:51:35,117 - INFO - Processing page 164
2025-01-26 15:51:39,267 - INFO - Processing page 165
2025-01-26 15:51:41,998 - INFO - Checkpoint - Page: 165, Records: 16500, Last ID: 000474179
2025-01-26 15:51:41,998 - INFO - Saved stats to data/2025-01-26_15-37-20/monthly_stats.json
2025-01-26 15:51:43,999 - INFO - Processing page 166
2025-01-26 15:51:48,335 - INFO - Processing page 167
2025-01-26 15:51:53,726 - INFO - Processing page 168
2025-01-26 15:51:58,462 - INFO - Processing page 169
2025-01-26 15:52:03,130 - INFO - Processing page 170
2025-01-26 15:52:05,964 - INFO - Checkpoint - Page: 170, Records: 17000, Last ID: 000470536
2025-01-26 15:52:05,964 - INFO - Saved stats to data/2025-01-26_15-37-20/monthly_stats.json
2025-01-26 15:52:07,966 - INFO - Processing page 171
2025-01-26 15:52:12,649 - INFO - Processing page 172
2025-01-26 15:52:17,216 - INFO - Processing page 173
