2025-07-30 01:55:22,340 - Data directory: data/2025-07-30_01-55-20
2025-07-30 01:55:22,340 - Output directory: data/2025-07-30_01-55-20
2025-07-30 01:55:22,340 - Using data directory: data/2025-07-30_01-55-20
2025-07-30 01:55:22,340 - Looking for previous data in: data
2025-07-30 01:55:22,342 - Loading previous data from: data/2025-07-29_02-06-16/morphosource_data_complete.json
2025-07-30 01:55:22,763 - Loaded 107876 records from previous data file
2025-07-30 01:55:22,763 - Latest stored record ID: 000766316
2025-07-30 01:55:22,763 - Previous record count: 107876
2025-07-30 01:55:22,763 - Fetching page 1
2025-07-30 01:55:28,212 - Found record 000767059 - Total records: 1
2025-07-30 01:55:28,213 - Found record 000767053 - Total records: 2
2025-07-30 01:55:28,213 - Found record 000767040 - Total records: 3
2025-07-30 01:55:28,213 - Found record 000767020 - Total records: 4
2025-07-30 01:55:28,213 - Found record 000767014 - Total records: 5
2025-07-30 01:55:28,214 - Found record 000767008 - Total records: 6
2025-07-30 01:55:28,214 - Found record 000766996 - Total records: 7
2025-07-30 01:55:28,214 - Found record 000766994 - Total records: 8
2025-07-30 01:55:28,215 - Found record 000766988 - Total records: 9
2025-07-30 01:55:28,215 - Found record 000766986 - Total records: 10
2025-07-30 01:55:28,215 - Found record 000766980 - Total records: 11
2025-07-30 01:55:28,215 - Found record 000766978 - Total records: 12
2025-07-30 01:55:28,216 - Found record 000766972 - Total records: 13
2025-07-30 01:55:28,216 - Found record 000766970 - Total records: 14
2025-07-30 01:55:28,216 - Found record 000766963 - Total records: 15
2025-07-30 01:55:28,217 - Found record 000766962 - Total records: 16
2025-07-30 01:55:28,217 - Found record 000766956 - Total records: 17
2025-07-30 01:55:28,217 - Found record 000766954 - Total records: 18
2025-07-30 01:55:28,217 - Found record 000766948 - Total records: 19
2025-07-30 01:55:28,218 - Found record 000766946 - Total records: 20
2025-07-30 01:55:28,218 - Found record 000766939 - Total records: 21
2025-07-30 01:55:28,218 - Found record 000766938 - Total records: 22
2025-07-30 01:55:28,218 - Found record 000766931 - Total records: 23
2025-07-30 01:55:28,219 - Found record 000766930 - Total records: 24
2025-07-30 01:55:28,219 - Found record 000766923 - Total records: 25
2025-07-30 01:55:28,219 - Found record 000766922 - Total records: 26
2025-07-30 01:55:28,220 - Found record 000766916 - Total records: 27
2025-07-30 01:55:28,220 - Found record 000766914 - Total records: 28
2025-07-30 01:55:28,220 - Found record 000766907 - Total records: 29
2025-07-30 01:55:28,220 - Found record 000766906 - Total records: 30
2025-07-30 01:55:28,221 - Found record 000766899 - Total records: 31
2025-07-30 01:55:28,221 - Found record 000766898 - Total records: 32
2025-07-30 01:55:28,221 - Found record 000766891 - Total records: 33
2025-07-30 01:55:28,221 - Found record 000766890 - Total records: 34
2025-07-30 01:55:28,222 - Found record 000766882 - Total records: 35
2025-07-30 01:55:28,222 - Found record 000766881 - Total records: 36
2025-07-30 01:55:28,222 - Found record 000766880 - Total records: 37
2025-07-30 01:55:28,223 - Found record 000766869 - Total records: 38
2025-07-30 01:55:28,223 - Found record 000766868 - Total records: 39
2025-07-30 01:55:28,223 - Found record 000766861 - Total records: 40
2025-07-30 01:55:28,223 - Found record 000766860 - Total records: 41
2025-07-30 01:55:28,224 - Found record 000766853 - Total records: 42
2025-07-30 01:55:28,224 - Found record 000766852 - Total records: 43
2025-07-30 01:55:28,224 - Found record 000766845 - Total records: 44
2025-07-30 01:55:28,225 - Found record 000766844 - Total records: 45
2025-07-30 01:55:28,225 - Found record 000766837 - Total records: 46
2025-07-30 01:55:28,225 - Found record 000766836 - Total records: 47
2025-07-30 01:55:28,225 - Found record 000766829 - Total records: 48
2025-07-30 01:55:28,226 - Found record 000766828 - Total records: 49
2025-07-30 01:55:28,226 - Found record 000766821 - Total records: 50
2025-07-30 01:55:28,226 - Found record 000766820 - Total records: 51
2025-07-30 01:55:28,226 - Found record 000766813 - Total records: 52
2025-07-30 01:55:28,227 - Found record 000766812 - Total records: 53
2025-07-30 01:55:28,227 - Found record 000766805 - Total records: 54
2025-07-30 01:55:28,227 - Found record 000766804 - Total records: 55
2025-07-30 01:55:28,227 - Found record 000766797 - Total records: 56
2025-07-30 01:55:28,228 - Found record 000766796 - Total records: 57
2025-07-30 01:55:28,228 - Found record 000766789 - Total records: 58
2025-07-30 01:55:28,228 - Found record 000766788 - Total records: 59
2025-07-30 01:55:28,229 - Found record 000766781 - Total records: 60
2025-07-30 01:55:28,229 - Found record 000766780 - Total records: 61
2025-07-30 01:55:28,229 - Found record 000766773 - Total records: 62
2025-07-30 01:55:28,229 - Found record 000766772 - Total records: 63
2025-07-30 01:55:28,230 - Found record 000766765 - Total records: 64
2025-07-30 01:55:28,230 - Found record 000766764 - Total records: 65
2025-07-30 01:55:28,230 - Found record 000766757 - Total records: 66
2025-07-30 01:55:28,230 - Found record 000766756 - Total records: 67
2025-07-30 01:55:28,231 - Found record 000766749 - Total records: 68
2025-07-30 01:55:28,231 - Found record 000766748 - Total records: 69
2025-07-30 01:55:28,231 - Found record 000766741 - Total records: 70
2025-07-30 01:55:28,232 - Found record 000766740 - Total records: 71
2025-07-30 01:55:28,232 - Found record 000766733 - Total records: 72
2025-07-30 01:55:28,232 - Found record 000766732 - Total records: 73
2025-07-30 01:55:28,232 - Found record 000766725 - Total records: 74
2025-07-30 01:55:28,233 - Found record 000766724 - Total records: 75
2025-07-30 01:55:28,233 - Found record 000766717 - Total records: 76
2025-07-30 01:55:28,233 - Found record 000766716 - Total records: 77
2025-07-30 01:55:28,234 - Found record 000766709 - Total records: 78
2025-07-30 01:55:28,234 - Found record 000766708 - Total records: 79
2025-07-30 01:55:28,234 - Found record 000766701 - Total records: 80
2025-07-30 01:55:28,234 - Found record 000766700 - Total records: 81
2025-07-30 01:55:28,235 - Found record 000766693 - Total records: 82
2025-07-30 01:55:28,235 - Found record 000766692 - Total records: 83
2025-07-30 01:55:28,235 - Found record 000766685 - Total records: 84
2025-07-30 01:55:28,235 - Found record 000766684 - Total records: 85
2025-07-30 01:55:28,236 - Found record 000766677 - Total records: 86
2025-07-30 01:55:28,236 - Found record 000766676 - Total records: 87
2025-07-30 01:55:28,236 - Found record 000766669 - Total records: 88
2025-07-30 01:55:28,236 - Found record 000766668 - Total records: 89
2025-07-30 01:55:28,237 - Found record 000766661 - Total records: 90
2025-07-30 01:55:28,237 - Found record 000766660 - Total records: 91
2025-07-30 01:55:28,237 - Found record 000766653 - Total records: 92
2025-07-30 01:55:28,238 - Found record 000766652 - Total records: 93
2025-07-30 01:55:28,238 - Found record 000766645 - Total records: 94
2025-07-30 01:55:28,238 - Found record 000766644 - Total records: 95
2025-07-30 01:55:28,238 - Found record 000766636 - Total records: 96
2025-07-30 01:55:28,239 - Found record 000766635 - Total records: 97
2025-07-30 01:55:28,239 - Found record 000766617 - Total records: 98
2025-07-30 01:55:28,239 - Found record 000766616 - Total records: 99
2025-07-30 01:55:28,239 - Found record 000766609 - Total records: 100
2025-07-30 01:55:29,241 - Fetching page 2
2025-07-30 01:55:31,624 - Found record 000766608 - Total records: 101
2025-07-30 01:55:31,625 - Found record 000766601 - Total records: 102
2025-07-30 01:55:31,625 - Found record 000766600 - Total records: 103
2025-07-30 01:55:31,625 - Found record 000766592 - Total records: 104
2025-07-30 01:55:31,626 - Found record 000766591 - Total records: 105
2025-07-30 01:55:31,626 - Found record 000766579 - Total records: 106
2025-07-30 01:55:31,626 - Found record 000766578 - Total records: 107
2025-07-30 01:55:31,627 - Found record 000766565 - Total records: 108
2025-07-30 01:55:31,627 - Found record 000766564 - Total records: 109
2025-07-30 01:55:31,627 - Found record 000766551 - Total records: 110
2025-07-30 01:55:31,628 - Found record 000766550 - Total records: 111
2025-07-30 01:55:31,628 - Found record 000766544 - Total records: 112
2025-07-30 01:55:31,628 - Found record 000766525 - Total records: 113
2025-07-30 01:55:31,628 - Found record 000766483 - Total records: 114
2025-07-30 01:55:31,629 - Found record 000766436 - Total records: 115
2025-07-30 01:55:31,629 - Found record 000766428 - Total records: 116
2025-07-30 01:55:31,629 - Found record 000766379 - Total records: 117
2025-07-30 01:55:31,630 - Found record 000766375 - Total records: 118
2025-07-30 01:55:31,630 - Found record 000766329 - Total records: 119
2025-07-30 01:55:31,630 - Found record 000766325 - Total records: 120
2025-07-30 01:55:31,631 - Found record 000766322 - Total records: 121
2025-07-30 01:55:31,631 - Found record 000766316 - Total records: 122
2025-07-30 01:55:31,631 - Found latest stored record 000766316 - stopping fetch
2025-07-30 01:55:31,631 - Completed fetch - Found 122 new records
2025-07-30 01:55:31,631 - Latest webpage record ID: 000767059
2025-07-30 01:55:31,631 - New records available - latest records differ
2025-07-30 01:55:32,435 - New records: 122
2025-07-30 01:55:32,435 - Previous records: 107876
2025-07-30 01:55:32,435 - Combined records: 107997
2025-07-30 01:55:33,988 - Saved 107997 records to: data/2025-07-30_01-55-20/morphosource_data_complete.json
2025-07-30 01:55:33,989 - Created detailed release notes at: data/2025-07-30_01-55-20/release_notes.txt
