2025-04-04 01:27:18,686 - Data directory: data/2025-04-04_01-27-17
2025-04-04 01:27:18,686 - Output directory: data/2025-04-04_01-27-17
2025-04-04 01:27:18,686 - Using data directory: data/2025-04-04_01-27-17
2025-04-04 01:27:18,686 - Looking for previous data in: data
2025-04-04 01:27:18,687 - Loading previous data from: data/2025-04-03_01-27-37/morphosource_data_complete.json
2025-04-04 01:27:18,689 - Loaded 419 records from previous data file
2025-04-04 01:27:18,689 - Latest stored record ID: 000725312
2025-04-04 01:27:18,689 - Previous record count: 419
2025-04-04 01:27:18,689 - Fetching page 1
2025-04-04 01:27:20,907 - Found record 000727309 - Total records: 1
2025-04-04 01:27:20,907 - Found record 000727302 - Total records: 2
2025-04-04 01:27:20,908 - Found record 000727295 - Total records: 3
2025-04-04 01:27:20,908 - Found record 000727291 - Total records: 4
2025-04-04 01:27:20,909 - Found record 000727284 - Total records: 5
2025-04-04 01:27:20,909 - Found record 000727278 - Total records: 6
2025-04-04 01:27:20,909 - Found record 000727272 - Total records: 7
2025-04-04 01:27:20,910 - Found record 000727266 - Total records: 8
2025-04-04 01:27:20,910 - Found record 000727260 - Total records: 9
2025-04-04 01:27:20,910 - Found record 000727254 - Total records: 10
2025-04-04 01:27:20,911 - Found record 000727248 - Total records: 11
2025-04-04 01:27:20,911 - Found record 000727242 - Total records: 12
2025-04-04 01:27:20,911 - Found record 000727237 - Total records: 13
2025-04-04 01:27:20,912 - Found record 000727226 - Total records: 14
2025-04-04 01:27:20,912 - Found record 000727219 - Total records: 15
2025-04-04 01:27:20,912 - Found record 000727206 - Total records: 16
2025-04-04 01:27:20,913 - Found record 000727198 - Total records: 17
2025-04-04 01:27:20,913 - Found record 000727185 - Total records: 18
2025-04-04 01:27:20,913 - Found record 000727174 - Total records: 19
2025-04-04 01:27:20,914 - Found record 000727171 - Total records: 20
2025-04-04 01:27:20,914 - Found record 000727168 - Total records: 21
2025-04-04 01:27:20,914 - Found record 000727165 - Total records: 22
2025-04-04 01:27:20,914 - Found record 000727162 - Total records: 23
2025-04-04 01:27:20,915 - Found record 000727157 - Total records: 24
2025-04-04 01:27:20,915 - Found record 000727150 - Total records: 25
2025-04-04 01:27:20,915 - Found record 000727147 - Total records: 26
2025-04-04 01:27:20,916 - Found record 000727144 - Total records: 27
2025-04-04 01:27:20,916 - Found record 000727138 - Total records: 28
2025-04-04 01:27:20,916 - Found record 000727135 - Total records: 29
2025-04-04 01:27:20,917 - Found record 000727129 - Total records: 30
2025-04-04 01:27:20,917 - Found record 000727126 - Total records: 31
2025-04-04 01:27:20,917 - Found record 000727123 - Total records: 32
2025-04-04 01:27:20,918 - Found record 000727120 - Total records: 33
2025-04-04 01:27:20,918 - Found record 000727116 - Total records: 34
2025-04-04 01:27:20,918 - Found record 000727115 - Total records: 35
2025-04-04 01:27:20,918 - Found record 000727108 - Total records: 36
2025-04-04 01:27:20,919 - Found record 000727105 - Total records: 37
2025-04-04 01:27:20,919 - Found record 000727102 - Total records: 38
2025-04-04 01:27:20,919 - Found record 000727099 - Total records: 39
2025-04-04 01:27:20,920 - Found record 000727095 - Total records: 40
2025-04-04 01:27:20,920 - Found record 000727092 - Total records: 41
2025-04-04 01:27:20,920 - Found record 000727087 - Total records: 42
2025-04-04 01:27:20,921 - Found record 000727073 - Total records: 43
2025-04-04 01:27:20,921 - Found record 000727066 - Total records: 44
2025-04-04 01:27:20,921 - Found record 000727064 - Total records: 45
2025-04-04 01:27:20,921 - Found record 000727056 - Total records: 46
2025-04-04 01:27:20,922 - Found record 000727050 - Total records: 47
2025-04-04 01:27:20,922 - Found record 000727049 - Total records: 48
2025-04-04 01:27:20,922 - Found record 000727042 - Total records: 49
2025-04-04 01:27:20,923 - Found record 000727039 - Total records: 50
2025-04-04 01:27:20,923 - Found record 000727033 - Total records: 51
2025-04-04 01:27:20,923 - Found record 000727032 - Total records: 52
2025-04-04 01:27:20,923 - Found record 000727025 - Total records: 53
2025-04-04 01:27:20,924 - Found record 000727022 - Total records: 54
2025-04-04 01:27:20,924 - Found record 000727019 - Total records: 55
2025-04-04 01:27:20,924 - Found record 000727016 - Total records: 56
2025-04-04 01:27:20,925 - Found record 000727013 - Total records: 57
2025-04-04 01:27:20,925 - Found record 000727006 - Total records: 58
2025-04-04 01:27:20,925 - Found record 000727003 - Total records: 59
2025-04-04 01:27:20,925 - Found record 000726960 - Total records: 60
2025-04-04 01:27:20,926 - Found record 000726323 - Total records: 61
2025-04-04 01:27:20,926 - Found record 000726253 - Total records: 62
2025-04-04 01:27:20,926 - Found record 000726051 - Total records: 63
2025-04-04 01:27:20,927 - Found record 000725312 - Total records: 64
2025-04-04 01:27:20,927 - Found latest stored record 000725312 - stopping fetch
2025-04-04 01:27:20,927 - Completed fetch - Found 64 new records
2025-04-04 01:27:20,927 - Latest webpage record ID: 000727309
2025-04-04 01:27:20,927 - New records available - latest records differ
2025-04-04 01:27:20,929 - New records: 64
2025-04-04 01:27:20,929 - Previous records: 419
2025-04-04 01:27:20,929 - Combined records: 482
2025-04-04 01:27:20,936 - Saved 482 records to: data/2025-04-04_01-27-17/morphosource_data_complete.json
2025-04-04 01:27:20,936 - Created detailed release notes at: data/2025-04-04_01-27-17/release_notes.txt
