2025-07-18 01:53:58,593 - Data directory: data/2025-07-18_01-53-56
2025-07-18 01:53:58,593 - Output directory: data/2025-07-18_01-53-56
2025-07-18 01:53:58,594 - Using data directory: data/2025-07-18_01-53-56
2025-07-18 01:53:58,594 - Looking for previous data in: data
2025-07-18 01:53:58,595 - Loading previous data from: data/2025-07-17_01-51-56/morphosource_data_complete.json
2025-07-18 01:53:59,034 - Loaded 107790 records from previous data file
2025-07-18 01:53:59,034 - Latest stored record ID: 000764600
2025-07-18 01:53:59,034 - Previous record count: 107790
2025-07-18 01:53:59,034 - Fetching page 1
2025-07-18 01:54:01,227 - Found record 000764684 - Total records: 1
2025-07-18 01:54:01,227 - Found record 000764679 - Total records: 2
2025-07-18 01:54:01,228 - Found record 000764675 - Total records: 3
2025-07-18 01:54:01,228 - Found record 000764671 - Total records: 4
2025-07-18 01:54:01,228 - Found record 000764667 - Total records: 5
2025-07-18 01:54:01,229 - Found record 000764640 - Total records: 6
2025-07-18 01:54:01,229 - Found record 000764629 - Total records: 7
2025-07-18 01:54:01,229 - Found record 000764624 - Total records: 8
2025-07-18 01:54:01,230 - Found record 000764600 - Total records: 9
2025-07-18 01:54:01,230 - Found latest stored record 000764600 - stopping fetch
2025-07-18 01:54:01,230 - Completed fetch - Found 9 new records
2025-07-18 01:54:01,230 - Latest webpage record ID: 000764684
2025-07-18 01:54:01,230 - New records available - latest records differ
2025-07-18 01:54:01,364 - New records: 9
2025-07-18 01:54:01,364 - Previous records: 107790
2025-07-18 01:54:01,364 - Combined records: 107798
2025-07-18 01:54:02,911 - Saved 107798 records to: data/2025-07-18_01-53-56/morphosource_data_complete.json
2025-07-18 01:54:02,911 - Created detailed release notes at: data/2025-07-18_01-53-56/release_notes.txt
