2026-05-04 00:49:28,364 - Data directory: data/2026-05-04_00-49-26
2026-05-04 00:49:28,364 - Output directory: data/2026-05-04_00-49-26
2026-05-04 00:49:28,364 - Fetch all mode: True
2026-05-04 00:49:28,364 - Using data directory: data/2026-05-04_00-49-26
2026-05-04 00:49:28,364 - Looking for previous data in: data
2026-05-04 00:49:28,370 - Loading previous data from: data/2025-10-06_01-28-33/morphosource_data_complete.json
2026-05-04 00:49:28,763 - Loaded 108782 records from previous data file
2026-05-04 00:49:28,763 - Latest stored record ID: 000781814
2026-05-04 00:49:28,763 - Previous record count: 108782
2026-05-04 00:49:28,763 - === FULL FETCH MODE: Collecting all records from all pages ===
2026-05-04 00:49:28,763 - Fetching page 1 via API
2026-05-04 00:49:29,343 - API error on page 1: Network error: Expecting value: line 1 column 1 (char 0) (error 1/5)
2026-05-04 00:49:34,348 - Fetching page 1 via API
2026-05-04 00:49:34,388 - API error on page 1: Network error: Expecting value: line 1 column 1 (char 0) (error 2/5)
2026-05-04 00:49:39,393 - Fetching page 1 via API
2026-05-04 00:49:39,432 - API error on page 1: Network error: Expecting value: line 1 column 1 (char 0) (error 3/5)
2026-05-04 00:49:44,436 - Fetching page 1 via API
2026-05-04 00:49:44,476 - API error on page 1: Network error: Expecting value: line 1 column 1 (char 0) (error 4/5)
2026-05-04 00:49:49,477 - Fetching page 1 via API
2026-05-04 00:49:49,516 - API error on page 1: Network error: Expecting value: line 1 column 1 (char 0) (error 5/5)
2026-05-04 00:49:49,516 - Error getting records: Network error: Expecting value: line 1 column 1 (char 0)
2026-05-04 00:49:49,516 - Error in daily check: Network error: Expecting value: line 1 column 1 (char 0)
