2026-05-17 00:53:59,688 - Data directory: data/2026-05-17_00-53-57
2026-05-17 00:53:59,688 - Output directory: data/2026-05-17_00-53-57
2026-05-17 00:53:59,688 - Fetch all mode: True
2026-05-17 00:53:59,688 - Using data directory: data/2026-05-17_00-53-57
2026-05-17 00:53:59,688 - Looking for previous data in: data
2026-05-17 00:53:59,694 - Loading previous data from: data/2025-10-06_01-28-33/morphosource_data_complete.json
2026-05-17 00:54:00,089 - Loaded 108782 records from previous data file
2026-05-17 00:54:00,089 - Latest stored record ID: 000781814
2026-05-17 00:54:00,089 - Previous record count: 108782
2026-05-17 00:54:00,089 - === FULL FETCH MODE: Collecting all records from all pages ===
2026-05-17 00:54:00,089 - Fetching page 1 via API
2026-05-17 00:54:00,672 - API error on page 1: Network error: Expecting value: line 1 column 1 (char 0) (error 1/5)
2026-05-17 00:54:05,678 - Fetching page 1 via API
2026-05-17 00:54:05,699 - API error on page 1: Network error: Expecting value: line 1 column 1 (char 0) (error 2/5)
2026-05-17 00:54:10,705 - Fetching page 1 via API
2026-05-17 00:54:10,724 - API error on page 1: Network error: Expecting value: line 1 column 1 (char 0) (error 3/5)
2026-05-17 00:54:15,729 - Fetching page 1 via API
2026-05-17 00:54:15,750 - API error on page 1: Network error: Expecting value: line 1 column 1 (char 0) (error 4/5)
2026-05-17 00:54:20,755 - Fetching page 1 via API
2026-05-17 00:54:20,775 - API error on page 1: Network error: Expecting value: line 1 column 1 (char 0) (error 5/5)
2026-05-17 00:54:20,775 - Error getting records: Network error: Expecting value: line 1 column 1 (char 0)
2026-05-17 00:54:20,775 - Error in daily check: Network error: Expecting value: line 1 column 1 (char 0)
