2025-04-13 02:55:52,873 - Data directory: data/2025-04-13_02-55-51
2025-04-13 02:55:52,873 - Output directory: data/2025-04-13_02-55-51
2025-04-13 02:55:52,873 - Using data directory: data/2025-04-13_02-55-51
2025-04-13 02:55:52,873 - Looking for previous data in: data
2025-04-13 02:55:52,874 - Loading previous data from: data/2025-04-12_01-26-57/morphosource_data_complete.json
2025-04-13 02:55:52,876 - Loaded 628 records from previous data file
2025-04-13 02:55:52,877 - Latest stored record ID: 000729916
2025-04-13 02:55:52,877 - Previous record count: 628
2025-04-13 02:55:52,877 - Fetching page 1
2025-04-13 02:55:55,444 - Found record 000729989 - Total records: 1
2025-04-13 02:55:55,445 - Found record 000729983 - Total records: 2
2025-04-13 02:55:55,445 - Found record 000729980 - Total records: 3
2025-04-13 02:55:55,445 - Found record 000729977 - Total records: 4
2025-04-13 02:55:55,446 - Found record 000729916 - Total records: 5
2025-04-13 02:55:55,446 - Found latest stored record 000729916 - stopping fetch
2025-04-13 02:55:55,446 - Completed fetch - Found 5 new records
2025-04-13 02:55:55,446 - Latest webpage record ID: 000729989
2025-04-13 02:55:55,446 - New records available - latest records differ
2025-04-13 02:55:55,447 - New records: 5
2025-04-13 02:55:55,447 - Previous records: 628
2025-04-13 02:55:55,447 - Combined records: 632
2025-04-13 02:55:55,456 - Saved 632 records to: data/2025-04-13_02-55-51/morphosource_data_complete.json
2025-04-13 02:55:55,456 - Created detailed release notes at: data/2025-04-13_02-55-51/release_notes.txt
