2026-06-30 00:56:57,566 - Data directory: data/2026-06-30_00-56-54
2026-06-30 00:56:57,566 - Output directory: data/2026-06-30_00-56-54
2026-06-30 00:56:57,566 - Fetch all mode: True
2026-06-30 00:56:57,566 - Using data directory: data/2026-06-30_00-56-54
2026-06-30 00:56:57,566 - Looking for previous data in: data
2026-06-30 00:56:57,572 - Loading previous data from: data/2025-10-06_01-28-33/morphosource_data_complete.json
2026-06-30 00:56:57,900 - Loaded 108782 records from previous data file
2026-06-30 00:56:57,900 - Latest stored record ID: 000781814
2026-06-30 00:56:57,900 - Previous record count: 108782
2026-06-30 00:56:57,900 - === FULL FETCH MODE: Collecting all records from all pages ===
2026-06-30 00:56:57,900 - Fetching page 1 via API
2026-06-30 00:56:58,594 - API error on page 1: Network error: Expecting value: line 1 column 1 (char 0) (error 1/5)
2026-06-30 00:57:03,600 - Fetching page 1 via API
2026-06-30 00:57:03,678 - API error on page 1: Network error: Expecting value: line 1 column 1 (char 0) (error 2/5)
2026-06-30 00:57:08,683 - Fetching page 1 via API
2026-06-30 00:57:08,761 - API error on page 1: Network error: Expecting value: line 1 column 1 (char 0) (error 3/5)
2026-06-30 00:57:13,765 - Fetching page 1 via API
2026-06-30 00:57:13,843 - API error on page 1: Network error: Expecting value: line 1 column 1 (char 0) (error 4/5)
2026-06-30 00:57:18,848 - Fetching page 1 via API
2026-06-30 00:57:18,926 - API error on page 1: Network error: Expecting value: line 1 column 1 (char 0) (error 5/5)
2026-06-30 00:57:18,926 - Error getting records: Network error: Expecting value: line 1 column 1 (char 0)
2026-06-30 00:57:18,927 - Error in daily check: Network error: Expecting value: line 1 column 1 (char 0)
