2025-01-27 20:16:35,802 - INFO - Using data file: data/2025-01-27_01-34-38/morphosource_data_complete.json
2025-01-27 20:16:36,251 - INFO - Found 104398 URLs to process
2025-01-27 20:16:36,251 - INFO - Processing up to 10 records this batch (total target: 104398)
2025-01-27 20:16:36,251 - INFO - Starting at index 60, processed so far: 60
2025-01-27 20:16:36,270 - INFO - Setting up new Chrome driver
2025-01-27 20:16:36,570 - INFO - Processing URL: https://www.morphosource.org/concern/media/000702709?locale=en (Attempt 1/3)
2025-01-27 20:16:36,571 - INFO - Analyzing structure for: https://www.morphosource.org/concern/media/000702709?locale=en
2025-01-27 20:16:39,719 - INFO - Title loaded
2025-01-27 20:16:39,734 - INFO - Content elements found
2025-01-27 20:16:39,752 - INFO - Found media type using showcase layout
2025-01-27 20:16:39,752 - INFO - Detected Layout: showcase
2025-01-27 20:16:39,753 - INFO - Media Type: Volumetric Image Series
2025-01-27 20:16:40,990 - INFO - Successfully processed https://www.morphosource.org/concern/media/000702709?locale=en
2025-01-27 20:16:42,993 - INFO - Processing URL: https://www.morphosource.org/concern/media/000702705?locale=en (Attempt 1/3)
2025-01-27 20:16:42,993 - INFO - Analyzing structure for: https://www.morphosource.org/concern/media/000702705?locale=en
2025-01-27 20:16:44,841 - INFO - Title loaded
2025-01-27 20:16:44,853 - INFO - Content elements found
2025-01-27 20:16:44,864 - INFO - Found media type using showcase layout
2025-01-27 20:16:44,864 - INFO - Detected Layout: showcase
2025-01-27 20:16:44,864 - INFO - Media Type: Volumetric Image Series
2025-01-27 20:16:45,629 - INFO - Successfully processed https://www.morphosource.org/concern/media/000702705?locale=en
2025-01-27 20:16:47,632 - INFO - Processing URL: https://www.morphosource.org/concern/media/000702701?locale=en (Attempt 1/3)
2025-01-27 20:16:47,632 - INFO - Analyzing structure for: https://www.morphosource.org/concern/media/000702701?locale=en
2025-01-27 20:16:50,257 - INFO - Title loaded
2025-01-27 20:16:50,270 - INFO - Content elements found
2025-01-27 20:16:50,281 - INFO - Found media type using showcase layout
2025-01-27 20:16:50,281 - INFO - Detected Layout: showcase
2025-01-27 20:16:50,281 - INFO - Media Type: Volumetric Image Series
2025-01-27 20:16:51,052 - INFO - Successfully processed https://www.morphosource.org/concern/media/000702701?locale=en
2025-01-27 20:16:53,054 - INFO - Processing URL: https://www.morphosource.org/concern/media/000702697?locale=en (Attempt 1/3)
2025-01-27 20:16:53,054 - INFO - Analyzing structure for: https://www.morphosource.org/concern/media/000702697?locale=en
2025-01-27 20:16:54,723 - INFO - Title loaded
2025-01-27 20:16:54,736 - INFO - Content elements found
2025-01-27 20:16:54,748 - INFO - Found media type using showcase layout
2025-01-27 20:16:54,748 - INFO - Detected Layout: showcase
2025-01-27 20:16:54,748 - INFO - Media Type: Volumetric Image Series
2025-01-27 20:16:55,796 - INFO - Successfully processed https://www.morphosource.org/concern/media/000702697?locale=en
2025-01-27 20:16:57,801 - INFO - Processing URL: https://www.morphosource.org/concern/media/000702693?locale=en (Attempt 1/3)
2025-01-27 20:16:57,801 - INFO - Analyzing structure for: https://www.morphosource.org/concern/media/000702693?locale=en
2025-01-27 20:16:59,253 - INFO - Title loaded
2025-01-27 20:16:59,271 - INFO - Content elements found
2025-01-27 20:16:59,288 - INFO - Found media type using showcase layout
2025-01-27 20:16:59,288 - INFO - Detected Layout: showcase
2025-01-27 20:16:59,288 - INFO - Media Type: Volumetric Image Series
2025-01-27 20:17:00,496 - INFO - Successfully processed https://www.morphosource.org/concern/media/000702693?locale=en
2025-01-27 20:17:02,496 - INFO - Processing URL: https://www.morphosource.org/concern/media/000702689?locale=en (Attempt 1/3)
2025-01-27 20:17:02,497 - INFO - Analyzing structure for: https://www.morphosource.org/concern/media/000702689?locale=en
2025-01-27 20:17:06,127 - INFO - Title loaded
2025-01-27 20:17:06,144 - INFO - Content elements found
2025-01-27 20:17:06,164 - INFO - Found media type using showcase layout
2025-01-27 20:17:06,165 - INFO - Detected Layout: showcase
2025-01-27 20:17:06,165 - INFO - Media Type: Volumetric Image Series
2025-01-27 20:17:07,117 - INFO - Successfully processed https://www.morphosource.org/concern/media/000702689?locale=en
2025-01-27 20:17:09,122 - INFO - Processing URL: https://www.morphosource.org/concern/media/000702685?locale=en (Attempt 1/3)
2025-01-27 20:17:09,122 - INFO - Analyzing structure for: https://www.morphosource.org/concern/media/000702685?locale=en
2025-01-27 20:17:10,946 - INFO - Title loaded
2025-01-27 20:17:10,958 - INFO - Content elements found
2025-01-27 20:17:10,969 - INFO - Found media type using showcase layout
2025-01-27 20:17:10,969 - INFO - Detected Layout: showcase
2025-01-27 20:17:10,969 - INFO - Media Type: Volumetric Image Series
2025-01-27 20:17:11,990 - INFO - Successfully processed https://www.morphosource.org/concern/media/000702685?locale=en
2025-01-27 20:17:13,992 - INFO - Processing URL: https://www.morphosource.org/concern/media/000702681?locale=en (Attempt 1/3)
2025-01-27 20:17:13,992 - INFO - Analyzing structure for: https://www.morphosource.org/concern/media/000702681?locale=en
2025-01-27 20:17:18,001 - INFO - Title loaded
2025-01-27 20:17:18,018 - INFO - Content elements found
2025-01-27 20:17:18,036 - INFO - Found media type using showcase layout
2025-01-27 20:17:18,036 - INFO - Detected Layout: showcase
2025-01-27 20:17:18,036 - INFO - Media Type: Volumetric Image Series
2025-01-27 20:17:19,243 - INFO - Successfully processed https://www.morphosource.org/concern/media/000702681?locale=en
2025-01-27 20:17:21,245 - INFO - Processing URL: https://www.morphosource.org/concern/media/000702677?locale=en (Attempt 1/3)
2025-01-27 20:17:21,245 - INFO - Analyzing structure for: https://www.morphosource.org/concern/media/000702677?locale=en
2025-01-27 20:17:23,424 - INFO - Title loaded
2025-01-27 20:17:23,441 - INFO - Content elements found
2025-01-27 20:17:23,461 - INFO - Found media type using showcase layout
2025-01-27 20:17:23,461 - INFO - Detected Layout: showcase
2025-01-27 20:17:23,461 - INFO - Media Type: Volumetric Image Series
2025-01-27 20:17:24,727 - INFO - Successfully processed https://www.morphosource.org/concern/media/000702677?locale=en
2025-01-27 20:17:26,729 - INFO - Processing URL: https://www.morphosource.org/concern/media/000702673?locale=en (Attempt 1/3)
2025-01-27 20:17:26,729 - INFO - Analyzing structure for: https://www.morphosource.org/concern/media/000702673?locale=en
2025-01-27 20:17:28,503 - INFO - Title loaded
2025-01-27 20:17:28,520 - INFO - Content elements found
2025-01-27 20:17:28,538 - INFO - Found media type using showcase layout
2025-01-27 20:17:28,538 - INFO - Detected Layout: showcase
2025-01-27 20:17:28,538 - INFO - Media Type: Volumetric Image Series
2025-01-27 20:17:29,578 - INFO - Successfully processed https://www.morphosource.org/concern/media/000702673?locale=en
2025-01-27 20:17:31,603 - INFO - Saved 10 records to data/parquet/2025-01-27_20-16-35/morphosource_data_20250127_201731.parquet
2025-01-27 20:17:31,604 - INFO - Columns: url, processed_at, error, media_id, media_type, object_element_or_part, object_represented, object_taxonomy, object_organization, side, orientation, short_description, full_description, creator, date_created, date_uploaded, data_managed_by, data_uploaded_by, publication_status, download_reviewer, ip_holder, copyright_statement, creative_commons_license, morphosource_use_agreement_type, permits_commercial_use, permits_3d_use, required_archival_of_published_derivatives, funding_attribution, publisher, cite_as, media_preview_mode, additional_usage_agreement, morphosource_ark, morphosource_doi, external_identifier, external_media_url, file_name, file_formats, file_size, image_width, image_height, color_space, color_depth, compression, x_pixel_spacing, y_pixel_spacing, z_pixel_spacing, pixel_spacing_units, slice_thickness, number_of_images_in_set, number_of_parent_media, number_of_processing_events, modality, device, batch_index, attempt
2025-01-27 20:17:31,700 - INFO - Saved 10 records to data/parquet/2025-01-27_20-16-35/morphosource_data_20250127_201731.parquet
2025-01-27 20:17:31,700 - INFO - Columns: url, processed_at, error, media_id, media_type, object_element_or_part, object_represented, object_taxonomy, object_organization, side, orientation, short_description, full_description, creator, date_created, date_uploaded, data_managed_by, data_uploaded_by, publication_status, download_reviewer, ip_holder, copyright_statement, creative_commons_license, morphosource_use_agreement_type, permits_commercial_use, permits_3d_use, required_archival_of_published_derivatives, funding_attribution, publisher, cite_as, media_preview_mode, additional_usage_agreement, morphosource_ark, morphosource_doi, external_identifier, external_media_url, file_name, file_formats, file_size, image_width, image_height, color_space, color_depth, compression, x_pixel_spacing, y_pixel_spacing, z_pixel_spacing, pixel_spacing_units, slice_thickness, number_of_images_in_set, number_of_parent_media, number_of_processing_events, modality, device, batch_index, attempt
2025-01-27 20:17:31,701 - INFO - Processed 10 records in this batch
