2025-07-22 01:52:58,115 - Data directory: data/2025-07-22_01-52-56
2025-07-22 01:52:58,115 - Output directory: data/2025-07-22_01-52-56
2025-07-22 01:52:58,115 - Using data directory: data/2025-07-22_01-52-56
2025-07-22 01:52:58,115 - Looking for previous data in: data
2025-07-22 01:52:58,117 - Loading previous data from: data/2025-07-21_01-57-47/morphosource_data_complete.json
2025-07-22 01:52:58,544 - Loaded 107801 records from previous data file
2025-07-22 01:52:58,545 - Latest stored record ID: 000765023
2025-07-22 01:52:58,545 - Previous record count: 107801
2025-07-22 01:52:58,545 - Fetching page 1
2025-07-22 01:53:01,820 - Found record 000765070 - Total records: 1
2025-07-22 01:53:01,821 - Found record 000765059 - Total records: 2
2025-07-22 01:53:01,821 - Found record 000765053 - Total records: 3
2025-07-22 01:53:01,821 - Found record 000765041 - Total records: 4
2025-07-22 01:53:01,821 - Found record 000765023 - Total records: 5
2025-07-22 01:53:01,822 - Found latest stored record 000765023 - stopping fetch
2025-07-22 01:53:01,822 - Completed fetch - Found 5 new records
2025-07-22 01:53:01,822 - Latest webpage record ID: 000765070
2025-07-22 01:53:01,822 - New records available - latest records differ
2025-07-22 01:53:01,938 - New records: 5
2025-07-22 01:53:01,939 - Previous records: 107801
2025-07-22 01:53:01,939 - Combined records: 107805
2025-07-22 01:53:03,551 - Saved 107805 records to: data/2025-07-22_01-52-56/morphosource_data_complete.json
2025-07-22 01:53:03,552 - Created detailed release notes at: data/2025-07-22_01-52-56/release_notes.txt
