2025-05-24 01:38:47,193 - Data directory: data/2025-05-24_01-38-43
2025-05-24 01:38:47,193 - Output directory: data/2025-05-24_01-38-43
2025-05-24 01:38:47,193 - Using data directory: data/2025-05-24_01-38-43
2025-05-24 01:38:47,193 - Looking for previous data in: data
2025-05-24 01:38:47,195 - Loading previous data from: data/2025-05-23_01-42-01/morphosource_data_complete.json
2025-05-24 01:38:47,199 - Loaded 997 records from previous data file
2025-05-24 01:38:47,199 - Latest stored record ID: 000743967
2025-05-24 01:38:47,199 - Previous record count: 997
2025-05-24 01:38:47,199 - Fetching page 1
2025-05-24 01:38:51,881 - Found record 000744550 - Total records: 1
2025-05-24 01:38:51,881 - Found record 000744546 - Total records: 2
2025-05-24 01:38:51,881 - Found record 000744541 - Total records: 3
2025-05-24 01:38:51,882 - Found record 000744537 - Total records: 4
2025-05-24 01:38:51,882 - Found record 000744532 - Total records: 5
2025-05-24 01:38:51,882 - Found record 000744523 - Total records: 6
2025-05-24 01:38:51,883 - Found record 000744518 - Total records: 7
2025-05-24 01:38:51,883 - Found record 000744514 - Total records: 8
2025-05-24 01:38:51,883 - Found record 000744509 - Total records: 9
2025-05-24 01:38:51,884 - Found record 000744500 - Total records: 10
2025-05-24 01:38:51,884 - Found record 000744494 - Total records: 11
2025-05-24 01:38:51,884 - Found record 000744489 - Total records: 12
2025-05-24 01:38:51,885 - Found record 000744342 - Total records: 13
2025-05-24 01:38:51,885 - Found record 000744338 - Total records: 14
2025-05-24 01:38:51,885 - Found record 000744333 - Total records: 15
2025-05-24 01:38:51,885 - Found record 000744330 - Total records: 16
2025-05-24 01:38:51,886 - Found record 000744327 - Total records: 17
2025-05-24 01:38:51,886 - Found record 000744321 - Total records: 18
2025-05-24 01:38:51,886 - Found record 000744318 - Total records: 19
2025-05-24 01:38:51,887 - Found record 000744312 - Total records: 20
2025-05-24 01:38:51,887 - Found record 000744310 - Total records: 21
2025-05-24 01:38:51,887 - Found record 000744304 - Total records: 22
2025-05-24 01:38:51,887 - Found record 000744302 - Total records: 23
2025-05-24 01:38:51,888 - Found record 000744295 - Total records: 24
2025-05-24 01:38:51,888 - Found record 000744290 - Total records: 25
2025-05-24 01:38:51,888 - Found record 000744285 - Total records: 26
2025-05-24 01:38:51,889 - Found record 000744281 - Total records: 27
2025-05-24 01:38:51,889 - Found record 000744276 - Total records: 28
2025-05-24 01:38:51,889 - Found record 000744273 - Total records: 29
2025-05-24 01:38:51,890 - Found record 000744267 - Total records: 30
2025-05-24 01:38:51,890 - Found record 000744264 - Total records: 31
2025-05-24 01:38:51,890 - Found record 000744257 - Total records: 32
2025-05-24 01:38:51,890 - Found record 000743967 - Total records: 33
2025-05-24 01:38:51,890 - Found latest stored record 000743967 - stopping fetch
2025-05-24 01:38:51,891 - Completed fetch - Found 33 new records
2025-05-24 01:38:51,891 - Latest webpage record ID: 000744550
2025-05-24 01:38:51,891 - New records available - latest records differ
2025-05-24 01:38:51,894 - New records: 33
2025-05-24 01:38:51,894 - Previous records: 997
2025-05-24 01:38:51,894 - Combined records: 1029
2025-05-24 01:38:51,909 - Saved 1029 records to: data/2025-05-24_01-38-43/morphosource_data_complete.json
2025-05-24 01:38:51,909 - Created detailed release notes at: data/2025-05-24_01-38-43/release_notes.txt
