2025-05-27 01:41:33,124 - Data directory: data/2025-05-27_01-41-31
2025-05-27 01:41:33,124 - Output directory: data/2025-05-27_01-41-31
2025-05-27 01:41:33,124 - Using data directory: data/2025-05-27_01-41-31
2025-05-27 01:41:33,125 - Looking for previous data in: data
2025-05-27 01:41:33,126 - Loading previous data from: data/2025-05-26_01-45-21/morphosource_data_complete.json
2025-05-27 01:41:33,129 - Loaded 1031 records from previous data file
2025-05-27 01:41:33,130 - Latest stored record ID: 000744561
2025-05-27 01:41:33,130 - Previous record count: 1031
2025-05-27 01:41:33,130 - Fetching page 1
2025-05-27 01:41:35,385 - Found record 000745012 - Total records: 1
2025-05-27 01:41:35,386 - Found record 000745007 - Total records: 2
2025-05-27 01:41:35,386 - Found record 000744561 - Total records: 3
2025-05-27 01:41:35,386 - Found latest stored record 000744561 - stopping fetch
2025-05-27 01:41:35,386 - Completed fetch - Found 3 new records
2025-05-27 01:41:35,386 - Latest webpage record ID: 000745012
2025-05-27 01:41:35,387 - New records available - latest records differ
2025-05-27 01:41:35,388 - New records: 3
2025-05-27 01:41:35,388 - Previous records: 1031
2025-05-27 01:41:35,388 - Combined records: 1033
2025-05-27 01:41:35,403 - Saved 1033 records to: data/2025-05-27_01-41-31/morphosource_data_complete.json
2025-05-27 01:41:35,403 - Created detailed release notes at: data/2025-05-27_01-41-31/release_notes.txt
