2025-08-02 01:49:36,243 - Data directory: data/2025-08-02_01-49-34
2025-08-02 01:49:36,243 - Output directory: data/2025-08-02_01-49-34
2025-08-02 01:49:36,243 - Using data directory: data/2025-08-02_01-49-34
2025-08-02 01:49:36,243 - Looking for previous data in: data
2025-08-02 01:49:36,245 - Loading previous data from: data/2025-08-01_02-05-18/morphosource_data_complete.json
2025-08-02 01:49:36,692 - Loaded 108013 records from previous data file
2025-08-02 01:49:36,692 - Latest stored record ID: 000767637
2025-08-02 01:49:36,692 - Previous record count: 108013
2025-08-02 01:49:36,692 - Fetching page 1
2025-08-02 01:49:39,011 - Found record 000768264 - Total records: 1
2025-08-02 01:49:39,012 - Found record 000768122 - Total records: 2
2025-08-02 01:49:39,012 - Found record 000768098 - Total records: 3
2025-08-02 01:49:39,012 - Found record 000768091 - Total records: 4
2025-08-02 01:49:39,012 - Found record 000767846 - Total records: 5
2025-08-02 01:49:39,013 - Found record 000767637 - Total records: 6
2025-08-02 01:49:39,013 - Found latest stored record 000767637 - stopping fetch
2025-08-02 01:49:39,013 - Completed fetch - Found 6 new records
2025-08-02 01:49:39,013 - Latest webpage record ID: 000768264
2025-08-02 01:49:39,013 - New records available - latest records differ
2025-08-02 01:49:39,128 - New records: 6
2025-08-02 01:49:39,129 - Previous records: 108013
2025-08-02 01:49:39,129 - Combined records: 108018
2025-08-02 01:49:40,678 - Saved 108018 records to: data/2025-08-02_01-49-34/morphosource_data_complete.json
2025-08-02 01:49:40,678 - Created detailed release notes at: data/2025-08-02_01-49-34/release_notes.txt
