2025-04-05 01:26:18,367 - Data directory: data/2025-04-05_01-26-16
2025-04-05 01:26:18,367 - Output directory: data/2025-04-05_01-26-16
2025-04-05 01:26:18,367 - Using data directory: data/2025-04-05_01-26-16
2025-04-05 01:26:18,368 - Looking for previous data in: data
2025-04-05 01:26:18,368 - Loading previous data from: data/2025-04-04_01-27-17/morphosource_data_complete.json
2025-04-05 01:26:18,370 - Loaded 482 records from previous data file
2025-04-05 01:26:18,370 - Latest stored record ID: 000727309
2025-04-05 01:26:18,370 - Previous record count: 482
2025-04-05 01:26:18,370 - Fetching page 1
2025-04-05 01:26:23,972 - Found record 000727611 - Total records: 1
2025-04-05 01:26:23,973 - Found record 000727606 - Total records: 2
2025-04-05 01:26:23,973 - Found record 000727584 - Total records: 3
2025-04-05 01:26:23,973 - Found record 000727567 - Total records: 4
2025-04-05 01:26:23,974 - Found record 000727556 - Total records: 5
2025-04-05 01:26:23,974 - Found record 000727309 - Total records: 6
2025-04-05 01:26:23,974 - Found latest stored record 000727309 - stopping fetch
2025-04-05 01:26:23,974 - Completed fetch - Found 6 new records
2025-04-05 01:26:23,975 - Latest webpage record ID: 000727611
2025-04-05 01:26:23,975 - New records available - latest records differ
2025-04-05 01:26:23,975 - New records: 6
2025-04-05 01:26:23,975 - Previous records: 482
2025-04-05 01:26:23,975 - Combined records: 487
2025-04-05 01:26:23,983 - Saved 487 records to: data/2025-04-05_01-26-16/morphosource_data_complete.json
2025-04-05 01:26:23,983 - Created detailed release notes at: data/2025-04-05_01-26-16/release_notes.txt
