2025-06-12 01:44:07,339 - Data directory: data/2025-06-12_01-44-05
2025-06-12 01:44:07,339 - Output directory: data/2025-06-12_01-44-05
2025-06-12 01:44:07,339 - Using data directory: data/2025-06-12_01-44-05
2025-06-12 01:44:07,339 - Looking for previous data in: data
2025-06-12 01:44:07,341 - Loading previous data from: data/2025-06-11_01-45-30/morphosource_data_complete.json
2025-06-12 01:44:07,345 - Loaded 1362 records from previous data file
2025-06-12 01:44:07,345 - Latest stored record ID: 000751794
2025-06-12 01:44:07,345 - Previous record count: 1362
2025-06-12 01:44:07,346 - Fetching page 1
2025-06-12 01:44:09,486 - Found record 000751923 - Total records: 1
2025-06-12 01:44:09,486 - Found record 000751910 - Total records: 2
2025-06-12 01:44:09,486 - Found record 000751794 - Total records: 3
2025-06-12 01:44:09,487 - Found latest stored record 000751794 - stopping fetch
2025-06-12 01:44:09,487 - Completed fetch - Found 3 new records
2025-06-12 01:44:09,487 - Latest webpage record ID: 000751923
2025-06-12 01:44:09,487 - New records available - latest records differ
2025-06-12 01:44:09,488 - New records: 3
2025-06-12 01:44:09,488 - Previous records: 1362
2025-06-12 01:44:09,488 - Combined records: 1364
2025-06-12 01:44:09,508 - Saved 1364 records to: data/2025-06-12_01-44-05/morphosource_data_complete.json
2025-06-12 01:44:09,508 - Created detailed release notes at: data/2025-06-12_01-44-05/release_notes.txt
