2025-07-03 01:46:21,877 - Data directory: data/2025-07-03_01-46-20
2025-07-03 01:46:21,877 - Output directory: data/2025-07-03_01-46-20
2025-07-03 01:46:21,877 - Using data directory: data/2025-07-03_01-46-20
2025-07-03 01:46:21,877 - Looking for previous data in: data
2025-07-03 01:46:21,879 - Loading previous data from: data/2025-07-02_01-46-03/morphosource_data_complete.json
2025-07-03 01:46:22,259 - Loaded 107641 records from previous data file
2025-07-03 01:46:22,259 - Latest stored record ID: 000759233
2025-07-03 01:46:22,259 - Previous record count: 107641
2025-07-03 01:46:22,259 - Fetching page 1
2025-07-03 01:46:29,345 - Found record 000759514 - Total records: 1
2025-07-03 01:46:29,345 - Found record 000759506 - Total records: 2
2025-07-03 01:46:29,346 - Found record 000759505 - Total records: 3
2025-07-03 01:46:29,346 - Found record 000759443 - Total records: 4
2025-07-03 01:46:29,346 - Found record 000759432 - Total records: 5
2025-07-03 01:46:29,347 - Found record 000759427 - Total records: 6
2025-07-03 01:46:29,347 - Found record 000759425 - Total records: 7
2025-07-03 01:46:29,347 - Found record 000759416 - Total records: 8
2025-07-03 01:46:29,348 - Found record 000759361 - Total records: 9
2025-07-03 01:46:29,348 - Found record 000759330 - Total records: 10
2025-07-03 01:46:29,348 - Found record 000759327 - Total records: 11
2025-07-03 01:46:29,349 - Found record 000759233 - Total records: 12
2025-07-03 01:46:29,349 - Found latest stored record 000759233 - stopping fetch
2025-07-03 01:46:29,349 - Completed fetch - Found 12 new records
2025-07-03 01:46:29,349 - Latest webpage record ID: 000759514
2025-07-03 01:46:29,349 - New records available - latest records differ
2025-07-03 01:46:29,492 - New records: 12
2025-07-03 01:46:29,492 - Previous records: 107641
2025-07-03 01:46:29,492 - Combined records: 107652
2025-07-03 01:46:31,025 - Saved 107652 records to: data/2025-07-03_01-46-20/morphosource_data_complete.json
2025-07-03 01:46:31,025 - Created detailed release notes at: data/2025-07-03_01-46-20/release_notes.txt
