2025-05-23 01:42:03,179 - Data directory: data/2025-05-23_01-42-01
2025-05-23 01:42:03,179 - Output directory: data/2025-05-23_01-42-01
2025-05-23 01:42:03,179 - Using data directory: data/2025-05-23_01-42-01
2025-05-23 01:42:03,179 - Looking for previous data in: data
2025-05-23 01:42:03,180 - Loading previous data from: data/2025-05-22_01-42-04/morphosource_data_complete.json
2025-05-23 01:42:03,184 - Loaded 996 records from previous data file
2025-05-23 01:42:03,184 - Latest stored record ID: 000743946
2025-05-23 01:42:03,184 - Previous record count: 996
2025-05-23 01:42:03,184 - Fetching page 1
2025-05-23 01:42:06,620 - Found record 000743967 - Total records: 1
2025-05-23 01:42:06,620 - Found record 000743946 - Total records: 2
2025-05-23 01:42:06,620 - Found latest stored record 000743946 - stopping fetch
2025-05-23 01:42:06,620 - Completed fetch - Found 2 new records
2025-05-23 01:42:06,621 - Latest webpage record ID: 000743967
2025-05-23 01:42:06,621 - New records available - latest records differ
2025-05-23 01:42:06,622 - New records: 2
2025-05-23 01:42:06,622 - Previous records: 996
2025-05-23 01:42:06,622 - Combined records: 997
2025-05-23 01:42:06,636 - Saved 997 records to: data/2025-05-23_01-42-01/morphosource_data_complete.json
2025-05-23 01:42:06,636 - Created detailed release notes at: data/2025-05-23_01-42-01/release_notes.txt
