2025-09-12 01:25:30,320 - Data directory: data/2025-09-12_01-25-24
2025-09-12 01:25:30,321 - Output directory: data/2025-09-12_01-25-24
2025-09-12 01:25:30,321 - Using data directory: data/2025-09-12_01-25-24
2025-09-12 01:25:30,321 - Looking for previous data in: data
2025-09-12 01:25:30,323 - Loading previous data from: data/2025-09-11_01-28-24/morphosource_data_complete.json
2025-09-12 01:25:30,754 - Loaded 108312 records from previous data file
2025-09-12 01:25:30,754 - Latest stored record ID: 000776838
2025-09-12 01:25:30,754 - Previous record count: 108312
2025-09-12 01:25:30,754 - Fetching page 1
2025-09-12 01:25:33,638 - Found record 000777452 - Total records: 1
2025-09-12 01:25:33,638 - Found record 000777077 - Total records: 2
2025-09-12 01:25:33,638 - Found record 000776838 - Total records: 3
2025-09-12 01:25:33,639 - Found latest stored record 000776838 - stopping fetch
2025-09-12 01:25:33,639 - Completed fetch - Found 3 new records
2025-09-12 01:25:33,640 - Latest webpage record ID: 000777452
2025-09-12 01:25:33,640 - New records available - latest records differ
2025-09-12 01:25:33,738 - New records: 3
2025-09-12 01:25:33,738 - Previous records: 108312
2025-09-12 01:25:33,738 - Combined records: 108314
2025-09-12 01:25:35,316 - Saved 108314 records to: data/2025-09-12_01-25-24/morphosource_data_complete.json
2025-09-12 01:25:35,316 - Created detailed release notes at: data/2025-09-12_01-25-24/release_notes.txt
