2025-06-20 01:45:11,191 - Data directory: data/2025-06-20_01-45-09
2025-06-20 01:45:11,191 - Output directory: data/2025-06-20_01-45-09
2025-06-20 01:45:11,192 - Using data directory: data/2025-06-20_01-45-09
2025-06-20 01:45:11,192 - Looking for previous data in: data
2025-06-20 01:45:11,193 - Loading previous data from: data/2025-06-19_01-45-57/morphosource_data_complete.json
2025-06-20 01:45:11,198 - Loaded 1401 records from previous data file
2025-06-20 01:45:11,198 - Latest stored record ID: 000754421
2025-06-20 01:45:11,198 - Previous record count: 1401
2025-06-20 01:45:11,198 - Fetching page 1
2025-06-20 01:45:15,738 - Found record 000754501 - Total records: 1
2025-06-20 01:45:15,739 - Found record 000754497 - Total records: 2
2025-06-20 01:45:15,739 - Found record 000754421 - Total records: 3
2025-06-20 01:45:15,739 - Found latest stored record 000754421 - stopping fetch
2025-06-20 01:45:15,739 - Completed fetch - Found 3 new records
2025-06-20 01:45:15,739 - Latest webpage record ID: 000754501
2025-06-20 01:45:15,739 - New records available - latest records differ
2025-06-20 01:45:15,740 - New records: 3
2025-06-20 01:45:15,740 - Previous records: 1401
2025-06-20 01:45:15,741 - Combined records: 1403
2025-06-20 01:45:15,760 - Saved 1403 records to: data/2025-06-20_01-45-09/morphosource_data_complete.json
2025-06-20 01:45:15,760 - Created detailed release notes at: data/2025-06-20_01-45-09/release_notes.txt
