2026-07-07 00:47:48,079 - Data directory: data/2026-07-07_00-47-45
2026-07-07 00:47:48,079 - Output directory: data/2026-07-07_00-47-45
2026-07-07 00:47:48,080 - Fetch all mode: True
2026-07-07 00:47:48,080 - Using data directory: data/2026-07-07_00-47-45
2026-07-07 00:47:48,080 - Looking for previous data in: data
2026-07-07 00:47:48,088 - Loading previous data from: data/2025-10-06_01-28-33/morphosource_data_complete.json
2026-07-07 00:47:48,478 - Loaded 108782 records from previous data file
2026-07-07 00:47:48,479 - Latest stored record ID: 000781814
2026-07-07 00:47:48,479 - Previous record count: 108782
2026-07-07 00:47:48,479 - === FULL FETCH MODE: Collecting all records from all pages ===
2026-07-07 00:47:48,479 - Fetching page 1 via API
2026-07-07 00:47:49,500 - API error on page 1: Network error: Expecting value: line 1 column 1 (char 0) (error 1/5)
2026-07-07 00:47:54,505 - Fetching page 1 via API
2026-07-07 00:47:54,586 - API error on page 1: Network error: Expecting value: line 1 column 1 (char 0) (error 2/5)
2026-07-07 00:47:59,591 - Fetching page 1 via API
2026-07-07 00:47:59,672 - API error on page 1: Network error: Expecting value: line 1 column 1 (char 0) (error 3/5)
2026-07-07 00:48:04,677 - Fetching page 1 via API
2026-07-07 00:48:04,757 - API error on page 1: Network error: Expecting value: line 1 column 1 (char 0) (error 4/5)
2026-07-07 00:48:09,763 - Fetching page 1 via API
2026-07-07 00:48:10,312 - API error on page 1: Network error: Expecting value: line 1 column 1 (char 0) (error 5/5)
2026-07-07 00:48:10,312 - Error getting records: Network error: Expecting value: line 1 column 1 (char 0)
2026-07-07 00:48:10,312 - Error in daily check: Network error: Expecting value: line 1 column 1 (char 0)
