2025-03-05 15:34:15,312 - content-generator - INFO - Starting content generation
2025-03-05 15:34:15,312 - content-generator - INFO - Fetching GitHub releases
2025-03-05 15:34:15,549 - content-generator - INFO - Found 2142 tags
2025-03-05 15:34:15,569 - content-generator - DEBUG - Skipping tag Test - doesn't match any known release pattern
2025-03-05 15:34:15,569 - content-generator - DEBUG - Skipping tag check-4 - doesn't match any known release pattern
2025-03-05 15:34:15,569 - content-generator - DEBUG - Skipping tag ct-to-text-16 - doesn't match any known release pattern
2025-03-05 15:34:15,569 - content-generator - DEBUG - Skipping tag ct-to-text-analysis-18 - doesn't match any known release pattern
2025-03-05 15:34:15,569 - content-generator - DEBUG - Skipping tag ct-to-text-analysis-19 - doesn't match any known release pattern
2025-03-05 15:34:15,569 - content-generator - DEBUG - Skipping tag ct-to-text-analysis-20 - doesn't match any known release pattern
2025-03-05 15:34:15,569 - content-generator - DEBUG - Skipping tag ct-to-text-analysis-21 - doesn't match any known release pattern
2025-03-05 15:34:15,569 - content-generator - DEBUG - Skipping tag ct-to-text-updates-14 - doesn't match any known release pattern
2025-03-05 15:34:15,569 - content-generator - DEBUG - Skipping tag ct-to-text-updates-15 - doesn't match any known release pattern
2025-03-05 15:34:15,569 - content-generator - DEBUG - Skipping tag ct-to-text-updates-5 - doesn't match any known release pattern
2025-03-05 15:34:15,569 - content-generator - DEBUG - Skipping tag ct_analysis_error-12680568822 - doesn't match any known release pattern
2025-03-05 15:34:15,569 - content-generator - DEBUG - Skipping tag ct_analysis_error-12680622886 - doesn't match any known release pattern
2025-03-05 15:34:15,569 - content-generator - DEBUG - Skipping tag ct_analysis_error-12680697855 - doesn't match any known release pattern
2025-03-05 15:34:15,569 - content-generator - DEBUG - Skipping tag ct_analysis_error-12680741448 - doesn't match any known release pattern
2025-03-05 15:34:15,570 - content-generator - DEBUG - Skipping tag ct_analysis_error-12680806586 - doesn't match any known release pattern
2025-03-05 15:34:15,570 - content-generator - DEBUG - Skipping tag ct_analysis_error-12680831370 - doesn't match any known release pattern
2025-03-05 15:34:15,570 - content-generator - DEBUG - Skipping tag ct_analysis_error-12680882257 - doesn't match any known release pattern
2025-03-05 15:34:15,570 - content-generator - DEBUG - Skipping tag ct_analysis_error-12682000762 - doesn't match any known release pattern
2025-03-05 15:34:15,570 - content-generator - DEBUG - Skipping tag ct_analysis_error-12691658537 - doesn't match any known release pattern
2025-03-05 15:34:15,570 - content-generator - DEBUG - Skipping tag ct_analysis_error-12750780947 - doesn't match any known release pattern
2025-03-05 15:34:15,570 - content-generator - DEBUG - Skipping tag ct_analysis_error-12751800923 - doesn't match any known release pattern
2025-03-05 15:34:15,570 - content-generator - DEBUG - Skipping tag ct_analysis_error-12755029570 - doesn't match any known release pattern
2025-03-05 15:34:15,570 - content-generator - DEBUG - Skipping tag ct_analysis_error-12755314673 - doesn't match any known release pattern
2025-03-05 15:34:15,570 - content-generator - DEBUG - Skipping tag ct_analysis_error-12773437876 - doesn't match any known release pattern
2025-03-05 15:34:15,570 - content-generator - DEBUG - Skipping tag ct_analysis_error-12778139754 - doesn't match any known release pattern
2025-03-05 15:34:15,570 - content-generator - DEBUG - Skipping tag ct_analysis_error-12778255166 - doesn't match any known release pattern
2025-03-05 15:34:15,570 - content-generator - DEBUG - Skipping tag ct_analysis_error-12790962041 - doesn't match any known release pattern
2025-03-05 15:34:15,570 - content-generator - DEBUG - Skipping tag ct_analysis_error-12793120268 - doesn't match any known release pattern
2025-03-05 15:34:15,570 - content-generator - DEBUG - Skipping tag ct_analysis_error-12793491446 - doesn't match any known release pattern
2025-03-05 15:34:15,570 - content-generator - DEBUG - Skipping tag ct_analysis_error-12793741980 - doesn't match any known release pattern
2025-03-05 15:34:15,570 - content-generator - DEBUG - Skipping tag ct_analysis_error-12793881009 - doesn't match any known release pattern
2025-03-05 15:34:15,570 - content-generator - DEBUG - Skipping tag ct_analysis_error-12793988296 - doesn't match any known release pattern
2025-03-05 15:34:15,571 - content-generator - DEBUG - Skipping tag ct_analysis_error-12794087340 - doesn't match any known release pattern
2025-03-05 15:34:15,571 - content-generator - DEBUG - Skipping tag ct_analysis_error-12794182557 - doesn't match any known release pattern
2025-03-05 15:34:15,571 - content-generator - DEBUG - Skipping tag ct_analysis_error-12794509860 - doesn't match any known release pattern
2025-03-05 15:34:15,571 - content-generator - DEBUG - Skipping tag ct_analysis_error-12797951162 - doesn't match any known release pattern
2025-03-05 15:34:15,571 - content-generator - DEBUG - Skipping tag ct_analysis_error-12798716785 - doesn't match any known release pattern
2025-03-05 15:34:15,571 - content-generator - DEBUG - Skipping tag ct_analysis_error-12798952656 - doesn't match any known release pattern
2025-03-05 15:34:15,571 - content-generator - DEBUG - Skipping tag ct_analysis_error-12799148417 - doesn't match any known release pattern
2025-03-05 15:34:15,571 - content-generator - DEBUG - Skipping tag ct_analysis_error-12799878669 - doesn't match any known release pattern
2025-03-05 15:34:15,571 - content-generator - DEBUG - Skipping tag ct_analysis_error-12800685608 - doesn't match any known release pattern
2025-03-05 15:34:15,571 - content-generator - DEBUG - Skipping tag ct_analysis_error-12806998235 - doesn't match any known release pattern
2025-03-05 15:34:15,571 - content-generator - DEBUG - Skipping tag ct_analysis_error-12809948956 - doesn't match any known release pattern
2025-03-05 15:34:15,571 - content-generator - DEBUG - Skipping tag ct_analysis_error-12831807373 - doesn't match any known release pattern
2025-03-05 15:34:15,571 - content-generator - DEBUG - Skipping tag ct_analysis_error-12832490783 - doesn't match any known release pattern
2025-03-05 15:34:15,571 - content-generator - DEBUG - Skipping tag ct_analysis_error-12832829220 - doesn't match any known release pattern
2025-03-05 15:34:15,571 - content-generator - DEBUG - Skipping tag ct_analysis_error-12833105513 - doesn't match any known release pattern
2025-03-05 15:34:15,571 - content-generator - DEBUG - Skipping tag ct_analysis_error-12833708739 - doesn't match any known release pattern
2025-03-05 15:34:15,572 - content-generator - DEBUG - Skipping tag ct_analysis_error-12833710554 - doesn't match any known release pattern
2025-03-05 15:34:15,572 - content-generator - DEBUG - Skipping tag ct_analysis_error-12854911544 - doesn't match any known release pattern
2025-03-05 15:34:15,572 - content-generator - DEBUG - Skipping tag ct_analysis_error-12855136020 - doesn't match any known release pattern
2025-03-05 15:34:15,572 - content-generator - DEBUG - Skipping tag ct_analysis_error-12855787526 - doesn't match any known release pattern
2025-03-05 15:34:15,572 - content-generator - DEBUG - Skipping tag ct_analysis_error-12856464384 - doesn't match any known release pattern
2025-03-05 15:34:15,572 - content-generator - DEBUG - Skipping tag ct_analysis_error-12856668109 - doesn't match any known release pattern
2025-03-05 15:34:15,572 - content-generator - DEBUG - Skipping tag ct_analysis_error-12857051120 - doesn't match any known release pattern
2025-03-05 15:34:15,572 - content-generator - DEBUG - Skipping tag ct_analysis_error-12872387828 - doesn't match any known release pattern
2025-03-05 15:34:15,572 - content-generator - DEBUG - Skipping tag ct_analysis_error-12873759288 - doesn't match any known release pattern
2025-03-05 15:34:15,572 - content-generator - DEBUG - Skipping tag ct_analysis_error-12874523314 - doesn't match any known release pattern
2025-03-05 15:34:15,572 - content-generator - DEBUG - Skipping tag ct_analysis_error-12876028318 - doesn't match any known release pattern
2025-03-05 15:34:15,572 - content-generator - DEBUG - Skipping tag ct_analysis_error-12891849128 - doesn't match any known release pattern
2025-03-05 15:34:15,572 - content-generator - DEBUG - Skipping tag ct_analysis_error-12892976773 - doesn't match any known release pattern
2025-03-05 15:34:15,572 - content-generator - DEBUG - Skipping tag ct_analysis_error-12893693797 - doesn't match any known release pattern
2025-03-05 15:34:15,572 - content-generator - DEBUG - Skipping tag ct_analysis_error-12911891111 - doesn't match any known release pattern
2025-03-05 15:34:15,572 - content-generator - DEBUG - Skipping tag ct_analysis_error-12915352367 - doesn't match any known release pattern
2025-03-05 15:34:15,572 - content-generator - DEBUG - Skipping tag ct_analysis_error-12931545586 - doesn't match any known release pattern
2025-03-05 15:34:15,573 - content-generator - DEBUG - Skipping tag ct_analysis_error-12937210848 - doesn't match any known release pattern
2025-03-05 15:34:15,573 - content-generator - DEBUG - Skipping tag ct_analysis_error-12956158841 - doesn't match any known release pattern
2025-03-05 15:34:15,573 - content-generator - DEBUG - Skipping tag ct_analysis_error-12956838806 - doesn't match any known release pattern
2025-03-05 15:34:15,573 - content-generator - DEBUG - Skipping tag ct_analysis_error-12993638977 - doesn't match any known release pattern
2025-03-05 15:34:15,573 - content-generator - DEBUG - Skipping tag ct_analysis_error-12994013805 - doesn't match any known release pattern
2025-03-05 15:34:15,573 - content-generator - DEBUG - Skipping tag ct_analysis_error-12994137261 - doesn't match any known release pattern
2025-03-05 15:34:15,573 - content-generator - DEBUG - Skipping tag ct_analysis_error-12997977295 - doesn't match any known release pattern
2025-03-05 15:34:15,573 - content-generator - DEBUG - Skipping tag ct_analysis_error-12998085242 - doesn't match any known release pattern
2025-03-05 15:34:15,573 - content-generator - DEBUG - Skipping tag ct_analysis_error-12998893757 - doesn't match any known release pattern
2025-03-05 15:34:15,573 - content-generator - DEBUG - Skipping tag ct_analysis_error-12998993104 - doesn't match any known release pattern
2025-03-05 15:34:15,573 - content-generator - DEBUG - Skipping tag ct_analysis_error-12999086643 - doesn't match any known release pattern
2025-03-05 15:34:15,573 - content-generator - DEBUG - Skipping tag ct_analysis_error-12999573590 - doesn't match any known release pattern
2025-03-05 15:34:15,573 - content-generator - DEBUG - Skipping tag ct_analysis_error-12999794374 - doesn't match any known release pattern
2025-03-05 15:34:15,573 - content-generator - DEBUG - Skipping tag ct_analysis_error-13001270170 - doesn't match any known release pattern
2025-03-05 15:34:15,574 - content-generator - DEBUG - Skipping tag ct_analysis_error-13013832207 - doesn't match any known release pattern
2025-03-05 15:34:15,574 - content-generator - DEBUG - Skipping tag ct_analysis_error-13015350273 - doesn't match any known release pattern
2025-03-05 15:34:15,574 - content-generator - DEBUG - Skipping tag ct_analysis_error-13017742840 - doesn't match any known release pattern
2025-03-05 15:34:15,574 - content-generator - DEBUG - Skipping tag ct_analysis_error-13018035677 - doesn't match any known release pattern
2025-03-05 15:34:15,574 - content-generator - DEBUG - Skipping tag ct_analysis_error-13018959575 - doesn't match any known release pattern
2025-03-05 15:34:15,574 - content-generator - DEBUG - Skipping tag ct_analysis_error-13019395748 - doesn't match any known release pattern
2025-03-05 15:34:15,574 - content-generator - DEBUG - Skipping tag ct_analysis_error-13019626461 - doesn't match any known release pattern
2025-03-05 15:34:15,574 - content-generator - DEBUG - Skipping tag ct_analysis_error-13020046563 - doesn't match any known release pattern
2025-03-05 15:34:15,574 - content-generator - DEBUG - Skipping tag ct_analysis_error-13020134160 - doesn't match any known release pattern
2025-03-05 15:34:15,574 - content-generator - DEBUG - Skipping tag ct_analysis_error-13020227701 - doesn't match any known release pattern
2025-03-05 15:34:15,574 - content-generator - DEBUG - Skipping tag ct_analysis_error-13021334224 - doesn't match any known release pattern
2025-03-05 15:34:15,574 - content-generator - DEBUG - Skipping tag ct_analysis_error-13023226348 - doesn't match any known release pattern
2025-03-05 15:34:15,574 - content-generator - DEBUG - Skipping tag ct_analysis_error-13038271488 - doesn't match any known release pattern
2025-03-05 15:34:15,574 - content-generator - DEBUG - Skipping tag ct_analysis_error-13038770003 - doesn't match any known release pattern
2025-03-05 15:34:15,574 - content-generator - DEBUG - Skipping tag ct_analysis_error-13039004008 - doesn't match any known release pattern
2025-03-05 15:34:15,574 - content-generator - DEBUG - Skipping tag ct_analysis_error-13041879181 - doesn't match any known release pattern
2025-03-05 15:34:15,574 - content-generator - DEBUG - Skipping tag ct_analysis_error-13056974082 - doesn't match any known release pattern
2025-03-05 15:34:15,574 - content-generator - DEBUG - Skipping tag ct_analysis_error-13057135986 - doesn't match any known release pattern
2025-03-05 15:34:15,575 - content-generator - DEBUG - Skipping tag ct_analysis_error-13059552084 - doesn't match any known release pattern
2025-03-05 15:34:15,575 - content-generator - DEBUG - Skipping tag ct_analysis_error-13059789310 - doesn't match any known release pattern
2025-03-05 15:34:15,575 - content-generator - DEBUG - Skipping tag ct_analysis_error-13060193853 - doesn't match any known release pattern
2025-03-05 15:34:15,575 - content-generator - DEBUG - Skipping tag ct_analysis_error-13060463386 - doesn't match any known release pattern
2025-03-05 15:34:15,575 - content-generator - DEBUG - Skipping tag ct_analysis_error-13061922344 - doesn't match any known release pattern
2025-03-05 15:34:15,575 - content-generator - DEBUG - Skipping tag ct_analysis_error-13075006975 - doesn't match any known release pattern
2025-03-05 15:34:15,575 - content-generator - DEBUG - Skipping tag ct_analysis_error-13075118088 - doesn't match any known release pattern
2025-03-05 15:34:15,575 - content-generator - DEBUG - Skipping tag ct_analysis_error-13076109836 - doesn't match any known release pattern
2025-03-05 15:34:15,575 - content-generator - DEBUG - Skipping tag ct_analysis_error-13078405163 - doesn't match any known release pattern
2025-03-05 15:34:15,575 - content-generator - DEBUG - Skipping tag ct_analysis_error-13078715042 - doesn't match any known release pattern
2025-03-05 15:34:15,575 - content-generator - DEBUG - Skipping tag ct_analysis_error-13083335857 - doesn't match any known release pattern
2025-03-05 15:34:15,575 - content-generator - DEBUG - Skipping tag ct_analysis_error-13084061501 - doesn't match any known release pattern
2025-03-05 15:34:15,575 - content-generator - DEBUG - Skipping tag ct_analysis_error-13093064766 - doesn't match any known release pattern
2025-03-05 15:34:15,575 - content-generator - DEBUG - Skipping tag ct_analysis_error-13103571623 - doesn't match any known release pattern
2025-03-05 15:34:15,575 - content-generator - DEBUG - Skipping tag ct_analysis_error-13104939251 - doesn't match any known release pattern
2025-03-05 15:34:15,575 - content-generator - DEBUG - Skipping tag ct_analysis_error-13105840397 - doesn't match any known release pattern
2025-03-05 15:34:15,575 - content-generator - DEBUG - Skipping tag ct_analysis_error-13115810325 - doesn't match any known release pattern
2025-03-05 15:34:15,575 - content-generator - DEBUG - Skipping tag ct_analysis_error-13117385522 - doesn't match any known release pattern
2025-03-05 15:34:15,575 - content-generator - DEBUG - Skipping tag ct_analysis_error-13120804129 - doesn't match any known release pattern
2025-03-05 15:34:15,576 - content-generator - DEBUG - Skipping tag ct_analysis_error-13121319747 - doesn't match any known release pattern
2025-03-05 15:34:15,576 - content-generator - DEBUG - Skipping tag ct_analysis_error-13121447599 - doesn't match any known release pattern
2025-03-05 15:34:15,576 - content-generator - DEBUG - Skipping tag ct_analysis_error-13121543379 - doesn't match any known release pattern
2025-03-05 15:34:15,576 - content-generator - DEBUG - Skipping tag ct_analysis_error-13121650377 - doesn't match any known release pattern
2025-03-05 15:34:15,576 - content-generator - DEBUG - Skipping tag ct_analysis_error-13121747741 - doesn't match any known release pattern
2025-03-05 15:34:15,576 - content-generator - DEBUG - Skipping tag ct_analysis_error-13122058902 - doesn't match any known release pattern
2025-03-05 15:34:15,576 - content-generator - DEBUG - Skipping tag ct_analysis_error-13122261998 - doesn't match any known release pattern
2025-03-05 15:34:15,576 - content-generator - DEBUG - Skipping tag ct_analysis_error-13123576974 - doesn't match any known release pattern
2025-03-05 15:34:15,576 - content-generator - DEBUG - Skipping tag ct_analysis_error-13124373267 - doesn't match any known release pattern
2025-03-05 15:34:15,576 - content-generator - DEBUG - Skipping tag ct_analysis_error-13124866783 - doesn't match any known release pattern
2025-03-05 15:34:15,576 - content-generator - DEBUG - Skipping tag ct_analysis_error-13134703414 - doesn't match any known release pattern
2025-03-05 15:34:15,576 - content-generator - DEBUG - Skipping tag ct_analysis_error-13135455131 - doesn't match any known release pattern
2025-03-05 15:34:15,576 - content-generator - DEBUG - Skipping tag ct_analysis_error-13139821945 - doesn't match any known release pattern
2025-03-05 15:34:15,576 - content-generator - DEBUG - Skipping tag ct_analysis_error-13140263140 - doesn't match any known release pattern
2025-03-05 15:34:15,576 - content-generator - DEBUG - Skipping tag ct_analysis_error-13140502239 - doesn't match any known release pattern
2025-03-05 15:34:15,576 - content-generator - DEBUG - Skipping tag ct_analysis_error-13140635184 - doesn't match any known release pattern
2025-03-05 15:34:15,576 - content-generator - DEBUG - Skipping tag ct_analysis_error-13140751274 - doesn't match any known release pattern
2025-03-05 15:34:15,577 - content-generator - DEBUG - Skipping tag ct_analysis_error-13143089837 - doesn't match any known release pattern
2025-03-05 15:34:15,577 - content-generator - DEBUG - Skipping tag ct_analysis_error-13143229432 - doesn't match any known release pattern
2025-03-05 15:34:15,577 - content-generator - DEBUG - Skipping tag ct_analysis_error-13143334159 - doesn't match any known release pattern
2025-03-05 15:34:15,577 - content-generator - DEBUG - Skipping tag ct_analysis_error-13143460538 - doesn't match any known release pattern
2025-03-05 15:34:15,577 - content-generator - DEBUG - Skipping tag ct_analysis_error-13143562061 - doesn't match any known release pattern
2025-03-05 15:34:15,577 - content-generator - DEBUG - Skipping tag ct_analysis_error-13146117499 - doesn't match any known release pattern
2025-03-05 15:34:15,577 - content-generator - DEBUG - Skipping tag ct_analysis_error-13146319680 - doesn't match any known release pattern
2025-03-05 15:34:15,577 - content-generator - DEBUG - Skipping tag ct_analysis_error-13146405810 - doesn't match any known release pattern
2025-03-05 15:34:15,577 - content-generator - DEBUG - Skipping tag ct_analysis_error-13155151655 - doesn't match any known release pattern
2025-03-05 15:34:15,577 - content-generator - DEBUG - Skipping tag ct_analysis_error-13160539416 - doesn't match any known release pattern
2025-03-05 15:34:15,577 - content-generator - DEBUG - Skipping tag ct_analysis_error-13161218323 - doesn't match any known release pattern
2025-03-05 15:34:15,577 - content-generator - DEBUG - Skipping tag ct_analysis_error-13161494341 - doesn't match any known release pattern
2025-03-05 15:34:15,577 - content-generator - DEBUG - Skipping tag ct_analysis_error-13168084689 - doesn't match any known release pattern
2025-03-05 15:34:15,577 - content-generator - DEBUG - Skipping tag ct_analysis_error-13168157825 - doesn't match any known release pattern
2025-03-05 15:34:15,577 - content-generator - DEBUG - Skipping tag ct_analysis_error-13168407808 - doesn't match any known release pattern
2025-03-05 15:34:15,577 - content-generator - DEBUG - Skipping tag ct_analysis_error-13168524106 - doesn't match any known release pattern
2025-03-05 15:34:15,577 - content-generator - DEBUG - Skipping tag ct_analysis_error-13168615274 - doesn't match any known release pattern
2025-03-05 15:34:15,577 - content-generator - DEBUG - Skipping tag ct_analysis_error-13189369485 - doesn't match any known release pattern
2025-03-05 15:34:15,578 - content-generator - DEBUG - Skipping tag ct_analysis_error-13190165673 - doesn't match any known release pattern
2025-03-05 15:34:15,578 - content-generator - DEBUG - Skipping tag ct_analysis_error-13197156623 - doesn't match any known release pattern
2025-03-05 15:34:15,578 - content-generator - DEBUG - Skipping tag ct_analysis_error-13197259291 - doesn't match any known release pattern
2025-03-05 15:34:15,578 - content-generator - DEBUG - Skipping tag ct_analysis_error-13197367494 - doesn't match any known release pattern
2025-03-05 15:34:15,578 - content-generator - DEBUG - Skipping tag ct_analysis_error-13197465273 - doesn't match any known release pattern
2025-03-05 15:34:15,578 - content-generator - DEBUG - Skipping tag ct_analysis_error-13197799553 - doesn't match any known release pattern
2025-03-05 15:34:15,578 - content-generator - DEBUG - Skipping tag ct_analysis_error-13198090427 - doesn't match any known release pattern
2025-03-05 15:34:15,578 - content-generator - DEBUG - Skipping tag ct_analysis_error-13198330746 - doesn't match any known release pattern
2025-03-05 15:34:15,578 - content-generator - DEBUG - Skipping tag ct_analysis_error-13199066453 - doesn't match any known release pattern
2025-03-05 15:34:15,578 - content-generator - DEBUG - Skipping tag ct_analysis_error-13199156230 - doesn't match any known release pattern
2025-03-05 15:34:15,578 - content-generator - DEBUG - Skipping tag ct_analysis_error-13216538120 - doesn't match any known release pattern
2025-03-05 15:34:15,578 - content-generator - DEBUG - Skipping tag ct_analysis_error-13229089228 - doesn't match any known release pattern
2025-03-05 15:34:15,578 - content-generator - DEBUG - Skipping tag ct_analysis_error-13241023495 - doesn't match any known release pattern
2025-03-05 15:34:15,578 - content-generator - DEBUG - Skipping tag ct_analysis_error-13241479707 - doesn't match any known release pattern
2025-03-05 15:34:15,578 - content-generator - DEBUG - Skipping tag ct_analysis_error-13241988118 - doesn't match any known release pattern
2025-03-05 15:34:15,578 - content-generator - DEBUG - Skipping tag ct_analysis_error-13242323859 - doesn't match any known release pattern
2025-03-05 15:34:15,578 - content-generator - DEBUG - Skipping tag ct_analysis_error-13242564778 - doesn't match any known release pattern
2025-03-05 15:34:15,578 - content-generator - DEBUG - Skipping tag ct_analysis_error-13242950194 - doesn't match any known release pattern
2025-03-05 15:34:15,579 - content-generator - DEBUG - Skipping tag ct_analysis_error-13245505466 - doesn't match any known release pattern
2025-03-05 15:34:15,579 - content-generator - DEBUG - Skipping tag ct_analysis_error-13246715791 - doesn't match any known release pattern
2025-03-05 15:34:15,579 - content-generator - DEBUG - Skipping tag ct_analysis_error-13246989134 - doesn't match any known release pattern
2025-03-05 15:34:15,579 - content-generator - DEBUG - Skipping tag ct_analysis_error-13247312147 - doesn't match any known release pattern
2025-03-05 15:34:15,579 - content-generator - DEBUG - Skipping tag ct_analysis_error-13248076274 - doesn't match any known release pattern
2025-03-05 15:34:15,579 - content-generator - DEBUG - Skipping tag ct_analysis_error-13248195026 - doesn't match any known release pattern
2025-03-05 15:34:15,579 - content-generator - DEBUG - Skipping tag ct_analysis_error-13248524735 - doesn't match any known release pattern
2025-03-05 15:34:15,579 - content-generator - DEBUG - Skipping tag ct_analysis_error-13249090720 - doesn't match any known release pattern
2025-03-05 15:34:15,579 - content-generator - DEBUG - Skipping tag ct_analysis_error-13249822954 - doesn't match any known release pattern
2025-03-05 15:34:15,579 - content-generator - DEBUG - Skipping tag ct_analysis_error-13249984030 - doesn't match any known release pattern
2025-03-05 15:34:15,579 - content-generator - DEBUG - Skipping tag ct_analysis_error-13250778604 - doesn't match any known release pattern
2025-03-05 15:34:15,579 - content-generator - DEBUG - Skipping tag ct_analysis_error-13251014987 - doesn't match any known release pattern
2025-03-05 15:34:15,579 - content-generator - DEBUG - Skipping tag ct_analysis_error-13251117555 - doesn't match any known release pattern
2025-03-05 15:34:15,579 - content-generator - DEBUG - Skipping tag ct_analysis_error-13251215626 - doesn't match any known release pattern
2025-03-05 15:34:15,579 - content-generator - DEBUG - Skipping tag ct_analysis_error-13251449055 - doesn't match any known release pattern
2025-03-05 15:34:15,579 - content-generator - DEBUG - Skipping tag ct_analysis_error-13251713646 - doesn't match any known release pattern
2025-03-05 15:34:15,579 - content-generator - DEBUG - Skipping tag ct_analysis_error-13252020758 - doesn't match any known release pattern
2025-03-05 15:34:15,579 - content-generator - DEBUG - Skipping tag ct_analysis_error-13252103537 - doesn't match any known release pattern
2025-03-05 15:34:15,580 - content-generator - DEBUG - Skipping tag ct_analysis_error-13252517827 - doesn't match any known release pattern
2025-03-05 15:34:15,580 - content-generator - DEBUG - Skipping tag ct_analysis_error-13252622249 - doesn't match any known release pattern
2025-03-05 15:34:15,580 - content-generator - DEBUG - Skipping tag ct_analysis_error-13252700116 - doesn't match any known release pattern
2025-03-05 15:34:15,580 - content-generator - DEBUG - Skipping tag ct_analysis_error-13252776268 - doesn't match any known release pattern
2025-03-05 15:34:15,580 - content-generator - DEBUG - Skipping tag ct_analysis_error-13252849712 - doesn't match any known release pattern
2025-03-05 15:34:15,580 - content-generator - DEBUG - Skipping tag ct_analysis_error-13253592166 - doesn't match any known release pattern
2025-03-05 15:34:15,580 - content-generator - DEBUG - Skipping tag ct_analysis_error-13254438654 - doesn't match any known release pattern
2025-03-05 15:34:15,580 - content-generator - DEBUG - Skipping tag ct_analysis_error-13267837977 - doesn't match any known release pattern
2025-03-05 15:34:15,580 - content-generator - DEBUG - Skipping tag ct_analysis_error-13268835363 - doesn't match any known release pattern
2025-03-05 15:34:15,580 - content-generator - DEBUG - Skipping tag ct_analysis_error-13271445401 - doesn't match any known release pattern
2025-03-05 15:34:15,580 - content-generator - DEBUG - Skipping tag ct_analysis_error-13271779681 - doesn't match any known release pattern
2025-03-05 15:34:15,580 - content-generator - DEBUG - Skipping tag ct_analysis_error-13271964503 - doesn't match any known release pattern
2025-03-05 15:34:15,580 - content-generator - DEBUG - Skipping tag ct_analysis_error-13272103513 - doesn't match any known release pattern
2025-03-05 15:34:15,580 - content-generator - DEBUG - Skipping tag ct_analysis_error-13272204373 - doesn't match any known release pattern
2025-03-05 15:34:15,580 - content-generator - DEBUG - Skipping tag ct_analysis_error-13272307918 - doesn't match any known release pattern
2025-03-05 15:34:15,580 - content-generator - DEBUG - Skipping tag ct_analysis_error-13272516633 - doesn't match any known release pattern
2025-03-05 15:34:15,580 - content-generator - DEBUG - Skipping tag ct_analysis_error-13272783393 - doesn't match any known release pattern
2025-03-05 15:34:15,580 - content-generator - DEBUG - Skipping tag ct_analysis_error-13272888306 - doesn't match any known release pattern
2025-03-05 15:34:15,580 - content-generator - DEBUG - Skipping tag ct_analysis_error-13273011384 - doesn't match any known release pattern
2025-03-05 15:34:15,581 - content-generator - DEBUG - Skipping tag ct_analysis_error-13273109316 - doesn't match any known release pattern
2025-03-05 15:34:15,581 - content-generator - DEBUG - Skipping tag ct_analysis_error-13273206815 - doesn't match any known release pattern
2025-03-05 15:34:15,581 - content-generator - DEBUG - Skipping tag ct_analysis_error-13273295421 - doesn't match any known release pattern
2025-03-05 15:34:15,581 - content-generator - DEBUG - Skipping tag ct_analysis_error-13273546792 - doesn't match any known release pattern
2025-03-05 15:34:15,581 - content-generator - DEBUG - Skipping tag ct_analysis_error-13273792553 - doesn't match any known release pattern
2025-03-05 15:34:15,581 - content-generator - DEBUG - Skipping tag ct_analysis_error-13273929478 - doesn't match any known release pattern
2025-03-05 15:34:15,581 - content-generator - DEBUG - Skipping tag ct_analysis_error-13274013491 - doesn't match any known release pattern
2025-03-05 15:34:15,581 - content-generator - DEBUG - Skipping tag ct_analysis_error-13274101866 - doesn't match any known release pattern
2025-03-05 15:34:15,581 - content-generator - DEBUG - Skipping tag ct_analysis_error-13274179816 - doesn't match any known release pattern
2025-03-05 15:34:15,581 - content-generator - DEBUG - Skipping tag ct_analysis_error-13274442394 - doesn't match any known release pattern
2025-03-05 15:34:15,581 - content-generator - DEBUG - Skipping tag ct_analysis_error-13274577185 - doesn't match any known release pattern
2025-03-05 15:34:15,581 - content-generator - DEBUG - Skipping tag ct_analysis_error-13274680257 - doesn't match any known release pattern
2025-03-05 15:34:15,581 - content-generator - DEBUG - Skipping tag ct_analysis_error-13274752539 - doesn't match any known release pattern
2025-03-05 15:34:15,581 - content-generator - DEBUG - Skipping tag ct_analysis_error-13274828521 - doesn't match any known release pattern
2025-03-05 15:34:15,581 - content-generator - DEBUG - Skipping tag ct_analysis_error-13274891631 - doesn't match any known release pattern
2025-03-05 15:34:15,581 - content-generator - DEBUG - Skipping tag ct_analysis_error-13287687662 - doesn't match any known release pattern
2025-03-05 15:34:15,581 - content-generator - DEBUG - Skipping tag ct_analysis_error-13287915428 - doesn't match any known release pattern
2025-03-05 15:34:15,581 - content-generator - DEBUG - Skipping tag ct_analysis_error-13292518135 - doesn't match any known release pattern
2025-03-05 15:34:15,582 - content-generator - DEBUG - Skipping tag ct_analysis_error-13294645263 - doesn't match any known release pattern
2025-03-05 15:34:15,582 - content-generator - DEBUG - Skipping tag ct_analysis_error-13296141743 - doesn't match any known release pattern
2025-03-05 15:34:15,582 - content-generator - DEBUG - Skipping tag ct_analysis_error-13296368379 - doesn't match any known release pattern
2025-03-05 15:34:15,582 - content-generator - DEBUG - Skipping tag ct_analysis_error-13296457064 - doesn't match any known release pattern
2025-03-05 15:34:15,582 - content-generator - DEBUG - Skipping tag ct_analysis_error-13296760174 - doesn't match any known release pattern
2025-03-05 15:34:15,582 - content-generator - DEBUG - Skipping tag ct_analysis_error-13296912619 - doesn't match any known release pattern
2025-03-05 15:34:15,582 - content-generator - DEBUG - Skipping tag ct_analysis_error-13297008844 - doesn't match any known release pattern
2025-03-05 15:34:15,582 - content-generator - DEBUG - Skipping tag ct_analysis_error-13297095313 - doesn't match any known release pattern
2025-03-05 15:34:15,582 - content-generator - DEBUG - Skipping tag ct_analysis_error-13297786353 - doesn't match any known release pattern
2025-03-05 15:34:15,582 - content-generator - DEBUG - Skipping tag ct_analysis_error-13298852187 - doesn't match any known release pattern
2025-03-05 15:34:15,582 - content-generator - DEBUG - Skipping tag ct_analysis_error-13348382567 - doesn't match any known release pattern
2025-03-05 15:34:15,582 - content-generator - DEBUG - Skipping tag ct_analysis_error-13348486666 - doesn't match any known release pattern
2025-03-05 15:34:15,582 - content-generator - DEBUG - Skipping tag ct_analysis_error-13376675481 - doesn't match any known release pattern
2025-03-05 15:34:15,582 - content-generator - DEBUG - Skipping tag ct_analysis_error-13378798806 - doesn't match any known release pattern
2025-03-05 15:34:15,582 - content-generator - DEBUG - Skipping tag ct_analysis_error-13394394187 - doesn't match any known release pattern
2025-03-05 15:34:15,582 - content-generator - DEBUG - Skipping tag ct_analysis_error-13394802010 - doesn't match any known release pattern
2025-03-05 15:34:15,582 - content-generator - DEBUG - Skipping tag ct_analysis_error-13395173886 - doesn't match any known release pattern
2025-03-05 15:34:15,582 - content-generator - DEBUG - Skipping tag ct_analysis_error-13397060826 - doesn't match any known release pattern
2025-03-05 15:34:15,583 - content-generator - DEBUG - Skipping tag ct_analysis_error-13397801542 - doesn't match any known release pattern
2025-03-05 15:34:15,583 - content-generator - DEBUG - Skipping tag ct_analysis_error-13399278130 - doesn't match any known release pattern
2025-03-05 15:34:15,583 - content-generator - DEBUG - Skipping tag ct_analysis_error-13400968084 - doesn't match any known release pattern
2025-03-05 15:34:15,583 - content-generator - DEBUG - Skipping tag ct_analysis_error-13505365098 - doesn't match any known release pattern
2025-03-05 15:34:15,583 - content-generator - DEBUG - Skipping tag ct_analysis_error-13508701548 - doesn't match any known release pattern
2025-03-05 15:34:15,583 - content-generator - DEBUG - Skipping tag ct_analysis_error-13524582176 - doesn't match any known release pattern
2025-03-05 15:34:15,583 - content-generator - DEBUG - Skipping tag ct_analysis_error-13528099598 - doesn't match any known release pattern
2025-03-05 15:34:15,583 - content-generator - DEBUG - Skipping tag ct_analysis_error-13531480104 - doesn't match any known release pattern
2025-03-05 15:34:15,583 - content-generator - DEBUG - Skipping tag ct_analysis_error-13531766752 - doesn't match any known release pattern
2025-03-05 15:34:15,583 - content-generator - DEBUG - Skipping tag ct_analysis_error-13532053185 - doesn't match any known release pattern
2025-03-05 15:34:15,583 - content-generator - DEBUG - Skipping tag ct_analysis_error-13548432384 - doesn't match any known release pattern
2025-03-05 15:34:15,583 - content-generator - DEBUG - Skipping tag ct_analysis_error-13550093604 - doesn't match any known release pattern
2025-03-05 15:34:15,583 - content-generator - DEBUG - Skipping tag ct_analysis_error-13555001302 - doesn't match any known release pattern
2025-03-05 15:34:15,583 - content-generator - DEBUG - Skipping tag ct_analysis_error-13574080178 - doesn't match any known release pattern
2025-03-05 15:34:15,583 - content-generator - DEBUG - Skipping tag ct_analysis_error-13574261269 - doesn't match any known release pattern
2025-03-05 15:34:15,583 - content-generator - DEBUG - Skipping tag ct_analysis_error-13575124094 - doesn't match any known release pattern
2025-03-05 15:34:15,583 - content-generator - DEBUG - Skipping tag ct_analysis_error-13575339073 - doesn't match any known release pattern
2025-03-05 15:34:15,583 - content-generator - DEBUG - Skipping tag ct_analysis_error-13575491839 - doesn't match any known release pattern
2025-03-05 15:34:15,583 - content-generator - DEBUG - Skipping tag ct_analysis_error-13575598845 - doesn't match any known release pattern
2025-03-05 15:34:15,584 - content-generator - DEBUG - Skipping tag ct_analysis_error-13575699977 - doesn't match any known release pattern
2025-03-05 15:34:15,584 - content-generator - DEBUG - Skipping tag ct_analysis_error-13575929276 - doesn't match any known release pattern
2025-03-05 15:34:15,584 - content-generator - DEBUG - Skipping tag ct_analysis_error-13576172038 - doesn't match any known release pattern
2025-03-05 15:34:15,584 - content-generator - DEBUG - Skipping tag ct_analysis_error-13576815455 - doesn't match any known release pattern
2025-03-05 15:34:15,584 - content-generator - DEBUG - Skipping tag ct_analysis_error-13577137684 - doesn't match any known release pattern
2025-03-05 15:34:15,584 - content-generator - DEBUG - Skipping tag ct_analysis_error-13577465427 - doesn't match any known release pattern
2025-03-05 15:34:15,584 - content-generator - DEBUG - Skipping tag ct_analysis_error-13577860329 - doesn't match any known release pattern
2025-03-05 15:34:15,584 - content-generator - DEBUG - Skipping tag ct_analysis_error-13618922561 - doesn't match any known release pattern
2025-03-05 15:34:15,584 - content-generator - DEBUG - Skipping tag ct_analysis_error-13633520131 - doesn't match any known release pattern
2025-03-05 15:34:15,584 - content-generator - DEBUG - Skipping tag ct_analysis_error-13633656400 - doesn't match any known release pattern
2025-03-05 15:34:15,584 - content-generator - DEBUG - Skipping tag ct_analysis_error-13633790948 - doesn't match any known release pattern
2025-03-05 15:34:15,584 - content-generator - DEBUG - Skipping tag ct_analysis_error-13634728050 - doesn't match any known release pattern
2025-03-05 15:34:15,584 - content-generator - DEBUG - Skipping tag ct_analysis_error-13635402649 - doesn't match any known release pattern
2025-03-05 15:34:15,584 - content-generator - DEBUG - Skipping tag ct_analysis_error-13635829186 - doesn't match any known release pattern
2025-03-05 15:34:15,584 - content-generator - DEBUG - Skipping tag ct_analysis_error-13636969026 - doesn't match any known release pattern
2025-03-05 15:34:15,584 - content-generator - DEBUG - Skipping tag ct_analysis_error-13638569822 - doesn't match any known release pattern
2025-03-05 15:34:15,584 - content-generator - DEBUG - Skipping tag ct_analysis_error-13639219974 - doesn't match any known release pattern
2025-03-05 15:34:15,584 - content-generator - DEBUG - Skipping tag ct_analysis_error-13641046249 - doesn't match any known release pattern
2025-03-05 15:34:15,585 - content-generator - DEBUG - Skipping tag ct_analysis_error-13642137039 - doesn't match any known release pattern
2025-03-05 15:34:15,585 - content-generator - DEBUG - Skipping tag ct_analysis_error-13656069811 - doesn't match any known release pattern
2025-03-05 15:34:15,585 - content-generator - DEBUG - Skipping tag ct_analysis_error-13656381104 - doesn't match any known release pattern
2025-03-05 15:34:15,585 - content-generator - DEBUG - Skipping tag ct_analysis_error-13656513519 - doesn't match any known release pattern
2025-03-05 15:34:15,585 - content-generator - DEBUG - Skipping tag ct_analysis_error-13656905484 - doesn't match any known release pattern
2025-03-05 15:34:15,585 - content-generator - DEBUG - Skipping tag ct_analysis_error-13659471901 - doesn't match any known release pattern
2025-03-05 15:34:15,585 - content-generator - DEBUG - Skipping tag ct_analysis_error-13660470136 - doesn't match any known release pattern
2025-03-05 15:34:15,585 - content-generator - DEBUG - Skipping tag ct_analysis_error-13661025841 - doesn't match any known release pattern
2025-03-05 15:34:15,585 - content-generator - DEBUG - Skipping tag ct_analysis_error-13661721451 - doesn't match any known release pattern
2025-03-05 15:34:15,585 - content-generator - DEBUG - Skipping tag ct_analysis_error-13661831170 - doesn't match any known release pattern
2025-03-05 15:34:15,585 - content-generator - DEBUG - Skipping tag ct_analysis_error-13662359311 - doesn't match any known release pattern
2025-03-05 15:34:15,585 - content-generator - DEBUG - Skipping tag ct_analysis_error-13662523909 - doesn't match any known release pattern
2025-03-05 15:34:15,585 - content-generator - DEBUG - Skipping tag ct_analysis_error-13662819046 - doesn't match any known release pattern
2025-03-05 15:34:15,585 - content-generator - DEBUG - Skipping tag ct_analysis_error-13663635457 - doesn't match any known release pattern
2025-03-05 15:34:33,625 - content-generator - DEBUG - Skipping tag ct_to_text_analysis-30 - doesn't match any known release pattern
2025-03-05 15:34:33,626 - content-generator - DEBUG - Skipping tag ct_to_text_analysis-31 - doesn't match any known release pattern
2025-03-05 15:34:33,626 - content-generator - DEBUG - Skipping tag daily-2025-01-26_20-30-08 - doesn't match any known release pattern
2025-03-05 15:34:33,626 - content-generator - DEBUG - Skipping tag daily-2025-01-26_20-33-36 - doesn't match any known release pattern
2025-03-05 15:34:33,626 - content-generator - DEBUG - Skipping tag daily-2025-01-26_20-35-40 - doesn't match any known release pattern
2025-03-05 15:34:33,626 - content-generator - DEBUG - Skipping tag daily-2025-01-26_20-39-25 - doesn't match any known release pattern
2025-03-05 15:34:33,626 - content-generator - DEBUG - Skipping tag daily-2025-01-26_20-39-58 - doesn't match any known release pattern
2025-03-05 15:34:33,626 - content-generator - DEBUG - Skipping tag daily-2025-01-26_20-45-42 - doesn't match any known release pattern
2025-03-05 15:34:33,626 - content-generator - DEBUG - Skipping tag daily-2025-01-27_01-20-29 - doesn't match any known release pattern
2025-03-05 15:34:33,626 - content-generator - DEBUG - Skipping tag daily-2025-01-27_01-34-38 - doesn't match any known release pattern
2025-03-05 15:34:33,626 - content-generator - DEBUG - Skipping tag daily-2025-01-28_01-18-49 - doesn't match any known release pattern
2025-03-05 15:34:33,626 - content-generator - DEBUG - Skipping tag daily-2025-01-29_01-18-49 - doesn't match any known release pattern
2025-03-05 15:34:33,626 - content-generator - DEBUG - Skipping tag daily-2025-01-30_01-18-05 - doesn't match any known release pattern
2025-03-05 15:34:33,626 - content-generator - DEBUG - Skipping tag daily-2025-01-30_21-52-25 - doesn't match any known release pattern
2025-03-05 15:34:33,626 - content-generator - DEBUG - Skipping tag daily-2025-01-30_21-57-48 - doesn't match any known release pattern
2025-03-05 15:34:33,626 - content-generator - DEBUG - Skipping tag daily-2025-01-30_22-00-37 - doesn't match any known release pattern
2025-03-05 15:34:33,626 - content-generator - DEBUG - Skipping tag daily-2025-01-30_22-03-02 - doesn't match any known release pattern
2025-03-05 15:34:33,626 - content-generator - DEBUG - Skipping tag daily-2025-01-30_22-32-15 - doesn't match any known release pattern
2025-03-05 15:34:33,626 - content-generator - DEBUG - Skipping tag daily-2025-01-30_22-37-20 - doesn't match any known release pattern
2025-03-05 15:34:33,627 - content-generator - DEBUG - Skipping tag daily-2025-01-30_22-48-14 - doesn't match any known release pattern
2025-03-05 15:34:33,627 - content-generator - DEBUG - Skipping tag daily-2025-01-31_01-19-35 - doesn't match any known release pattern
2025-03-05 15:34:33,627 - content-generator - DEBUG - Skipping tag daily-2025-02-01_01-23-49 - doesn't match any known release pattern
2025-03-05 15:34:33,627 - content-generator - DEBUG - Skipping tag daily-2025-02-02_01-23-14 - doesn't match any known release pattern
2025-03-05 15:34:33,627 - content-generator - DEBUG - Skipping tag daily-2025-02-03_01-20-23 - doesn't match any known release pattern
2025-03-05 15:34:33,627 - content-generator - DEBUG - Skipping tag daily-2025-02-04_01-19-29 - doesn't match any known release pattern
2025-03-05 15:34:33,627 - content-generator - DEBUG - Skipping tag daily-2025-02-05_01-20-41 - doesn't match any known release pattern
2025-03-05 15:34:33,627 - content-generator - DEBUG - Skipping tag daily-2025-02-06_01-20-52 - doesn't match any known release pattern
2025-03-05 15:34:33,627 - content-generator - DEBUG - Skipping tag daily-2025-02-07_01-20-44 - doesn't match any known release pattern
2025-03-05 15:34:33,627 - content-generator - DEBUG - Skipping tag daily-2025-02-08_01-18-24 - doesn't match any known release pattern
2025-03-05 15:34:33,627 - content-generator - DEBUG - Skipping tag daily-2025-02-09_01-24-31 - doesn't match any known release pattern
2025-03-05 15:34:33,627 - content-generator - DEBUG - Skipping tag daily-2025-02-10_01-21-46 - doesn't match any known release pattern
2025-03-05 15:34:33,627 - content-generator - DEBUG - Skipping tag daily-2025-02-11_01-20-20 - doesn't match any known release pattern
2025-03-05 15:34:33,627 - content-generator - DEBUG - Skipping tag daily-2025-02-12_01-21-02 - doesn't match any known release pattern
2025-03-05 15:34:33,627 - content-generator - DEBUG - Skipping tag daily-2025-02-13_01-21-07 - doesn't match any known release pattern
2025-03-05 15:34:33,627 - content-generator - DEBUG - Skipping tag daily-2025-02-14_01-20-49 - doesn't match any known release pattern
2025-03-05 15:34:33,627 - content-generator - DEBUG - Skipping tag daily-2025-02-15_01-20-00 - doesn't match any known release pattern
2025-03-05 15:34:33,627 - content-generator - DEBUG - Skipping tag daily-2025-02-16_01-27-04 - doesn't match any known release pattern
2025-03-05 15:34:33,627 - content-generator - DEBUG - Skipping tag daily-2025-02-17_01-23-40 - doesn't match any known release pattern
2025-03-05 15:34:33,627 - content-generator - DEBUG - Skipping tag daily-2025-02-18_01-20-47 - doesn't match any known release pattern
2025-03-05 15:34:33,627 - content-generator - DEBUG - Skipping tag daily-2025-02-19_01-21-21 - doesn't match any known release pattern
2025-03-05 15:34:33,627 - content-generator - DEBUG - Skipping tag daily-2025-02-20_01-21-35 - doesn't match any known release pattern
2025-03-05 15:34:33,627 - content-generator - DEBUG - Skipping tag daily-2025-02-21_01-21-58 - doesn't match any known release pattern
2025-03-05 15:34:33,627 - content-generator - DEBUG - Skipping tag daily-2025-02-22_01-19-41 - doesn't match any known release pattern
2025-03-05 15:34:33,628 - content-generator - DEBUG - Skipping tag daily-2025-02-23_01-27-01 - doesn't match any known release pattern
2025-03-05 15:34:33,628 - content-generator - DEBUG - Skipping tag daily-2025-02-24_01-23-54 - doesn't match any known release pattern
2025-03-05 15:34:33,628 - content-generator - DEBUG - Skipping tag daily-2025-02-25_01-23-21 - doesn't match any known release pattern
2025-03-05 15:34:33,628 - content-generator - DEBUG - Skipping tag daily-2025-02-26_01-22-55 - doesn't match any known release pattern
2025-03-05 15:34:33,628 - content-generator - DEBUG - Skipping tag daily-2025-02-27_01-23-12 - doesn't match any known release pattern
2025-03-05 15:34:33,628 - content-generator - DEBUG - Skipping tag daily-2025-02-28_01-23-25 - doesn't match any known release pattern
2025-03-05 15:34:33,628 - content-generator - DEBUG - Skipping tag daily-2025-03-01_01-35-58 - doesn't match any known release pattern
2025-03-05 15:34:33,628 - content-generator - DEBUG - Skipping tag daily-2025-03-02_01-27-57 - doesn't match any known release pattern
2025-03-05 15:34:33,628 - content-generator - DEBUG - Skipping tag daily-2025-03-03_01-25-50 - doesn't match any known release pattern
2025-03-05 15:34:33,628 - content-generator - DEBUG - Skipping tag daily-2025-03-04_01-24-33 - doesn't match any known release pattern
2025-03-05 15:34:33,628 - content-generator - DEBUG - Skipping tag daily-2025-03-04_15-49-18 - doesn't match any known release pattern
2025-03-05 15:34:33,628 - content-generator - DEBUG - Skipping tag daily-2025-03-04_15-51-42 - doesn't match any known release pattern
2025-03-05 15:34:33,628 - content-generator - DEBUG - Skipping tag daily-2025-03-04_15-54-33 - doesn't match any known release pattern
2025-03-05 15:34:33,628 - content-generator - DEBUG - Skipping tag daily-2025-03-04_15-58-20 - doesn't match any known release pattern
2025-03-05 15:34:33,628 - content-generator - DEBUG - Skipping tag daily-2025-03-04_16-00-38 - doesn't match any known release pattern
2025-03-05 15:34:33,628 - content-generator - DEBUG - Skipping tag daily-2025-03-04_16-02-51 - doesn't match any known release pattern
2025-03-05 15:34:33,628 - content-generator - DEBUG - Skipping tag daily-2025-03-04_16-05-56 - doesn't match any known release pattern
2025-03-05 15:34:33,629 - content-generator - DEBUG - Skipping tag daily-2025-03-04_16-53-39 - doesn't match any known release pattern
2025-03-05 15:34:33,629 - content-generator - DEBUG - Skipping tag daily-2025-03-04_16-57-26 - doesn't match any known release pattern
2025-03-05 15:34:33,629 - content-generator - DEBUG - Skipping tag daily-2025-03-05_01-24-27 - doesn't match any known release pattern
2025-03-05 15:34:33,629 - content-generator - DEBUG - Skipping tag monthly-collection-2025-01-25_20-17-50 - doesn't match any known release pattern
2025-03-05 15:34:33,629 - content-generator - DEBUG - Skipping tag monthly-collection-2025-01-25_21-57-13 - doesn't match any known release pattern
2025-03-05 15:34:33,629 - content-generator - DEBUG - Skipping tag monthly-collection-2025-01-26_17-05-12 - doesn't match any known release pattern
2025-03-05 15:34:33,629 - content-generator - DEBUG - Skipping tag morphosource-check-2025-01-25_19-39-24 - doesn't match any known release pattern
2025-03-05 15:34:33,629 - content-generator - DEBUG - Skipping tag morphosource-check-2025-01-25_19-42-09 - doesn't match any known release pattern
2025-03-05 15:34:33,629 - content-generator - DEBUG - Skipping tag morphosource-check-2025-01-25_19-47-23 - doesn't match any known release pattern
2025-03-05 15:34:33,629 - content-generator - DEBUG - Skipping tag morphosource-check-2025-01-25_19-51-32 - doesn't match any known release pattern
2025-03-05 15:34:33,629 - content-generator - DEBUG - Skipping tag morphosource-check-2025-01-25_19-58-54 - doesn't match any known release pattern
2025-03-05 15:34:33,629 - content-generator - DEBUG - Skipping tag morphosource-check-2025-01-25_20-02-42 - doesn't match any known release pattern
2025-03-05 15:34:33,629 - content-generator - DEBUG - Skipping tag morphosource-check-2025-01-25_20-07-31 - doesn't match any known release pattern
2025-03-05 15:34:33,629 - content-generator - DEBUG - Skipping tag morphosource-check-2025-01-25_20-11-53 - doesn't match any known release pattern
2025-03-05 15:34:33,629 - content-generator - DEBUG - Skipping tag morphosource-check-2025-01-26_01-01-01 - doesn't match any known release pattern
2025-03-05 15:34:33,629 - content-generator - DEBUG - Skipping tag morphosource-check-2025-01-26_02-18-12 - doesn't match any known release pattern
2025-03-05 15:34:33,629 - content-generator - DEBUG - Skipping tag morphosource-check-2025-01-26_19-54-24 - doesn't match any known release pattern
2025-03-05 15:34:35,373 - content-generator - DEBUG - Skipping tag morphosource-updates - doesn't match any known release pattern
2025-03-05 15:34:35,373 - content-generator - DEBUG - Skipping tag morphosource-updates-15 - doesn't match any known release pattern
2025-03-05 15:34:35,374 - content-generator - DEBUG - Skipping tag morphosource-updates-16 - doesn't match any known release pattern
2025-03-05 15:34:35,374 - content-generator - DEBUG - Skipping tag morphosource-updates-19 - doesn't match any known release pattern
2025-03-05 15:34:35,374 - content-generator - DEBUG - Skipping tag morphosource-updates-20 - doesn't match any known release pattern
2025-03-05 15:34:45,225 - content-generator - DEBUG - Skipping tag morphosource-updates-23 - doesn't match any known release pattern
2025-03-05 15:34:45,225 - content-generator - DEBUG - Skipping tag morphosource-updates-24 - doesn't match any known release pattern
2025-03-05 15:34:45,225 - content-generator - DEBUG - Skipping tag morphosource-updates-25 - doesn't match any known release pattern
2025-03-05 15:34:45,225 - content-generator - DEBUG - Skipping tag morphosource-updates-26 - doesn't match any known release pattern
2025-03-05 15:34:45,225 - content-generator - DEBUG - Skipping tag morphosource-updates-28 - doesn't match any known release pattern
2025-03-05 15:34:45,225 - content-generator - DEBUG - Skipping tag morphosource-updates-29 - doesn't match any known release pattern
2025-03-05 15:34:45,225 - content-generator - DEBUG - Skipping tag morphosource-updates-30 - doesn't match any known release pattern
2025-03-05 15:34:45,225 - content-generator - DEBUG - Skipping tag morphosource-updates-31 - doesn't match any known release pattern
2025-03-05 15:34:45,226 - content-generator - DEBUG - Skipping tag morphosource-updates-32 - doesn't match any known release pattern
2025-03-05 15:34:45,226 - content-generator - DEBUG - Skipping tag morphosource-updates-33 - doesn't match any known release pattern
2025-03-05 15:34:45,226 - content-generator - DEBUG - Skipping tag morphosource-updates-34 - doesn't match any known release pattern
2025-03-05 15:34:45,226 - content-generator - DEBUG - Skipping tag morphosource-updates-35 - doesn't match any known release pattern
2025-03-05 15:34:45,226 - content-generator - DEBUG - Skipping tag morphosource-updates-36 - doesn't match any known release pattern
2025-03-05 15:34:45,226 - content-generator - DEBUG - Skipping tag morphosource-updates-37 - doesn't match any known release pattern
2025-03-05 15:34:45,226 - content-generator - DEBUG - Skipping tag morphosource-updates-38 - doesn't match any known release pattern
2025-03-05 15:34:45,226 - content-generator - DEBUG - Skipping tag morphosource-updates-39 - doesn't match any known release pattern
2025-03-05 15:34:45,226 - content-generator - DEBUG - Skipping tag morphosource-updates-40 - doesn't match any known release pattern
2025-03-05 15:34:45,226 - content-generator - DEBUG - Skipping tag morphosource-updates-41 - doesn't match any known release pattern
2025-03-05 15:34:45,226 - content-generator - DEBUG - Skipping tag morphosource-updates-42 - doesn't match any known release pattern
2025-03-05 15:34:45,226 - content-generator - DEBUG - Skipping tag parquet-complete-2025-01-27_17-30-56 - doesn't match any known release pattern
2025-03-05 15:34:45,226 - content-generator - DEBUG - Skipping tag parquet-complete-2025-01-27_20-18-02 - doesn't match any known release pattern
2025-03-05 15:34:45,226 - content-generator - DEBUG - Skipping tag parquet-complete-2025-01-27_20-25-26 - doesn't match any known release pattern
2025-03-05 15:34:45,226 - content-generator - DEBUG - Skipping tag test-daily-2025-01-26_20-02-46 - doesn't match any known release pattern
2025-03-05 15:34:45,226 - content-generator - DEBUG - Skipping tag test-daily-2025-01-26_20-05-08 - doesn't match any known release pattern
2025-03-05 15:34:45,227 - content-generator - DEBUG - Skipping tag test-daily-2025-01-26_20-08-53 - doesn't match any known release pattern
2025-03-05 15:34:45,227 - content-generator - DEBUG - Skipping tag test-daily-2025-01-26_20-16-12 - doesn't match any known release pattern
2025-03-05 15:34:45,227 - content-generator - DEBUG - Skipping tag test-daily-2025-01-26_20-24-14 - doesn't match any known release pattern
2025-03-05 15:34:45,227 - content-generator - DEBUG - Skipping tag test-daily-2025-01-30_19-37-55 - doesn't match any known release pattern
2025-03-05 15:34:45,227 - content-generator - DEBUG - Skipping tag test-daily-2025-01-30_19-47-58 - doesn't match any known release pattern
2025-03-05 15:34:45,227 - content-generator - DEBUG - Skipping tag test-daily-2025-01-30_19-50-40 - doesn't match any known release pattern
2025-03-05 15:34:45,227 - content-generator - DEBUG - Skipping tag test-daily-2025-01-30_19-52-16 - doesn't match any known release pattern
2025-03-05 15:34:45,227 - content-generator - DEBUG - Skipping tag test-daily-2025-01-30_19-55-08 - doesn't match any known release pattern
2025-03-05 15:34:45,227 - content-generator - DEBUG - Skipping tag test-daily-2025-01-30_19-58-42 - doesn't match any known release pattern
2025-03-05 15:34:45,227 - content-generator - DEBUG - Skipping tag test-daily-2025-01-30_20-03-20 - doesn't match any known release pattern
2025-03-05 15:34:45,227 - content-generator - DEBUG - Skipping tag test-daily-2025-01-30_20-05-24 - doesn't match any known release pattern
2025-03-05 15:34:45,227 - content-generator - DEBUG - Skipping tag test-daily-2025-01-30_20-09-24 - doesn't match any known release pattern
2025-03-05 15:34:45,227 - content-generator - DEBUG - Skipping tag test-daily-2025-01-30_20-14-18 - doesn't match any known release pattern
2025-03-05 15:34:45,227 - content-generator - DEBUG - Skipping tag test-daily-2025-01-30_20-17-15 - doesn't match any known release pattern
2025-03-05 15:34:45,227 - content-generator - DEBUG - Skipping tag test-daily-2025-01-30_20-20-22 - doesn't match any known release pattern
2025-03-05 15:34:45,227 - content-generator - DEBUG - Skipping tag test-daily-2025-01-30_20-24-30 - doesn't match any known release pattern
2025-03-05 15:34:45,227 - content-generator - DEBUG - Skipping tag test-daily-2025-01-30_21-45-49 - doesn't match any known release pattern
2025-03-05 15:34:45,228 - content-generator - DEBUG - Skipping tag test-daily-2025-01-30_21-48-16 - doesn't match any known release pattern
2025-03-05 15:34:45,228 - content-generator - DEBUG - Skipping tag test-daily-2025-01-30_21-49-25 - doesn't match any known release pattern
2025-03-05 15:34:45,228 - content-generator - DEBUG - Skipping tag test-monthly-2025-01-26_15-33-07 - doesn't match any known release pattern
2025-03-05 15:34:45,228 - content-generator - DEBUG - Skipping tag test-monthly-2025-01-26_15-54-26 - doesn't match any known release pattern
2025-03-05 15:34:45,228 - content-generator - DEBUG - Skipping tag test-monthly-2025-01-26_15-58-08 - doesn't match any known release pattern
2025-03-05 15:34:45,228 - content-generator - DEBUG - Skipping tag test-monthly-2025-01-26_16-02-39 - doesn't match any known release pattern
2025-03-05 15:34:45,228 - content-generator - DEBUG - Skipping tag test-monthly-2025-01-26_16-11-51 - doesn't match any known release pattern
2025-03-05 15:34:45,228 - content-generator - DEBUG - Skipping tag test-monthly-2025-01-26_16-15-57 - doesn't match any known release pattern
2025-03-05 15:34:45,228 - content-generator - DEBUG - Skipping tag test-monthly-2025-01-26_16-19-09 - doesn't match any known release pattern
2025-03-05 15:34:45,228 - content-generator - DEBUG - Skipping tag test-monthly-2025-01-26_16-20-56 - doesn't match any known release pattern
2025-03-05 15:34:45,228 - content-generator - DEBUG - Skipping tag test-monthly-2025-01-26_16-22-41 - doesn't match any known release pattern
2025-03-05 15:34:45,228 - content-generator - DEBUG - Skipping tag test-monthly-2025-01-26_16-25-28 - doesn't match any known release pattern
2025-03-05 15:34:45,228 - content-generator - DEBUG - Skipping tag test-monthly-2025-01-26_16-28-26 - doesn't match any known release pattern
2025-03-05 15:34:45,228 - content-generator - DEBUG - Skipping tag test-monthly-2025-01-26_16-29-46 - doesn't match any known release pattern
2025-03-05 15:34:45,228 - content-generator - DEBUG - Skipping tag test-monthly-2025-01-26_16-31-11 - doesn't match any known release pattern
2025-03-05 15:34:45,228 - content-generator - DEBUG - Skipping tag test-monthly-2025-01-26_16-34-14 - doesn't match any known release pattern
2025-03-05 15:34:45,228 - content-generator - DEBUG - Skipping tag test-monthly-2025-01-26_16-36-10 - doesn't match any known release pattern
2025-03-05 15:34:45,229 - content-generator - DEBUG - Skipping tag test-monthly-2025-01-26_16-37-57 - doesn't match any known release pattern
2025-03-05 15:34:45,229 - content-generator - DEBUG - Skipping tag test-monthly-2025-01-26_16-45-19 - doesn't match any known release pattern
2025-03-05 15:34:45,229 - content-generator - DEBUG - Skipping tag test-monthly-2025-01-26_16-56-02 - doesn't match any known release pattern
2025-03-05 15:34:45,229 - content-generator - DEBUG - Skipping tag test-monthly-2025-01-26_16-57-22 - doesn't match any known release pattern
2025-03-05 15:34:45,229 - content-generator - DEBUG - Skipping tag test-monthly-2025-01-26_16-59-31 - doesn't match any known release pattern
2025-03-05 15:34:45,229 - content-generator - INFO - Processed 1704 releases
2025-03-05 15:34:45,229 - content-generator - INFO - Searching for legacy release data in data
2025-03-05 15:34:45,230 - content-generator - INFO - Found 36 release directories, using up to 10
2025-03-05 15:34:45,230 - content-generator - DEBUG - Processing directory: data/2025-03-05_01-24-27
2025-03-05 15:34:45,230 - content-generator - DEBUG - Found release notes: data/2025-03-05_01-24-27/release_notes.txt
2025-03-05 15:34:45,230 - content-generator - DEBUG - Found daily info: data/2025-03-05_01-24-27/daily_info.json
2025-03-05 15:34:45,230 - content-generator - DEBUG - Processing directory: data/2025-03-04_16-57-26
2025-03-05 15:34:45,230 - content-generator - DEBUG - Found release notes: data/2025-03-04_16-57-26/release_notes.txt
2025-03-05 15:34:45,230 - content-generator - DEBUG - Found daily info: data/2025-03-04_16-57-26/daily_info.json
2025-03-05 15:34:45,231 - content-generator - DEBUG - Processing directory: data/2025-03-02_01-27-57
2025-03-05 15:34:45,231 - content-generator - DEBUG - Found release notes: data/2025-03-02_01-27-57/release_notes.txt
2025-03-05 15:34:45,231 - content-generator - DEBUG - Found daily info: data/2025-03-02_01-27-57/daily_info.json
2025-03-05 15:34:45,231 - content-generator - DEBUG - Processing directory: data/2025-03-01_01-12-40
2025-03-05 15:34:45,231 - content-generator - WARNING - No release_notes.txt found in data/2025-03-01_01-12-40
2025-03-05 15:34:45,231 - content-generator - DEBUG - Processing directory: data/2025-02-27_01-23-12
2025-03-05 15:34:45,231 - content-generator - DEBUG - Found release notes: data/2025-02-27_01-23-12/release_notes.txt
2025-03-05 15:34:45,231 - content-generator - DEBUG - Found daily info: data/2025-02-27_01-23-12/daily_info.json
2025-03-05 15:34:45,231 - content-generator - DEBUG - Processing directory: data/2025-02-26_01-22-55
2025-03-05 15:34:45,231 - content-generator - DEBUG - Found release notes: data/2025-02-26_01-22-55/release_notes.txt
2025-03-05 15:34:45,231 - content-generator - DEBUG - Found daily info: data/2025-02-26_01-22-55/daily_info.json
2025-03-05 15:34:45,232 - content-generator - DEBUG - Processing directory: data/2025-02-25_01-23-21
2025-03-05 15:34:45,232 - content-generator - DEBUG - Found release notes: data/2025-02-25_01-23-21/release_notes.txt
2025-03-05 15:34:45,232 - content-generator - DEBUG - Found daily info: data/2025-02-25_01-23-21/daily_info.json
2025-03-05 15:34:45,232 - content-generator - DEBUG - Processing directory: data/2025-02-24_01-23-54
2025-03-05 15:34:45,232 - content-generator - DEBUG - Found release notes: data/2025-02-24_01-23-54/release_notes.txt
2025-03-05 15:34:45,232 - content-generator - DEBUG - Found daily info: data/2025-02-24_01-23-54/daily_info.json
2025-03-05 15:34:45,232 - content-generator - DEBUG - Processing directory: data/2025-02-23_01-27-01
2025-03-05 15:34:45,232 - content-generator - DEBUG - Found release notes: data/2025-02-23_01-27-01/release_notes.txt
2025-03-05 15:34:45,232 - content-generator - DEBUG - Found daily info: data/2025-02-23_01-27-01/daily_info.json
2025-03-05 15:34:45,232 - content-generator - DEBUG - Processing directory: data/2025-02-22_01-19-41
2025-03-05 15:34:45,232 - content-generator - DEBUG - Found release notes: data/2025-02-22_01-19-41/release_notes.txt
2025-03-05 15:34:45,233 - content-generator - DEBUG - Found daily info: data/2025-02-22_01-19-41/daily_info.json
2025-03-05 15:34:45,233 - content-generator - INFO - Processed 9 release directories successfully
2025-03-05 15:34:45,233 - content-generator - INFO - Generating index.md content
2025-03-05 15:34:45,233 - content-generator - INFO - Generated index.md content (22703 characters)
2025-03-05 15:34:45,233 - content-generator - INFO - Successfully wrote index.md
