2026-06-11 01:01:19,263 - Data directory: data/2026-06-11_01-01-16
2026-06-11 01:01:19,263 - Output directory: data/2026-06-11_01-01-16
2026-06-11 01:01:19,263 - Fetch all mode: True
2026-06-11 01:01:19,263 - Using data directory: data/2026-06-11_01-01-16
2026-06-11 01:01:19,264 - Looking for previous data in: data
2026-06-11 01:01:19,271 - Loading previous data from: data/2025-10-06_01-28-33/morphosource_data_complete.json
2026-06-11 01:01:19,665 - Loaded 108782 records from previous data file
2026-06-11 01:01:19,665 - Latest stored record ID: 000781814
2026-06-11 01:01:19,666 - Previous record count: 108782
2026-06-11 01:01:19,666 - === FULL FETCH MODE: Collecting all records from all pages ===
2026-06-11 01:01:19,666 - Fetching page 1 via API
2026-06-11 01:01:20,483 - API error on page 1: Network error: Expecting value: line 1 column 1 (char 0) (error 1/5)
2026-06-11 01:01:25,489 - Fetching page 1 via API
2026-06-11 01:01:25,556 - API error on page 1: Network error: Expecting value: line 1 column 1 (char 0) (error 2/5)
2026-06-11 01:01:30,561 - Fetching page 1 via API
2026-06-11 01:01:30,628 - API error on page 1: Network error: Expecting value: line 1 column 1 (char 0) (error 3/5)
2026-06-11 01:01:35,633 - Fetching page 1 via API
2026-06-11 01:01:35,966 - API error on page 1: Network error: Expecting value: line 1 column 1 (char 0) (error 4/5)
2026-06-11 01:01:40,971 - Fetching page 1 via API
2026-06-11 01:01:41,037 - API error on page 1: Network error: Expecting value: line 1 column 1 (char 0) (error 5/5)
2026-06-11 01:01:41,038 - Error getting records: Network error: Expecting value: line 1 column 1 (char 0)
2026-06-11 01:01:41,038 - Error in daily check: Network error: Expecting value: line 1 column 1 (char 0)
