2025-05-16 01:42:26,656 - Data directory: data/2025-05-16_01-42-24
2025-05-16 01:42:26,657 - Output directory: data/2025-05-16_01-42-24
2025-05-16 01:42:26,657 - Using data directory: data/2025-05-16_01-42-24
2025-05-16 01:42:26,657 - Looking for previous data in: data
2025-05-16 01:42:26,658 - Loading previous data from: data/2025-05-15_01-39-31/morphosource_data_complete.json
2025-05-16 01:42:26,661 - Loaded 947 records from previous data file
2025-05-16 01:42:26,661 - Latest stored record ID: 000741225
2025-05-16 01:42:26,662 - Previous record count: 947
2025-05-16 01:42:26,662 - Fetching page 1
2025-05-16 01:42:31,263 - Found record 000741687 - Total records: 1
2025-05-16 01:42:31,264 - Found record 000741673 - Total records: 2
2025-05-16 01:42:31,264 - Found record 000741663 - Total records: 3
2025-05-16 01:42:31,264 - Found record 000741578 - Total records: 4
2025-05-16 01:42:31,265 - Found record 000741569 - Total records: 5
2025-05-16 01:42:31,265 - Found record 000741560 - Total records: 6
2025-05-16 01:42:31,265 - Found record 000741551 - Total records: 7
2025-05-16 01:42:31,266 - Found record 000741548 - Total records: 8
2025-05-16 01:42:31,266 - Found record 000741510 - Total records: 9
2025-05-16 01:42:31,266 - Found record 000741225 - Total records: 10
2025-05-16 01:42:31,266 - Found latest stored record 000741225 - stopping fetch
2025-05-16 01:42:31,266 - Completed fetch - Found 10 new records
2025-05-16 01:42:31,267 - Latest webpage record ID: 000741687
2025-05-16 01:42:31,267 - New records available - latest records differ
2025-05-16 01:42:31,268 - New records: 10
2025-05-16 01:42:31,268 - Previous records: 947
2025-05-16 01:42:31,268 - Combined records: 956
2025-05-16 01:42:31,283 - Saved 956 records to: data/2025-05-16_01-42-24/morphosource_data_complete.json
2025-05-16 01:42:31,283 - Created detailed release notes at: data/2025-05-16_01-42-24/release_notes.txt
