2025-07-07 01:51:39,062 - Data directory: data/2025-07-07_01-51-37
2025-07-07 01:51:39,062 - Output directory: data/2025-07-07_01-51-37
2025-07-07 01:51:39,063 - Using data directory: data/2025-07-07_01-51-37
2025-07-07 01:51:39,063 - Looking for previous data in: data
2025-07-07 01:51:39,064 - Loading previous data from: data/2025-07-06_01-54-02/morphosource_data_complete.json
2025-07-07 01:51:39,496 - Loaded 107656 records from previous data file
2025-07-07 01:51:39,496 - Latest stored record ID: 000759630
2025-07-07 01:51:39,496 - Previous record count: 107656
2025-07-07 01:51:39,496 - Fetching page 1
2025-07-07 01:51:44,438 - Found record 000759933 - Total records: 1
2025-07-07 01:51:44,438 - Found record 000759630 - Total records: 2
2025-07-07 01:51:44,438 - Found latest stored record 000759630 - stopping fetch
2025-07-07 01:51:44,438 - Completed fetch - Found 2 new records
2025-07-07 01:51:44,439 - Latest webpage record ID: 000759933
2025-07-07 01:51:44,439 - New records available - latest records differ
2025-07-07 01:51:44,531 - New records: 2
2025-07-07 01:51:44,531 - Previous records: 107656
2025-07-07 01:51:44,531 - Combined records: 107657
2025-07-07 01:51:46,073 - Saved 107657 records to: data/2025-07-07_01-51-37/morphosource_data_complete.json
2025-07-07 01:51:46,073 - Created detailed release notes at: data/2025-07-07_01-51-37/release_notes.txt
