2026-06-05 00:59:38,382 - Data directory: data/2026-06-05_00-59-35
2026-06-05 00:59:38,382 - Output directory: data/2026-06-05_00-59-35
2026-06-05 00:59:38,383 - Fetch all mode: True
2026-06-05 00:59:38,383 - Using data directory: data/2026-06-05_00-59-35
2026-06-05 00:59:38,383 - Looking for previous data in: data
2026-06-05 00:59:38,390 - Loading previous data from: data/2025-10-06_01-28-33/morphosource_data_complete.json
2026-06-05 00:59:38,785 - Loaded 108782 records from previous data file
2026-06-05 00:59:38,786 - Latest stored record ID: 000781814
2026-06-05 00:59:38,786 - Previous record count: 108782
2026-06-05 00:59:38,786 - === FULL FETCH MODE: Collecting all records from all pages ===
2026-06-05 00:59:38,786 - Fetching page 1 via API
2026-06-05 00:59:38,967 - API error on page 1: Network error: Expecting value: line 1 column 1 (char 0) (error 1/5)
2026-06-05 00:59:43,972 - Fetching page 1 via API
2026-06-05 00:59:43,992 - API error on page 1: Network error: Expecting value: line 1 column 1 (char 0) (error 2/5)
2026-06-05 00:59:48,997 - Fetching page 1 via API
2026-06-05 00:59:49,019 - API error on page 1: Network error: Expecting value: line 1 column 1 (char 0) (error 3/5)
2026-06-05 00:59:54,025 - Fetching page 1 via API
2026-06-05 00:59:54,046 - API error on page 1: Network error: Expecting value: line 1 column 1 (char 0) (error 4/5)
2026-06-05 00:59:59,051 - Fetching page 1 via API
2026-06-05 00:59:59,071 - API error on page 1: Network error: Expecting value: line 1 column 1 (char 0) (error 5/5)
2026-06-05 00:59:59,071 - Error getting records: Network error: Expecting value: line 1 column 1 (char 0)
2026-06-05 00:59:59,071 - Error in daily check: Network error: Expecting value: line 1 column 1 (char 0)
