2025-09-27 01:24:17,870 - Data directory: data/2025-09-27_01-24-12
2025-09-27 01:24:17,870 - Output directory: data/2025-09-27_01-24-12
2025-09-27 01:24:17,870 - Using data directory: data/2025-09-27_01-24-12
2025-09-27 01:24:17,870 - Looking for previous data in: data
2025-09-27 01:24:17,872 - Loading previous data from: data/2025-09-26_01-27-24/morphosource_data_complete.json
2025-09-27 01:24:18,313 - Loaded 108711 records from previous data file
2025-09-27 01:24:18,313 - Latest stored record ID: 000780534
2025-09-27 01:24:18,313 - Previous record count: 108711
2025-09-27 01:24:18,313 - Fetching page 1
2025-09-27 01:24:32,081 - Found record 000780600 - Total records: 1
2025-09-27 01:24:32,081 - Found record 000780596 - Total records: 2
2025-09-27 01:24:32,082 - Found record 000780592 - Total records: 3
2025-09-27 01:24:32,082 - Found record 000780589 - Total records: 4
2025-09-27 01:24:32,082 - Found record 000780584 - Total records: 5
2025-09-27 01:24:32,083 - Found record 000780581 - Total records: 6
2025-09-27 01:24:32,083 - Found record 000780534 - Total records: 7
2025-09-27 01:24:32,083 - Found latest stored record 000780534 - stopping fetch
2025-09-27 01:24:32,083 - Completed fetch - Found 7 new records
2025-09-27 01:24:32,084 - Latest webpage record ID: 000780600
2025-09-27 01:24:32,084 - New records available - latest records differ
2025-09-27 01:24:32,204 - New records: 7
2025-09-27 01:24:32,204 - Previous records: 108711
2025-09-27 01:24:32,204 - Combined records: 108717
2025-09-27 01:24:33,797 - Saved 108717 records to: data/2025-09-27_01-24-12/morphosource_data_complete.json
2025-09-27 01:24:33,797 - Created detailed release notes at: data/2025-09-27_01-24-12/release_notes.txt
