2026-07-22 02:44:14,440 - Data directory: data/2026-07-22_02-44-11
2026-07-22 02:44:14,440 - Output directory: data/2026-07-22_02-44-11
2026-07-22 02:44:14,440 - Fetch all mode: True
2026-07-22 02:44:14,441 - Using data directory: data/2026-07-22_02-44-11
2026-07-22 02:44:14,441 - Looking for previous data in: data
2026-07-22 02:44:14,447 - Loading previous data from: data/2025-10-06_01-28-33/morphosource_data_complete.json
2026-07-22 02:44:14,841 - Loaded 108782 records from previous data file
2026-07-22 02:44:14,841 - Latest stored record ID: 000781814
2026-07-22 02:44:14,841 - Previous record count: 108782
2026-07-22 02:44:14,841 - === FULL FETCH MODE: Collecting all records from all pages ===
2026-07-22 02:44:14,841 - Fetching page 1 via API
2026-07-22 02:44:15,743 - API error on page 1: Network error: Expecting value: line 1 column 1 (char 0) (error 1/5)
2026-07-22 02:44:20,749 - Fetching page 1 via API
2026-07-22 02:44:20,815 - API error on page 1: Network error: Expecting value: line 1 column 1 (char 0) (error 2/5)
2026-07-22 02:44:25,820 - Fetching page 1 via API
2026-07-22 02:44:25,888 - API error on page 1: Network error: Expecting value: line 1 column 1 (char 0) (error 3/5)
2026-07-22 02:44:30,893 - Fetching page 1 via API
2026-07-22 02:44:30,959 - API error on page 1: Network error: Expecting value: line 1 column 1 (char 0) (error 4/5)
2026-07-22 02:44:35,961 - Fetching page 1 via API
2026-07-22 02:44:36,029 - API error on page 1: Network error: Expecting value: line 1 column 1 (char 0) (error 5/5)
2026-07-22 02:44:36,029 - Error getting records: Network error: Expecting value: line 1 column 1 (char 0)
2026-07-22 02:44:36,029 - Error in daily check: Network error: Expecting value: line 1 column 1 (char 0)
