2026-06-24 00:52:41,066 - Data directory: data/2026-06-24_00-52-38
2026-06-24 00:52:41,067 - Output directory: data/2026-06-24_00-52-38
2026-06-24 00:52:41,067 - Fetch all mode: True
2026-06-24 00:52:41,067 - Using data directory: data/2026-06-24_00-52-38
2026-06-24 00:52:41,067 - Looking for previous data in: data
2026-06-24 00:52:41,075 - Loading previous data from: data/2025-10-06_01-28-33/morphosource_data_complete.json
2026-06-24 00:52:41,471 - Loaded 108782 records from previous data file
2026-06-24 00:52:41,471 - Latest stored record ID: 000781814
2026-06-24 00:52:41,471 - Previous record count: 108782
2026-06-24 00:52:41,471 - === FULL FETCH MODE: Collecting all records from all pages ===
2026-06-24 00:52:41,471 - Fetching page 1 via API
2026-06-24 00:52:42,020 - API error on page 1: Network error: Expecting value: line 1 column 1 (char 0) (error 1/5)
2026-06-24 00:52:47,026 - Fetching page 1 via API
2026-06-24 00:52:47,045 - API error on page 1: Network error: Expecting value: line 1 column 1 (char 0) (error 2/5)
2026-06-24 00:52:52,050 - Fetching page 1 via API
2026-06-24 00:52:52,076 - API error on page 1: Network error: Expecting value: line 1 column 1 (char 0) (error 3/5)
2026-06-24 00:52:57,081 - Fetching page 1 via API
2026-06-24 00:52:57,101 - API error on page 1: Network error: Expecting value: line 1 column 1 (char 0) (error 4/5)
2026-06-24 00:53:02,107 - Fetching page 1 via API
2026-06-24 00:53:02,127 - API error on page 1: Network error: Expecting value: line 1 column 1 (char 0) (error 5/5)
2026-06-24 00:53:02,127 - Error getting records: Network error: Expecting value: line 1 column 1 (char 0)
2026-06-24 00:53:02,127 - Error in daily check: Network error: Expecting value: line 1 column 1 (char 0)
