2025-01-27 16:44:26,561 - INFO - Using data file: data/2025-01-27_01-34-38/morphosource_data_complete.json
2025-01-27 16:44:26,998 - INFO - Found 104398 URLs to process
2025-01-27 16:44:26,998 - INFO - Starting at index 0, processed so far: 0
2025-01-27 16:44:27,154 - INFO - Processing URL: https://www.morphosource.org/concern/media/000704255?locale=en
2025-01-27 16:44:29,922 - INFO - Processing URL: https://www.morphosource.org/concern/media/000704249?locale=en
2025-01-27 16:44:32,611 - INFO - Processing URL: https://www.morphosource.org/concern/media/000704150?locale=en
2025-01-27 16:44:34,339 - INFO - Processing URL: https://www.morphosource.org/concern/media/000704145?locale=en
2025-01-27 16:44:37,125 - INFO - Processing URL: https://www.morphosource.org/concern/media/000704140?locale=en
2025-01-27 16:44:39,705 - INFO - Processing URL: https://www.morphosource.org/concern/media/000704135?locale=en
2025-01-27 16:44:42,026 - INFO - Processing URL: https://www.morphosource.org/concern/media/000704075?locale=en
2025-01-27 16:44:44,788 - INFO - Processing URL: https://www.morphosource.org/concern/media/000704042?locale=en
2025-01-27 16:44:47,046 - INFO - Processing URL: https://www.morphosource.org/concern/media/000704012?locale=en
2025-01-27 16:44:49,662 - INFO - Processing URL: https://www.morphosource.org/concern/media/000703950?locale=en
2025-01-27 16:44:52,266 - INFO - Processing URL: https://www.morphosource.org/concern/media/000703945?locale=en
2025-01-27 16:44:55,404 - INFO - Processing URL: https://www.morphosource.org/concern/media/000703897?locale=en
2025-01-27 16:44:57,125 - INFO - Processing URL: https://www.morphosource.org/concern/media/000703876?locale=en
2025-01-27 16:45:00,759 - INFO - Processing URL: https://www.morphosource.org/concern/media/000703862?locale=en
2025-01-27 16:45:03,590 - INFO - Processing URL: https://www.morphosource.org/concern/media/000703763?locale=en
2025-01-27 16:45:06,786 - INFO - Processing URL: https://www.morphosource.org/concern/media/000703744?locale=en
2025-01-27 16:45:09,329 - INFO - Processing URL: https://www.morphosource.org/concern/media/000703699?locale=en
2025-01-27 16:45:12,526 - INFO - Processing URL: https://www.morphosource.org/concern/media/000703651?locale=en
2025-01-27 16:45:14,948 - INFO - Processing URL: https://www.morphosource.org/concern/media/000703644?locale=en
2025-01-27 16:45:17,297 - INFO - Processing URL: https://www.morphosource.org/concern/media/000703625?locale=en
2025-01-27 16:45:19,629 - INFO - Processing URL: https://www.morphosource.org/concern/media/000703613?locale=en
2025-01-27 16:45:22,158 - INFO - Processing URL: https://www.morphosource.org/concern/media/000703603?locale=en
2025-01-27 16:45:24,597 - INFO - Processing URL: https://www.morphosource.org/concern/media/000703596?locale=en
2025-01-27 16:45:27,325 - INFO - Processing URL: https://www.morphosource.org/concern/media/000703591?locale=en
2025-01-27 16:45:29,567 - INFO - Processing URL: https://www.morphosource.org/concern/media/000703572?locale=en
2025-01-27 16:45:31,761 - INFO - Processing URL: https://www.morphosource.org/concern/media/000703563?locale=en
2025-01-27 16:45:34,071 - INFO - Processing URL: https://www.morphosource.org/concern/media/000703551?locale=en
2025-01-27 16:45:36,834 - INFO - Processing URL: https://www.morphosource.org/concern/media/000703547?locale=en
2025-01-27 16:45:39,207 - INFO - Processing URL: https://www.morphosource.org/concern/media/000703533?locale=en
2025-01-27 16:45:41,659 - INFO - Processing URL: https://www.morphosource.org/concern/media/000703497?locale=en
2025-01-27 16:45:45,328 - INFO - Processing URL: https://www.morphosource.org/concern/media/000703487?locale=en
2025-01-27 16:45:47,884 - INFO - Processing URL: https://www.morphosource.org/concern/media/000703483?locale=en
2025-01-27 16:45:50,214 - INFO - Processing URL: https://www.morphosource.org/concern/media/000703476?locale=en
2025-01-27 16:45:52,855 - INFO - Processing URL: https://www.morphosource.org/concern/media/000703472?locale=en
2025-01-27 16:45:55,125 - INFO - Processing URL: https://www.morphosource.org/concern/media/000703467?locale=en
2025-01-27 16:45:57,330 - INFO - Processing URL: https://www.morphosource.org/concern/media/000703305?locale=en
2025-01-27 16:45:59,651 - INFO - Processing URL: https://www.morphosource.org/concern/media/000703298?locale=en
2025-01-27 16:46:02,854 - INFO - Processing URL: https://www.morphosource.org/concern/media/000703294?locale=en
2025-01-27 16:46:05,293 - INFO - Processing URL: https://www.morphosource.org/concern/media/000703287?locale=en
2025-01-27 16:46:08,159 - INFO - Processing URL: https://www.morphosource.org/concern/media/000703273?locale=en
2025-01-27 16:46:10,296 - INFO - Processing URL: https://www.morphosource.org/concern/media/000702929?locale=en
2025-01-27 16:46:12,730 - INFO - Processing URL: https://www.morphosource.org/concern/media/000702919?locale=en
2025-01-27 16:46:15,261 - INFO - Processing URL: https://www.morphosource.org/concern/media/000702886?locale=en
2025-01-27 16:46:18,393 - INFO - Processing URL: https://www.morphosource.org/concern/media/000702872?locale=en
2025-01-27 16:46:20,538 - INFO - Processing URL: https://www.morphosource.org/concern/media/000702868?locale=en
2025-01-27 16:46:22,932 - INFO - Processing URL: https://www.morphosource.org/concern/media/000702863?locale=en
2025-01-27 16:46:25,320 - INFO - Processing URL: https://www.morphosource.org/concern/media/000702859?locale=en
2025-01-27 16:46:29,014 - INFO - Processing URL: https://www.morphosource.org/concern/media/000702855?locale=en
2025-01-27 16:46:31,833 - INFO - Processing URL: https://www.morphosource.org/concern/media/000702850?locale=en
2025-01-27 16:46:34,180 - INFO - Processing URL: https://www.morphosource.org/concern/media/000702845?locale=en
2025-01-27 16:46:38,385 - INFO - Processing URL: https://www.morphosource.org/concern/media/000702837?locale=en
2025-01-27 16:46:41,117 - INFO - Processing URL: https://www.morphosource.org/concern/media/000702745?locale=en
2025-01-27 16:46:43,416 - INFO - Processing URL: https://www.morphosource.org/concern/media/000702741?locale=en
2025-01-27 16:46:45,779 - INFO - Processing URL: https://www.morphosource.org/concern/media/000702737?locale=en
2025-01-27 16:46:48,118 - INFO - Processing URL: https://www.morphosource.org/concern/media/000702733?locale=en
2025-01-27 16:46:50,633 - INFO - Processing URL: https://www.morphosource.org/concern/media/000702729?locale=en
2025-01-27 16:46:52,857 - INFO - Processing URL: https://www.morphosource.org/concern/media/000702725?locale=en
2025-01-27 16:46:55,041 - INFO - Processing URL: https://www.morphosource.org/concern/media/000702721?locale=en
2025-01-27 16:46:57,542 - INFO - Processing URL: https://www.morphosource.org/concern/media/000702717?locale=en
2025-01-27 16:47:00,084 - INFO - Processing URL: https://www.morphosource.org/concern/media/000702713?locale=en
2025-01-27 16:47:02,389 - INFO - Processing URL: https://www.morphosource.org/concern/media/000702709?locale=en
2025-01-27 16:47:05,052 - INFO - Processing URL: https://www.morphosource.org/concern/media/000702705?locale=en
2025-01-27 16:47:08,684 - INFO - Processing URL: https://www.morphosource.org/concern/media/000702701?locale=en
2025-01-27 16:47:10,802 - INFO - Processing URL: https://www.morphosource.org/concern/media/000702697?locale=en
2025-01-27 16:47:13,432 - INFO - Processing URL: https://www.morphosource.org/concern/media/000702693?locale=en
2025-01-27 16:47:15,857 - INFO - Processing URL: https://www.morphosource.org/concern/media/000702689?locale=en
2025-01-27 16:47:18,468 - INFO - Processing URL: https://www.morphosource.org/concern/media/000702685?locale=en
2025-01-27 16:47:20,757 - INFO - Processing URL: https://www.morphosource.org/concern/media/000702681?locale=en
2025-01-27 16:47:23,207 - INFO - Processing URL: https://www.morphosource.org/concern/media/000702677?locale=en
2025-01-27 16:47:26,332 - INFO - Processing URL: https://www.morphosource.org/concern/media/000702673?locale=en
2025-01-27 16:47:28,461 - INFO - Processing URL: https://www.morphosource.org/concern/media/000702669?locale=en
2025-01-27 16:47:30,989 - INFO - Processing URL: https://www.morphosource.org/concern/media/000702665?locale=en
2025-01-27 16:47:33,088 - INFO - Processing URL: https://www.morphosource.org/concern/media/000702661?locale=en
2025-01-27 16:47:35,343 - INFO - Processing URL: https://www.morphosource.org/concern/media/000702657?locale=en
2025-01-27 16:47:37,427 - INFO - Processing URL: https://www.morphosource.org/concern/media/000702652?locale=en
2025-01-27 16:47:39,542 - INFO - Processing URL: https://www.morphosource.org/concern/media/000702644?locale=en
2025-01-27 16:47:42,063 - INFO - Processing URL: https://www.morphosource.org/concern/media/000702640?locale=en
2025-01-27 16:47:44,334 - INFO - Processing URL: https://www.morphosource.org/concern/media/000702636?locale=en
2025-01-27 16:47:46,549 - INFO - Processing URL: https://www.morphosource.org/concern/media/000702632?locale=en
2025-01-27 16:47:49,236 - INFO - Processing URL: https://www.morphosource.org/concern/media/000702628?locale=en
2025-01-27 16:47:51,959 - INFO - Processing URL: https://www.morphosource.org/concern/media/000702624?locale=en
2025-01-27 16:47:54,305 - INFO - Processing URL: https://www.morphosource.org/concern/media/000702619?locale=en
2025-01-27 16:47:56,531 - INFO - Processing URL: https://www.morphosource.org/concern/media/000702607?locale=en
2025-01-27 16:47:58,580 - INFO - Processing URL: https://www.morphosource.org/concern/media/000702551?locale=en
2025-01-27 16:48:00,834 - INFO - Processing URL: https://www.morphosource.org/concern/media/000702499?locale=en
2025-01-27 16:48:03,412 - INFO - Processing URL: https://www.morphosource.org/concern/media/000702231?locale=en
2025-01-27 16:48:05,817 - INFO - Processing URL: https://www.morphosource.org/concern/media/000702228?locale=en
2025-01-27 16:48:07,921 - INFO - Processing URL: https://www.morphosource.org/concern/media/000702117?locale=en
2025-01-27 16:48:10,157 - INFO - Processing URL: https://www.morphosource.org/concern/media/000701622?locale=en
2025-01-27 16:48:12,848 - INFO - Processing URL: https://www.morphosource.org/concern/media/000701618?locale=en
2025-01-27 16:48:17,070 - INFO - Processing URL: https://www.morphosource.org/concern/media/000701543?locale=en
2025-01-27 16:48:20,135 - INFO - Processing URL: https://www.morphosource.org/concern/media/000701527?locale=en
2025-01-27 16:48:22,471 - INFO - Processing URL: https://www.morphosource.org/concern/media/000701269?locale=en
2025-01-27 16:48:24,971 - INFO - Processing URL: https://www.morphosource.org/concern/media/000700949?locale=en
2025-01-27 16:48:27,480 - INFO - Processing URL: https://www.morphosource.org/concern/media/000700851?locale=en
2025-01-27 16:48:30,232 - INFO - Processing URL: https://www.morphosource.org/concern/media/000700781?locale=en
2025-01-27 16:48:32,636 - INFO - Processing URL: https://www.morphosource.org/concern/media/000700757?locale=en
2025-01-27 16:48:35,099 - INFO - Processing URL: https://www.morphosource.org/concern/media/000700401?locale=en
2025-01-27 16:48:37,246 - INFO - Processing URL: https://www.morphosource.org/concern/media/000700185?locale=en
2025-01-27 16:48:39,725 - INFO - Processing URL: https://www.morphosource.org/concern/media/000700180?locale=en
2025-01-27 16:48:41,828 - INFO - Processing URL: https://www.morphosource.org/concern/media/000700165?locale=en
2025-01-27 16:48:43,885 - INFO - Processing URL: https://www.morphosource.org/concern/media/000700099?locale=en
2025-01-27 16:48:46,204 - INFO - Processing URL: https://www.morphosource.org/concern/media/000700095?locale=en
2025-01-27 16:48:48,474 - INFO - Processing URL: https://www.morphosource.org/concern/media/000700089?locale=en
2025-01-27 16:48:50,957 - INFO - Processing URL: https://www.morphosource.org/concern/media/000700085?locale=en
2025-01-27 16:48:56,440 - INFO - Processing URL: https://www.morphosource.org/concern/media/000700078?locale=en
2025-01-27 16:49:00,742 - INFO - Processing URL: https://www.morphosource.org/concern/media/000700074?locale=en
2025-01-27 16:49:03,802 - INFO - Processing URL: https://www.morphosource.org/concern/media/000700052?locale=en
2025-01-27 16:49:06,544 - INFO - Processing URL: https://www.morphosource.org/concern/media/000700048?locale=en
2025-01-27 16:49:08,889 - INFO - Processing URL: https://www.morphosource.org/concern/media/000700043?locale=en
2025-01-27 16:49:11,665 - INFO - Processing URL: https://www.morphosource.org/concern/media/000700036?locale=en
2025-01-27 16:49:13,766 - INFO - Processing URL: https://www.morphosource.org/concern/media/000700031?locale=en
2025-01-27 16:49:16,742 - INFO - Processing URL: https://www.morphosource.org/concern/media/000700025?locale=en
2025-01-27 16:49:18,964 - INFO - Processing URL: https://www.morphosource.org/concern/media/000700014?locale=en
2025-01-27 16:49:21,499 - INFO - Processing URL: https://www.morphosource.org/concern/media/000700011?locale=en
2025-01-27 16:49:24,080 - INFO - Processing URL: https://www.morphosource.org/concern/media/000700008?locale=en
2025-01-27 16:49:26,528 - INFO - Processing URL: https://www.morphosource.org/concern/media/000700005?locale=en
2025-01-27 16:49:28,678 - INFO - Processing URL: https://www.morphosource.org/concern/media/000699959?locale=en
2025-01-27 16:49:31,514 - INFO - Processing URL: https://www.morphosource.org/concern/media/000699946?locale=en
2025-01-27 16:49:33,834 - INFO - Processing URL: https://www.morphosource.org/concern/media/000699927?locale=en
2025-01-27 16:49:36,577 - INFO - Processing URL: https://www.morphosource.org/concern/media/000699885?locale=en
2025-01-27 16:49:38,834 - INFO - Processing URL: https://www.morphosource.org/concern/media/000699722?locale=en
2025-01-27 16:49:41,047 - INFO - Processing URL: https://www.morphosource.org/concern/media/000699709?locale=en
2025-01-27 16:49:43,649 - INFO - Processing URL: https://www.morphosource.org/concern/media/000699689?locale=en
2025-01-27 16:49:46,332 - INFO - Processing URL: https://www.morphosource.org/concern/media/000699677?locale=en
2025-01-27 16:49:48,547 - INFO - Processing URL: https://www.morphosource.org/concern/media/000699666?locale=en
2025-01-27 16:49:51,006 - INFO - Processing URL: https://www.morphosource.org/concern/media/000699659?locale=en
2025-01-27 16:49:53,573 - INFO - Processing URL: https://www.morphosource.org/concern/media/000699652?locale=en
2025-01-27 16:49:56,021 - INFO - Processing URL: https://www.morphosource.org/concern/media/000699639?locale=en
2025-01-27 16:49:58,495 - INFO - Processing URL: https://www.morphosource.org/concern/media/000699629?locale=en
2025-01-27 16:50:01,384 - INFO - Processing URL: https://www.morphosource.org/concern/media/000699618?locale=en
2025-01-27 16:50:04,323 - INFO - Processing URL: https://www.morphosource.org/concern/media/000699607?locale=en
2025-01-27 16:50:09,305 - INFO - Processing URL: https://www.morphosource.org/concern/media/000699600?locale=en
2025-01-27 16:50:11,954 - INFO - Processing URL: https://www.morphosource.org/concern/media/000699593?locale=en
2025-01-27 16:50:14,882 - INFO - Processing URL: https://www.morphosource.org/concern/media/000699590?locale=en
2025-01-27 16:50:17,452 - INFO - Processing URL: https://www.morphosource.org/concern/media/000699581?locale=en
2025-01-27 16:50:21,969 - INFO - Processing URL: https://www.morphosource.org/concern/media/000699568?locale=en
2025-01-27 16:50:24,933 - INFO - Processing URL: https://www.morphosource.org/concern/media/000699559?locale=en
2025-01-27 16:50:28,639 - INFO - Processing URL: https://www.morphosource.org/concern/media/000699541?locale=en
2025-01-27 16:50:32,552 - INFO - Processing URL: https://www.morphosource.org/concern/media/000699536?locale=en
2025-01-27 16:50:35,449 - INFO - Processing URL: https://www.morphosource.org/concern/media/000699533?locale=en
2025-01-27 16:50:37,905 - INFO - Processing URL: https://www.morphosource.org/concern/media/000699530?locale=en
2025-01-27 16:50:40,455 - INFO - Processing URL: https://www.morphosource.org/concern/media/000699521?locale=en
2025-01-27 16:50:43,129 - INFO - Processing URL: https://www.morphosource.org/concern/media/000699518?locale=en
2025-01-27 16:50:46,396 - INFO - Processing URL: https://www.morphosource.org/concern/media/000699508?locale=en
2025-01-27 16:50:50,306 - INFO - Processing URL: https://www.morphosource.org/concern/media/000699503?locale=en
2025-01-27 16:50:52,924 - INFO - Processing URL: https://www.morphosource.org/concern/media/000699452?locale=en
2025-01-27 16:50:55,703 - INFO - Processing URL: https://www.morphosource.org/concern/media/000699383?locale=en
2025-01-27 16:50:58,276 - INFO - Processing URL: https://www.morphosource.org/concern/media/000699333?locale=en
2025-01-27 16:51:04,204 - INFO - Processing URL: https://www.morphosource.org/concern/media/000699265?locale=en
2025-01-27 16:51:10,544 - INFO - Processing URL: https://www.morphosource.org/concern/media/000699150?locale=en
2025-01-27 16:51:13,801 - INFO - Processing URL: https://www.morphosource.org/concern/media/000699133?locale=en
2025-01-27 16:51:16,779 - INFO - Processing URL: https://www.morphosource.org/concern/media/000699076?locale=en
2025-01-27 16:51:20,243 - INFO - Processing URL: https://www.morphosource.org/concern/media/000699070?locale=en
2025-01-27 16:51:23,166 - INFO - Processing URL: https://www.morphosource.org/concern/media/000699063?locale=en
2025-01-27 16:51:25,549 - INFO - Processing URL: https://www.morphosource.org/concern/media/000699059?locale=en
2025-01-27 16:51:29,365 - INFO - Processing URL: https://www.morphosource.org/concern/media/000698061?locale=en
2025-01-27 16:51:33,170 - INFO - Processing URL: https://www.morphosource.org/concern/media/000698030?locale=en
2025-01-27 16:51:35,706 - INFO - Processing URL: https://www.morphosource.org/concern/media/000698028?locale=en
2025-01-27 16:51:37,602 - INFO - Processing URL: https://www.morphosource.org/concern/media/000698029?locale=en
2025-01-27 16:51:40,152 - INFO - Processing URL: https://www.morphosource.org/concern/media/000698027?locale=en
2025-01-27 16:51:42,881 - INFO - Processing URL: https://www.morphosource.org/concern/media/000698026?locale=en
2025-01-27 16:51:44,702 - INFO - Processing URL: https://www.morphosource.org/concern/media/000698024?locale=en
2025-01-27 16:51:47,166 - INFO - Processing URL: https://www.morphosource.org/concern/media/000697761?locale=en
2025-01-27 16:51:49,308 - INFO - Processing URL: https://www.morphosource.org/concern/media/000697754?locale=en
2025-01-27 16:51:51,634 - INFO - Processing URL: https://www.morphosource.org/concern/media/000697751?locale=en
2025-01-27 16:51:54,134 - INFO - Processing URL: https://www.morphosource.org/concern/media/000697747?locale=en
2025-01-27 16:51:56,998 - INFO - Processing URL: https://www.morphosource.org/concern/media/000697742?locale=en
2025-01-27 16:51:59,451 - INFO - Processing URL: https://www.morphosource.org/concern/media/000697739?locale=en
2025-01-27 16:52:02,458 - INFO - Processing URL: https://www.morphosource.org/concern/media/000697737?locale=en
2025-01-27 16:52:04,900 - INFO - Processing URL: https://www.morphosource.org/concern/media/000697732?locale=en
2025-01-27 16:52:07,228 - INFO - Processing URL: https://www.morphosource.org/concern/media/000697728?locale=en
2025-01-27 16:52:10,169 - INFO - Processing URL: https://www.morphosource.org/concern/media/000697724?locale=en
2025-01-27 16:52:12,904 - INFO - Processing URL: https://www.morphosource.org/concern/media/000697720?locale=en
2025-01-27 16:52:16,138 - INFO - Processing URL: https://www.morphosource.org/concern/media/000697716?locale=en
2025-01-27 16:52:18,565 - INFO - Processing URL: https://www.morphosource.org/concern/media/000697712?locale=en
2025-01-27 16:52:21,014 - INFO - Processing URL: https://www.morphosource.org/concern/media/000697708?locale=en
2025-01-27 16:52:23,472 - INFO - Processing URL: https://www.morphosource.org/concern/media/000697704?locale=en
2025-01-27 16:52:25,892 - INFO - Processing URL: https://www.morphosource.org/concern/media/000697700?locale=en
2025-01-27 16:52:28,464 - INFO - Processing URL: https://www.morphosource.org/concern/media/000697696?locale=en
2025-01-27 16:52:30,705 - INFO - Processing URL: https://www.morphosource.org/concern/media/000697692?locale=en
2025-01-27 16:52:32,780 - INFO - Processing URL: https://www.morphosource.org/concern/media/000697687?locale=en
2025-01-27 16:52:34,880 - INFO - Processing URL: https://www.morphosource.org/concern/media/000697686?locale=en
2025-01-27 16:52:37,234 - INFO - Processing URL: https://www.morphosource.org/concern/media/000697679?locale=en
2025-01-27 16:52:39,751 - INFO - Processing URL: https://www.morphosource.org/concern/media/000697675?locale=en
2025-01-27 16:52:42,201 - INFO - Processing URL: https://www.morphosource.org/concern/media/000697671?locale=en
2025-01-27 16:52:44,406 - INFO - Processing URL: https://www.morphosource.org/concern/media/000697667?locale=en
2025-01-27 16:52:46,699 - INFO - Processing URL: https://www.morphosource.org/concern/media/000697663?locale=en
2025-01-27 16:52:48,721 - INFO - Processing URL: https://www.morphosource.org/concern/media/000697659?locale=en
2025-01-27 16:52:50,953 - INFO - Processing URL: https://www.morphosource.org/concern/media/000697633?locale=en
2025-01-27 16:52:53,500 - INFO - Processing URL: https://www.morphosource.org/concern/media/000697629?locale=en
2025-01-27 16:52:55,942 - INFO - Processing URL: https://www.morphosource.org/concern/media/000697625?locale=en
2025-01-27 16:52:58,066 - INFO - Processing URL: https://www.morphosource.org/concern/media/000697622?locale=en
2025-01-27 16:53:00,266 - INFO - Processing URL: https://www.morphosource.org/concern/media/000697552?locale=en
2025-01-27 16:53:02,363 - INFO - Processing URL: https://www.morphosource.org/concern/media/000697548?locale=en
2025-01-27 16:53:05,055 - INFO - Processing URL: https://www.morphosource.org/concern/media/000697543?locale=en
2025-01-27 16:53:07,114 - INFO - Processing URL: https://www.morphosource.org/concern/media/000697532?locale=en
2025-01-27 16:53:09,604 - INFO - Processing URL: https://www.morphosource.org/concern/media/000697527?locale=en
2025-01-27 16:53:12,017 - INFO - Processing URL: https://www.morphosource.org/concern/media/000697520?locale=en
2025-01-27 16:53:14,152 - INFO - Processing URL: https://www.morphosource.org/concern/media/000697511?locale=en
2025-01-27 16:53:16,401 - INFO - Processing URL: https://www.morphosource.org/concern/media/000697464?locale=en
2025-01-27 16:53:18,565 - INFO - Processing URL: https://www.morphosource.org/concern/media/000697460?locale=en
2025-01-27 16:53:20,608 - INFO - Processing URL: https://www.morphosource.org/concern/media/000697445?locale=en
2025-01-27 16:53:24,196 - INFO - Processing URL: https://www.morphosource.org/concern/media/000697441?locale=en
2025-01-27 16:53:26,538 - INFO - Processing URL: https://www.morphosource.org/concern/media/000697435?locale=en
2025-01-27 16:53:28,897 - INFO - Processing URL: https://www.morphosource.org/concern/media/000697431?locale=en
2025-01-27 16:53:31,313 - INFO - Processing URL: https://www.morphosource.org/concern/media/000697427?locale=en
2025-01-27 16:53:33,659 - INFO - Processing URL: https://www.morphosource.org/concern/media/000697420?locale=en
2025-01-27 16:53:36,058 - INFO - Processing URL: https://www.morphosource.org/concern/media/000697416?locale=en
2025-01-27 16:53:38,132 - INFO - Processing URL: https://www.morphosource.org/concern/media/000697411?locale=en
2025-01-27 16:53:40,326 - INFO - Processing URL: https://www.morphosource.org/concern/media/000697408?locale=en
2025-01-27 16:53:42,417 - INFO - Processing URL: https://www.morphosource.org/concern/media/000697402?locale=en
2025-01-27 16:53:44,967 - INFO - Processing URL: https://www.morphosource.org/concern/media/000697397?locale=en
2025-01-27 16:53:47,211 - INFO - Processing URL: https://www.morphosource.org/concern/media/000697391?locale=en
2025-01-27 16:53:50,345 - INFO - Processing URL: https://www.morphosource.org/concern/media/000697387?locale=en
2025-01-27 16:53:52,404 - INFO - Processing URL: https://www.morphosource.org/concern/media/000697381?locale=en
2025-01-27 16:53:54,742 - INFO - Processing URL: https://www.morphosource.org/concern/media/000697376?locale=en
2025-01-27 16:53:56,719 - INFO - Processing URL: https://www.morphosource.org/concern/media/000697371?locale=en
2025-01-27 16:54:00,755 - INFO - Processing URL: https://www.morphosource.org/concern/media/000697363?locale=en
2025-01-27 16:54:04,183 - INFO - Processing URL: https://www.morphosource.org/concern/media/000697360?locale=en
2025-01-27 16:54:06,623 - INFO - Processing URL: https://www.morphosource.org/concern/media/000697357?locale=en
2025-01-27 16:54:08,802 - INFO - Processing URL: https://www.morphosource.org/concern/media/000697354?locale=en
2025-01-27 16:54:11,100 - INFO - Processing URL: https://www.morphosource.org/concern/media/000697345?locale=en
2025-01-27 16:54:13,137 - INFO - Processing URL: https://www.morphosource.org/concern/media/000697337?locale=en
2025-01-27 16:54:15,185 - INFO - Processing URL: https://www.morphosource.org/concern/media/000697324?locale=en
2025-01-27 16:54:17,904 - INFO - Processing URL: https://www.morphosource.org/concern/media/000697319?locale=en
2025-01-27 16:54:20,226 - INFO - Processing URL: https://www.morphosource.org/concern/media/000697318?locale=en
2025-01-27 16:54:22,434 - INFO - Processing URL: https://www.morphosource.org/concern/media/000697311?locale=en
2025-01-27 16:54:24,674 - INFO - Processing URL: https://www.morphosource.org/concern/media/000697310?locale=en
2025-01-27 16:54:26,758 - INFO - Processing URL: https://www.morphosource.org/concern/media/000697303?locale=en
2025-01-27 16:54:29,025 - INFO - Processing URL: https://www.morphosource.org/concern/media/000697302?locale=en
2025-01-27 16:54:31,541 - INFO - Processing URL: https://www.morphosource.org/concern/media/000697295?locale=en
2025-01-27 16:54:33,734 - INFO - Processing URL: https://www.morphosource.org/concern/media/000697294?locale=en
2025-01-27 16:54:35,980 - INFO - Processing URL: https://www.morphosource.org/concern/media/000697287?locale=en
2025-01-27 16:54:38,178 - INFO - Processing URL: https://www.morphosource.org/concern/media/000697286?locale=en
2025-01-27 16:54:40,454 - INFO - Processing URL: https://www.morphosource.org/concern/media/000697279?locale=en
2025-01-27 16:54:44,286 - INFO - Processing URL: https://www.morphosource.org/concern/media/000697278?locale=en
2025-01-27 16:54:46,374 - INFO - Processing URL: https://www.morphosource.org/concern/media/000697271?locale=en
2025-01-27 16:54:48,518 - INFO - Processing URL: https://www.morphosource.org/concern/media/000697270?locale=en
2025-01-27 16:54:50,791 - INFO - Processing URL: https://www.morphosource.org/concern/media/000697263?locale=en
2025-01-27 16:54:53,198 - INFO - Processing URL: https://www.morphosource.org/concern/media/000697262?locale=en
2025-01-27 16:54:55,815 - INFO - Processing URL: https://www.morphosource.org/concern/media/000697256?locale=en
2025-01-27 16:54:58,349 - INFO - Processing URL: https://www.morphosource.org/concern/media/000697254?locale=en
2025-01-27 16:55:01,094 - INFO - Processing URL: https://www.morphosource.org/concern/media/000697245?locale=en
2025-01-27 16:55:04,212 - INFO - Processing URL: https://www.morphosource.org/concern/media/000697231?locale=en
2025-01-27 16:55:06,573 - INFO - Processing URL: https://www.morphosource.org/concern/media/000697203?locale=en
2025-01-27 16:55:08,879 - INFO - Processing URL: https://www.morphosource.org/concern/media/000697182?locale=en
2025-01-27 16:55:11,037 - INFO - Processing URL: https://www.morphosource.org/concern/media/000697148?locale=en
2025-01-27 16:55:13,213 - INFO - Processing URL: https://www.morphosource.org/concern/media/000697128?locale=en
2025-01-27 16:55:15,950 - INFO - Processing URL: https://www.morphosource.org/concern/media/000697103?locale=en
2025-01-27 16:55:18,142 - INFO - Processing URL: https://www.morphosource.org/concern/media/000696954?locale=en
2025-01-27 16:55:20,602 - INFO - Processing URL: https://www.morphosource.org/concern/media/000696914?locale=en
2025-01-27 16:55:23,072 - INFO - Processing URL: https://www.morphosource.org/concern/media/000696668?locale=en
2025-01-27 16:55:25,360 - INFO - Processing URL: https://www.morphosource.org/concern/media/000696653?locale=en
2025-01-27 16:55:27,887 - INFO - Processing URL: https://www.morphosource.org/concern/media/000696629?locale=en
2025-01-27 16:55:30,489 - INFO - Processing URL: https://www.morphosource.org/concern/media/000696601?locale=en
2025-01-27 16:55:32,586 - INFO - Processing URL: https://www.morphosource.org/concern/media/000696584?locale=en
2025-01-27 16:55:34,724 - INFO - Processing URL: https://www.morphosource.org/concern/media/000696567?locale=en
2025-01-27 16:55:37,037 - INFO - Processing URL: https://www.morphosource.org/concern/media/000696538?locale=en
2025-01-27 16:55:39,259 - INFO - Processing URL: https://www.morphosource.org/concern/media/000695214?locale=en
2025-01-27 16:55:41,866 - INFO - Processing URL: https://www.morphosource.org/concern/media/000695203?locale=en
2025-01-27 16:55:44,061 - INFO - Processing URL: https://www.morphosource.org/concern/media/000695199?locale=en
2025-01-27 16:55:46,483 - INFO - Processing URL: https://www.morphosource.org/concern/media/000695187?locale=en
2025-01-27 16:55:48,742 - INFO - Processing URL: https://www.morphosource.org/concern/media/000695182?locale=en
2025-01-27 16:55:51,135 - INFO - Processing URL: https://www.morphosource.org/concern/media/000694804?locale=en
2025-01-27 16:55:53,320 - INFO - Processing URL: https://www.morphosource.org/concern/media/000694756?locale=en
2025-01-27 16:55:55,439 - INFO - Processing URL: https://www.morphosource.org/concern/media/000694375?locale=en
2025-01-27 16:55:57,942 - INFO - Processing URL: https://www.morphosource.org/concern/media/000694360?locale=en
2025-01-27 16:56:00,109 - INFO - Processing URL: https://www.morphosource.org/concern/media/000694357?locale=en
2025-01-27 16:56:02,481 - INFO - Processing URL: https://www.morphosource.org/concern/media/000694350?locale=en
2025-01-27 16:56:04,683 - INFO - Processing URL: https://www.morphosource.org/concern/media/000694296?locale=en
2025-01-27 16:56:07,252 - INFO - Processing URL: https://www.morphosource.org/concern/media/000694284?locale=en
2025-01-27 16:56:09,379 - INFO - Processing URL: https://www.morphosource.org/concern/media/000694280?locale=en
2025-01-27 16:56:12,865 - INFO - Processing URL: https://www.morphosource.org/concern/media/000694271?locale=en
2025-01-27 16:56:16,043 - INFO - Processing URL: https://www.morphosource.org/concern/media/000694259?locale=en
2025-01-27 16:56:20,174 - INFO - Processing URL: https://www.morphosource.org/concern/media/000694254?locale=en
2025-01-27 16:56:22,474 - INFO - Processing URL: https://www.morphosource.org/concern/media/000694251?locale=en
2025-01-27 16:56:24,775 - INFO - Processing URL: https://www.morphosource.org/concern/media/000694246?locale=en
2025-01-27 16:56:27,424 - INFO - Processing URL: https://www.morphosource.org/concern/media/000694238?locale=en
2025-01-27 16:56:29,647 - INFO - Processing URL: https://www.morphosource.org/concern/media/000694231?locale=en
2025-01-27 16:56:31,736 - INFO - Processing URL: https://www.morphosource.org/concern/media/000694226?locale=en
2025-01-27 16:56:34,234 - INFO - Processing URL: https://www.morphosource.org/concern/media/000694215?locale=en
2025-01-27 16:56:36,523 - INFO - Processing URL: https://www.morphosource.org/concern/media/000694210?locale=en
2025-01-27 16:56:38,821 - INFO - Processing URL: https://www.morphosource.org/concern/media/000694205?locale=en
2025-01-27 16:56:43,066 - INFO - Processing URL: https://www.morphosource.org/concern/media/000693876?locale=en
2025-01-27 16:56:45,287 - INFO - Processing URL: https://www.morphosource.org/concern/media/000693871?locale=en
2025-01-27 16:56:48,107 - INFO - Processing URL: https://www.morphosource.org/concern/media/000693866?locale=en
2025-01-27 16:56:50,332 - INFO - Processing URL: https://www.morphosource.org/concern/media/000693861?locale=en
2025-01-27 16:56:52,513 - INFO - Processing URL: https://www.morphosource.org/concern/media/000693856?locale=en
2025-01-27 16:56:55,026 - INFO - Processing URL: https://www.morphosource.org/concern/media/000693851?locale=en
2025-01-27 16:56:57,440 - INFO - Processing URL: https://www.morphosource.org/concern/media/000693846?locale=en
2025-01-27 16:56:59,700 - INFO - Processing URL: https://www.morphosource.org/concern/media/000693841?locale=en
2025-01-27 16:57:02,268 - INFO - Processing URL: https://www.morphosource.org/concern/media/000693836?locale=en
2025-01-27 16:57:04,597 - INFO - Processing URL: https://www.morphosource.org/concern/media/000693831?locale=en
2025-01-27 16:57:07,139 - INFO - Processing URL: https://www.morphosource.org/concern/media/000693826?locale=en
2025-01-27 16:57:09,320 - INFO - Processing URL: https://www.morphosource.org/concern/media/000693821?locale=en
2025-01-27 16:57:11,709 - INFO - Processing URL: https://www.morphosource.org/concern/media/000693814?locale=en
2025-01-27 16:57:14,030 - INFO - Processing URL: https://www.morphosource.org/concern/media/000693809?locale=en
2025-01-27 16:57:16,853 - INFO - Processing URL: https://www.morphosource.org/concern/media/000693804?locale=en
2025-01-27 16:57:19,131 - INFO - Processing URL: https://www.morphosource.org/concern/media/000693799?locale=en
2025-01-27 16:57:21,539 - INFO - Processing URL: https://www.morphosource.org/concern/media/000693794?locale=en
2025-01-27 16:57:23,693 - INFO - Processing URL: https://www.morphosource.org/concern/media/000693789?locale=en
2025-01-27 16:57:26,565 - INFO - Processing URL: https://www.morphosource.org/concern/media/000693784?locale=en
2025-01-27 16:57:29,289 - INFO - Processing URL: https://www.morphosource.org/concern/media/000693779?locale=en
2025-01-27 16:57:31,561 - INFO - Processing URL: https://www.morphosource.org/concern/media/000693774?locale=en
2025-01-27 16:57:33,609 - INFO - Processing URL: https://www.morphosource.org/concern/media/000693769?locale=en
2025-01-27 16:57:35,627 - INFO - Processing URL: https://www.morphosource.org/concern/media/000693764?locale=en
2025-01-27 16:57:37,968 - INFO - Processing URL: https://www.morphosource.org/concern/media/000693746?locale=en
2025-01-27 16:57:41,643 - INFO - Processing URL: https://www.morphosource.org/concern/media/000693730?locale=en
2025-01-27 16:57:43,869 - INFO - Processing URL: https://www.morphosource.org/concern/media/000693726?locale=en
2025-01-27 16:57:46,317 - INFO - Processing URL: https://www.morphosource.org/concern/media/000693718?locale=en
2025-01-27 16:57:48,838 - INFO - Processing URL: https://www.morphosource.org/concern/media/000693706?locale=en
2025-01-27 16:57:51,196 - INFO - Processing URL: https://www.morphosource.org/concern/media/000693674?locale=en
2025-01-27 16:57:53,438 - INFO - Processing URL: https://www.morphosource.org/concern/media/000693646?locale=en
2025-01-27 16:57:56,015 - INFO - Processing URL: https://www.morphosource.org/concern/media/000693624?locale=en
2025-01-27 16:57:59,088 - INFO - Processing URL: https://www.morphosource.org/concern/media/000693620?locale=en
2025-01-27 16:58:01,436 - INFO - Processing URL: https://www.morphosource.org/concern/media/000693613?locale=en
2025-01-27 16:58:03,837 - INFO - Processing URL: https://www.morphosource.org/concern/media/000693586?locale=en
2025-01-27 16:58:06,156 - INFO - Processing URL: https://www.morphosource.org/concern/media/000693566?locale=en
2025-01-27 16:58:08,268 - INFO - Processing URL: https://www.morphosource.org/concern/media/000693541?locale=en
2025-01-27 16:58:11,753 - INFO - Processing URL: https://www.morphosource.org/concern/media/000693537?locale=en
2025-01-27 16:58:13,919 - INFO - Processing URL: https://www.morphosource.org/concern/media/000693533?locale=en
2025-01-27 16:58:16,731 - INFO - Processing URL: https://www.morphosource.org/concern/media/000693529?locale=en
2025-01-27 16:58:18,948 - INFO - Processing URL: https://www.morphosource.org/concern/media/000693525?locale=en
2025-01-27 16:58:21,143 - INFO - Processing URL: https://www.morphosource.org/concern/media/000693521?locale=en
2025-01-27 16:58:23,320 - INFO - Processing URL: https://www.morphosource.org/concern/media/000693517?locale=en
2025-01-27 16:58:25,776 - INFO - Processing URL: https://www.morphosource.org/concern/media/000693512?locale=en
2025-01-27 16:58:27,818 - INFO - Processing URL: https://www.morphosource.org/concern/media/000693508?locale=en
2025-01-27 16:58:30,183 - INFO - Processing URL: https://www.morphosource.org/concern/media/000693504?locale=en
2025-01-27 16:58:32,339 - INFO - Processing URL: https://www.morphosource.org/concern/media/000693500?locale=en
2025-01-27 16:58:35,643 - INFO - Processing URL: https://www.morphosource.org/concern/media/000693496?locale=en
2025-01-27 16:58:38,382 - INFO - Processing URL: https://www.morphosource.org/concern/media/000693492?locale=en
2025-01-27 16:58:40,608 - INFO - Processing URL: https://www.morphosource.org/concern/media/000693488?locale=en
2025-01-27 16:58:42,830 - INFO - Processing URL: https://www.morphosource.org/concern/media/000693485?locale=en
2025-01-27 16:58:44,984 - INFO - Processing URL: https://www.morphosource.org/concern/media/000693480?locale=en
2025-01-27 16:58:47,206 - INFO - Processing URL: https://www.morphosource.org/concern/media/000693475?locale=en
2025-01-27 16:58:49,127 - INFO - Processing URL: https://www.morphosource.org/concern/media/000693468?locale=en
2025-01-27 16:58:51,755 - INFO - Processing URL: https://www.morphosource.org/concern/media/000693464?locale=en
2025-01-27 16:58:53,826 - INFO - Processing URL: https://www.morphosource.org/concern/media/000693460?locale=en
2025-01-27 16:58:56,067 - INFO - Processing URL: https://www.morphosource.org/concern/media/000693456?locale=en
2025-01-27 16:58:59,183 - INFO - Processing URL: https://www.morphosource.org/concern/media/000693424?locale=en
2025-01-27 16:59:02,020 - INFO - Processing URL: https://www.morphosource.org/concern/media/000693417?locale=en
2025-01-27 16:59:04,474 - INFO - Processing URL: https://www.morphosource.org/concern/media/000693410?locale=en
2025-01-27 16:59:07,599 - INFO - Processing URL: https://www.morphosource.org/concern/media/000693405?locale=en
2025-01-27 16:59:09,831 - INFO - Processing URL: https://www.morphosource.org/concern/media/000693398?locale=en
2025-01-27 16:59:12,106 - INFO - Processing URL: https://www.morphosource.org/concern/media/000693391?locale=en
2025-01-27 16:59:14,547 - INFO - Processing URL: https://www.morphosource.org/concern/media/000693387?locale=en
2025-01-27 16:59:16,796 - INFO - Processing URL: https://www.morphosource.org/concern/media/000693383?locale=en
2025-01-27 16:59:20,662 - INFO - Processing URL: https://www.morphosource.org/concern/media/000693379?locale=en
2025-01-27 16:59:24,749 - INFO - Processing URL: https://www.morphosource.org/concern/media/000693375?locale=en
2025-01-27 16:59:27,564 - INFO - Processing URL: https://www.morphosource.org/concern/media/000693371?locale=en
2025-01-27 16:59:29,729 - INFO - Processing URL: https://www.morphosource.org/concern/media/000693194?locale=en
2025-01-27 16:59:32,536 - INFO - Processing URL: https://www.morphosource.org/concern/media/000693045?locale=en
2025-01-27 16:59:34,862 - INFO - Processing URL: https://www.morphosource.org/concern/media/000693035?locale=en
2025-01-27 16:59:36,941 - INFO - Processing URL: https://www.morphosource.org/concern/media/000693031?locale=en
2025-01-27 16:59:40,007 - INFO - Processing URL: https://www.morphosource.org/concern/media/000693026?locale=en
2025-01-27 16:59:43,103 - INFO - Processing URL: https://www.morphosource.org/concern/media/000693005?locale=en
2025-01-27 16:59:45,366 - INFO - Processing URL: https://www.morphosource.org/concern/media/000693000?locale=en
2025-01-27 16:59:47,963 - INFO - Processing URL: https://www.morphosource.org/concern/media/000692990?locale=en
2025-01-27 16:59:49,570 - INFO - Processing URL: https://www.morphosource.org/concern/media/000692987?locale=en
2025-01-27 16:59:51,702 - INFO - Processing URL: https://www.morphosource.org/concern/media/000692984?locale=en
2025-01-27 16:59:53,764 - INFO - Processing URL: https://www.morphosource.org/concern/media/000692981?locale=en
2025-01-27 16:59:55,853 - INFO - Processing URL: https://www.morphosource.org/concern/media/000692978?locale=en
2025-01-27 16:59:58,195 - INFO - Processing URL: https://www.morphosource.org/concern/media/000692975?locale=en
2025-01-27 17:00:02,543 - INFO - Processing URL: https://www.morphosource.org/concern/media/000692972?locale=en
2025-01-27 17:00:05,118 - INFO - Processing URL: https://www.morphosource.org/concern/media/000692969?locale=en
2025-01-27 17:00:07,595 - INFO - Processing URL: https://www.morphosource.org/concern/media/000692964?locale=en
2025-01-27 17:00:09,856 - INFO - Processing URL: https://www.morphosource.org/concern/media/000692961?locale=en
2025-01-27 17:00:11,987 - INFO - Processing URL: https://www.morphosource.org/concern/media/000692958?locale=en
2025-01-27 17:00:15,880 - INFO - Processing URL: https://www.morphosource.org/concern/media/000692951?locale=en
2025-01-27 17:00:18,401 - INFO - Processing URL: https://www.morphosource.org/concern/media/000692943?locale=en
2025-01-27 17:00:20,900 - INFO - Processing URL: https://www.morphosource.org/concern/media/000692934?locale=en
2025-01-27 17:00:23,272 - INFO - Processing URL: https://www.morphosource.org/concern/media/000692927?locale=en
2025-01-27 17:00:25,446 - INFO - Processing URL: https://www.morphosource.org/concern/media/000692920?locale=en
2025-01-27 17:00:27,908 - INFO - Processing URL: https://www.morphosource.org/concern/media/000692913?locale=en
2025-01-27 17:00:30,137 - INFO - Processing URL: https://www.morphosource.org/concern/media/000692814?locale=en
2025-01-27 17:00:32,350 - INFO - Processing URL: https://www.morphosource.org/concern/media/000692782?locale=en
2025-01-27 17:00:35,387 - INFO - Processing URL: https://www.morphosource.org/concern/media/000692775?locale=en
2025-01-27 17:00:38,081 - INFO - Processing URL: https://www.morphosource.org/concern/media/000692765?locale=en
2025-01-27 17:00:41,080 - INFO - Processing URL: https://www.morphosource.org/concern/media/000692758?locale=en
2025-01-27 17:00:44,917 - INFO - Processing URL: https://www.morphosource.org/concern/media/000692744?locale=en
2025-01-27 17:00:47,362 - INFO - Processing URL: https://www.morphosource.org/concern/media/000692736?locale=en
2025-01-27 17:00:49,688 - INFO - Processing URL: https://www.morphosource.org/concern/media/000692716?locale=en
2025-01-27 17:00:52,005 - INFO - Processing URL: https://www.morphosource.org/concern/media/000692703?locale=en
2025-01-27 17:00:54,242 - INFO - Processing URL: https://www.morphosource.org/concern/media/000692692?locale=en
2025-01-27 17:00:56,536 - INFO - Processing URL: https://www.morphosource.org/concern/media/000692686?locale=en
2025-01-27 17:00:58,774 - INFO - Processing URL: https://www.morphosource.org/concern/media/000692681?locale=en
2025-01-27 17:01:00,942 - INFO - Processing URL: https://www.morphosource.org/concern/media/000692671?locale=en
2025-01-27 17:01:04,452 - INFO - Processing URL: https://www.morphosource.org/concern/media/000692662?locale=en
2025-01-27 17:01:07,133 - INFO - Processing URL: https://www.morphosource.org/concern/media/000692658?locale=en
2025-01-27 17:01:09,351 - INFO - Processing URL: https://www.morphosource.org/concern/media/000692651?locale=en
2025-01-27 17:01:12,243 - INFO - Processing URL: https://www.morphosource.org/concern/media/000692646?locale=en
2025-01-27 17:01:14,578 - INFO - Processing URL: https://www.morphosource.org/concern/media/000692640?locale=en
2025-01-27 17:01:16,409 - INFO - Processing URL: https://www.morphosource.org/concern/media/000692636?locale=en
2025-01-27 17:01:18,669 - INFO - Processing URL: https://www.morphosource.org/concern/media/000692633?locale=en
2025-01-27 17:01:21,423 - INFO - Processing URL: https://www.morphosource.org/concern/media/000692627?locale=en
2025-01-27 17:01:23,812 - INFO - Processing URL: https://www.morphosource.org/concern/media/000692596?locale=en
2025-01-27 17:01:26,417 - INFO - Processing URL: https://www.morphosource.org/concern/media/000692590?locale=en
2025-01-27 17:01:28,909 - INFO - Processing URL: https://www.morphosource.org/concern/media/000692585?locale=en
2025-01-27 17:01:30,931 - INFO - Processing URL: https://www.morphosource.org/concern/media/000692567?locale=en
2025-01-27 17:01:33,653 - INFO - Processing URL: https://www.morphosource.org/concern/media/000692564?locale=en
2025-01-27 17:01:35,951 - INFO - Processing URL: https://www.morphosource.org/concern/media/000692561?locale=en
2025-01-27 17:01:38,132 - INFO - Processing URL: https://www.morphosource.org/concern/media/000692556?locale=en
2025-01-27 17:01:40,269 - INFO - Processing URL: https://www.morphosource.org/concern/media/000692519?locale=en
2025-01-27 17:01:42,368 - INFO - Processing URL: https://www.morphosource.org/concern/media/000692259?locale=en
2025-01-27 17:01:44,771 - INFO - Processing URL: https://www.morphosource.org/concern/media/000692242?locale=en
2025-01-27 17:01:47,109 - INFO - Processing URL: https://www.morphosource.org/concern/media/000692236?locale=en
2025-01-27 17:01:49,326 - INFO - Processing URL: https://www.morphosource.org/concern/media/000692229?locale=en
2025-01-27 17:01:51,956 - INFO - Processing URL: https://www.morphosource.org/concern/media/000692213?locale=en
2025-01-27 17:01:55,021 - INFO - Processing URL: https://www.morphosource.org/concern/media/000692178?locale=en
2025-01-27 17:01:58,833 - INFO - Processing URL: https://www.morphosource.org/concern/media/000692130?locale=en
2025-01-27 17:02:00,990 - INFO - Processing URL: https://www.morphosource.org/concern/media/000692082?locale=en
2025-01-27 17:02:03,391 - INFO - Processing URL: https://www.morphosource.org/concern/media/000692036?locale=en
2025-01-27 17:02:05,695 - INFO - Processing URL: https://www.morphosource.org/concern/media/000691991?locale=en
2025-01-27 17:02:07,764 - INFO - Processing URL: https://www.morphosource.org/concern/media/000691961?locale=en
2025-01-27 17:02:11,135 - INFO - Processing URL: https://www.morphosource.org/concern/media/000691954?locale=en
2025-01-27 17:02:13,678 - INFO - Processing URL: https://www.morphosource.org/concern/media/000691951?locale=en
2025-01-27 17:02:16,934 - INFO - Processing URL: https://www.morphosource.org/concern/media/000691945?locale=en
2025-01-27 17:02:19,077 - INFO - Processing URL: https://www.morphosource.org/concern/media/000691938?locale=en
2025-01-27 17:02:21,155 - INFO - Processing URL: https://www.morphosource.org/concern/media/000691907?locale=en
2025-01-27 17:02:23,454 - INFO - Processing URL: https://www.morphosource.org/concern/media/000691899?locale=en
2025-01-27 17:02:25,788 - INFO - Processing URL: https://www.morphosource.org/concern/media/000691877?locale=en
2025-01-27 17:02:27,890 - INFO - Processing URL: https://www.morphosource.org/concern/media/000691863?locale=en
2025-01-27 17:02:30,227 - INFO - Processing URL: https://www.morphosource.org/concern/media/000691826?locale=en
2025-01-27 17:02:34,326 - INFO - Processing URL: https://www.morphosource.org/concern/media/000691493?locale=en
2025-01-27 17:02:36,608 - INFO - Processing URL: https://www.morphosource.org/concern/media/000691483?locale=en
2025-01-27 17:02:39,043 - INFO - Processing URL: https://www.morphosource.org/concern/media/000691460?locale=en
2025-01-27 17:02:41,433 - INFO - Processing URL: https://www.morphosource.org/concern/media/000691459?locale=en
2025-01-27 17:02:44,923 - INFO - Processing URL: https://www.morphosource.org/concern/media/000691444?locale=en
2025-01-27 17:02:48,479 - INFO - Processing URL: https://www.morphosource.org/concern/media/000691442?locale=en
2025-01-27 17:02:50,898 - INFO - Processing URL: https://www.morphosource.org/concern/media/000691441?locale=en
2025-01-27 17:02:54,272 - INFO - Processing URL: https://www.morphosource.org/concern/media/000691436?locale=en
2025-01-27 17:02:56,852 - INFO - Processing URL: https://www.morphosource.org/concern/media/000691433?locale=en
2025-01-27 17:02:59,358 - INFO - Processing URL: https://www.morphosource.org/concern/media/000691428?locale=en
2025-01-27 17:03:02,688 - INFO - Processing URL: https://www.morphosource.org/concern/media/000691427?locale=en
2025-01-27 17:03:07,301 - INFO - Processing URL: https://www.morphosource.org/concern/media/000691409?locale=en
2025-01-27 17:03:09,381 - INFO - Processing URL: https://www.morphosource.org/concern/media/000691404?locale=en
2025-01-27 17:03:11,587 - INFO - Processing URL: https://www.morphosource.org/concern/media/000691393?locale=en
2025-01-27 17:03:13,732 - INFO - Processing URL: https://www.morphosource.org/concern/media/000691388?locale=en
2025-01-27 17:03:16,919 - INFO - Processing URL: https://www.morphosource.org/concern/media/000691380?locale=en
2025-01-27 17:03:19,248 - INFO - Processing URL: https://www.morphosource.org/concern/media/000691374?locale=en
2025-01-27 17:03:21,297 - INFO - Processing URL: https://www.morphosource.org/concern/media/000691362?locale=en
2025-01-27 17:03:23,431 - INFO - Processing URL: https://www.morphosource.org/concern/media/000691355?locale=en
2025-01-27 17:03:25,407 - INFO - Processing URL: https://www.morphosource.org/concern/media/000691343?locale=en
2025-01-27 17:03:27,886 - INFO - Processing URL: https://www.morphosource.org/concern/media/000691337?locale=en
2025-01-27 17:03:31,772 - INFO - Processing URL: https://www.morphosource.org/concern/media/000691332?locale=en
2025-01-27 17:03:35,991 - INFO - Processing URL: https://www.morphosource.org/concern/media/000691327?locale=en
2025-01-27 17:03:38,393 - INFO - Processing URL: https://www.morphosource.org/concern/media/000691298?locale=en
2025-01-27 17:03:40,681 - INFO - Processing URL: https://www.morphosource.org/concern/media/000691273?locale=en
2025-01-27 17:03:43,548 - INFO - Processing URL: https://www.morphosource.org/concern/media/000691260?locale=en
2025-01-27 17:03:46,905 - INFO - Processing URL: https://www.morphosource.org/concern/media/000691252?locale=en
2025-01-27 17:03:49,425 - INFO - Processing URL: https://www.morphosource.org/concern/media/000691249?locale=en
2025-01-27 17:03:52,785 - INFO - Processing URL: https://www.morphosource.org/concern/media/000691231?locale=en
2025-01-27 17:03:56,851 - INFO - Processing URL: https://www.morphosource.org/concern/media/000691228?locale=en
2025-01-27 17:03:59,071 - INFO - Processing URL: https://www.morphosource.org/concern/media/000691225?locale=en
2025-01-27 17:04:01,491 - INFO - Processing URL: https://www.morphosource.org/concern/media/000691222?locale=en
2025-01-27 17:04:04,149 - INFO - Processing URL: https://www.morphosource.org/concern/media/000691218?locale=en
2025-01-27 17:04:06,373 - INFO - Processing URL: https://www.morphosource.org/concern/media/000691217?locale=en
2025-01-27 17:04:09,080 - INFO - Processing URL: https://www.morphosource.org/concern/media/000691203?locale=en
2025-01-27 17:04:11,467 - INFO - Processing URL: https://www.morphosource.org/concern/media/000691184?locale=en
2025-01-27 17:04:13,890 - INFO - Processing URL: https://www.morphosource.org/concern/media/000691158?locale=en
2025-01-27 17:04:16,579 - INFO - Processing URL: https://www.morphosource.org/concern/media/000691154?locale=en
2025-01-27 17:04:18,938 - INFO - Processing URL: https://www.morphosource.org/concern/media/000691153?locale=en
2025-01-27 17:04:21,769 - INFO - Processing URL: https://www.morphosource.org/concern/media/000691138?locale=en
2025-01-27 17:04:24,131 - INFO - Processing URL: https://www.morphosource.org/concern/media/000691137?locale=en
2025-01-27 17:04:26,738 - INFO - Processing URL: https://www.morphosource.org/concern/media/000691123?locale=en
2025-01-27 17:04:28,884 - INFO - Processing URL: https://www.morphosource.org/concern/media/000691122?locale=en
2025-01-27 17:04:31,156 - INFO - Processing URL: https://www.morphosource.org/concern/media/000691107?locale=en
2025-01-27 17:04:33,467 - INFO - Processing URL: https://www.morphosource.org/concern/media/000691104?locale=en
2025-01-27 17:04:35,421 - INFO - Processing URL: https://www.morphosource.org/concern/media/000691046?locale=en
2025-01-27 17:04:38,605 - INFO - Processing URL: https://www.morphosource.org/concern/media/000691045?locale=en
2025-01-27 17:04:40,776 - INFO - Processing URL: https://www.morphosource.org/concern/media/000691040?locale=en
2025-01-27 17:04:43,217 - INFO - Processing URL: https://www.morphosource.org/concern/media/000691039?locale=en
2025-01-27 17:04:46,078 - INFO - Processing URL: https://www.morphosource.org/concern/media/000690996?locale=en
2025-01-27 17:04:48,395 - INFO - Processing URL: https://www.morphosource.org/concern/media/000690993?locale=en
2025-01-27 17:04:51,414 - INFO - Processing URL: https://www.morphosource.org/concern/media/000690988?locale=en
2025-01-27 17:04:54,524 - INFO - Processing URL: https://www.morphosource.org/concern/media/000690984?locale=en
2025-01-27 17:04:57,369 - INFO - Processing URL: https://www.morphosource.org/concern/media/000690978?locale=en
2025-01-27 17:05:00,070 - INFO - Processing URL: https://www.morphosource.org/concern/media/000690977?locale=en
2025-01-27 17:05:04,085 - INFO - Processing URL: https://www.morphosource.org/concern/media/000690970?locale=en
2025-01-27 17:05:06,680 - INFO - Processing URL: https://www.morphosource.org/concern/media/000690969?locale=en
2025-01-27 17:05:15,504 - INFO - Processing URL: https://www.morphosource.org/concern/media/000690959?locale=en
2025-01-27 17:05:17,671 - INFO - Processing URL: https://www.morphosource.org/concern/media/000690956?locale=en
2025-01-27 17:05:20,259 - INFO - Processing URL: https://www.morphosource.org/concern/media/000690951?locale=en
2025-01-27 17:05:22,468 - INFO - Processing URL: https://www.morphosource.org/concern/media/000690943?locale=en
2025-01-27 17:05:25,943 - INFO - Processing URL: https://www.morphosource.org/concern/media/000690924?locale=en
2025-01-27 17:05:27,942 - INFO - Processing URL: https://www.morphosource.org/concern/media/000690204?locale=en
2025-01-27 17:05:31,532 - INFO - Processing URL: https://www.morphosource.org/concern/media/000690166?locale=en
2025-01-27 17:05:35,047 - INFO - Processing URL: https://www.morphosource.org/concern/media/000690162?locale=en
2025-01-27 17:05:38,846 - INFO - Processing URL: https://www.morphosource.org/concern/media/000690158?locale=en
2025-01-27 17:05:40,946 - INFO - Processing URL: https://www.morphosource.org/concern/media/000690157?locale=en
2025-01-27 17:05:44,448 - INFO - Processing URL: https://www.morphosource.org/concern/media/000690151?locale=en
2025-01-27 17:05:47,367 - INFO - Processing URL: https://www.morphosource.org/concern/media/000690150?locale=en
2025-01-27 17:05:49,578 - INFO - Processing URL: https://www.morphosource.org/concern/media/000690144?locale=en
2025-01-27 17:05:51,780 - INFO - Processing URL: https://www.morphosource.org/concern/media/000690140?locale=en
2025-01-27 17:05:54,336 - INFO - Processing URL: https://www.morphosource.org/concern/media/000690136?locale=en
2025-01-27 17:05:57,608 - INFO - Processing URL: https://www.morphosource.org/concern/media/000690135?locale=en
2025-01-27 17:06:04,314 - INFO - Processing URL: https://www.morphosource.org/concern/media/000690129?locale=en
2025-01-27 17:06:07,705 - INFO - Processing URL: https://www.morphosource.org/concern/media/000690128?locale=en
2025-01-27 17:06:12,329 - INFO - Processing URL: https://www.morphosource.org/concern/media/000690121?locale=en
2025-01-27 17:06:14,933 - INFO - Saved 500 records to data/parquet/2025-01-27_16-44-25/morphosource_data_20250127_170614.parquet
2025-01-27 17:06:14,933 - INFO - Processed 500 records in this batch
