2025-01-26 20:45:43,065 - Data directory: data/2025-01-26_17-05-12
2025-01-26 20:45:43,066 - Output directory: data/2025-01-26_20-45-42
2025-01-26 20:45:43,066 - Using data file: data/2025-01-26_17-05-12/morphosource_data_complete.json
2025-01-26 20:45:47,047 - Latest webpage record ID: 000704255
2025-01-26 20:45:47,047 - Looking for data file at: /home/runner/work/NOCTURN-X-ray-repo/NOCTURN-X-ray-repo/data/2025-01-26_17-05-12/morphosource_data_complete.json
2025-01-26 20:45:47,047 - Contents of /home/runner/work/NOCTURN-X-ray-repo/NOCTURN-X-ray-repo/data/2025-01-26_17-05-12:
2025-01-26 20:45:47,047 -   - monthly_stats.json
2025-01-26 20:45:47,047 -   - morphosource_data_complete.json
2025-01-26 20:45:47,047 -   - monthly_release_notes.txt
2025-01-26 20:45:47,047 -   - monthly_analysis.json
2025-01-26 20:45:47,047 -   - daily_extractor.log
2025-01-26 20:45:47,047 -   - run_status.json
2025-01-26 20:45:47,047 -   - monthly_collector.log
2025-01-26 20:45:47,047 -   - attestation.json
2025-01-26 20:45:47,492 - Latest stored record ID: 000704255
2025-01-26 20:45:47,493 - No new records found - latest records match
2025-01-26 20:45:47,698 - Data directory: data/2025-01-26_17-05-12
2025-01-26 20:45:47,698 - Output directory: data/2025-01-26_20-45-42
2025-01-26 20:45:47,698 - Creating no-changes release notes
2025-01-26 20:45:47,698 - Created 'no changes' release notes at: data/2025-01-26_20-45-42/release_notes.txt
