2025-01-27 20:06:43,178 - INFO - Using data file: data/2025-01-27_01-34-38/morphosource_data_complete.json
2025-01-27 20:06:43,635 - INFO - Found 104398 URLs to process
2025-01-27 20:06:43,635 - INFO - Processing up to 10 records this batch (total target: 104398)
2025-01-27 20:06:43,635 - INFO - Starting at index 20, processed so far: 20
2025-01-27 20:06:43,734 - INFO - Setting up new Chrome driver
2025-01-27 20:06:44,071 - INFO - Processing URL: https://www.morphosource.org/concern/media/000703613?locale=en (Attempt 1/3)
2025-01-27 20:06:44,071 - INFO - Analyzing structure for: https://www.morphosource.org/concern/media/000703613?locale=en
2025-01-27 20:06:47,203 - INFO - Title loaded
2025-01-27 20:06:47,219 - INFO - Content elements found
2025-01-27 20:06:47,238 - INFO - Found media type using showcase layout
2025-01-27 20:06:47,238 - INFO - Detected Layout: showcase
2025-01-27 20:06:47,238 - INFO - Media Type: Volumetric Image Series
2025-01-27 20:06:48,482 - INFO - Successfully processed https://www.morphosource.org/concern/media/000703613?locale=en
2025-01-27 20:06:50,484 - INFO - Processing URL: https://www.morphosource.org/concern/media/000703603?locale=en (Attempt 1/3)
2025-01-27 20:06:50,484 - INFO - Analyzing structure for: https://www.morphosource.org/concern/media/000703603?locale=en
2025-01-27 20:06:52,034 - INFO - Title loaded
2025-01-27 20:06:52,046 - INFO - Content elements found
2025-01-27 20:06:52,060 - INFO - Found media type using showcase layout
2025-01-27 20:06:52,061 - INFO - Detected Layout: showcase
2025-01-27 20:06:52,061 - INFO - Media Type: Volumetric Image Series
2025-01-27 20:06:53,094 - INFO - Successfully processed https://www.morphosource.org/concern/media/000703603?locale=en
2025-01-27 20:06:55,096 - INFO - Processing URL: https://www.morphosource.org/concern/media/000703596?locale=en (Attempt 1/3)
2025-01-27 20:06:55,097 - INFO - Analyzing structure for: https://www.morphosource.org/concern/media/000703596?locale=en
2025-01-27 20:07:01,590 - INFO - Title loaded
2025-01-27 20:07:01,609 - INFO - Content elements found
2025-01-27 20:07:01,629 - INFO - Found media type using showcase layout
2025-01-27 20:07:01,629 - INFO - Detected Layout: showcase
2025-01-27 20:07:01,629 - INFO - Media Type: Volumetric Image Series
2025-01-27 20:07:02,586 - INFO - Successfully processed https://www.morphosource.org/concern/media/000703596?locale=en
2025-01-27 20:07:04,588 - INFO - Processing URL: https://www.morphosource.org/concern/media/000703591?locale=en (Attempt 1/3)
2025-01-27 20:07:04,588 - INFO - Analyzing structure for: https://www.morphosource.org/concern/media/000703591?locale=en
2025-01-27 20:07:08,206 - INFO - Title loaded
2025-01-27 20:07:08,222 - INFO - Content elements found
2025-01-27 20:07:08,243 - INFO - Found media type using showcase layout
2025-01-27 20:07:08,244 - INFO - Detected Layout: showcase
2025-01-27 20:07:08,244 - INFO - Media Type: Volumetric Image Series
2025-01-27 20:07:09,208 - INFO - Successfully processed https://www.morphosource.org/concern/media/000703591?locale=en
2025-01-27 20:07:11,211 - INFO - Processing URL: https://www.morphosource.org/concern/media/000703572?locale=en (Attempt 1/3)
2025-01-27 20:07:11,211 - INFO - Analyzing structure for: https://www.morphosource.org/concern/media/000703572?locale=en
2025-01-27 20:07:13,657 - INFO - Title loaded
2025-01-27 20:07:13,669 - INFO - Content elements found
2025-01-27 20:07:13,682 - INFO - Found media type using showcase layout
2025-01-27 20:07:13,682 - INFO - Detected Layout: showcase
2025-01-27 20:07:13,683 - INFO - Media Type: Volumetric Image Series
2025-01-27 20:07:14,481 - INFO - Successfully processed https://www.morphosource.org/concern/media/000703572?locale=en
2025-01-27 20:07:16,483 - INFO - Processing URL: https://www.morphosource.org/concern/media/000703563?locale=en (Attempt 1/3)
2025-01-27 20:07:16,484 - INFO - Analyzing structure for: https://www.morphosource.org/concern/media/000703563?locale=en
2025-01-27 20:07:18,577 - INFO - Title loaded
2025-01-27 20:07:18,589 - INFO - Content elements found
2025-01-27 20:07:18,601 - INFO - Found media type using showcase layout
2025-01-27 20:07:18,601 - INFO - Detected Layout: showcase
2025-01-27 20:07:18,601 - INFO - Media Type: Volumetric Image Series
2025-01-27 20:07:19,394 - INFO - Successfully processed https://www.morphosource.org/concern/media/000703563?locale=en
2025-01-27 20:07:21,396 - INFO - Processing URL: https://www.morphosource.org/concern/media/000703551?locale=en (Attempt 1/3)
2025-01-27 20:07:21,397 - INFO - Analyzing structure for: https://www.morphosource.org/concern/media/000703551?locale=en
2025-01-27 20:07:23,437 - INFO - Title loaded
2025-01-27 20:07:23,449 - INFO - Content elements found
2025-01-27 20:07:23,461 - INFO - Found media type using showcase layout
2025-01-27 20:07:23,461 - INFO - Detected Layout: showcase
2025-01-27 20:07:23,461 - INFO - Media Type: Volumetric Image Series
2025-01-27 20:07:24,548 - INFO - Successfully processed https://www.morphosource.org/concern/media/000703551?locale=en
2025-01-27 20:07:26,550 - INFO - Processing URL: https://www.morphosource.org/concern/media/000703547?locale=en (Attempt 1/3)
2025-01-27 20:07:26,550 - INFO - Analyzing structure for: https://www.morphosource.org/concern/media/000703547?locale=en
2025-01-27 20:07:28,542 - INFO - Title loaded
2025-01-27 20:07:28,557 - INFO - Content elements found
2025-01-27 20:07:28,576 - INFO - Found media type using showcase layout
2025-01-27 20:07:28,576 - INFO - Detected Layout: showcase
2025-01-27 20:07:28,576 - INFO - Media Type: Volumetric Image Series
2025-01-27 20:07:29,835 - INFO - Successfully processed https://www.morphosource.org/concern/media/000703547?locale=en
2025-01-27 20:07:31,836 - INFO - Processing URL: https://www.morphosource.org/concern/media/000703533?locale=en (Attempt 1/3)
2025-01-27 20:07:31,836 - INFO - Analyzing structure for: https://www.morphosource.org/concern/media/000703533?locale=en
2025-01-27 20:07:34,361 - INFO - Title loaded
2025-01-27 20:07:34,373 - INFO - Content elements found
2025-01-27 20:07:34,384 - INFO - Found media type using showcase layout
2025-01-27 20:07:34,384 - INFO - Detected Layout: showcase
2025-01-27 20:07:34,384 - INFO - Media Type: Volumetric Image Series
2025-01-27 20:07:35,181 - INFO - Successfully processed https://www.morphosource.org/concern/media/000703533?locale=en
2025-01-27 20:07:37,183 - INFO - Processing URL: https://www.morphosource.org/concern/media/000703497?locale=en (Attempt 1/3)
2025-01-27 20:07:37,184 - INFO - Analyzing structure for: https://www.morphosource.org/concern/media/000703497?locale=en
2025-01-27 20:07:39,143 - INFO - Title loaded
2025-01-27 20:07:39,155 - INFO - Content elements found
2025-01-27 20:07:39,170 - INFO - Found media type using showcase layout
2025-01-27 20:07:39,171 - INFO - Detected Layout: showcase
2025-01-27 20:07:39,171 - INFO - Media Type: Volumetric Image Series
2025-01-27 20:07:39,985 - INFO - Successfully processed https://www.morphosource.org/concern/media/000703497?locale=en
2025-01-27 20:07:42,037 - INFO - Saved 10 records to data/parquet/2025-01-27_20-06-42/morphosource_data_20250127_200741.parquet
2025-01-27 20:07:42,039 - INFO - Columns: url, processed_at, error, media_id, media_type, object_element_or_part, object_represented, object_taxonomy, object_organization, side, orientation, short_description, full_description, creator, date_created, date_uploaded, data_managed_by, data_uploaded_by, publication_status, download_reviewer, ip_holder, copyright_statement, creative_commons_license, morphosource_use_agreement_type, permits_commercial_use, permits_3d_use, required_archival_of_published_derivatives, funding_attribution, publisher, cite_as, media_preview_mode, additional_usage_agreement, morphosource_ark, morphosource_doi, external_identifier, external_media_url, file_name, file_formats, file_size, image_width, image_height, color_space, color_depth, compression, x_pixel_spacing, y_pixel_spacing, z_pixel_spacing, pixel_spacing_units, slice_thickness, number_of_images_in_set, number_of_parent_media, number_of_processing_events, modality, device, batch_index, attempt
2025-01-27 20:07:42,138 - INFO - Saved 10 records to data/parquet/2025-01-27_20-06-42/morphosource_data_20250127_200742.parquet
2025-01-27 20:07:42,138 - INFO - Columns: url, processed_at, error, media_id, media_type, object_element_or_part, object_represented, object_taxonomy, object_organization, side, orientation, short_description, full_description, creator, date_created, date_uploaded, data_managed_by, data_uploaded_by, publication_status, download_reviewer, ip_holder, copyright_statement, creative_commons_license, morphosource_use_agreement_type, permits_commercial_use, permits_3d_use, required_archival_of_published_derivatives, funding_attribution, publisher, cite_as, media_preview_mode, additional_usage_agreement, morphosource_ark, morphosource_doi, external_identifier, external_media_url, file_name, file_formats, file_size, image_width, image_height, color_space, color_depth, compression, x_pixel_spacing, y_pixel_spacing, z_pixel_spacing, pixel_spacing_units, slice_thickness, number_of_images_in_set, number_of_parent_media, number_of_processing_events, modality, device, batch_index, attempt
2025-01-27 20:07:42,138 - INFO - Processed 10 records in this batch
