2025-10-01 01:45:06,033 - Data directory: data/2025-10-01_01-45-03
2025-10-01 01:45:06,033 - Output directory: data/2025-10-01_01-45-03
2025-10-01 01:45:06,033 - Using data directory: data/2025-10-01_01-45-03
2025-10-01 01:45:06,033 - Looking for previous data in: data
2025-10-01 01:45:06,036 - Loading previous data from: data/2025-09-30_01-27-23/morphosource_data_complete.json
2025-10-01 01:45:06,454 - Loaded 108731 records from previous data file
2025-10-01 01:45:06,454 - Latest stored record ID: 000781024
2025-10-01 01:45:06,454 - Previous record count: 108731
2025-10-01 01:45:06,454 - Fetching page 1
2025-10-01 01:45:19,128 - Found record 000781242 - Total records: 1
2025-10-01 01:45:19,128 - Found record 000781238 - Total records: 2
2025-10-01 01:45:19,129 - Found record 000781235 - Total records: 3
2025-10-01 01:45:19,129 - Found record 000781229 - Total records: 4
2025-10-01 01:45:19,129 - Found record 000781225 - Total records: 5
2025-10-01 01:45:19,129 - Found record 000781219 - Total records: 6
2025-10-01 01:45:19,130 - Found record 000781215 - Total records: 7
2025-10-01 01:45:19,130 - Found record 000781209 - Total records: 8
2025-10-01 01:45:19,130 - Found record 000781205 - Total records: 9
2025-10-01 01:45:19,131 - Found record 000781201 - Total records: 10
2025-10-01 01:45:19,131 - Found record 000781195 - Total records: 11
2025-10-01 01:45:19,131 - Found record 000781191 - Total records: 12
2025-10-01 01:45:19,131 - Found record 000781164 - Total records: 13
2025-10-01 01:45:19,132 - Found record 000781144 - Total records: 14
2025-10-01 01:45:19,132 - Found record 000781140 - Total records: 15
2025-10-01 01:45:19,132 - Found record 000781135 - Total records: 16
2025-10-01 01:45:19,132 - Found record 000781131 - Total records: 17
2025-10-01 01:45:19,133 - Found record 000781119 - Total records: 18
2025-10-01 01:45:19,133 - Found record 000781115 - Total records: 19
2025-10-01 01:45:19,133 - Found record 000781109 - Total records: 20
2025-10-01 01:45:19,134 - Found record 000781103 - Total records: 21
2025-10-01 01:45:19,134 - Found record 000781100 - Total records: 22
2025-10-01 01:45:19,134 - Found record 000781097 - Total records: 23
2025-10-01 01:45:19,134 - Found record 000781024 - Total records: 24
2025-10-01 01:45:19,134 - Found latest stored record 000781024 - stopping fetch
2025-10-01 01:45:19,134 - Completed fetch - Found 24 new records
2025-10-01 01:45:19,135 - Latest webpage record ID: 000781242
2025-10-01 01:45:19,136 - New records available - latest records differ
2025-10-01 01:45:19,377 - New records: 24
2025-10-01 01:45:19,377 - Previous records: 108731
2025-10-01 01:45:19,377 - Combined records: 108754
2025-10-01 01:45:20,989 - Saved 108754 records to: data/2025-10-01_01-45-03/morphosource_data_complete.json
2025-10-01 01:45:20,989 - Created detailed release notes at: data/2025-10-01_01-45-03/release_notes.txt
