2025-12-17 01:44:33,584 - Data directory: data/2025-12-17_01-44-30
2025-12-17 01:44:33,584 - Output directory: data/2025-12-17_01-44-30
2025-12-17 01:44:33,584 - Fetch all mode: True
2025-12-17 01:44:33,585 - Using data directory: data/2025-12-17_01-44-30
2025-12-17 01:44:33,585 - Looking for previous data in: data
2025-12-17 01:44:33,587 - Loading previous data from: data/2025-10-06_01-28-33/morphosource_data_complete.json
2025-12-17 01:44:34,000 - Loaded 108782 records from previous data file
2025-12-17 01:44:34,001 - Latest stored record ID: 000781814
2025-12-17 01:44:34,001 - Previous record count: 108782
2025-12-17 01:44:34,001 - === FULL FETCH MODE: Collecting all records from all pages ===
2025-12-17 01:44:34,001 - Fetching page 1 via API
2025-12-17 01:44:44,402 - Retrying (Retry(total=2, connect=None, read=None, redirect=None, status=None)) after connection broken by 'ConnectTimeoutError(<HTTPSConnection(host='www.morphosource.org', port=443) at 0x7fac3419cd30>, 'Connection to www.morphosource.org timed out. (connect timeout=10)')': /catalog.json?q=X-Ray+Computed+Tomography&search_field=all_fields&sort=system_create_dtsi+desc&page=1&per_page=100
2025-12-17 01:45:04,450 - Retrying (Retry(total=1, connect=None, read=None, redirect=None, status=None)) after connection broken by 'ConnectTimeoutError(<HTTPSConnection(host='www.morphosource.org', port=443) at 0x7fac3419cf40>, 'Connection to www.morphosource.org timed out. (connect timeout=10)')': /catalog.json?q=X-Ray+Computed+Tomography&search_field=all_fields&sort=system_create_dtsi+desc&page=1&per_page=100
2025-12-17 01:45:34,708 - Retrying (Retry(total=0, connect=None, read=None, redirect=None, status=None)) after connection broken by 'ConnectTimeoutError(<HTTPSConnection(host='www.morphosource.org', port=443) at 0x7fac3419d0f0>, 'Connection to www.morphosource.org timed out. (connect timeout=10)')': /catalog.json?q=X-Ray+Computed+Tomography&search_field=all_fields&sort=system_create_dtsi+desc&page=1&per_page=100
2025-12-17 01:45:44,944 - API error on page 1: Network error: HTTPSConnectionPool(host='www.morphosource.org', port=443): Max retries exceeded with url: /catalog.json?q=X-Ray+Computed+Tomography&search_field=all_fields&sort=system_create_dtsi+desc&page=1&per_page=100 (Caused by ConnectTimeoutError(<HTTPSConnection(host='www.morphosource.org', port=443) at 0x7fac3419d2a0>, 'Connection to www.morphosource.org timed out. (connect timeout=10)')) (error 1/5)
2025-12-17 01:45:49,949 - Fetching page 1 via API
2025-12-17 01:45:59,959 - Retrying (Retry(total=2, connect=None, read=None, redirect=None, status=None)) after connection broken by 'ConnectTimeoutError(<HTTPSConnection(host='www.morphosource.org', port=443) at 0x7fac3419d6c0>, 'Connection to www.morphosource.org timed out. (connect timeout=10)')': /catalog.json?q=X-Ray+Computed+Tomography&search_field=all_fields&sort=system_create_dtsi+desc&page=1&per_page=100
2025-12-17 01:46:19,974 - Retrying (Retry(total=1, connect=None, read=None, redirect=None, status=None)) after connection broken by 'ConnectTimeoutError(<HTTPSConnection(host='www.morphosource.org', port=443) at 0x7fac3419d7b0>, 'Connection to www.morphosource.org timed out. (connect timeout=10)')': /catalog.json?q=X-Ray+Computed+Tomography&search_field=all_fields&sort=system_create_dtsi+desc&page=1&per_page=100
2025-12-17 01:46:50,230 - Retrying (Retry(total=0, connect=None, read=None, redirect=None, status=None)) after connection broken by 'ConnectTimeoutError(<HTTPSConnection(host='www.morphosource.org', port=443) at 0x7fac3419d960>, 'Connection to www.morphosource.org timed out. (connect timeout=10)')': /catalog.json?q=X-Ray+Computed+Tomography&search_field=all_fields&sort=system_create_dtsi+desc&page=1&per_page=100
2025-12-17 01:47:00,265 - API error on page 1: Network error: HTTPSConnectionPool(host='www.morphosource.org', port=443): Max retries exceeded with url: /catalog.json?q=X-Ray+Computed+Tomography&search_field=all_fields&sort=system_create_dtsi+desc&page=1&per_page=100 (Caused by ConnectTimeoutError(<HTTPSConnection(host='www.morphosource.org', port=443) at 0x7fac3419db10>, 'Connection to www.morphosource.org timed out. (connect timeout=10)')) (error 2/5)
2025-12-17 01:47:05,270 - Fetching page 1 via API
2025-12-17 01:47:15,309 - Retrying (Retry(total=2, connect=None, read=None, redirect=None, status=None)) after connection broken by 'ConnectTimeoutError(<HTTPSConnection(host='www.morphosource.org', port=443) at 0x7fac3419cc70>, 'Connection to www.morphosource.org timed out. (connect timeout=10)')': /catalog.json?q=X-Ray+Computed+Tomography&search_field=all_fields&sort=system_create_dtsi+desc&page=1&per_page=100
2025-12-17 01:47:35,536 - Retrying (Retry(total=1, connect=None, read=None, redirect=None, status=None)) after connection broken by 'ConnectTimeoutError(<HTTPSConnection(host='www.morphosource.org', port=443) at 0x7fac3419d0f0>, 'Connection to www.morphosource.org timed out. (connect timeout=10)')': /catalog.json?q=X-Ray+Computed+Tomography&search_field=all_fields&sort=system_create_dtsi+desc&page=1&per_page=100
2025-12-17 01:48:05,570 - Retrying (Retry(total=0, connect=None, read=None, redirect=None, status=None)) after connection broken by 'ConnectTimeoutError(<HTTPSConnection(host='www.morphosource.org', port=443) at 0x7fac3419d360>, 'Connection to www.morphosource.org timed out. (connect timeout=10)')': /catalog.json?q=X-Ray+Computed+Tomography&search_field=all_fields&sort=system_create_dtsi+desc&page=1&per_page=100
2025-12-17 01:48:15,695 - API error on page 1: Network error: HTTPSConnectionPool(host='www.morphosource.org', port=443): Max retries exceeded with url: /catalog.json?q=X-Ray+Computed+Tomography&search_field=all_fields&sort=system_create_dtsi+desc&page=1&per_page=100 (Caused by ConnectTimeoutError(<HTTPSConnection(host='www.morphosource.org', port=443) at 0x7fac3419d000>, 'Connection to www.morphosource.org timed out. (connect timeout=10)')) (error 3/5)
2025-12-17 01:48:20,701 - Fetching page 1 via API
2025-12-17 01:48:30,741 - Retrying (Retry(total=2, connect=None, read=None, redirect=None, status=None)) after connection broken by 'ConnectTimeoutError(<HTTPSConnection(host='www.morphosource.org', port=443) at 0x7fac3419df30>, 'Connection to www.morphosource.org timed out. (connect timeout=10)')': /catalog.json?q=X-Ray+Computed+Tomography&search_field=all_fields&sort=system_create_dtsi+desc&page=1&per_page=100
2025-12-17 01:48:50,764 - Retrying (Retry(total=1, connect=None, read=None, redirect=None, status=None)) after connection broken by 'ConnectTimeoutError(<HTTPSConnection(host='www.morphosource.org', port=443) at 0x7fac3419e020>, 'Connection to www.morphosource.org timed out. (connect timeout=10)')': /catalog.json?q=X-Ray+Computed+Tomography&search_field=all_fields&sort=system_create_dtsi+desc&page=1&per_page=100
2025-12-17 01:49:21,014 - Retrying (Retry(total=0, connect=None, read=None, redirect=None, status=None)) after connection broken by 'ConnectTimeoutError(<HTTPSConnection(host='www.morphosource.org', port=443) at 0x7fac3419e1d0>, 'Connection to www.morphosource.org timed out. (connect timeout=10)')': /catalog.json?q=X-Ray+Computed+Tomography&search_field=all_fields&sort=system_create_dtsi+desc&page=1&per_page=100
2025-12-17 01:49:31,027 - API error on page 1: Network error: HTTPSConnectionPool(host='www.morphosource.org', port=443): Max retries exceeded with url: /catalog.json?q=X-Ray+Computed+Tomography&search_field=all_fields&sort=system_create_dtsi+desc&page=1&per_page=100 (Caused by ConnectTimeoutError(<HTTPSConnection(host='www.morphosource.org', port=443) at 0x7fac3419e380>, 'Connection to www.morphosource.org timed out. (connect timeout=10)')) (error 4/5)
2025-12-17 01:49:36,032 - Fetching page 1 via API
2025-12-17 01:49:46,179 - Retrying (Retry(total=2, connect=None, read=None, redirect=None, status=None)) after connection broken by 'ConnectTimeoutError(<HTTPSConnection(host='www.morphosource.org', port=443) at 0x7fac3419e7a0>, 'Connection to www.morphosource.org timed out. (connect timeout=10)')': /catalog.json?q=X-Ray+Computed+Tomography&search_field=all_fields&sort=system_create_dtsi+desc&page=1&per_page=100
2025-12-17 01:50:06,202 - Retrying (Retry(total=1, connect=None, read=None, redirect=None, status=None)) after connection broken by 'ConnectTimeoutError(<HTTPSConnection(host='www.morphosource.org', port=443) at 0x7fac3419e890>, 'Connection to www.morphosource.org timed out. (connect timeout=10)')': /catalog.json?q=X-Ray+Computed+Tomography&search_field=all_fields&sort=system_create_dtsi+desc&page=1&per_page=100
2025-12-17 01:50:36,235 - Retrying (Retry(total=0, connect=None, read=None, redirect=None, status=None)) after connection broken by 'ConnectTimeoutError(<HTTPSConnection(host='www.morphosource.org', port=443) at 0x7fac3419ea40>, 'Connection to www.morphosource.org timed out. (connect timeout=10)')': /catalog.json?q=X-Ray+Computed+Tomography&search_field=all_fields&sort=system_create_dtsi+desc&page=1&per_page=100
2025-12-17 01:50:46,269 - API error on page 1: Network error: HTTPSConnectionPool(host='www.morphosource.org', port=443): Max retries exceeded with url: /catalog.json?q=X-Ray+Computed+Tomography&search_field=all_fields&sort=system_create_dtsi+desc&page=1&per_page=100 (Caused by ConnectTimeoutError(<HTTPSConnection(host='www.morphosource.org', port=443) at 0x7fac3419ebf0>, 'Connection to www.morphosource.org timed out. (connect timeout=10)')) (error 5/5)
2025-12-17 01:50:46,269 - Error getting records: Network error: HTTPSConnectionPool(host='www.morphosource.org', port=443): Max retries exceeded with url: /catalog.json?q=X-Ray+Computed+Tomography&search_field=all_fields&sort=system_create_dtsi+desc&page=1&per_page=100 (Caused by ConnectTimeoutError(<HTTPSConnection(host='www.morphosource.org', port=443) at 0x7fac3419ebf0>, 'Connection to www.morphosource.org timed out. (connect timeout=10)'))
2025-12-17 01:50:46,269 - Error in daily check: Network error: HTTPSConnectionPool(host='www.morphosource.org', port=443): Max retries exceeded with url: /catalog.json?q=X-Ray+Computed+Tomography&search_field=all_fields&sort=system_create_dtsi+desc&page=1&per_page=100 (Caused by ConnectTimeoutError(<HTTPSConnection(host='www.morphosource.org', port=443) at 0x7fac3419ebf0>, 'Connection to www.morphosource.org timed out. (connect timeout=10)'))
