2025-01-27 20:18:23,228 - INFO - Using data file: data/2025-01-27_01-34-38/morphosource_data_complete.json
2025-01-27 20:18:23,660 - INFO - Found 104398 URLs to process
2025-01-27 20:18:23,660 - INFO - Processing up to 10 records this batch (total target: 104398)
2025-01-27 20:18:23,660 - INFO - Starting at index 70, processed so far: 70
2025-01-27 20:18:23,745 - INFO - Setting up new Chrome driver
2025-01-27 20:18:24,235 - INFO - Processing URL: https://www.morphosource.org/concern/media/000702669?locale=en (Attempt 1/3)
2025-01-27 20:18:24,235 - INFO - Analyzing structure for: https://www.morphosource.org/concern/media/000702669?locale=en
2025-01-27 20:18:26,201 - INFO - Title loaded
2025-01-27 20:18:26,216 - INFO - Content elements found
2025-01-27 20:18:26,235 - INFO - Found media type using showcase layout
2025-01-27 20:18:26,235 - INFO - Detected Layout: showcase
2025-01-27 20:18:26,235 - INFO - Media Type: Volumetric Image Series
2025-01-27 20:18:27,519 - INFO - Successfully processed https://www.morphosource.org/concern/media/000702669?locale=en
2025-01-27 20:18:29,521 - INFO - Processing URL: https://www.morphosource.org/concern/media/000702665?locale=en (Attempt 1/3)
2025-01-27 20:18:29,521 - INFO - Analyzing structure for: https://www.morphosource.org/concern/media/000702665?locale=en
2025-01-27 20:18:32,188 - INFO - Title loaded
2025-01-27 20:18:32,203 - INFO - Content elements found
2025-01-27 20:18:32,220 - INFO - Found media type using showcase layout
2025-01-27 20:18:32,221 - INFO - Detected Layout: showcase
2025-01-27 20:18:32,221 - INFO - Media Type: Volumetric Image Series
2025-01-27 20:18:33,556 - INFO - Successfully processed https://www.morphosource.org/concern/media/000702665?locale=en
2025-01-27 20:18:35,558 - INFO - Processing URL: https://www.morphosource.org/concern/media/000702661?locale=en (Attempt 1/3)
2025-01-27 20:18:35,558 - INFO - Analyzing structure for: https://www.morphosource.org/concern/media/000702661?locale=en
2025-01-27 20:18:37,114 - INFO - Title loaded
2025-01-27 20:18:37,129 - INFO - Content elements found
2025-01-27 20:18:37,150 - INFO - Found media type using showcase layout
2025-01-27 20:18:37,150 - INFO - Detected Layout: showcase
2025-01-27 20:18:37,150 - INFO - Media Type: Volumetric Image Series
2025-01-27 20:18:38,383 - INFO - Successfully processed https://www.morphosource.org/concern/media/000702661?locale=en
2025-01-27 20:18:40,385 - INFO - Processing URL: https://www.morphosource.org/concern/media/000702657?locale=en (Attempt 1/3)
2025-01-27 20:18:40,386 - INFO - Analyzing structure for: https://www.morphosource.org/concern/media/000702657?locale=en
2025-01-27 20:18:42,227 - INFO - Title loaded
2025-01-27 20:18:42,245 - INFO - Content elements found
2025-01-27 20:18:42,266 - INFO - Found media type using showcase layout
2025-01-27 20:18:42,266 - INFO - Detected Layout: showcase
2025-01-27 20:18:42,267 - INFO - Media Type: Volumetric Image Series
2025-01-27 20:18:43,978 - INFO - Successfully processed https://www.morphosource.org/concern/media/000702657?locale=en
2025-01-27 20:18:45,981 - INFO - Processing URL: https://www.morphosource.org/concern/media/000702652?locale=en (Attempt 1/3)
2025-01-27 20:18:45,981 - INFO - Analyzing structure for: https://www.morphosource.org/concern/media/000702652?locale=en
2025-01-27 20:18:47,498 - INFO - Title loaded
2025-01-27 20:18:47,517 - INFO - Content elements found
2025-01-27 20:18:47,535 - INFO - Found media type using showcase layout
2025-01-27 20:18:47,535 - INFO - Detected Layout: showcase
2025-01-27 20:18:47,535 - INFO - Media Type: Volumetric Image Series
2025-01-27 20:18:48,829 - INFO - Successfully processed https://www.morphosource.org/concern/media/000702652?locale=en
2025-01-27 20:18:50,831 - INFO - Processing URL: https://www.morphosource.org/concern/media/000702644?locale=en (Attempt 1/3)
2025-01-27 20:18:50,831 - INFO - Analyzing structure for: https://www.morphosource.org/concern/media/000702644?locale=en
2025-01-27 20:18:52,032 - INFO - Title loaded
2025-01-27 20:18:52,047 - INFO - Content elements found
2025-01-27 20:18:52,067 - INFO - Found media type using showcase layout
2025-01-27 20:18:52,067 - INFO - Detected Layout: showcase
2025-01-27 20:18:52,067 - INFO - Media Type: Volumetric Image Series
2025-01-27 20:18:53,023 - INFO - Successfully processed https://www.morphosource.org/concern/media/000702644?locale=en
2025-01-27 20:18:55,024 - INFO - Processing URL: https://www.morphosource.org/concern/media/000702640?locale=en (Attempt 1/3)
2025-01-27 20:18:55,025 - INFO - Analyzing structure for: https://www.morphosource.org/concern/media/000702640?locale=en
2025-01-27 20:18:56,276 - INFO - Title loaded
2025-01-27 20:18:56,288 - INFO - Content elements found
2025-01-27 20:18:56,301 - INFO - Found media type using showcase layout
2025-01-27 20:18:56,301 - INFO - Detected Layout: showcase
2025-01-27 20:18:56,301 - INFO - Media Type: Volumetric Image Series
2025-01-27 20:18:57,338 - INFO - Successfully processed https://www.morphosource.org/concern/media/000702640?locale=en
2025-01-27 20:18:59,341 - INFO - Processing URL: https://www.morphosource.org/concern/media/000702636?locale=en (Attempt 1/3)
2025-01-27 20:18:59,341 - INFO - Analyzing structure for: https://www.morphosource.org/concern/media/000702636?locale=en
2025-01-27 20:19:00,648 - INFO - Title loaded
2025-01-27 20:19:00,663 - INFO - Content elements found
2025-01-27 20:19:00,682 - INFO - Found media type using showcase layout
2025-01-27 20:19:00,682 - INFO - Detected Layout: showcase
2025-01-27 20:19:00,682 - INFO - Media Type: Volumetric Image Series
2025-01-27 20:19:01,930 - INFO - Successfully processed https://www.morphosource.org/concern/media/000702636?locale=en
2025-01-27 20:19:03,933 - INFO - Processing URL: https://www.morphosource.org/concern/media/000702632?locale=en (Attempt 1/3)
2025-01-27 20:19:03,933 - INFO - Analyzing structure for: https://www.morphosource.org/concern/media/000702632?locale=en
2025-01-27 20:19:05,548 - INFO - Title loaded
2025-01-27 20:19:05,564 - INFO - Content elements found
2025-01-27 20:19:05,583 - INFO - Found media type using showcase layout
2025-01-27 20:19:05,583 - INFO - Detected Layout: showcase
2025-01-27 20:19:05,583 - INFO - Media Type: Volumetric Image Series
2025-01-27 20:19:06,817 - INFO - Successfully processed https://www.morphosource.org/concern/media/000702632?locale=en
2025-01-27 20:19:08,820 - INFO - Processing URL: https://www.morphosource.org/concern/media/000702628?locale=en (Attempt 1/3)
2025-01-27 20:19:08,820 - INFO - Analyzing structure for: https://www.morphosource.org/concern/media/000702628?locale=en
2025-01-27 20:19:10,385 - INFO - Title loaded
2025-01-27 20:19:10,403 - INFO - Content elements found
2025-01-27 20:19:10,421 - INFO - Found media type using showcase layout
2025-01-27 20:19:10,421 - INFO - Detected Layout: showcase
2025-01-27 20:19:10,421 - INFO - Media Type: Volumetric Image Series
2025-01-27 20:19:11,380 - INFO - Successfully processed https://www.morphosource.org/concern/media/000702628?locale=en
2025-01-27 20:19:13,417 - INFO - Saved 10 records to data/parquet/2025-01-27_20-18-22/morphosource_data_20250127_201913.parquet
2025-01-27 20:19:13,417 - INFO - Columns: url, processed_at, error, media_id, media_type, object_element_or_part, object_represented, object_taxonomy, object_organization, side, orientation, short_description, full_description, creator, date_created, date_uploaded, data_managed_by, data_uploaded_by, publication_status, download_reviewer, ip_holder, copyright_statement, creative_commons_license, morphosource_use_agreement_type, permits_commercial_use, permits_3d_use, required_archival_of_published_derivatives, funding_attribution, publisher, cite_as, media_preview_mode, additional_usage_agreement, morphosource_ark, morphosource_doi, external_identifier, external_media_url, file_name, file_formats, file_size, image_width, image_height, color_space, color_depth, compression, x_pixel_spacing, y_pixel_spacing, z_pixel_spacing, pixel_spacing_units, slice_thickness, number_of_images_in_set, number_of_parent_media, number_of_processing_events, modality, device, batch_index, attempt
2025-01-27 20:19:13,505 - INFO - Saved 10 records to data/parquet/2025-01-27_20-18-22/morphosource_data_20250127_201913.parquet
2025-01-27 20:19:13,506 - INFO - Columns: url, processed_at, error, media_id, media_type, object_element_or_part, object_represented, object_taxonomy, object_organization, side, orientation, short_description, full_description, creator, date_created, date_uploaded, data_managed_by, data_uploaded_by, publication_status, download_reviewer, ip_holder, copyright_statement, creative_commons_license, morphosource_use_agreement_type, permits_commercial_use, permits_3d_use, required_archival_of_published_derivatives, funding_attribution, publisher, cite_as, media_preview_mode, additional_usage_agreement, morphosource_ark, morphosource_doi, external_identifier, external_media_url, file_name, file_formats, file_size, image_width, image_height, color_space, color_depth, compression, x_pixel_spacing, y_pixel_spacing, z_pixel_spacing, pixel_spacing_units, slice_thickness, number_of_images_in_set, number_of_parent_media, number_of_processing_events, modality, device, batch_index, attempt
2025-01-27 20:19:13,506 - INFO - Processed 10 records in this batch
