2025-05-06 01:40:51,547 - Data directory: data/2025-05-06_01-40-49
2025-05-06 01:40:51,547 - Output directory: data/2025-05-06_01-40-49
2025-05-06 01:40:51,548 - Using data directory: data/2025-05-06_01-40-49
2025-05-06 01:40:51,548 - Looking for previous data in: data
2025-05-06 01:40:51,549 - Loading previous data from: data/2025-05-05_01-43-52/morphosource_data_complete.json
2025-05-06 01:40:51,552 - Loaded 795 records from previous data file
2025-05-06 01:40:51,552 - Latest stored record ID: 000739044
2025-05-06 01:40:51,552 - Previous record count: 795
2025-05-06 01:40:51,552 - Fetching page 1
2025-05-06 01:40:54,732 - Found record 000739230 - Total records: 1
2025-05-06 01:40:54,732 - Found record 000739225 - Total records: 2
2025-05-06 01:40:54,733 - Found record 000739208 - Total records: 3
2025-05-06 01:40:54,733 - Found record 000739204 - Total records: 4
2025-05-06 01:40:54,734 - Found record 000739197 - Total records: 5
2025-05-06 01:40:54,734 - Found record 000739192 - Total records: 6
2025-05-06 01:40:54,734 - Found record 000739187 - Total records: 7
2025-05-06 01:40:54,735 - Found record 000739044 - Total records: 8
2025-05-06 01:40:54,735 - Found latest stored record 000739044 - stopping fetch
2025-05-06 01:40:54,735 - Completed fetch - Found 8 new records
2025-05-06 01:40:54,735 - Latest webpage record ID: 000739230
2025-05-06 01:40:54,735 - New records available - latest records differ
2025-05-06 01:40:54,736 - New records: 8
2025-05-06 01:40:54,736 - Previous records: 795
2025-05-06 01:40:54,736 - Combined records: 802
2025-05-06 01:40:54,748 - Saved 802 records to: data/2025-05-06_01-40-49/morphosource_data_complete.json
2025-05-06 01:40:54,748 - Created detailed release notes at: data/2025-05-06_01-40-49/release_notes.txt
