2025-08-09 01:45:57,903 - Data directory: data/2025-08-09_01-45-52
2025-08-09 01:45:57,903 - Output directory: data/2025-08-09_01-45-52
2025-08-09 01:45:57,903 - Using data directory: data/2025-08-09_01-45-52
2025-08-09 01:45:57,904 - Looking for previous data in: data
2025-08-09 01:45:57,905 - Loading previous data from: data/2025-08-08_01-56-00/morphosource_data_complete.json
2025-08-09 01:45:58,332 - Loaded 108055 records from previous data file
2025-08-09 01:45:58,332 - Latest stored record ID: 000769203
2025-08-09 01:45:58,332 - Previous record count: 108055
2025-08-09 01:45:58,333 - Fetching page 1
2025-08-09 01:46:06,422 - Found record 000769273 - Total records: 1
2025-08-09 01:46:06,423 - Found record 000769216 - Total records: 2
2025-08-09 01:46:06,423 - Found record 000769203 - Total records: 3
2025-08-09 01:46:06,423 - Found latest stored record 000769203 - stopping fetch
2025-08-09 01:46:06,423 - Completed fetch - Found 3 new records
2025-08-09 01:46:06,424 - Latest webpage record ID: 000769273
2025-08-09 01:46:06,424 - New records available - latest records differ
2025-08-09 01:46:06,526 - New records: 3
2025-08-09 01:46:06,526 - Previous records: 108055
2025-08-09 01:46:06,526 - Combined records: 108057
2025-08-09 01:46:08,048 - Saved 108057 records to: data/2025-08-09_01-45-52/morphosource_data_complete.json
2025-08-09 01:46:08,048 - Created detailed release notes at: data/2025-08-09_01-45-52/release_notes.txt
