2025-09-03 01:25:18,214 - Data directory: data/2025-09-03_01-25-16
2025-09-03 01:25:18,214 - Output directory: data/2025-09-03_01-25-16
2025-09-03 01:25:18,214 - Using data directory: data/2025-09-03_01-25-16
2025-09-03 01:25:18,214 - Looking for previous data in: data
2025-09-03 01:25:18,216 - Loading previous data from: data/2025-09-02_01-38-41/morphosource_data_complete.json
2025-09-03 01:25:18,660 - Loaded 108196 records from previous data file
2025-09-03 01:25:18,660 - Latest stored record ID: 000774544
2025-09-03 01:25:18,660 - Previous record count: 108196
2025-09-03 01:25:18,660 - Fetching page 1
2025-09-03 01:25:21,336 - Found record 000774655 - Total records: 1
2025-09-03 01:25:21,336 - Found record 000774647 - Total records: 2
2025-09-03 01:25:21,337 - Found record 000774624 - Total records: 3
2025-09-03 01:25:21,337 - Found record 000774612 - Total records: 4
2025-09-03 01:25:21,338 - Found record 000774606 - Total records: 5
2025-09-03 01:25:21,338 - Found record 000774591 - Total records: 6
2025-09-03 01:25:21,338 - Found record 000774577 - Total records: 7
2025-09-03 01:25:21,339 - Found record 000774571 - Total records: 8
2025-09-03 01:25:21,339 - Found record 000774568 - Total records: 9
2025-09-03 01:25:21,339 - Found record 000774565 - Total records: 10
2025-09-03 01:25:21,340 - Found record 000774562 - Total records: 11
2025-09-03 01:25:21,340 - Found record 000774559 - Total records: 12
2025-09-03 01:25:21,341 - Found record 000774556 - Total records: 13
2025-09-03 01:25:21,341 - Found record 000774553 - Total records: 14
2025-09-03 01:25:21,341 - Found record 000774550 - Total records: 15
2025-09-03 01:25:21,342 - Found record 000774547 - Total records: 16
2025-09-03 01:25:21,342 - Found record 000774544 - Total records: 17
2025-09-03 01:25:21,342 - Found latest stored record 000774544 - stopping fetch
2025-09-03 01:25:21,342 - Completed fetch - Found 17 new records
2025-09-03 01:25:21,343 - Latest webpage record ID: 000774655
2025-09-03 01:25:21,343 - New records available - latest records differ
2025-09-03 01:25:21,519 - New records: 17
2025-09-03 01:25:21,519 - Previous records: 108196
2025-09-03 01:25:21,519 - Combined records: 108212
2025-09-03 01:25:23,101 - Saved 108212 records to: data/2025-09-03_01-25-16/morphosource_data_complete.json
2025-09-03 01:25:23,102 - Created detailed release notes at: data/2025-09-03_01-25-16/release_notes.txt
