2025-06-18 01:44:47,091 - Data directory: data/2025-06-18_01-44-45
2025-06-18 01:44:47,092 - Output directory: data/2025-06-18_01-44-45
2025-06-18 01:44:47,092 - Using data directory: data/2025-06-18_01-44-45
2025-06-18 01:44:47,092 - Looking for previous data in: data
2025-06-18 01:44:47,093 - Loading previous data from: data/2025-06-17_01-45-38/morphosource_data_complete.json
2025-06-18 01:44:47,098 - Loaded 1381 records from previous data file
2025-06-18 01:44:47,098 - Latest stored record ID: 000752693
2025-06-18 01:44:47,098 - Previous record count: 1381
2025-06-18 01:44:47,098 - Fetching page 1
2025-06-18 01:44:49,702 - Found record 000754322 - Total records: 1
2025-06-18 01:44:49,702 - Found record 000754317 - Total records: 2
2025-06-18 01:44:49,703 - Found record 000754312 - Total records: 3
2025-06-18 01:44:49,703 - Found record 000754284 - Total records: 4
2025-06-18 01:44:49,703 - Found record 000754276 - Total records: 5
2025-06-18 01:44:49,704 - Found record 000754237 - Total records: 6
2025-06-18 01:44:49,704 - Found record 000754167 - Total records: 7
2025-06-18 01:44:49,705 - Found record 000754127 - Total records: 8
2025-06-18 01:44:49,705 - Found record 000754032 - Total records: 9
2025-06-18 01:44:49,705 - Found record 000753970 - Total records: 10
2025-06-18 01:44:49,706 - Found record 000753821 - Total records: 11
2025-06-18 01:44:49,706 - Found record 000753582 - Total records: 12
2025-06-18 01:44:49,706 - Found record 000753545 - Total records: 13
2025-06-18 01:44:49,707 - Found record 000752693 - Total records: 14
2025-06-18 01:44:49,707 - Found latest stored record 000752693 - stopping fetch
2025-06-18 01:44:49,707 - Completed fetch - Found 14 new records
2025-06-18 01:44:49,707 - Latest webpage record ID: 000754322
2025-06-18 01:44:49,707 - New records available - latest records differ
2025-06-18 01:44:49,709 - New records: 14
2025-06-18 01:44:49,709 - Previous records: 1381
2025-06-18 01:44:49,709 - Combined records: 1394
2025-06-18 01:44:49,729 - Saved 1394 records to: data/2025-06-18_01-44-45/morphosource_data_complete.json
2025-06-18 01:44:49,729 - Created detailed release notes at: data/2025-06-18_01-44-45/release_notes.txt
