2025-10-04 01:23:40,092 - Data directory: data/2025-10-04_01-23-35
2025-10-04 01:23:40,092 - Output directory: data/2025-10-04_01-23-35
2025-10-04 01:23:40,092 - Using data directory: data/2025-10-04_01-23-35
2025-10-04 01:23:40,092 - Looking for previous data in: data
2025-10-04 01:23:40,095 - Loading previous data from: data/2025-10-03_01-25-58/morphosource_data_complete.json
2025-10-04 01:23:40,518 - Loaded 108761 records from previous data file
2025-10-04 01:23:40,518 - Latest stored record ID: 000781343
2025-10-04 01:23:40,518 - Previous record count: 108761
2025-10-04 01:23:40,518 - Fetching page 1
2025-10-04 01:23:54,146 - Found record 000781506 - Total records: 1
2025-10-04 01:23:54,146 - Found record 000781343 - Total records: 2
2025-10-04 01:23:54,146 - Found latest stored record 000781343 - stopping fetch
2025-10-04 01:23:54,146 - Completed fetch - Found 2 new records
2025-10-04 01:23:54,148 - Latest webpage record ID: 000781506
2025-10-04 01:23:54,148 - New records available - latest records differ
2025-10-04 01:23:54,239 - New records: 2
2025-10-04 01:23:54,239 - Previous records: 108761
2025-10-04 01:23:54,239 - Combined records: 108762
2025-10-04 01:23:55,888 - Saved 108762 records to: data/2025-10-04_01-23-35/morphosource_data_complete.json
2025-10-04 01:23:55,888 - Created detailed release notes at: data/2025-10-04_01-23-35/release_notes.txt
