2025-06-08 01:52:00,113 - Data directory: data/2025-06-08_01-51-58
2025-06-08 01:52:00,113 - Output directory: data/2025-06-08_01-51-58
2025-06-08 01:52:00,113 - Using data directory: data/2025-06-08_01-51-58
2025-06-08 01:52:00,114 - Looking for previous data in: data
2025-06-08 01:52:00,115 - Loading previous data from: data/2025-06-07_01-42-32/morphosource_data_complete.json
2025-06-08 01:52:00,119 - Loaded 1304 records from previous data file
2025-06-08 01:52:00,120 - Latest stored record ID: 000749743
2025-06-08 01:52:00,120 - Previous record count: 1304
2025-06-08 01:52:00,120 - Fetching page 1
2025-06-08 01:52:04,533 - Found record 000749910 - Total records: 1
2025-06-08 01:52:04,533 - Found record 000749907 - Total records: 2
2025-06-08 01:52:04,533 - Found record 000749904 - Total records: 3
2025-06-08 01:52:04,534 - Found record 000749901 - Total records: 4
2025-06-08 01:52:04,534 - Found record 000749743 - Total records: 5
2025-06-08 01:52:04,534 - Found latest stored record 000749743 - stopping fetch
2025-06-08 01:52:04,534 - Completed fetch - Found 5 new records
2025-06-08 01:52:04,534 - Latest webpage record ID: 000749910
2025-06-08 01:52:04,534 - New records available - latest records differ
2025-06-08 01:52:04,536 - New records: 5
2025-06-08 01:52:04,536 - Previous records: 1304
2025-06-08 01:52:04,536 - Combined records: 1308
2025-06-08 01:52:04,554 - Saved 1308 records to: data/2025-06-08_01-51-58/morphosource_data_complete.json
2025-06-08 01:52:04,555 - Created detailed release notes at: data/2025-06-08_01-51-58/release_notes.txt
