2026-02-19 00:35:01,468 - Data directory: data/2026-02-19_00-34-55
2026-02-19 00:35:01,468 - Output directory: data/2026-02-19_00-34-55
2026-02-19 00:35:01,468 - Fetch all mode: True
2026-02-19 00:35:01,468 - Using data directory: data/2026-02-19_00-34-55
2026-02-19 00:35:01,468 - Looking for previous data in: data
2026-02-19 00:35:01,473 - Loading previous data from: data/2025-10-06_01-28-33/morphosource_data_complete.json
2026-02-19 00:35:01,905 - Loaded 108782 records from previous data file
2026-02-19 00:35:01,906 - Latest stored record ID: 000781814
2026-02-19 00:35:01,906 - Previous record count: 108782
2026-02-19 00:35:01,906 - === FULL FETCH MODE: Collecting all records from all pages ===
2026-02-19 00:35:01,906 - Fetching page 1 via API
2026-02-19 00:35:32,453 - API error on page 1: Network error: HTTPSConnectionPool(host='www.morphosource.org', port=443): Max retries exceeded with url: /catalog.json?q=X-Ray+Computed+Tomography&search_field=all_fields&sort=system_create_dtsi+desc&page=1&per_page=100 (Caused by ResponseError('too many 500 error responses')) (error 1/5)
2026-02-19 00:35:37,459 - Fetching page 1 via API
2026-02-19 00:36:07,716 - API error on page 1: Network error: HTTPSConnectionPool(host='www.morphosource.org', port=443): Max retries exceeded with url: /catalog.json?q=X-Ray+Computed+Tomography&search_field=all_fields&sort=system_create_dtsi+desc&page=1&per_page=100 (Caused by ResponseError('too many 500 error responses')) (error 2/5)
2026-02-19 00:36:12,721 - Fetching page 1 via API
2026-02-19 00:36:42,975 - API error on page 1: Network error: HTTPSConnectionPool(host='www.morphosource.org', port=443): Max retries exceeded with url: /catalog.json?q=X-Ray+Computed+Tomography&search_field=all_fields&sort=system_create_dtsi+desc&page=1&per_page=100 (Caused by ResponseError('too many 500 error responses')) (error 3/5)
2026-02-19 00:36:47,980 - Fetching page 1 via API
2026-02-19 00:37:18,231 - API error on page 1: Network error: HTTPSConnectionPool(host='www.morphosource.org', port=443): Max retries exceeded with url: /catalog.json?q=X-Ray+Computed+Tomography&search_field=all_fields&sort=system_create_dtsi+desc&page=1&per_page=100 (Caused by ResponseError('too many 500 error responses')) (error 4/5)
2026-02-19 00:37:23,237 - Fetching page 1 via API
2026-02-19 00:37:53,522 - API error on page 1: Network error: HTTPSConnectionPool(host='www.morphosource.org', port=443): Max retries exceeded with url: /catalog.json?q=X-Ray+Computed+Tomography&search_field=all_fields&sort=system_create_dtsi+desc&page=1&per_page=100 (Caused by ResponseError('too many 500 error responses')) (error 5/5)
2026-02-19 00:37:53,523 - Error getting records: Network error: HTTPSConnectionPool(host='www.morphosource.org', port=443): Max retries exceeded with url: /catalog.json?q=X-Ray+Computed+Tomography&search_field=all_fields&sort=system_create_dtsi+desc&page=1&per_page=100 (Caused by ResponseError('too many 500 error responses'))
2026-02-19 00:37:53,523 - Error in daily check: Network error: HTTPSConnectionPool(host='www.morphosource.org', port=443): Max retries exceeded with url: /catalog.json?q=X-Ray+Computed+Tomography&search_field=all_fields&sort=system_create_dtsi+desc&page=1&per_page=100 (Caused by ResponseError('too many 500 error responses'))
