2025-08-24 01:49:20,917 - Data directory: data/2025-08-24_01-49-18
2025-08-24 01:49:20,917 - Output directory: data/2025-08-24_01-49-18
2025-08-24 01:49:20,917 - Using data directory: data/2025-08-24_01-49-18
2025-08-24 01:49:20,917 - Looking for previous data in: data
2025-08-24 01:49:20,920 - Loading previous data from: data/2025-08-23_01-36-43/morphosource_data_complete.json
2025-08-24 01:49:21,360 - Loaded 108133 records from previous data file
2025-08-24 01:49:21,360 - Latest stored record ID: 000771968
2025-08-24 01:49:21,360 - Previous record count: 108133
2025-08-24 01:49:21,360 - Fetching page 1
2025-08-24 01:49:25,887 - Found record 000772009 - Total records: 1
2025-08-24 01:49:25,888 - Found record 000772005 - Total records: 2
2025-08-24 01:49:25,888 - Found record 000772001 - Total records: 3
2025-08-24 01:49:25,888 - Found record 000771997 - Total records: 4
2025-08-24 01:49:25,889 - Found record 000771994 - Total records: 5
2025-08-24 01:49:25,889 - Found record 000771968 - Total records: 6
2025-08-24 01:49:25,889 - Found latest stored record 000771968 - stopping fetch
2025-08-24 01:49:25,889 - Completed fetch - Found 6 new records
2025-08-24 01:49:25,890 - Latest webpage record ID: 000772009
2025-08-24 01:49:25,890 - New records available - latest records differ
2025-08-24 01:49:26,010 - New records: 6
2025-08-24 01:49:26,010 - Previous records: 108133
2025-08-24 01:49:26,010 - Combined records: 108138
2025-08-24 01:49:27,589 - Saved 108138 records to: data/2025-08-24_01-49-18/morphosource_data_complete.json
2025-08-24 01:49:27,589 - Created detailed release notes at: data/2025-08-24_01-49-18/release_notes.txt
