2025-09-04 01:25:17,652 - Data directory: data/2025-09-04_01-25-14
2025-09-04 01:25:17,653 - Output directory: data/2025-09-04_01-25-14
2025-09-04 01:25:17,653 - Using data directory: data/2025-09-04_01-25-14
2025-09-04 01:25:17,653 - Looking for previous data in: data
2025-09-04 01:25:17,655 - Loading previous data from: data/2025-09-03_01-25-16/morphosource_data_complete.json
2025-09-04 01:25:18,083 - Loaded 108212 records from previous data file
2025-09-04 01:25:18,083 - Latest stored record ID: 000774655
2025-09-04 01:25:18,084 - Previous record count: 108212
2025-09-04 01:25:18,084 - Fetching page 1
2025-09-04 01:25:24,309 - Found record 000774760 - Total records: 1
2025-09-04 01:25:24,310 - Found record 000774750 - Total records: 2
2025-09-04 01:25:24,310 - Found record 000774736 - Total records: 3
2025-09-04 01:25:24,310 - Found record 000774730 - Total records: 4
2025-09-04 01:25:24,311 - Found record 000774725 - Total records: 5
2025-09-04 01:25:24,311 - Found record 000774715 - Total records: 6
2025-09-04 01:25:24,311 - Found record 000774706 - Total records: 7
2025-09-04 01:25:24,312 - Found record 000774655 - Total records: 8
2025-09-04 01:25:24,312 - Found latest stored record 000774655 - stopping fetch
2025-09-04 01:25:24,312 - Completed fetch - Found 8 new records
2025-09-04 01:25:24,313 - Latest webpage record ID: 000774760
2025-09-04 01:25:24,313 - New records available - latest records differ
2025-09-04 01:25:24,438 - New records: 8
2025-09-04 01:25:24,438 - Previous records: 108212
2025-09-04 01:25:24,438 - Combined records: 108219
2025-09-04 01:25:26,021 - Saved 108219 records to: data/2025-09-04_01-25-14/morphosource_data_complete.json
2025-09-04 01:25:26,022 - Created detailed release notes at: data/2025-09-04_01-25-14/release_notes.txt
