2026-05-30 00:54:30,278 - Data directory: data/2026-05-30_00-54-27
2026-05-30 00:54:30,278 - Output directory: data/2026-05-30_00-54-27
2026-05-30 00:54:30,278 - Fetch all mode: True
2026-05-30 00:54:30,278 - Using data directory: data/2026-05-30_00-54-27
2026-05-30 00:54:30,278 - Looking for previous data in: data
2026-05-30 00:54:30,285 - Loading previous data from: data/2025-10-06_01-28-33/morphosource_data_complete.json
2026-05-30 00:54:30,678 - Loaded 108782 records from previous data file
2026-05-30 00:54:30,678 - Latest stored record ID: 000781814
2026-05-30 00:54:30,678 - Previous record count: 108782
2026-05-30 00:54:30,678 - === FULL FETCH MODE: Collecting all records from all pages ===
2026-05-30 00:54:30,678 - Fetching page 1 via API
2026-05-30 00:54:30,943 - API error on page 1: Network error: Expecting value: line 1 column 1 (char 0) (error 1/5)
2026-05-30 00:54:35,948 - Fetching page 1 via API
2026-05-30 00:54:35,967 - API error on page 1: Network error: Expecting value: line 1 column 1 (char 0) (error 2/5)
2026-05-30 00:54:40,973 - Fetching page 1 via API
2026-05-30 00:54:40,993 - API error on page 1: Network error: Expecting value: line 1 column 1 (char 0) (error 3/5)
2026-05-30 00:54:45,998 - Fetching page 1 via API
2026-05-30 00:54:46,017 - API error on page 1: Network error: Expecting value: line 1 column 1 (char 0) (error 4/5)
2026-05-30 00:54:51,021 - Fetching page 1 via API
2026-05-30 00:54:51,040 - API error on page 1: Network error: Expecting value: line 1 column 1 (char 0) (error 5/5)
2026-05-30 00:54:51,040 - Error getting records: Network error: Expecting value: line 1 column 1 (char 0)
2026-05-30 00:54:51,040 - Error in daily check: Network error: Expecting value: line 1 column 1 (char 0)
