2025-09-11 01:28:26,841 - Data directory: data/2025-09-11_01-28-24
2025-09-11 01:28:26,841 - Output directory: data/2025-09-11_01-28-24
2025-09-11 01:28:26,841 - Using data directory: data/2025-09-11_01-28-24
2025-09-11 01:28:26,841 - Looking for previous data in: data
2025-09-11 01:28:26,846 - Loading previous data from: data/2025-09-10_01-26-17/morphosource_data_complete.json
2025-09-11 01:28:27,300 - Loaded 108305 records from previous data file
2025-09-11 01:28:27,301 - Latest stored record ID: 000776214
2025-09-11 01:28:27,301 - Previous record count: 108305
2025-09-11 01:28:27,301 - Fetching page 1
2025-09-11 01:28:33,131 - Found record 000776838 - Total records: 1
2025-09-11 01:28:33,131 - Found record 000776793 - Total records: 2
2025-09-11 01:28:33,132 - Found record 000776792 - Total records: 3
2025-09-11 01:28:33,132 - Found record 000776774 - Total records: 4
2025-09-11 01:28:33,132 - Found record 000776769 - Total records: 5
2025-09-11 01:28:33,133 - Found record 000776760 - Total records: 6
2025-09-11 01:28:33,133 - Found record 000776750 - Total records: 7
2025-09-11 01:28:33,133 - Found record 000776214 - Total records: 8
2025-09-11 01:28:33,133 - Found latest stored record 000776214 - stopping fetch
2025-09-11 01:28:33,134 - Completed fetch - Found 8 new records
2025-09-11 01:28:33,135 - Latest webpage record ID: 000776838
2025-09-11 01:28:33,135 - New records available - latest records differ
2025-09-11 01:28:33,262 - New records: 8
2025-09-11 01:28:33,262 - Previous records: 108305
2025-09-11 01:28:33,262 - Combined records: 108312
2025-09-11 01:28:34,842 - Saved 108312 records to: data/2025-09-11_01-28-24/morphosource_data_complete.json
2025-09-11 01:28:34,842 - Created detailed release notes at: data/2025-09-11_01-28-24/release_notes.txt
