2026-05-07 00:48:41,948 - Data directory: data/2026-05-07_00-48-38
2026-05-07 00:48:41,948 - Output directory: data/2026-05-07_00-48-38
2026-05-07 00:48:41,948 - Fetch all mode: True
2026-05-07 00:48:41,948 - Using data directory: data/2026-05-07_00-48-38
2026-05-07 00:48:41,949 - Looking for previous data in: data
2026-05-07 00:48:41,955 - Loading previous data from: data/2025-10-06_01-28-33/morphosource_data_complete.json
2026-05-07 00:48:42,348 - Loaded 108782 records from previous data file
2026-05-07 00:48:42,348 - Latest stored record ID: 000781814
2026-05-07 00:48:42,348 - Previous record count: 108782
2026-05-07 00:48:42,348 - === FULL FETCH MODE: Collecting all records from all pages ===
2026-05-07 00:48:42,348 - Fetching page 1 via API
2026-05-07 00:48:42,525 - API error on page 1: Network error: Expecting value: line 1 column 1 (char 0) (error 1/5)
2026-05-07 00:48:47,530 - Fetching page 1 via API
2026-05-07 00:48:47,550 - API error on page 1: Network error: Expecting value: line 1 column 1 (char 0) (error 2/5)
2026-05-07 00:48:52,555 - Fetching page 1 via API
2026-05-07 00:48:52,575 - API error on page 1: Network error: Expecting value: line 1 column 1 (char 0) (error 3/5)
2026-05-07 00:48:57,580 - Fetching page 1 via API
2026-05-07 00:48:57,603 - API error on page 1: Network error: Expecting value: line 1 column 1 (char 0) (error 4/5)
2026-05-07 00:49:02,608 - Fetching page 1 via API
2026-05-07 00:49:02,628 - API error on page 1: Network error: Expecting value: line 1 column 1 (char 0) (error 5/5)
2026-05-07 00:49:02,629 - Error getting records: Network error: Expecting value: line 1 column 1 (char 0)
2026-05-07 00:49:02,629 - Error in daily check: Network error: Expecting value: line 1 column 1 (char 0)
