2025-02-25 01:23:21,858 - Data directory: data/2025-02-25_01-23-21
2025-02-25 01:23:21,858 - Output directory: data/2025-02-25_01-23-21
2025-02-25 01:23:21,858 - Using data directory: data/2025-02-25_01-23-21
2025-02-25 01:23:21,858 - Looking for previous data in: data
2025-02-25 01:23:21,859 - Loading previous data from: data/2025-02-24_01-23-54/morphosource_data_complete.json
2025-02-25 01:23:22,266 - Loaded 105249 records from previous data file
2025-02-25 01:23:22,266 - Latest stored record ID: 000711953
2025-02-25 01:23:22,266 - Previous record count: 105249
2025-02-25 01:23:22,266 - Fetching page 1
2025-02-25 01:23:34,282 - Found record 000713045 - Total records: 1
2025-02-25 01:23:34,282 - Found record 000712757 - Total records: 2
2025-02-25 01:23:34,283 - Found record 000711953 - Total records: 3
2025-02-25 01:23:34,283 - Found latest stored record 000711953 - stopping fetch
2025-02-25 01:23:34,283 - Completed fetch - Found 3 new records
2025-02-25 01:23:34,283 - Latest webpage record ID: 000713045
2025-02-25 01:23:34,283 - New records available - latest records differ
2025-02-25 01:23:34,377 - New records: 3
2025-02-25 01:23:34,377 - Previous records: 105249
2025-02-25 01:23:34,377 - Combined records: 105251
2025-02-25 01:23:35,894 - Saved 105251 records to: data/2025-02-25_01-23-21/morphosource_data_complete.json
2025-02-25 01:23:35,894 - Created detailed release notes at: data/2025-02-25_01-23-21/release_notes.txt
