2025-02-01 01:23:50,202 - Data directory: data/2025-02-01_01-23-49
2025-02-01 01:23:50,202 - Output directory: data/2025-02-01_01-23-49
2025-02-01 01:23:50,202 - Using data directory: data/2025-02-01_01-23-49
2025-02-01 01:23:50,202 - Looking for previous data in: data
2025-02-01 01:23:50,202 - Loading previous data from: data/2025-01-31_01-19-35/morphosource_data_complete.json
2025-02-01 01:23:50,594 - Loaded 104502 records from previous data file
2025-02-01 01:23:50,594 - Latest stored record ID: 000705639
2025-02-01 01:23:50,594 - Previous record count: 104502
2025-02-01 01:23:50,594 - Fetching page 1
2025-02-01 01:23:56,117 - Found record 000705989 - Total records: 1
2025-02-01 01:23:56,118 - Found record 000705985 - Total records: 2
2025-02-01 01:23:56,118 - Found record 000705979 - Total records: 3
2025-02-01 01:23:56,118 - Found record 000705975 - Total records: 4
2025-02-01 01:23:56,119 - Found record 000705973 - Total records: 5
2025-02-01 01:23:56,119 - Found record 000705972 - Total records: 6
2025-02-01 01:23:56,120 - Found record 000705971 - Total records: 7
2025-02-01 01:23:56,120 - Found record 000705919 - Total records: 8
2025-02-01 01:23:56,121 - Found record 000705915 - Total records: 9
2025-02-01 01:23:56,121 - Found record 000705914 - Total records: 10
2025-02-01 01:23:56,122 - Found record 000705912 - Total records: 11
2025-02-01 01:23:56,122 - Found record 000705911 - Total records: 12
2025-02-01 01:23:56,122 - Found record 000705901 - Total records: 13
2025-02-01 01:23:56,123 - Found record 000705866 - Total records: 14
2025-02-01 01:23:56,123 - Found record 000705858 - Total records: 15
2025-02-01 01:23:56,124 - Found record 000705852 - Total records: 16
2025-02-01 01:23:56,124 - Found record 000705850 - Total records: 17
2025-02-01 01:23:56,125 - Found record 000705849 - Total records: 18
2025-02-01 01:23:56,125 - Found record 000705839 - Total records: 19
2025-02-01 01:23:56,125 - Found record 000705835 - Total records: 20
2025-02-01 01:23:56,126 - Found record 000705827 - Total records: 21
2025-02-01 01:23:56,126 - Found record 000705639 - Total records: 22
2025-02-01 01:23:56,126 - Found latest stored record 000705639 - stopping fetch
2025-02-01 01:23:56,126 - Completed fetch - Found 22 new records
2025-02-01 01:23:56,127 - Latest webpage record ID: 000705989
2025-02-01 01:23:56,127 - New records available - latest records differ
2025-02-01 01:23:56,347 - New records: 22
2025-02-01 01:23:56,347 - Previous records: 104502
2025-02-01 01:23:56,347 - Combined records: 104523
2025-02-01 01:23:57,912 - Saved 104523 records to: data/2025-02-01_01-23-49/morphosource_data_complete.json
2025-02-01 01:23:57,912 - Created detailed release notes at: data/2025-02-01_01-23-49/release_notes.txt
