2025-04-03 01:27:40,712 - Data directory: data/2025-04-03_01-27-37
2025-04-03 01:27:40,712 - Output directory: data/2025-04-03_01-27-37
2025-04-03 01:27:40,712 - Using data directory: data/2025-04-03_01-27-37
2025-04-03 01:27:40,713 - Looking for previous data in: data
2025-04-03 01:27:40,713 - Loading previous data from: data/2025-04-02_01-36-50/morphosource_data_complete.json
2025-04-03 01:27:40,714 - Loaded 400 records from previous data file
2025-04-03 01:27:40,715 - Latest stored record ID: 000724910
2025-04-03 01:27:40,715 - Previous record count: 400
2025-04-03 01:27:40,715 - Fetching page 1
2025-04-03 01:27:44,087 - Found record 000725312 - Total records: 1
2025-04-03 01:27:44,087 - Found record 000725276 - Total records: 2
2025-04-03 01:27:44,088 - Found record 000725266 - Total records: 3
2025-04-03 01:27:44,088 - Found record 000725251 - Total records: 4
2025-04-03 01:27:44,088 - Found record 000725235 - Total records: 5
2025-04-03 01:27:44,089 - Found record 000725232 - Total records: 6
2025-04-03 01:27:44,089 - Found record 000725228 - Total records: 7
2025-04-03 01:27:44,089 - Found record 000725221 - Total records: 8
2025-04-03 01:27:44,090 - Found record 000725218 - Total records: 9
2025-04-03 01:27:44,090 - Found record 000725212 - Total records: 10
2025-04-03 01:27:44,090 - Found record 000725206 - Total records: 11
2025-04-03 01:27:44,091 - Found record 000725200 - Total records: 12
2025-04-03 01:27:44,091 - Found record 000725179 - Total records: 13
2025-04-03 01:27:44,091 - Found record 000725166 - Total records: 14
2025-04-03 01:27:44,092 - Found record 000725161 - Total records: 15
2025-04-03 01:27:44,092 - Found record 000725148 - Total records: 16
2025-04-03 01:27:44,092 - Found record 000725143 - Total records: 17
2025-04-03 01:27:44,093 - Found record 000725038 - Total records: 18
2025-04-03 01:27:44,093 - Found record 000725031 - Total records: 19
2025-04-03 01:27:44,093 - Found record 000724910 - Total records: 20
2025-04-03 01:27:44,093 - Found latest stored record 000724910 - stopping fetch
2025-04-03 01:27:44,093 - Completed fetch - Found 20 new records
2025-04-03 01:27:44,094 - Latest webpage record ID: 000725312
2025-04-03 01:27:44,094 - New records available - latest records differ
2025-04-03 01:27:44,095 - New records: 20
2025-04-03 01:27:44,095 - Previous records: 400
2025-04-03 01:27:44,095 - Combined records: 419
2025-04-03 01:27:44,101 - Saved 419 records to: data/2025-04-03_01-27-37/morphosource_data_complete.json
2025-04-03 01:27:44,101 - Created detailed release notes at: data/2025-04-03_01-27-37/release_notes.txt
