2025-04-24 01:38:43,616 - Data directory: data/2025-04-24_01-38-41
2025-04-24 01:38:43,617 - Output directory: data/2025-04-24_01-38-41
2025-04-24 01:38:43,617 - Using data directory: data/2025-04-24_01-38-41
2025-04-24 01:38:43,617 - Looking for previous data in: data
2025-04-24 01:38:43,618 - Loading previous data from: data/2025-04-23_01-38-27/morphosource_data_complete.json
2025-04-24 01:38:43,621 - Loaded 750 records from previous data file
2025-04-24 01:38:43,621 - Latest stored record ID: 000733940
2025-04-24 01:38:43,621 - Previous record count: 750
2025-04-24 01:38:43,621 - Fetching page 1
2025-04-24 01:38:46,373 - Found record 000734060 - Total records: 1
2025-04-24 01:38:46,374 - Found record 000734055 - Total records: 2
2025-04-24 01:38:46,374 - Found record 000734050 - Total records: 3
2025-04-24 01:38:46,375 - Found record 000734045 - Total records: 4
2025-04-24 01:38:46,375 - Found record 000734040 - Total records: 5
2025-04-24 01:38:46,375 - Found record 000734035 - Total records: 6
2025-04-24 01:38:46,376 - Found record 000734030 - Total records: 7
2025-04-24 01:38:46,376 - Found record 000734025 - Total records: 8
2025-04-24 01:38:46,376 - Found record 000734020 - Total records: 9
2025-04-24 01:38:46,377 - Found record 000734015 - Total records: 10
2025-04-24 01:38:46,377 - Found record 000734009 - Total records: 11
2025-04-24 01:38:46,378 - Found record 000734008 - Total records: 12
2025-04-24 01:38:46,378 - Found record 000733998 - Total records: 13
2025-04-24 01:38:46,378 - Found record 000733996 - Total records: 14
2025-04-24 01:38:46,379 - Found record 000733989 - Total records: 15
2025-04-24 01:38:46,379 - Found record 000733984 - Total records: 16
2025-04-24 01:38:46,379 - Found record 000733940 - Total records: 17
2025-04-24 01:38:46,379 - Found latest stored record 000733940 - stopping fetch
2025-04-24 01:38:46,379 - Completed fetch - Found 17 new records
2025-04-24 01:38:46,380 - Latest webpage record ID: 000734060
2025-04-24 01:38:46,380 - New records available - latest records differ
2025-04-24 01:38:46,381 - New records: 17
2025-04-24 01:38:46,381 - Previous records: 750
2025-04-24 01:38:46,381 - Combined records: 766
2025-04-24 01:38:46,392 - Saved 766 records to: data/2025-04-24_01-38-41/morphosource_data_complete.json
2025-04-24 01:38:46,392 - Created detailed release notes at: data/2025-04-24_01-38-41/release_notes.txt
