2025-02-03 01:20:23,464 - Data directory: data/2025-02-03_01-20-23
2025-02-03 01:20:23,464 - Output directory: data/2025-02-03_01-20-23
2025-02-03 01:20:23,464 - Using data directory: data/2025-02-03_01-20-23
2025-02-03 01:20:23,464 - Looking for previous data in: data
2025-02-03 01:20:23,465 - Loading previous data from: data/2025-02-02_01-23-14/morphosource_data_complete.json
2025-02-03 01:20:23,837 - Loaded 104526 records from previous data file
2025-02-03 01:20:23,837 - Latest stored record ID: 000706029
2025-02-03 01:20:23,837 - Previous record count: 104526
2025-02-03 01:20:23,837 - Fetching page 1
2025-02-03 01:20:29,167 - Found record 000706045 - Total records: 1
2025-02-03 01:20:29,168 - Found record 000706044 - Total records: 2
2025-02-03 01:20:29,168 - Found record 000706043 - Total records: 3
2025-02-03 01:20:29,168 - Found record 000706042 - Total records: 4
2025-02-03 01:20:29,169 - Found record 000706029 - Total records: 5
2025-02-03 01:20:29,169 - Found latest stored record 000706029 - stopping fetch
2025-02-03 01:20:29,169 - Completed fetch - Found 5 new records
2025-02-03 01:20:29,169 - Latest webpage record ID: 000706045
2025-02-03 01:20:29,169 - New records available - latest records differ
2025-02-03 01:20:29,272 - New records: 5
2025-02-03 01:20:29,273 - Previous records: 104526
2025-02-03 01:20:29,273 - Combined records: 104530
2025-02-03 01:20:30,811 - Saved 104530 records to: data/2025-02-03_01-20-23/morphosource_data_complete.json
2025-02-03 01:20:30,811 - Created detailed release notes at: data/2025-02-03_01-20-23/release_notes.txt
