2025-05-30 01:40:42,645 - Data directory: data/2025-05-30_01-40-41
2025-05-30 01:40:42,646 - Output directory: data/2025-05-30_01-40-41
2025-05-30 01:40:42,646 - Using data directory: data/2025-05-30_01-40-41
2025-05-30 01:40:42,646 - Looking for previous data in: data
2025-05-30 01:40:42,647 - Loading previous data from: data/2025-05-29_01-42-46/morphosource_data_complete.json
2025-05-30 01:40:42,651 - Loaded 1040 records from previous data file
2025-05-30 01:40:42,651 - Latest stored record ID: 000746260
2025-05-30 01:40:42,651 - Previous record count: 1040
2025-05-30 01:40:42,651 - Fetching page 1
2025-05-30 01:40:45,881 - Found record 000747814 - Total records: 1
2025-05-30 01:40:45,882 - Found record 000747809 - Total records: 2
2025-05-30 01:40:45,882 - Found record 000747805 - Total records: 3
2025-05-30 01:40:45,882 - Found record 000747787 - Total records: 4
2025-05-30 01:40:45,883 - Found record 000747772 - Total records: 5
2025-05-30 01:40:45,883 - Found record 000747577 - Total records: 6
2025-05-30 01:40:45,883 - Found record 000747564 - Total records: 7
2025-05-30 01:40:45,884 - Found record 000746260 - Total records: 8
2025-05-30 01:40:45,884 - Found latest stored record 000746260 - stopping fetch
2025-05-30 01:40:45,884 - Completed fetch - Found 8 new records
2025-05-30 01:40:45,884 - Latest webpage record ID: 000747814
2025-05-30 01:40:45,884 - New records available - latest records differ
2025-05-30 01:40:45,885 - New records: 8
2025-05-30 01:40:45,886 - Previous records: 1040
2025-05-30 01:40:45,886 - Combined records: 1047
2025-05-30 01:40:45,901 - Saved 1047 records to: data/2025-05-30_01-40-41/morphosource_data_complete.json
2025-05-30 01:40:45,901 - Created detailed release notes at: data/2025-05-30_01-40-41/release_notes.txt
