2025-02-12 01:21:02,777 - Data directory: data/2025-02-12_01-21-02
2025-02-12 01:21:02,778 - Output directory: data/2025-02-12_01-21-02
2025-02-12 01:21:02,778 - Using data directory: data/2025-02-12_01-21-02
2025-02-12 01:21:02,778 - Looking for previous data in: data
2025-02-12 01:21:02,778 - Loading previous data from: data/2025-02-11_01-20-20/morphosource_data_complete.json
2025-02-12 01:21:03,177 - Loaded 105116 records from previous data file
2025-02-12 01:21:03,177 - Latest stored record ID: 000709198
2025-02-12 01:21:03,177 - Previous record count: 105116
2025-02-12 01:21:03,177 - Fetching page 1
2025-02-12 01:21:05,910 - Found record 000709492 - Total records: 1
2025-02-12 01:21:05,911 - Found record 000709487 - Total records: 2
2025-02-12 01:21:05,911 - Found record 000709482 - Total records: 3
2025-02-12 01:21:05,911 - Found record 000709476 - Total records: 4
2025-02-12 01:21:05,912 - Found record 000709471 - Total records: 5
2025-02-12 01:21:05,912 - Found record 000709467 - Total records: 6
2025-02-12 01:21:05,912 - Found record 000709463 - Total records: 7
2025-02-12 01:21:05,912 - Found record 000709459 - Total records: 8
2025-02-12 01:21:05,913 - Found record 000709455 - Total records: 9
2025-02-12 01:21:05,913 - Found record 000709451 - Total records: 10
2025-02-12 01:21:05,913 - Found record 000709447 - Total records: 11
2025-02-12 01:21:05,914 - Found record 000709443 - Total records: 12
2025-02-12 01:21:05,914 - Found record 000709439 - Total records: 13
2025-02-12 01:21:05,914 - Found record 000709432 - Total records: 14
2025-02-12 01:21:05,914 - Found record 000709428 - Total records: 15
2025-02-12 01:21:05,915 - Found record 000709424 - Total records: 16
2025-02-12 01:21:05,915 - Found record 000709420 - Total records: 17
2025-02-12 01:21:05,915 - Found record 000709416 - Total records: 18
2025-02-12 01:21:05,916 - Found record 000709412 - Total records: 19
2025-02-12 01:21:05,916 - Found record 000709408 - Total records: 20
2025-02-12 01:21:05,916 - Found record 000709402 - Total records: 21
2025-02-12 01:21:05,916 - Found record 000709395 - Total records: 22
2025-02-12 01:21:05,917 - Found record 000709391 - Total records: 23
2025-02-12 01:21:05,917 - Found record 000709387 - Total records: 24
2025-02-12 01:21:05,917 - Found record 000709383 - Total records: 25
2025-02-12 01:21:05,917 - Found record 000709379 - Total records: 26
2025-02-12 01:21:05,918 - Found record 000709375 - Total records: 27
2025-02-12 01:21:05,918 - Found record 000709370 - Total records: 28
2025-02-12 01:21:05,918 - Found record 000709362 - Total records: 29
2025-02-12 01:21:05,919 - Found record 000709358 - Total records: 30
2025-02-12 01:21:05,919 - Found record 000709354 - Total records: 31
2025-02-12 01:21:05,919 - Found record 000709350 - Total records: 32
2025-02-12 01:21:05,919 - Found record 000709346 - Total records: 33
2025-02-12 01:21:05,920 - Found record 000709342 - Total records: 34
2025-02-12 01:21:05,920 - Found record 000709338 - Total records: 35
2025-02-12 01:21:05,920 - Found record 000709334 - Total records: 36
2025-02-12 01:21:05,920 - Found record 000709330 - Total records: 37
2025-02-12 01:21:05,921 - Found record 000709326 - Total records: 38
2025-02-12 01:21:05,921 - Found record 000709322 - Total records: 39
2025-02-12 01:21:05,921 - Found record 000709318 - Total records: 40
2025-02-12 01:21:05,922 - Found record 000709314 - Total records: 41
2025-02-12 01:21:05,922 - Found record 000709274 - Total records: 42
2025-02-12 01:21:05,922 - Found record 000709264 - Total records: 43
2025-02-12 01:21:05,922 - Found record 000709223 - Total records: 44
2025-02-12 01:21:05,923 - Found record 000709218 - Total records: 45
2025-02-12 01:21:05,923 - Found record 000709213 - Total records: 46
2025-02-12 01:21:05,923 - Found record 000709208 - Total records: 47
2025-02-12 01:21:05,924 - Found record 000709203 - Total records: 48
2025-02-12 01:21:05,924 - Found record 000709198 - Total records: 49
2025-02-12 01:21:05,924 - Found latest stored record 000709198 - stopping fetch
2025-02-12 01:21:05,924 - Completed fetch - Found 49 new records
2025-02-12 01:21:05,924 - Latest webpage record ID: 000709492
2025-02-12 01:21:05,924 - New records available - latest records differ
2025-02-12 01:21:06,266 - New records: 49
2025-02-12 01:21:06,267 - Previous records: 105116
2025-02-12 01:21:06,267 - Combined records: 105164
2025-02-12 01:21:07,788 - Saved 105164 records to: data/2025-02-12_01-21-02/morphosource_data_complete.json
2025-02-12 01:21:07,788 - Created detailed release notes at: data/2025-02-12_01-21-02/release_notes.txt
