2025-09-24 01:27:31,497 - Data directory: data/2025-09-24_01-27-26
2025-09-24 01:27:31,497 - Output directory: data/2025-09-24_01-27-26
2025-09-24 01:27:31,498 - Using data directory: data/2025-09-24_01-27-26
2025-09-24 01:27:31,498 - Looking for previous data in: data
2025-09-24 01:27:31,500 - Loading previous data from: data/2025-09-22_01-42-22/morphosource_data_complete.json
2025-09-24 01:27:31,968 - Loaded 108678 records from previous data file
2025-09-24 01:27:31,968 - Latest stored record ID: 000780121
2025-09-24 01:27:31,968 - Previous record count: 108678
2025-09-24 01:27:31,968 - Fetching page 1
2025-09-24 01:28:10,722 - Found record 000780405 - Total records: 1
2025-09-24 01:28:10,723 - Found record 000780384 - Total records: 2
2025-09-24 01:28:10,723 - Found record 000780378 - Total records: 3
2025-09-24 01:28:10,723 - Found record 000780361 - Total records: 4
2025-09-24 01:28:10,724 - Found record 000780350 - Total records: 5
2025-09-24 01:28:10,724 - Found record 000780345 - Total records: 6
2025-09-24 01:28:10,724 - Found record 000780339 - Total records: 7
2025-09-24 01:28:10,724 - Found record 000780327 - Total records: 8
2025-09-24 01:28:10,725 - Found record 000780321 - Total records: 9
2025-09-24 01:28:10,725 - Found record 000780307 - Total records: 10
2025-09-24 01:28:10,725 - Found record 000780300 - Total records: 11
2025-09-24 01:28:10,725 - Found record 000780296 - Total records: 12
2025-09-24 01:28:10,726 - Found record 000780289 - Total records: 13
2025-09-24 01:28:10,726 - Found record 000780277 - Total records: 14
2025-09-24 01:28:10,726 - Found record 000780271 - Total records: 15
2025-09-24 01:28:10,726 - Found record 000780212 - Total records: 16
2025-09-24 01:28:10,727 - Found record 000780203 - Total records: 17
2025-09-24 01:28:10,727 - Found record 000780200 - Total records: 18
2025-09-24 01:28:10,727 - Found record 000780197 - Total records: 19
2025-09-24 01:28:10,727 - Found record 000780121 - Total records: 20
2025-09-24 01:28:10,727 - Found latest stored record 000780121 - stopping fetch
2025-09-24 01:28:10,728 - Completed fetch - Found 20 new records
2025-09-24 01:28:10,729 - Latest webpage record ID: 000780405
2025-09-24 01:28:10,729 - New records available - latest records differ
2025-09-24 01:28:10,949 - New records: 20
2025-09-24 01:28:10,949 - Previous records: 108678
2025-09-24 01:28:10,949 - Combined records: 108697
2025-09-24 01:28:12,990 - Saved 108697 records to: data/2025-09-24_01-27-26/morphosource_data_complete.json
2025-09-24 01:28:12,990 - Created detailed release notes at: data/2025-09-24_01-27-26/release_notes.txt
