2025-08-28 01:37:07,698 - Data directory: data/2025-08-28_01-37-05
2025-08-28 01:37:07,699 - Output directory: data/2025-08-28_01-37-05
2025-08-28 01:37:07,699 - Using data directory: data/2025-08-28_01-37-05
2025-08-28 01:37:07,699 - Looking for previous data in: data
2025-08-28 01:37:07,701 - Loading previous data from: data/2025-08-27_01-37-45/morphosource_data_complete.json
2025-08-28 01:37:08,147 - Loaded 108161 records from previous data file
2025-08-28 01:37:08,147 - Latest stored record ID: 000773054
2025-08-28 01:37:08,147 - Previous record count: 108161
2025-08-28 01:37:08,147 - Fetching page 1
2025-08-28 01:37:10,576 - Found record 000773313 - Total records: 1
2025-08-28 01:37:10,577 - Found record 000773293 - Total records: 2
2025-08-28 01:37:10,577 - Found record 000773285 - Total records: 3
2025-08-28 01:37:10,578 - Found record 000773263 - Total records: 4
2025-08-28 01:37:10,578 - Found record 000773054 - Total records: 5
2025-08-28 01:37:10,578 - Found latest stored record 000773054 - stopping fetch
2025-08-28 01:37:10,578 - Completed fetch - Found 5 new records
2025-08-28 01:37:10,579 - Latest webpage record ID: 000773313
2025-08-28 01:37:10,579 - New records available - latest records differ
2025-08-28 01:37:10,694 - New records: 5
2025-08-28 01:37:10,694 - Previous records: 108161
2025-08-28 01:37:10,694 - Combined records: 108165
2025-08-28 01:37:12,269 - Saved 108165 records to: data/2025-08-28_01-37-05/morphosource_data_complete.json
2025-08-28 01:37:12,269 - Created detailed release notes at: data/2025-08-28_01-37-05/release_notes.txt
