2025-03-11 01:25:30,959 - Data directory: data/2025-03-11_01-25-29
2025-03-11 01:25:30,959 - Output directory: data/2025-03-11_01-25-29
2025-03-11 01:25:30,960 - Using data directory: data/2025-03-11_01-25-29
2025-03-11 01:25:30,960 - Looking for previous data in: data
2025-03-11 01:25:30,960 - Loading previous data from: data/2025-03-10_01-12-02/morphosource_data_complete.json
2025-03-11 01:25:31,351 - Loaded 105379 records from previous data file
2025-03-11 01:25:31,352 - Latest stored record ID: 000717784
2025-03-11 01:25:31,352 - Previous record count: 105379
2025-03-11 01:25:31,352 - Fetching page 1
2025-03-11 01:25:33,729 - Found record 000718560 - Total records: 1
2025-03-11 01:25:33,729 - Found record 000718556 - Total records: 2
2025-03-11 01:25:33,730 - Found record 000718543 - Total records: 3
2025-03-11 01:25:33,730 - Found record 000718518 - Total records: 4
2025-03-11 01:25:33,731 - Found record 000718486 - Total records: 5
2025-03-11 01:25:33,731 - Found record 000718446 - Total records: 6
2025-03-11 01:25:33,731 - Found record 000718430 - Total records: 7
2025-03-11 01:25:33,732 - Found record 000718429 - Total records: 8
2025-03-11 01:25:33,732 - Found record 000718424 - Total records: 9
2025-03-11 01:25:33,732 - Found record 000718422 - Total records: 10
2025-03-11 01:25:33,733 - Found record 000718417 - Total records: 11
2025-03-11 01:25:33,733 - Found record 000718415 - Total records: 12
2025-03-11 01:25:33,734 - Found record 000718414 - Total records: 13
2025-03-11 01:25:33,734 - Found record 000718413 - Total records: 14
2025-03-11 01:25:33,734 - Found record 000718403 - Total records: 15
2025-03-11 01:25:33,735 - Found record 000718399 - Total records: 16
2025-03-11 01:25:33,735 - Found record 000718394 - Total records: 17
2025-03-11 01:25:33,735 - Found record 000718393 - Total records: 18
2025-03-11 01:25:33,736 - Found record 000718389 - Total records: 19
2025-03-11 01:25:33,736 - Found record 000718387 - Total records: 20
2025-03-11 01:25:33,737 - Found record 000718385 - Total records: 21
2025-03-11 01:25:33,737 - Found record 000718377 - Total records: 22
2025-03-11 01:25:33,737 - Found record 000718376 - Total records: 23
2025-03-11 01:25:33,738 - Found record 000718371 - Total records: 24
2025-03-11 01:25:33,738 - Found record 000718370 - Total records: 25
2025-03-11 01:25:33,738 - Found record 000718367 - Total records: 26
2025-03-11 01:25:33,739 - Found record 000718361 - Total records: 27
2025-03-11 01:25:33,739 - Found record 000718360 - Total records: 28
2025-03-11 01:25:33,740 - Found record 000718355 - Total records: 29
2025-03-11 01:25:33,740 - Found record 000718354 - Total records: 30
2025-03-11 01:25:33,740 - Found record 000718346 - Total records: 31
2025-03-11 01:25:33,741 - Found record 000718313 - Total records: 32
2025-03-11 01:25:33,741 - Found record 000718308 - Total records: 33
2025-03-11 01:25:33,741 - Found record 000718302 - Total records: 34
2025-03-11 01:25:33,742 - Found record 000718299 - Total records: 35
2025-03-11 01:25:33,742 - Found record 000718296 - Total records: 36
2025-03-11 01:25:33,742 - Found record 000718284 - Total records: 37
2025-03-11 01:25:33,743 - Found record 000718281 - Total records: 38
2025-03-11 01:25:33,743 - Found record 000718276 - Total records: 39
2025-03-11 01:25:33,743 - Found record 000718256 - Total records: 40
2025-03-11 01:25:33,744 - Found record 000718233 - Total records: 41
2025-03-11 01:25:33,744 - Found record 000718218 - Total records: 42
2025-03-11 01:25:33,745 - Found record 000718207 - Total records: 43
2025-03-11 01:25:33,745 - Found record 000718206 - Total records: 44
2025-03-11 01:25:33,745 - Found record 000718193 - Total records: 45
2025-03-11 01:25:33,746 - Found record 000718189 - Total records: 46
2025-03-11 01:25:33,746 - Found record 000718181 - Total records: 47
2025-03-11 01:25:33,746 - Found record 000718177 - Total records: 48
2025-03-11 01:25:33,747 - Found record 000718165 - Total records: 49
2025-03-11 01:25:33,747 - Found record 000718148 - Total records: 50
2025-03-11 01:25:33,747 - Found record 000718095 - Total records: 51
2025-03-11 01:25:33,748 - Found record 000717993 - Total records: 52
2025-03-11 01:25:33,748 - Found record 000717882 - Total records: 53
2025-03-11 01:25:33,748 - Found record 000717827 - Total records: 54
2025-03-11 01:25:33,749 - Found record 000717823 - Total records: 55
2025-03-11 01:25:33,749 - Found record 000717815 - Total records: 56
2025-03-11 01:25:33,749 - Found record 000717811 - Total records: 57
2025-03-11 01:25:33,750 - Found record 000717795 - Total records: 58
2025-03-11 01:25:33,750 - Found record 000717792 - Total records: 59
2025-03-11 01:25:33,751 - Found record 000717789 - Total records: 60
2025-03-11 01:25:33,751 - Found record 000717784 - Total records: 61
2025-03-11 01:25:33,751 - Found latest stored record 000717784 - stopping fetch
2025-03-11 01:25:33,751 - Completed fetch - Found 61 new records
2025-03-11 01:25:33,751 - Latest webpage record ID: 000718560
2025-03-11 01:25:33,751 - New records available - latest records differ
2025-03-11 01:25:34,167 - New records: 61
2025-03-11 01:25:34,167 - Previous records: 105379
2025-03-11 01:25:34,167 - Combined records: 105439
2025-03-11 01:25:35,701 - Saved 105439 records to: data/2025-03-11_01-25-29/morphosource_data_complete.json
2025-03-11 01:25:35,701 - Created detailed release notes at: data/2025-03-11_01-25-29/release_notes.txt
