2025-09-26 01:27:28,511 - Data directory: data/2025-09-26_01-27-24
2025-09-26 01:27:28,512 - Output directory: data/2025-09-26_01-27-24
2025-09-26 01:27:28,512 - Using data directory: data/2025-09-26_01-27-24
2025-09-26 01:27:28,512 - Looking for previous data in: data
2025-09-26 01:27:28,514 - Loading previous data from: data/2025-09-25_01-28-06/morphosource_data_complete.json
2025-09-26 01:27:28,942 - Loaded 108708 records from previous data file
2025-09-26 01:27:28,942 - Latest stored record ID: 000780507
2025-09-26 01:27:28,943 - Previous record count: 108708
2025-09-26 01:27:28,943 - Fetching page 1
2025-09-26 01:27:43,511 - Found record 000780534 - Total records: 1
2025-09-26 01:27:43,511 - Found record 000780530 - Total records: 2
2025-09-26 01:27:43,512 - Found record 000780525 - Total records: 3
2025-09-26 01:27:43,512 - Found record 000780507 - Total records: 4
2025-09-26 01:27:43,512 - Found latest stored record 000780507 - stopping fetch
2025-09-26 01:27:43,512 - Completed fetch - Found 4 new records
2025-09-26 01:27:43,513 - Latest webpage record ID: 000780534
2025-09-26 01:27:43,513 - New records available - latest records differ
2025-09-26 01:27:43,613 - New records: 4
2025-09-26 01:27:43,614 - Previous records: 108708
2025-09-26 01:27:43,614 - Combined records: 108711
2025-09-26 01:27:45,204 - Saved 108711 records to: data/2025-09-26_01-27-24/morphosource_data_complete.json
2025-09-26 01:27:45,204 - Created detailed release notes at: data/2025-09-26_01-27-24/release_notes.txt
