2025-01-26 20:35:41,006 - Data directory: data/2025-01-26_17-05-12
2025-01-26 20:35:41,006 - Output directory: data/2025-01-26_20-35-40
2025-01-26 20:35:41,007 - Using data file: data/2025-01-26_17-05-12/morphosource_data_complete.json
2025-01-26 20:35:44,474 - Latest webpage record ID: 000704255
2025-01-26 20:35:44,474 - Looking for data file at: /home/runner/work/NOCTURN-X-ray-repo/NOCTURN-X-ray-repo/data/2025-01-26_17-05-12/morphosource_data_complete.json
2025-01-26 20:35:44,474 - Contents of /home/runner/work/NOCTURN-X-ray-repo/NOCTURN-X-ray-repo/data/2025-01-26_17-05-12:
2025-01-26 20:35:44,474 -   - monthly_stats.json
2025-01-26 20:35:44,474 -   - morphosource_data_complete.json
2025-01-26 20:35:44,474 -   - monthly_release_notes.txt
2025-01-26 20:35:44,474 -   - monthly_analysis.json
2025-01-26 20:35:44,474 -   - daily_extractor.log
2025-01-26 20:35:44,474 -   - run_status.json
2025-01-26 20:35:44,474 -   - monthly_collector.log
2025-01-26 20:35:44,474 -   - attestation.json
2025-01-26 20:35:44,920 - Latest stored record ID: 000704255
2025-01-26 20:35:44,920 - No new records found - latest records match
2025-01-26 20:35:45,125 - Data directory: data/2025-01-26_17-05-12
2025-01-26 20:35:45,125 - Output directory: data/2025-01-26_20-35-40
2025-01-26 20:35:45,125 - Creating no-changes release notes
2025-01-26 20:35:45,126 - Created 'no changes' release notes at: data/2025-01-26_20-35-40/release_notes.txt
