2025-02-18 01:20:47,982 - Data directory: data/2025-02-18_01-20-47
2025-02-18 01:20:47,982 - Output directory: data/2025-02-18_01-20-47
2025-02-18 01:20:47,982 - Using data directory: data/2025-02-18_01-20-47
2025-02-18 01:20:47,982 - Looking for previous data in: data
2025-02-18 01:20:47,983 - Loading previous data from: data/2025-02-17_01-23-40/morphosource_data_complete.json
2025-02-18 01:20:48,360 - Loaded 105231 records from previous data file
2025-02-18 01:20:48,361 - Latest stored record ID: 000710657
2025-02-18 01:20:48,361 - Previous record count: 105231
2025-02-18 01:20:48,361 - Fetching page 1
2025-02-18 01:20:51,866 - Found record 000710938 - Total records: 1
2025-02-18 01:20:51,867 - Found record 000710933 - Total records: 2
2025-02-18 01:20:51,867 - Found record 000710900 - Total records: 3
2025-02-18 01:20:51,867 - Found record 000710899 - Total records: 4
2025-02-18 01:20:51,868 - Found record 000710657 - Total records: 5
2025-02-18 01:20:51,868 - Found latest stored record 000710657 - stopping fetch
2025-02-18 01:20:51,868 - Completed fetch - Found 5 new records
2025-02-18 01:20:51,868 - Latest webpage record ID: 000710938
2025-02-18 01:20:51,868 - New records available - latest records differ
2025-02-18 01:20:51,976 - New records: 5
2025-02-18 01:20:51,976 - Previous records: 105231
2025-02-18 01:20:51,976 - Combined records: 105235
2025-02-18 01:20:53,495 - Saved 105235 records to: data/2025-02-18_01-20-47/morphosource_data_complete.json
2025-02-18 01:20:53,496 - Created detailed release notes at: data/2025-02-18_01-20-47/release_notes.txt
