2025-02-15 01:20:00,735 - Data directory: data/2025-02-15_01-20-00
2025-02-15 01:20:00,735 - Output directory: data/2025-02-15_01-20-00
2025-02-15 01:20:00,736 - Using data directory: data/2025-02-15_01-20-00
2025-02-15 01:20:00,736 - Looking for previous data in: data
2025-02-15 01:20:00,736 - Loading previous data from: data/2025-02-14_01-20-49/morphosource_data_complete.json
2025-02-15 01:20:01,119 - Loaded 105182 records from previous data file
2025-02-15 01:20:01,119 - Latest stored record ID: 000709984
2025-02-15 01:20:01,119 - Previous record count: 105182
2025-02-15 01:20:01,119 - Fetching page 1
2025-02-15 01:20:05,012 - Found record 000710344 - Total records: 1
2025-02-15 01:20:05,013 - Found record 000710330 - Total records: 2
2025-02-15 01:20:05,013 - Found record 000710313 - Total records: 3
2025-02-15 01:20:05,013 - Found record 000710276 - Total records: 4
2025-02-15 01:20:05,014 - Found record 000710235 - Total records: 5
2025-02-15 01:20:05,014 - Found record 000710218 - Total records: 6
2025-02-15 01:20:05,014 - Found record 000710213 - Total records: 7
2025-02-15 01:20:05,015 - Found record 000710207 - Total records: 8
2025-02-15 01:20:05,015 - Found record 000710201 - Total records: 9
2025-02-15 01:20:05,015 - Found record 000710179 - Total records: 10
2025-02-15 01:20:05,016 - Found record 000710161 - Total records: 11
2025-02-15 01:20:05,016 - Found record 000709984 - Total records: 12
2025-02-15 01:20:05,016 - Found latest stored record 000709984 - stopping fetch
2025-02-15 01:20:05,016 - Completed fetch - Found 12 new records
2025-02-15 01:20:05,016 - Latest webpage record ID: 000710344
2025-02-15 01:20:05,017 - New records available - latest records differ
2025-02-15 01:20:05,154 - New records: 12
2025-02-15 01:20:05,154 - Previous records: 105182
2025-02-15 01:20:05,154 - Combined records: 105193
2025-02-15 01:20:06,672 - Saved 105193 records to: data/2025-02-15_01-20-00/morphosource_data_complete.json
2025-02-15 01:20:06,673 - Created detailed release notes at: data/2025-02-15_01-20-00/release_notes.txt
