2025-03-18 01:25:50,872 - Data directory: data/2025-03-18_01-25-49
2025-03-18 01:25:50,873 - Output directory: data/2025-03-18_01-25-49
2025-03-18 01:25:50,873 - Using data directory: data/2025-03-18_01-25-49
2025-03-18 01:25:50,873 - Looking for previous data in: data
2025-03-18 01:25:50,874 - Loading previous data from: data/2025-03-17_01-27-42/morphosource_data_complete.json
2025-03-18 01:25:51,247 - Loaded 105536 records from previous data file
2025-03-18 01:25:51,247 - Latest stored record ID: 000720739
2025-03-18 01:25:51,247 - Previous record count: 105536
2025-03-18 01:25:51,247 - Fetching page 1
2025-03-18 01:25:55,246 - Found record 000721605 - Total records: 1
2025-03-18 01:25:55,246 - Found record 000721600 - Total records: 2
2025-03-18 01:25:55,247 - Found record 000721599 - Total records: 3
2025-03-18 01:25:55,247 - Found record 000721592 - Total records: 4
2025-03-18 01:25:55,247 - Found record 000721591 - Total records: 5
2025-03-18 01:25:55,247 - Found record 000721584 - Total records: 6
2025-03-18 01:25:55,248 - Found record 000721583 - Total records: 7
2025-03-18 01:25:55,248 - Found record 000721576 - Total records: 8
2025-03-18 01:25:55,248 - Found record 000721575 - Total records: 9
2025-03-18 01:25:55,249 - Found record 000721568 - Total records: 10
2025-03-18 01:25:55,249 - Found record 000721567 - Total records: 11
2025-03-18 01:25:55,249 - Found record 000721560 - Total records: 12
2025-03-18 01:25:55,250 - Found record 000721559 - Total records: 13
2025-03-18 01:25:55,250 - Found record 000721553 - Total records: 14
2025-03-18 01:25:55,250 - Found record 000721539 - Total records: 15
2025-03-18 01:25:55,251 - Found record 000721423 - Total records: 16
2025-03-18 01:25:55,251 - Found record 000721416 - Total records: 17
2025-03-18 01:25:55,251 - Found record 000721408 - Total records: 18
2025-03-18 01:25:55,251 - Found record 000721401 - Total records: 19
2025-03-18 01:25:55,252 - Found record 000721394 - Total records: 20
2025-03-18 01:25:55,252 - Found record 000721389 - Total records: 21
2025-03-18 01:25:55,252 - Found record 000721379 - Total records: 22
2025-03-18 01:25:55,253 - Found record 000721374 - Total records: 23
2025-03-18 01:25:55,253 - Found record 000720739 - Total records: 24
2025-03-18 01:25:55,253 - Found latest stored record 000720739 - stopping fetch
2025-03-18 01:25:55,253 - Completed fetch - Found 24 new records
2025-03-18 01:25:55,253 - Latest webpage record ID: 000721605
2025-03-18 01:25:55,253 - New records available - latest records differ
2025-03-18 01:25:55,479 - New records: 24
2025-03-18 01:25:55,479 - Previous records: 105536
2025-03-18 01:25:55,479 - Combined records: 105559
2025-03-18 01:25:56,982 - Saved 105559 records to: data/2025-03-18_01-25-49/morphosource_data_complete.json
2025-03-18 01:25:56,983 - Created detailed release notes at: data/2025-03-18_01-25-49/release_notes.txt
