2025-10-03 01:26:02,896 - Data directory: data/2025-10-03_01-25-58
2025-10-03 01:26:02,896 - Output directory: data/2025-10-03_01-25-58
2025-10-03 01:26:02,896 - Using data directory: data/2025-10-03_01-25-58
2025-10-03 01:26:02,896 - Looking for previous data in: data
2025-10-03 01:26:02,899 - Loading previous data from: data/2025-10-02_01-26-12/morphosource_data_complete.json
2025-10-03 01:26:03,328 - Loaded 108758 records from previous data file
2025-10-03 01:26:03,328 - Latest stored record ID: 000781295
2025-10-03 01:26:03,328 - Previous record count: 108758
2025-10-03 01:26:03,328 - Fetching page 1
2025-10-03 01:26:17,494 - Found record 000781343 - Total records: 1
2025-10-03 01:26:17,494 - Found record 000781319 - Total records: 2
2025-10-03 01:26:17,494 - Found record 000781302 - Total records: 3
2025-10-03 01:26:17,495 - Found record 000781295 - Total records: 4
2025-10-03 01:26:17,495 - Found latest stored record 000781295 - stopping fetch
2025-10-03 01:26:17,495 - Completed fetch - Found 4 new records
2025-10-03 01:26:17,496 - Latest webpage record ID: 000781343
2025-10-03 01:26:17,496 - New records available - latest records differ
2025-10-03 01:26:17,598 - New records: 4
2025-10-03 01:26:17,598 - Previous records: 108758
2025-10-03 01:26:17,598 - Combined records: 108761
2025-10-03 01:26:19,182 - Saved 108761 records to: data/2025-10-03_01-25-58/morphosource_data_complete.json
2025-10-03 01:26:19,182 - Created detailed release notes at: data/2025-10-03_01-25-58/release_notes.txt
