2025-01-27 20:04:51,492 - INFO - Using data file: data/2025-01-27_01-34-38/morphosource_data_complete.json
2025-01-27 20:04:51,907 - INFO - Found 104398 URLs to process
2025-01-27 20:04:51,907 - INFO - Processing up to 10 records this batch (total target: 104398)
2025-01-27 20:04:51,907 - INFO - Starting at index 10, processed so far: 10
2025-01-27 20:04:52,041 - INFO - Setting up new Chrome driver
2025-01-27 20:04:52,556 - INFO - Processing URL: https://www.morphosource.org/concern/media/000703945?locale=en (Attempt 1/3)
2025-01-27 20:04:52,556 - INFO - Analyzing structure for: https://www.morphosource.org/concern/media/000703945?locale=en
2025-01-27 20:04:55,140 - INFO - Title loaded
2025-01-27 20:04:55,154 - INFO - Content elements found
2025-01-27 20:04:55,173 - INFO - Found media type using showcase layout
2025-01-27 20:04:55,173 - INFO - Detected Layout: showcase
2025-01-27 20:04:55,173 - INFO - Media Type: Volumetric Image Series
2025-01-27 20:04:56,080 - INFO - Successfully processed https://www.morphosource.org/concern/media/000703945?locale=en
2025-01-27 20:04:58,082 - INFO - Processing URL: https://www.morphosource.org/concern/media/000703897?locale=en (Attempt 1/3)
2025-01-27 20:04:58,082 - INFO - Analyzing structure for: https://www.morphosource.org/concern/media/000703897?locale=en
2025-01-27 20:04:59,466 - INFO - Title loaded
2025-01-27 20:04:59,480 - INFO - Content elements found
2025-01-27 20:04:59,494 - INFO - Found media type using showcase layout
2025-01-27 20:04:59,494 - INFO - Detected Layout: showcase
2025-01-27 20:04:59,494 - INFO - Media Type: Image
2025-01-27 20:05:00,064 - INFO - Successfully processed https://www.morphosource.org/concern/media/000703897?locale=en
2025-01-27 20:05:02,067 - INFO - Processing URL: https://www.morphosource.org/concern/media/000703876?locale=en (Attempt 1/3)
2025-01-27 20:05:02,067 - INFO - Analyzing structure for: https://www.morphosource.org/concern/media/000703876?locale=en
2025-01-27 20:05:03,884 - INFO - Title loaded
2025-01-27 20:05:03,896 - INFO - Content elements found
2025-01-27 20:05:03,907 - INFO - Found media type using showcase layout
2025-01-27 20:05:03,907 - INFO - Detected Layout: showcase
2025-01-27 20:05:03,907 - INFO - Media Type: Volumetric Image Series
2025-01-27 20:05:04,771 - INFO - Successfully processed https://www.morphosource.org/concern/media/000703876?locale=en
2025-01-27 20:05:06,774 - INFO - Processing URL: https://www.morphosource.org/concern/media/000703862?locale=en (Attempt 1/3)
2025-01-27 20:05:06,774 - INFO - Analyzing structure for: https://www.morphosource.org/concern/media/000703862?locale=en
2025-01-27 20:05:08,480 - INFO - Title loaded
2025-01-27 20:05:08,496 - INFO - Content elements found
2025-01-27 20:05:08,514 - INFO - Found media type using showcase layout
2025-01-27 20:05:08,514 - INFO - Detected Layout: showcase
2025-01-27 20:05:08,514 - INFO - Media Type: Volumetric Image Series
2025-01-27 20:05:09,717 - INFO - Successfully processed https://www.morphosource.org/concern/media/000703862?locale=en
2025-01-27 20:05:11,718 - INFO - Processing URL: https://www.morphosource.org/concern/media/000703763?locale=en (Attempt 1/3)
2025-01-27 20:05:11,718 - INFO - Analyzing structure for: https://www.morphosource.org/concern/media/000703763?locale=en
2025-01-27 20:05:13,238 - INFO - Title loaded
2025-01-27 20:05:13,255 - INFO - Content elements found
2025-01-27 20:05:13,274 - INFO - Found media type using showcase layout
2025-01-27 20:05:13,274 - INFO - Detected Layout: showcase
2025-01-27 20:05:13,274 - INFO - Media Type: Volumetric Image Series
2025-01-27 20:05:14,446 - INFO - Successfully processed https://www.morphosource.org/concern/media/000703763?locale=en
2025-01-27 20:05:16,448 - INFO - Processing URL: https://www.morphosource.org/concern/media/000703744?locale=en (Attempt 1/3)
2025-01-27 20:05:16,448 - INFO - Analyzing structure for: https://www.morphosource.org/concern/media/000703744?locale=en
2025-01-27 20:05:18,942 - INFO - Title loaded
2025-01-27 20:05:18,954 - INFO - Content elements found
2025-01-27 20:05:18,965 - INFO - Found media type using showcase layout
2025-01-27 20:05:18,965 - INFO - Detected Layout: showcase
2025-01-27 20:05:18,965 - INFO - Media Type: Volumetric Image Series
2025-01-27 20:05:19,968 - INFO - Successfully processed https://www.morphosource.org/concern/media/000703744?locale=en
2025-01-27 20:05:21,969 - INFO - Processing URL: https://www.morphosource.org/concern/media/000703699?locale=en (Attempt 1/3)
2025-01-27 20:05:21,969 - INFO - Analyzing structure for: https://www.morphosource.org/concern/media/000703699?locale=en
2025-01-27 20:05:24,335 - INFO - Title loaded
2025-01-27 20:05:24,350 - INFO - Content elements found
2025-01-27 20:05:24,361 - INFO - Found media type using showcase layout
2025-01-27 20:05:24,361 - INFO - Detected Layout: showcase
2025-01-27 20:05:24,361 - INFO - Media Type: Volumetric Image Series
2025-01-27 20:05:25,124 - INFO - Successfully processed https://www.morphosource.org/concern/media/000703699?locale=en
2025-01-27 20:05:27,126 - INFO - Processing URL: https://www.morphosource.org/concern/media/000703651?locale=en (Attempt 1/3)
2025-01-27 20:05:27,126 - INFO - Analyzing structure for: https://www.morphosource.org/concern/media/000703651?locale=en
2025-01-27 20:05:31,033 - INFO - Title loaded
2025-01-27 20:05:31,048 - INFO - Content elements found
2025-01-27 20:05:31,065 - INFO - Found media type using showcase layout
2025-01-27 20:05:31,065 - INFO - Detected Layout: showcase
2025-01-27 20:05:31,065 - INFO - Media Type: Volumetric Image Series
2025-01-27 20:05:32,205 - INFO - Successfully processed https://www.morphosource.org/concern/media/000703651?locale=en
2025-01-27 20:05:34,206 - INFO - Processing URL: https://www.morphosource.org/concern/media/000703644?locale=en (Attempt 1/3)
2025-01-27 20:05:34,206 - INFO - Analyzing structure for: https://www.morphosource.org/concern/media/000703644?locale=en
2025-01-27 20:05:35,954 - INFO - Title loaded
2025-01-27 20:05:35,970 - INFO - Content elements found
2025-01-27 20:05:35,985 - INFO - Found media type using showcase layout
2025-01-27 20:05:35,985 - INFO - Detected Layout: showcase
2025-01-27 20:05:35,985 - INFO - Media Type: Volumetric Image Series
2025-01-27 20:05:37,188 - INFO - Successfully processed https://www.morphosource.org/concern/media/000703644?locale=en
2025-01-27 20:05:39,190 - INFO - Processing URL: https://www.morphosource.org/concern/media/000703625?locale=en (Attempt 1/3)
2025-01-27 20:05:39,190 - INFO - Analyzing structure for: https://www.morphosource.org/concern/media/000703625?locale=en
2025-01-27 20:05:42,190 - INFO - Title loaded
2025-01-27 20:05:42,208 - INFO - Content elements found
2025-01-27 20:05:42,227 - INFO - Found media type using showcase layout
2025-01-27 20:05:42,227 - INFO - Detected Layout: showcase
2025-01-27 20:05:42,227 - INFO - Media Type: Volumetric Image Series
2025-01-27 20:05:43,245 - INFO - Successfully processed https://www.morphosource.org/concern/media/000703625?locale=en
2025-01-27 20:05:45,284 - INFO - Saved 10 records to data/parquet/2025-01-27_20-04-50/morphosource_data_20250127_200545.parquet
2025-01-27 20:05:45,285 - INFO - Columns: url, processed_at, error, media_id, media_type, object_element_or_part, object_represented, object_taxonomy, object_organization, side, orientation, short_description, full_description, creator, date_created, date_uploaded, data_managed_by, data_uploaded_by, publication_status, download_reviewer, ip_holder, copyright_statement, creative_commons_license, morphosource_use_agreement_type, permits_commercial_use, permits_3d_use, required_archival_of_published_derivatives, funding_attribution, publisher, cite_as, media_preview_mode, additional_usage_agreement, morphosource_ark, morphosource_doi, external_identifier, external_media_url, file_name, file_formats, file_size, image_width, image_height, color_space, color_depth, compression, x_pixel_spacing, y_pixel_spacing, z_pixel_spacing, pixel_spacing_units, slice_thickness, number_of_images_in_set, number_of_parent_media, number_of_processing_events, modality, device, batch_index, attempt
2025-01-27 20:05:45,368 - INFO - Saved 10 records to data/parquet/2025-01-27_20-04-50/morphosource_data_20250127_200545.parquet
2025-01-27 20:05:45,368 - INFO - Columns: url, processed_at, error, media_id, media_type, object_element_or_part, object_represented, object_taxonomy, object_organization, side, orientation, short_description, full_description, creator, date_created, date_uploaded, data_managed_by, data_uploaded_by, publication_status, download_reviewer, ip_holder, copyright_statement, creative_commons_license, morphosource_use_agreement_type, permits_commercial_use, permits_3d_use, required_archival_of_published_derivatives, funding_attribution, publisher, cite_as, media_preview_mode, additional_usage_agreement, morphosource_ark, morphosource_doi, external_identifier, external_media_url, file_name, file_formats, file_size, image_width, image_height, color_space, color_depth, compression, x_pixel_spacing, y_pixel_spacing, z_pixel_spacing, pixel_spacing_units, slice_thickness, number_of_images_in_set, number_of_parent_media, number_of_processing_events, modality, device, batch_index, attempt
2025-01-27 20:05:45,369 - INFO - Processed 10 records in this batch
