2025-07-15 01:54:53,490 - Data directory: data/2025-07-15_01-54-51
2025-07-15 01:54:53,490 - Output directory: data/2025-07-15_01-54-51
2025-07-15 01:54:53,491 - Using data directory: data/2025-07-15_01-54-51
2025-07-15 01:54:53,491 - Looking for previous data in: data
2025-07-15 01:54:53,493 - Loading previous data from: data/2025-07-14_01-54-25/morphosource_data_complete.json
2025-07-15 01:54:53,917 - Loaded 107772 records from previous data file
2025-07-15 01:54:53,917 - Latest stored record ID: 000762158
2025-07-15 01:54:53,917 - Previous record count: 107772
2025-07-15 01:54:53,917 - Fetching page 1
2025-07-15 01:55:03,948 - Found record 000762318 - Total records: 1
2025-07-15 01:55:03,949 - Found record 000762308 - Total records: 2
2025-07-15 01:55:03,949 - Found record 000762158 - Total records: 3
2025-07-15 01:55:03,949 - Found latest stored record 000762158 - stopping fetch
2025-07-15 01:55:03,949 - Completed fetch - Found 3 new records
2025-07-15 01:55:03,949 - Latest webpage record ID: 000762318
2025-07-15 01:55:03,950 - New records available - latest records differ
2025-07-15 01:55:04,047 - New records: 3
2025-07-15 01:55:04,047 - Previous records: 107772
2025-07-15 01:55:04,047 - Combined records: 107774
2025-07-15 01:55:05,567 - Saved 107774 records to: data/2025-07-15_01-54-51/morphosource_data_complete.json
2025-07-15 01:55:05,568 - Created detailed release notes at: data/2025-07-15_01-54-51/release_notes.txt
