2025-01-27 17:59:02,370 - INFO - Using data file: data/2025-01-27_01-34-38/morphosource_data_complete.json
2025-01-27 17:59:02,808 - INFO - Found 104398 URLs to process
2025-01-27 17:59:02,808 - INFO - Starting at index 0, processed so far: 0
2025-01-27 17:59:02,922 - INFO - Processing URL: https://www.morphosource.org/concern/media/000704255?locale=en
2025-01-27 17:59:04,680 - WARNING - Could not find FILE OBJECT DETAILS heading
2025-01-27 17:59:04,680 - INFO - Extracted data for https://www.morphosource.org/concern/media/000704255?locale=en:
2025-01-27 17:59:04,680 - INFO -   url: https://www.morphosource.org/concern/media/000704255?locale=en
2025-01-27 17:59:04,680 - INFO -   processed_at: 2025-01-27T17:59:04.678309
2025-01-27 17:59:04,680 - INFO -   batch_index: 0
2025-01-27 17:59:05,682 - INFO - Processing URL: https://www.morphosource.org/concern/media/000704249?locale=en
2025-01-27 17:59:07,925 - WARNING - Could not find FILE OBJECT DETAILS heading
2025-01-27 17:59:07,925 - INFO - Extracted data for https://www.morphosource.org/concern/media/000704249?locale=en:
2025-01-27 17:59:07,925 - INFO -   url: https://www.morphosource.org/concern/media/000704249?locale=en
2025-01-27 17:59:07,925 - INFO -   processed_at: 2025-01-27T17:59:07.923195
2025-01-27 17:59:07,925 - INFO -   batch_index: 1
2025-01-27 17:59:08,926 - INFO - Processing URL: https://www.morphosource.org/concern/media/000704150?locale=en
2025-01-27 17:59:09,584 - WARNING - Could not find FILE OBJECT DETAILS heading
2025-01-27 17:59:09,584 - INFO - Extracted data for https://www.morphosource.org/concern/media/000704150?locale=en:
2025-01-27 17:59:09,584 - INFO -   url: https://www.morphosource.org/concern/media/000704150?locale=en
2025-01-27 17:59:09,585 - INFO -   processed_at: 2025-01-27T17:59:09.582892
2025-01-27 17:59:09,585 - INFO -   batch_index: 2
2025-01-27 17:59:10,586 - INFO - Processing URL: https://www.morphosource.org/concern/media/000704145?locale=en
2025-01-27 17:59:11,863 - WARNING - Could not find FILE OBJECT DETAILS heading
2025-01-27 17:59:11,863 - INFO - Extracted data for https://www.morphosource.org/concern/media/000704145?locale=en:
2025-01-27 17:59:11,863 - INFO -   url: https://www.morphosource.org/concern/media/000704145?locale=en
2025-01-27 17:59:11,863 - INFO -   processed_at: 2025-01-27T17:59:11.861543
2025-01-27 17:59:11,863 - INFO -   batch_index: 3
2025-01-27 17:59:12,865 - INFO - Processing URL: https://www.morphosource.org/concern/media/000704140?locale=en
2025-01-27 17:59:14,497 - WARNING - Could not find FILE OBJECT DETAILS heading
2025-01-27 17:59:14,497 - INFO - Extracted data for https://www.morphosource.org/concern/media/000704140?locale=en:
2025-01-27 17:59:14,497 - INFO -   url: https://www.morphosource.org/concern/media/000704140?locale=en
2025-01-27 17:59:14,497 - INFO -   processed_at: 2025-01-27T17:59:14.494338
2025-01-27 17:59:14,497 - INFO -   batch_index: 4
2025-01-27 17:59:15,499 - INFO - Processing URL: https://www.morphosource.org/concern/media/000704135?locale=en
2025-01-27 17:59:16,732 - WARNING - Could not find FILE OBJECT DETAILS heading
2025-01-27 17:59:16,732 - INFO - Extracted data for https://www.morphosource.org/concern/media/000704135?locale=en:
2025-01-27 17:59:16,732 - INFO -   url: https://www.morphosource.org/concern/media/000704135?locale=en
2025-01-27 17:59:16,732 - INFO -   processed_at: 2025-01-27T17:59:16.730221
2025-01-27 17:59:16,732 - INFO -   batch_index: 5
2025-01-27 17:59:17,733 - INFO - Processing URL: https://www.morphosource.org/concern/media/000704075?locale=en
2025-01-27 17:59:18,997 - WARNING - Could not find FILE OBJECT DETAILS heading
2025-01-27 17:59:18,997 - INFO - Extracted data for https://www.morphosource.org/concern/media/000704075?locale=en:
2025-01-27 17:59:18,997 - INFO -   url: https://www.morphosource.org/concern/media/000704075?locale=en
2025-01-27 17:59:18,997 - INFO -   processed_at: 2025-01-27T17:59:18.994991
2025-01-27 17:59:18,997 - INFO -   batch_index: 6
2025-01-27 17:59:19,998 - INFO - Processing URL: https://www.morphosource.org/concern/media/000704042?locale=en
2025-01-27 17:59:21,079 - WARNING - Could not find FILE OBJECT DETAILS heading
2025-01-27 17:59:21,079 - INFO - Extracted data for https://www.morphosource.org/concern/media/000704042?locale=en:
2025-01-27 17:59:21,079 - INFO -   url: https://www.morphosource.org/concern/media/000704042?locale=en
2025-01-27 17:59:21,079 - INFO -   processed_at: 2025-01-27T17:59:21.077259
2025-01-27 17:59:21,079 - INFO -   batch_index: 7
2025-01-27 17:59:22,081 - INFO - Processing URL: https://www.morphosource.org/concern/media/000704012?locale=en
2025-01-27 17:59:23,363 - WARNING - Could not find FILE OBJECT DETAILS heading
2025-01-27 17:59:23,363 - INFO - Extracted data for https://www.morphosource.org/concern/media/000704012?locale=en:
2025-01-27 17:59:23,363 - INFO -   url: https://www.morphosource.org/concern/media/000704012?locale=en
2025-01-27 17:59:23,363 - INFO -   processed_at: 2025-01-27T17:59:23.360941
2025-01-27 17:59:23,363 - INFO -   batch_index: 8
2025-01-27 17:59:24,364 - INFO - Processing URL: https://www.morphosource.org/concern/media/000703950?locale=en
2025-01-27 17:59:25,928 - WARNING - Could not find FILE OBJECT DETAILS heading
2025-01-27 17:59:25,928 - INFO - Extracted data for https://www.morphosource.org/concern/media/000703950?locale=en:
2025-01-27 17:59:25,928 - INFO -   url: https://www.morphosource.org/concern/media/000703950?locale=en
2025-01-27 17:59:25,928 - INFO -   processed_at: 2025-01-27T17:59:25.926522
2025-01-27 17:59:25,928 - INFO -   batch_index: 9
2025-01-27 17:59:26,982 - INFO - Saved 10 records to data/parquet/2025-01-27_17-59-01/morphosource_data_20250127_175926.parquet
2025-01-27 17:59:26,982 - INFO - Columns: url, processed_at, file_name, file_format, file_size_bytes, image_width, image_height, color_space, color_depth, compression, x_pixel_spacing, y_pixel_spacing, z_pixel_spacing, pixel_spacing_units, slice_thickness, number_of_images, batch_index
2025-01-27 17:59:26,983 - INFO - Processed 10 records in this batch
