2025-09-05 01:27:30,300 - Data directory: data/2025-09-05_01-27-28
2025-09-05 01:27:30,300 - Output directory: data/2025-09-05_01-27-28
2025-09-05 01:27:30,300 - Using data directory: data/2025-09-05_01-27-28
2025-09-05 01:27:30,301 - Looking for previous data in: data
2025-09-05 01:27:30,303 - Loading previous data from: data/2025-09-04_01-25-14/morphosource_data_complete.json
2025-09-05 01:27:30,745 - Loaded 108219 records from previous data file
2025-09-05 01:27:30,746 - Latest stored record ID: 000774760
2025-09-05 01:27:30,746 - Previous record count: 108219
2025-09-05 01:27:30,746 - Fetching page 1
2025-09-05 01:27:37,578 - Found record 000774842 - Total records: 1
2025-09-05 01:27:37,579 - Found record 000774815 - Total records: 2
2025-09-05 01:27:37,579 - Found record 000774812 - Total records: 3
2025-09-05 01:27:37,580 - Found record 000774760 - Total records: 4
2025-09-05 01:27:37,580 - Found latest stored record 000774760 - stopping fetch
2025-09-05 01:27:37,580 - Completed fetch - Found 4 new records
2025-09-05 01:27:37,581 - Latest webpage record ID: 000774842
2025-09-05 01:27:37,581 - New records available - latest records differ
2025-09-05 01:27:37,683 - New records: 4
2025-09-05 01:27:37,683 - Previous records: 108219
2025-09-05 01:27:37,684 - Combined records: 108222
2025-09-05 01:27:39,253 - Saved 108222 records to: data/2025-09-05_01-27-28/morphosource_data_complete.json
2025-09-05 01:27:39,253 - Created detailed release notes at: data/2025-09-05_01-27-28/release_notes.txt
