2026-07-05 00:48:24,989 - Data directory: data/2026-07-05_00-48-22
2026-07-05 00:48:24,989 - Output directory: data/2026-07-05_00-48-22
2026-07-05 00:48:24,989 - Fetch all mode: True
2026-07-05 00:48:24,989 - Using data directory: data/2026-07-05_00-48-22
2026-07-05 00:48:24,989 - Looking for previous data in: data
2026-07-05 00:48:24,998 - Loading previous data from: data/2025-10-06_01-28-33/morphosource_data_complete.json
2026-07-05 00:48:25,409 - Loaded 108782 records from previous data file
2026-07-05 00:48:25,409 - Latest stored record ID: 000781814
2026-07-05 00:48:25,410 - Previous record count: 108782
2026-07-05 00:48:25,410 - === FULL FETCH MODE: Collecting all records from all pages ===
2026-07-05 00:48:25,410 - Fetching page 1 via API
2026-07-05 00:48:25,712 - API error on page 1: Network error: Expecting value: line 1 column 1 (char 0) (error 1/5)
2026-07-05 00:48:30,714 - Fetching page 1 via API
2026-07-05 00:48:30,737 - API error on page 1: Network error: Expecting value: line 1 column 1 (char 0) (error 2/5)
2026-07-05 00:48:35,743 - Fetching page 1 via API
2026-07-05 00:48:35,766 - API error on page 1: Network error: Expecting value: line 1 column 1 (char 0) (error 3/5)
2026-07-05 00:48:40,772 - Fetching page 1 via API
2026-07-05 00:48:40,795 - API error on page 1: Network error: Expecting value: line 1 column 1 (char 0) (error 4/5)
2026-07-05 00:48:45,800 - Fetching page 1 via API
2026-07-05 00:48:45,823 - API error on page 1: Network error: Expecting value: line 1 column 1 (char 0) (error 5/5)
2026-07-05 00:48:45,823 - Error getting records: Network error: Expecting value: line 1 column 1 (char 0)
2026-07-05 00:48:45,824 - Error in daily check: Network error: Expecting value: line 1 column 1 (char 0)
