2025-09-13 01:21:42,664 - Data directory: data/2025-09-13_01-21-38
2025-09-13 01:21:42,664 - Output directory: data/2025-09-13_01-21-38
2025-09-13 01:21:42,664 - Using data directory: data/2025-09-13_01-21-38
2025-09-13 01:21:42,664 - Looking for previous data in: data
2025-09-13 01:21:42,667 - Loading previous data from: data/2025-09-12_01-25-24/morphosource_data_complete.json
2025-09-13 01:21:43,122 - Loaded 108314 records from previous data file
2025-09-13 01:21:43,123 - Latest stored record ID: 000777452
2025-09-13 01:21:43,123 - Previous record count: 108314
2025-09-13 01:21:43,123 - Fetching page 1
2025-09-13 01:21:47,466 - Found record 000778549 - Total records: 1
2025-09-13 01:21:47,466 - Found record 000778546 - Total records: 2
2025-09-13 01:21:47,467 - Found record 000778542 - Total records: 3
2025-09-13 01:21:47,467 - Found record 000778539 - Total records: 4
2025-09-13 01:21:47,467 - Found record 000778535 - Total records: 5
2025-09-13 01:21:47,468 - Found record 000778532 - Total records: 6
2025-09-13 01:21:47,468 - Found record 000778528 - Total records: 7
2025-09-13 01:21:47,468 - Found record 000778525 - Total records: 8
2025-09-13 01:21:47,468 - Found record 000778521 - Total records: 9
2025-09-13 01:21:47,469 - Found record 000778514 - Total records: 10
2025-09-13 01:21:47,469 - Found record 000778512 - Total records: 11
2025-09-13 01:21:47,469 - Found record 000778503 - Total records: 12
2025-09-13 01:21:47,470 - Found record 000778502 - Total records: 13
2025-09-13 01:21:47,470 - Found record 000778501 - Total records: 14
2025-09-13 01:21:47,470 - Found record 000778500 - Total records: 15
2025-09-13 01:21:47,471 - Found record 000778498 - Total records: 16
2025-09-13 01:21:47,471 - Found record 000778497 - Total records: 17
2025-09-13 01:21:47,471 - Found record 000778479 - Total records: 18
2025-09-13 01:21:47,471 - Found record 000778476 - Total records: 19
2025-09-13 01:21:47,472 - Found record 000778472 - Total records: 20
2025-09-13 01:21:47,472 - Found record 000778469 - Total records: 21
2025-09-13 01:21:47,472 - Found record 000778465 - Total records: 22
2025-09-13 01:21:47,473 - Found record 000778462 - Total records: 23
2025-09-13 01:21:47,473 - Found record 000778458 - Total records: 24
2025-09-13 01:21:47,473 - Found record 000778455 - Total records: 25
2025-09-13 01:21:47,474 - Found record 000778450 - Total records: 26
2025-09-13 01:21:47,474 - Found record 000778447 - Total records: 27
2025-09-13 01:21:47,474 - Found record 000778443 - Total records: 28
2025-09-13 01:21:47,475 - Found record 000778442 - Total records: 29
2025-09-13 01:21:47,475 - Found record 000778434 - Total records: 30
2025-09-13 01:21:47,475 - Found record 000778429 - Total records: 31
2025-09-13 01:21:47,475 - Found record 000778424 - Total records: 32
2025-09-13 01:21:47,476 - Found record 000778423 - Total records: 33
2025-09-13 01:21:47,476 - Found record 000778415 - Total records: 34
2025-09-13 01:21:47,476 - Found record 000778414 - Total records: 35
2025-09-13 01:21:47,477 - Found record 000778404 - Total records: 36
2025-09-13 01:21:47,477 - Found record 000778401 - Total records: 37
2025-09-13 01:21:47,477 - Found record 000778397 - Total records: 38
2025-09-13 01:21:47,478 - Found record 000778394 - Total records: 39
2025-09-13 01:21:47,478 - Found record 000778387 - Total records: 40
2025-09-13 01:21:47,478 - Found record 000778386 - Total records: 41
2025-09-13 01:21:47,478 - Found record 000778381 - Total records: 42
2025-09-13 01:21:47,479 - Found record 000778380 - Total records: 43
2025-09-13 01:21:47,479 - Found record 000778371 - Total records: 44
2025-09-13 01:21:47,479 - Found record 000778364 - Total records: 45
2025-09-13 01:21:47,480 - Found record 000778362 - Total records: 46
2025-09-13 01:21:47,480 - Found record 000778361 - Total records: 47
2025-09-13 01:21:47,480 - Found record 000778348 - Total records: 48
2025-09-13 01:21:47,481 - Found record 000778345 - Total records: 49
2025-09-13 01:21:47,481 - Found record 000778341 - Total records: 50
2025-09-13 01:21:47,481 - Found record 000778338 - Total records: 51
2025-09-13 01:21:47,481 - Found record 000778334 - Total records: 52
2025-09-13 01:21:47,482 - Found record 000778331 - Total records: 53
2025-09-13 01:21:47,482 - Found record 000778325 - Total records: 54
2025-09-13 01:21:47,482 - Found record 000778320 - Total records: 55
2025-09-13 01:21:47,483 - Found record 000778319 - Total records: 56
2025-09-13 01:21:47,483 - Found record 000778317 - Total records: 57
2025-09-13 01:21:47,483 - Found record 000778316 - Total records: 58
2025-09-13 01:21:47,483 - Found record 000778315 - Total records: 59
2025-09-13 01:21:47,484 - Found record 000778312 - Total records: 60
2025-09-13 01:21:47,484 - Found record 000778295 - Total records: 61
2025-09-13 01:21:47,484 - Found record 000778292 - Total records: 62
2025-09-13 01:21:47,485 - Found record 000778287 - Total records: 63
2025-09-13 01:21:47,485 - Found record 000778285 - Total records: 64
2025-09-13 01:21:47,485 - Found record 000778282 - Total records: 65
2025-09-13 01:21:47,486 - Found record 000778275 - Total records: 66
2025-09-13 01:21:47,486 - Found record 000778273 - Total records: 67
2025-09-13 01:21:47,486 - Found record 000778268 - Total records: 68
2025-09-13 01:21:47,486 - Found record 000778262 - Total records: 69
2025-09-13 01:21:47,487 - Found record 000778261 - Total records: 70
2025-09-13 01:21:47,487 - Found record 000778260 - Total records: 71
2025-09-13 01:21:47,487 - Found record 000778250 - Total records: 72
2025-09-13 01:21:47,488 - Found record 000778246 - Total records: 73
2025-09-13 01:21:47,488 - Found record 000778240 - Total records: 74
2025-09-13 01:21:47,488 - Found record 000778239 - Total records: 75
2025-09-13 01:21:47,489 - Found record 000778237 - Total records: 76
2025-09-13 01:21:47,489 - Found record 000778229 - Total records: 77
2025-09-13 01:21:47,489 - Found record 000778225 - Total records: 78
2025-09-13 01:21:47,489 - Found record 000778221 - Total records: 79
2025-09-13 01:21:47,490 - Found record 000778216 - Total records: 80
2025-09-13 01:21:47,490 - Found record 000778215 - Total records: 81
2025-09-13 01:21:47,490 - Found record 000778208 - Total records: 82
2025-09-13 01:21:47,491 - Found record 000778204 - Total records: 83
2025-09-13 01:21:47,491 - Found record 000778201 - Total records: 84
2025-09-13 01:21:47,491 - Found record 000778195 - Total records: 85
2025-09-13 01:21:47,491 - Found record 000778191 - Total records: 86
2025-09-13 01:21:47,492 - Found record 000778190 - Total records: 87
2025-09-13 01:21:47,492 - Found record 000778188 - Total records: 88
2025-09-13 01:21:47,492 - Found record 000778179 - Total records: 89
2025-09-13 01:21:47,493 - Found record 000778173 - Total records: 90
2025-09-13 01:21:47,493 - Found record 000778172 - Total records: 91
2025-09-13 01:21:47,493 - Found record 000778165 - Total records: 92
2025-09-13 01:21:47,494 - Found record 000778162 - Total records: 93
2025-09-13 01:21:47,494 - Found record 000778157 - Total records: 94
2025-09-13 01:21:47,494 - Found record 000778154 - Total records: 95
2025-09-13 01:21:47,494 - Found record 000778150 - Total records: 96
2025-09-13 01:21:47,495 - Found record 000778147 - Total records: 97
2025-09-13 01:21:47,495 - Found record 000778143 - Total records: 98
2025-09-13 01:21:47,495 - Found record 000778140 - Total records: 99
2025-09-13 01:21:47,496 - Found record 000778136 - Total records: 100
2025-09-13 01:21:48,497 - Fetching page 2
2025-09-13 01:21:53,084 - Found record 000778133 - Total records: 101
2025-09-13 01:21:53,084 - Found record 000778129 - Total records: 102
2025-09-13 01:21:53,085 - Found record 000778126 - Total records: 103
2025-09-13 01:21:53,085 - Found record 000778122 - Total records: 104
2025-09-13 01:21:53,086 - Found record 000778119 - Total records: 105
2025-09-13 01:21:53,086 - Found record 000778115 - Total records: 106
2025-09-13 01:21:53,086 - Found record 000778112 - Total records: 107
2025-09-13 01:21:53,087 - Found record 000778108 - Total records: 108
2025-09-13 01:21:53,087 - Found record 000778105 - Total records: 109
2025-09-13 01:21:53,087 - Found record 000778101 - Total records: 110
2025-09-13 01:21:53,088 - Found record 000778098 - Total records: 111
2025-09-13 01:21:53,088 - Found record 000778094 - Total records: 112
2025-09-13 01:21:53,089 - Found record 000778091 - Total records: 113
2025-09-13 01:21:53,089 - Found record 000778087 - Total records: 114
2025-09-13 01:21:53,089 - Found record 000778084 - Total records: 115
2025-09-13 01:21:53,090 - Found record 000778080 - Total records: 116
2025-09-13 01:21:53,090 - Found record 000778077 - Total records: 117
2025-09-13 01:21:53,090 - Found record 000778073 - Total records: 118
2025-09-13 01:21:53,091 - Found record 000778070 - Total records: 119
2025-09-13 01:21:53,091 - Found record 000778066 - Total records: 120
2025-09-13 01:21:53,091 - Found record 000778063 - Total records: 121
2025-09-13 01:21:53,092 - Found record 000778059 - Total records: 122
2025-09-13 01:21:53,092 - Found record 000778056 - Total records: 123
2025-09-13 01:21:53,093 - Found record 000778052 - Total records: 124
2025-09-13 01:21:53,093 - Found record 000778049 - Total records: 125
2025-09-13 01:21:53,093 - Found record 000778045 - Total records: 126
2025-09-13 01:21:53,094 - Found record 000778042 - Total records: 127
2025-09-13 01:21:53,094 - Found record 000778038 - Total records: 128
2025-09-13 01:21:53,094 - Found record 000778035 - Total records: 129
2025-09-13 01:21:53,095 - Found record 000778031 - Total records: 130
2025-09-13 01:21:53,095 - Found record 000778028 - Total records: 131
2025-09-13 01:21:53,095 - Found record 000778024 - Total records: 132
2025-09-13 01:21:53,096 - Found record 000778021 - Total records: 133
2025-09-13 01:21:53,096 - Found record 000778017 - Total records: 134
2025-09-13 01:21:53,097 - Found record 000778014 - Total records: 135
2025-09-13 01:21:53,097 - Found record 000778010 - Total records: 136
2025-09-13 01:21:53,097 - Found record 000778007 - Total records: 137
2025-09-13 01:21:53,098 - Found record 000778003 - Total records: 138
2025-09-13 01:21:53,098 - Found record 000778000 - Total records: 139
2025-09-13 01:21:53,099 - Found record 000777996 - Total records: 140
2025-09-13 01:21:53,099 - Found record 000777993 - Total records: 141
2025-09-13 01:21:53,099 - Found record 000777989 - Total records: 142
2025-09-13 01:21:53,100 - Found record 000777986 - Total records: 143
2025-09-13 01:21:53,100 - Found record 000777982 - Total records: 144
2025-09-13 01:21:53,100 - Found record 000777979 - Total records: 145
2025-09-13 01:21:53,101 - Found record 000777975 - Total records: 146
2025-09-13 01:21:53,101 - Found record 000777972 - Total records: 147
2025-09-13 01:21:53,102 - Found record 000777968 - Total records: 148
2025-09-13 01:21:53,102 - Found record 000777965 - Total records: 149
2025-09-13 01:21:53,102 - Found record 000777961 - Total records: 150
2025-09-13 01:21:53,103 - Found record 000777958 - Total records: 151
2025-09-13 01:21:53,103 - Found record 000777954 - Total records: 152
2025-09-13 01:21:53,103 - Found record 000777951 - Total records: 153
2025-09-13 01:21:53,104 - Found record 000777947 - Total records: 154
2025-09-13 01:21:53,104 - Found record 000777944 - Total records: 155
2025-09-13 01:21:53,104 - Found record 000777940 - Total records: 156
2025-09-13 01:21:53,105 - Found record 000777937 - Total records: 157
2025-09-13 01:21:53,105 - Found record 000777933 - Total records: 158
2025-09-13 01:21:53,106 - Found record 000777930 - Total records: 159
2025-09-13 01:21:53,106 - Found record 000777926 - Total records: 160
2025-09-13 01:21:53,106 - Found record 000777923 - Total records: 161
2025-09-13 01:21:53,107 - Found record 000777919 - Total records: 162
2025-09-13 01:21:53,107 - Found record 000777916 - Total records: 163
2025-09-13 01:21:53,107 - Found record 000777912 - Total records: 164
2025-09-13 01:21:53,108 - Found record 000777909 - Total records: 165
2025-09-13 01:21:53,108 - Found record 000777905 - Total records: 166
2025-09-13 01:21:53,109 - Found record 000777902 - Total records: 167
2025-09-13 01:21:53,109 - Found record 000777898 - Total records: 168
2025-09-13 01:21:53,109 - Found record 000777895 - Total records: 169
2025-09-13 01:21:53,110 - Found record 000777891 - Total records: 170
2025-09-13 01:21:53,110 - Found record 000777888 - Total records: 171
2025-09-13 01:21:53,110 - Found record 000777884 - Total records: 172
2025-09-13 01:21:53,111 - Found record 000777881 - Total records: 173
2025-09-13 01:21:53,111 - Found record 000777711 - Total records: 174
2025-09-13 01:21:53,111 - Found record 000777706 - Total records: 175
2025-09-13 01:21:53,112 - Found record 000777696 - Total records: 176
2025-09-13 01:21:53,112 - Found record 000777663 - Total records: 177
2025-09-13 01:21:53,113 - Found record 000777658 - Total records: 178
2025-09-13 01:21:53,113 - Found record 000777656 - Total records: 179
2025-09-13 01:21:53,113 - Found record 000777647 - Total records: 180
2025-09-13 01:21:53,114 - Found record 000777641 - Total records: 181
2025-09-13 01:21:53,114 - Found record 000777634 - Total records: 182
2025-09-13 01:21:53,115 - Found record 000777629 - Total records: 183
2025-09-13 01:21:53,115 - Found record 000777452 - Total records: 184
2025-09-13 01:21:53,115 - Found latest stored record 000777452 - stopping fetch
2025-09-13 01:21:53,115 - Completed fetch - Found 184 new records
2025-09-13 01:21:53,116 - Latest webpage record ID: 000778549
2025-09-13 01:21:53,116 - New records available - latest records differ
2025-09-13 01:21:54,307 - New records: 184
2025-09-13 01:21:54,307 - Previous records: 108314
2025-09-13 01:21:54,307 - Combined records: 108497
2025-09-13 01:21:55,912 - Saved 108497 records to: data/2025-09-13_01-21-38/morphosource_data_complete.json
2025-09-13 01:21:55,912 - Created detailed release notes at: data/2025-09-13_01-21-38/release_notes.txt
