2025-02-22 01:19:41,594 - Data directory: data/2025-02-22_01-19-41
2025-02-22 01:19:41,594 - Output directory: data/2025-02-22_01-19-41
2025-02-22 01:19:41,594 - Using data directory: data/2025-02-22_01-19-41
2025-02-22 01:19:41,595 - Looking for previous data in: data
2025-02-22 01:19:41,595 - Loading previous data from: data/2025-02-21_01-21-58/morphosource_data_complete.json
2025-02-22 01:19:41,974 - Loaded 105248 records from previous data file
2025-02-22 01:19:41,974 - Latest stored record ID: 000711399
2025-02-22 01:19:41,974 - Previous record count: 105248
2025-02-22 01:19:41,974 - Fetching page 1
2025-02-22 01:19:44,321 - Found record 000711953 - Total records: 1
2025-02-22 01:19:44,321 - Found record 000711399 - Total records: 2
2025-02-22 01:19:44,321 - Found latest stored record 000711399 - stopping fetch
2025-02-22 01:19:44,321 - Completed fetch - Found 2 new records
2025-02-22 01:19:44,322 - Latest webpage record ID: 000711953
2025-02-22 01:19:44,322 - New records available - latest records differ
2025-02-22 01:19:44,407 - New records: 2
2025-02-22 01:19:44,407 - Previous records: 105248
2025-02-22 01:19:44,407 - Combined records: 105249
2025-02-22 01:19:45,924 - Saved 105249 records to: data/2025-02-22_01-19-41/morphosource_data_complete.json
2025-02-22 01:19:45,924 - Created detailed release notes at: data/2025-02-22_01-19-41/release_notes.txt
