2025-06-10 01:45:59,730 - Data directory: data/2025-06-10_01-45-58
2025-06-10 01:45:59,730 - Output directory: data/2025-06-10_01-45-58
2025-06-10 01:45:59,730 - Using data directory: data/2025-06-10_01-45-58
2025-06-10 01:45:59,730 - Looking for previous data in: data
2025-06-10 01:45:59,732 - Loading previous data from: data/2025-06-09_01-49-47/morphosource_data_complete.json
2025-06-10 01:45:59,736 - Loaded 1308 records from previous data file
2025-06-10 01:45:59,736 - Latest stored record ID: 000749910
2025-06-10 01:45:59,736 - Previous record count: 1308
2025-06-10 01:45:59,736 - Fetching page 1
2025-06-10 01:46:04,074 - Found record 000751255 - Total records: 1
2025-06-10 01:46:04,074 - Found record 000751250 - Total records: 2
2025-06-10 01:46:04,075 - Found record 000751247 - Total records: 3
2025-06-10 01:46:04,075 - Found record 000751234 - Total records: 4
2025-06-10 01:46:04,076 - Found record 000751227 - Total records: 5
2025-06-10 01:46:04,076 - Found record 000751206 - Total records: 6
2025-06-10 01:46:04,076 - Found record 000751199 - Total records: 7
2025-06-10 01:46:04,077 - Found record 000751082 - Total records: 8
2025-06-10 01:46:04,077 - Found record 000750957 - Total records: 9
2025-06-10 01:46:04,078 - Found record 000750941 - Total records: 10
2025-06-10 01:46:04,078 - Found record 000750931 - Total records: 11
2025-06-10 01:46:04,078 - Found record 000749910 - Total records: 12
2025-06-10 01:46:04,078 - Found latest stored record 000749910 - stopping fetch
2025-06-10 01:46:04,078 - Completed fetch - Found 12 new records
2025-06-10 01:46:04,079 - Latest webpage record ID: 000751255
2025-06-10 01:46:04,079 - New records available - latest records differ
2025-06-10 01:46:04,081 - New records: 12
2025-06-10 01:46:04,081 - Previous records: 1308
2025-06-10 01:46:04,081 - Combined records: 1319
2025-06-10 01:46:04,100 - Saved 1319 records to: data/2025-06-10_01-45-58/morphosource_data_complete.json
2025-06-10 01:46:04,100 - Created detailed release notes at: data/2025-06-10_01-45-58/release_notes.txt
