2026-05-21 00:56:58,178 - Data directory: data/2026-05-21_00-56-55
2026-05-21 00:56:58,178 - Output directory: data/2026-05-21_00-56-55
2026-05-21 00:56:58,179 - Fetch all mode: True
2026-05-21 00:56:58,179 - Using data directory: data/2026-05-21_00-56-55
2026-05-21 00:56:58,179 - Looking for previous data in: data
2026-05-21 00:56:58,185 - Loading previous data from: data/2025-10-06_01-28-33/morphosource_data_complete.json
2026-05-21 00:56:58,590 - Loaded 108782 records from previous data file
2026-05-21 00:56:58,590 - Latest stored record ID: 000781814
2026-05-21 00:56:58,590 - Previous record count: 108782
2026-05-21 00:56:58,590 - === FULL FETCH MODE: Collecting all records from all pages ===
2026-05-21 00:56:58,590 - Fetching page 1 via API
2026-05-21 00:56:59,332 - API error on page 1: Network error: Expecting value: line 1 column 1 (char 0) (error 1/5)
2026-05-21 00:57:04,337 - Fetching page 1 via API
2026-05-21 00:57:04,373 - API error on page 1: Network error: Expecting value: line 1 column 1 (char 0) (error 2/5)
2026-05-21 00:57:09,379 - Fetching page 1 via API
2026-05-21 00:57:09,415 - API error on page 1: Network error: Expecting value: line 1 column 1 (char 0) (error 3/5)
2026-05-21 00:57:14,420 - Fetching page 1 via API
2026-05-21 00:57:14,457 - API error on page 1: Network error: Expecting value: line 1 column 1 (char 0) (error 4/5)
2026-05-21 00:57:19,462 - Fetching page 1 via API
2026-05-21 00:57:19,497 - API error on page 1: Network error: Expecting value: line 1 column 1 (char 0) (error 5/5)
2026-05-21 00:57:19,498 - Error getting records: Network error: Expecting value: line 1 column 1 (char 0)
2026-05-21 00:57:19,498 - Error in daily check: Network error: Expecting value: line 1 column 1 (char 0)
