2025-07-31 01:55:05,693 - Data directory: data/2025-07-31_01-55-01
2025-07-31 01:55:05,693 - Output directory: data/2025-07-31_01-55-01
2025-07-31 01:55:05,693 - Using data directory: data/2025-07-31_01-55-01
2025-07-31 01:55:05,693 - Looking for previous data in: data
2025-07-31 01:55:05,695 - Loading previous data from: data/2025-07-30_01-55-20/morphosource_data_complete.json
2025-07-31 01:55:06,122 - Loaded 107997 records from previous data file
2025-07-31 01:55:06,122 - Latest stored record ID: 000767059
2025-07-31 01:55:06,122 - Previous record count: 107997
2025-07-31 01:55:06,122 - Fetching page 1
2025-07-31 01:55:08,948 - Found record 000767498 - Total records: 1
2025-07-31 01:55:08,949 - Found record 000767432 - Total records: 2
2025-07-31 01:55:08,949 - Found record 000767428 - Total records: 3
2025-07-31 01:55:08,950 - Found record 000767424 - Total records: 4
2025-07-31 01:55:08,950 - Found record 000767420 - Total records: 5
2025-07-31 01:55:08,950 - Found record 000767412 - Total records: 6
2025-07-31 01:55:08,951 - Found record 000767405 - Total records: 7
2025-07-31 01:55:08,951 - Found record 000767280 - Total records: 8
2025-07-31 01:55:08,951 - Found record 000767257 - Total records: 9
2025-07-31 01:55:08,951 - Found record 000767256 - Total records: 10
2025-07-31 01:55:08,952 - Found record 000767168 - Total records: 11
2025-07-31 01:55:08,952 - Found record 000767078 - Total records: 12
2025-07-31 01:55:08,952 - Found record 000767077 - Total records: 13
2025-07-31 01:55:08,953 - Found record 000767076 - Total records: 14
2025-07-31 01:55:08,953 - Found record 000767064 - Total records: 15
2025-07-31 01:55:08,953 - Found record 000767059 - Total records: 16
2025-07-31 01:55:08,953 - Found latest stored record 000767059 - stopping fetch
2025-07-31 01:55:08,953 - Completed fetch - Found 16 new records
2025-07-31 01:55:08,954 - Latest webpage record ID: 000767498
2025-07-31 01:55:08,954 - New records available - latest records differ
2025-07-31 01:55:09,123 - New records: 16
2025-07-31 01:55:09,124 - Previous records: 107997
2025-07-31 01:55:09,124 - Combined records: 108012
2025-07-31 01:55:10,694 - Saved 108012 records to: data/2025-07-31_01-55-01/morphosource_data_complete.json
2025-07-31 01:55:10,695 - Created detailed release notes at: data/2025-07-31_01-55-01/release_notes.txt
