2025-07-09 01:48:17,249 - Data directory: data/2025-07-09_01-48-14
2025-07-09 01:48:17,250 - Output directory: data/2025-07-09_01-48-14
2025-07-09 01:48:17,250 - Using data directory: data/2025-07-09_01-48-14
2025-07-09 01:48:17,250 - Looking for previous data in: data
2025-07-09 01:48:17,252 - Loading previous data from: data/2025-07-08_01-47-06/morphosource_data_complete.json
2025-07-09 01:48:17,686 - Loaded 107659 records from previous data file
2025-07-09 01:48:17,686 - Latest stored record ID: 000760015
2025-07-09 01:48:17,686 - Previous record count: 107659
2025-07-09 01:48:17,686 - Fetching page 1
2025-07-09 01:48:20,268 - Found record 000760459 - Total records: 1
2025-07-09 01:48:20,269 - Found record 000760202 - Total records: 2
2025-07-09 01:48:20,269 - Found record 000760015 - Total records: 3
2025-07-09 01:48:20,269 - Found latest stored record 000760015 - stopping fetch
2025-07-09 01:48:20,269 - Completed fetch - Found 3 new records
2025-07-09 01:48:20,269 - Latest webpage record ID: 000760459
2025-07-09 01:48:20,269 - New records available - latest records differ
2025-07-09 01:48:20,367 - New records: 3
2025-07-09 01:48:20,367 - Previous records: 107659
2025-07-09 01:48:20,367 - Combined records: 107661
2025-07-09 01:48:21,901 - Saved 107661 records to: data/2025-07-09_01-48-14/morphosource_data_complete.json
2025-07-09 01:48:21,902 - Created detailed release notes at: data/2025-07-09_01-48-14/release_notes.txt
