2025-06-25 01:46:30,189 - Data directory: data/2025-06-25_01-46-28
2025-06-25 01:46:30,189 - Output directory: data/2025-06-25_01-46-28
2025-06-25 01:46:30,189 - Using data directory: data/2025-06-25_01-46-28
2025-06-25 01:46:30,190 - Looking for previous data in: data
2025-06-25 01:46:30,191 - Loading previous data from: data/2025-06-24_01-46-16/morphosource_data_complete.json
2025-06-25 01:46:30,196 - Loaded 1455 records from previous data file
2025-06-25 01:46:30,197 - Latest stored record ID: 000754982
2025-06-25 01:46:30,197 - Previous record count: 1455
2025-06-25 01:46:30,197 - Fetching page 1
2025-06-25 01:46:33,435 - Found record 000756511 - Total records: 1
2025-06-25 01:46:33,436 - Found record 000756509 - Total records: 2
2025-06-25 01:46:33,436 - Found record 000756506 - Total records: 3
2025-06-25 01:46:33,436 - Found record 000756503 - Total records: 4
2025-06-25 01:46:33,437 - Found record 000756499 - Total records: 5
2025-06-25 01:46:33,437 - Found record 000756495 - Total records: 6
2025-06-25 01:46:33,437 - Found record 000756489 - Total records: 7
2025-06-25 01:46:33,438 - Found record 000756485 - Total records: 8
2025-06-25 01:46:33,438 - Found record 000756481 - Total records: 9
2025-06-25 01:46:33,438 - Found record 000756477 - Total records: 10
2025-06-25 01:46:33,439 - Found record 000756473 - Total records: 11
2025-06-25 01:46:33,439 - Found record 000756469 - Total records: 12
2025-06-25 01:46:33,439 - Found record 000756465 - Total records: 13
2025-06-25 01:46:33,440 - Found record 000756461 - Total records: 14
2025-06-25 01:46:33,440 - Found record 000756457 - Total records: 15
2025-06-25 01:46:33,440 - Found record 000756453 - Total records: 16
2025-06-25 01:46:33,441 - Found record 000756449 - Total records: 17
2025-06-25 01:46:33,441 - Found record 000756445 - Total records: 18
2025-06-25 01:46:33,441 - Found record 000756441 - Total records: 19
2025-06-25 01:46:33,442 - Found record 000756437 - Total records: 20
2025-06-25 01:46:33,442 - Found record 000756433 - Total records: 21
2025-06-25 01:46:33,442 - Found record 000756429 - Total records: 22
2025-06-25 01:46:33,443 - Found record 000756425 - Total records: 23
2025-06-25 01:46:33,443 - Found record 000756421 - Total records: 24
2025-06-25 01:46:33,443 - Found record 000756417 - Total records: 25
2025-06-25 01:46:33,444 - Found record 000756413 - Total records: 26
2025-06-25 01:46:33,444 - Found record 000756409 - Total records: 27
2025-06-25 01:46:33,444 - Found record 000756405 - Total records: 28
2025-06-25 01:46:33,445 - Found record 000756401 - Total records: 29
2025-06-25 01:46:33,445 - Found record 000756397 - Total records: 30
2025-06-25 01:46:33,445 - Found record 000756393 - Total records: 31
2025-06-25 01:46:33,446 - Found record 000756389 - Total records: 32
2025-06-25 01:46:33,446 - Found record 000756385 - Total records: 33
2025-06-25 01:46:33,446 - Found record 000756381 - Total records: 34
2025-06-25 01:46:33,447 - Found record 000756377 - Total records: 35
2025-06-25 01:46:33,447 - Found record 000756373 - Total records: 36
2025-06-25 01:46:33,448 - Found record 000756369 - Total records: 37
2025-06-25 01:46:33,448 - Found record 000756365 - Total records: 38
2025-06-25 01:46:33,448 - Found record 000756361 - Total records: 39
2025-06-25 01:46:33,449 - Found record 000756357 - Total records: 40
2025-06-25 01:46:33,449 - Found record 000756353 - Total records: 41
2025-06-25 01:46:33,449 - Found record 000756349 - Total records: 42
2025-06-25 01:46:33,450 - Found record 000756345 - Total records: 43
2025-06-25 01:46:33,450 - Found record 000756341 - Total records: 44
2025-06-25 01:46:33,451 - Found record 000756337 - Total records: 45
2025-06-25 01:46:33,451 - Found record 000756333 - Total records: 46
2025-06-25 01:46:33,451 - Found record 000756329 - Total records: 47
2025-06-25 01:46:33,452 - Found record 000756325 - Total records: 48
2025-06-25 01:46:33,452 - Found record 000756321 - Total records: 49
2025-06-25 01:46:33,453 - Found record 000756317 - Total records: 50
2025-06-25 01:46:33,453 - Found record 000756313 - Total records: 51
2025-06-25 01:46:33,453 - Found record 000756309 - Total records: 52
2025-06-25 01:46:33,454 - Found record 000756305 - Total records: 53
2025-06-25 01:46:33,454 - Found record 000756301 - Total records: 54
2025-06-25 01:46:33,455 - Found record 000756297 - Total records: 55
2025-06-25 01:46:33,455 - Found record 000756293 - Total records: 56
2025-06-25 01:46:33,455 - Found record 000756289 - Total records: 57
2025-06-25 01:46:33,456 - Found record 000756285 - Total records: 58
2025-06-25 01:46:33,456 - Found record 000756281 - Total records: 59
2025-06-25 01:46:33,456 - Found record 000756273 - Total records: 60
2025-06-25 01:46:33,457 - Found record 000756265 - Total records: 61
2025-06-25 01:46:33,457 - Found record 000756260 - Total records: 62
2025-06-25 01:46:33,457 - Found record 000756253 - Total records: 63
2025-06-25 01:46:33,458 - Found record 000756245 - Total records: 64
2025-06-25 01:46:33,458 - Found record 000756237 - Total records: 65
2025-06-25 01:46:33,459 - Found record 000756229 - Total records: 66
2025-06-25 01:46:33,459 - Found record 000756224 - Total records: 67
2025-06-25 01:46:33,459 - Found record 000756216 - Total records: 68
2025-06-25 01:46:33,460 - Found record 000756205 - Total records: 69
2025-06-25 01:46:33,460 - Found record 000756200 - Total records: 70
2025-06-25 01:46:33,460 - Found record 000756193 - Total records: 71
2025-06-25 01:46:33,461 - Found record 000756189 - Total records: 72
2025-06-25 01:46:33,461 - Found record 000756185 - Total records: 73
2025-06-25 01:46:33,462 - Found record 000756181 - Total records: 74
2025-06-25 01:46:33,462 - Found record 000756177 - Total records: 75
2025-06-25 01:46:33,462 - Found record 000756173 - Total records: 76
2025-06-25 01:46:33,463 - Found record 000756169 - Total records: 77
2025-06-25 01:46:33,463 - Found record 000756162 - Total records: 78
2025-06-25 01:46:33,463 - Found record 000756155 - Total records: 79
2025-06-25 01:46:33,464 - Found record 000756151 - Total records: 80
2025-06-25 01:46:33,464 - Found record 000756147 - Total records: 81
2025-06-25 01:46:33,465 - Found record 000756143 - Total records: 82
2025-06-25 01:46:33,465 - Found record 000756139 - Total records: 83
2025-06-25 01:46:33,465 - Found record 000756135 - Total records: 84
2025-06-25 01:46:33,466 - Found record 000756131 - Total records: 85
2025-06-25 01:46:33,466 - Found record 000756127 - Total records: 86
2025-06-25 01:46:33,466 - Found record 000756123 - Total records: 87
2025-06-25 01:46:33,467 - Found record 000756119 - Total records: 88
2025-06-25 01:46:33,467 - Found record 000756115 - Total records: 89
2025-06-25 01:46:33,467 - Found record 000756111 - Total records: 90
2025-06-25 01:46:33,468 - Found record 000756107 - Total records: 91
2025-06-25 01:46:33,468 - Found record 000756103 - Total records: 92
2025-06-25 01:46:33,469 - Found record 000756099 - Total records: 93
2025-06-25 01:46:33,469 - Found record 000756095 - Total records: 94
2025-06-25 01:46:33,469 - Found record 000756091 - Total records: 95
2025-06-25 01:46:33,470 - Found record 000756087 - Total records: 96
2025-06-25 01:46:33,470 - Found record 000756083 - Total records: 97
2025-06-25 01:46:33,470 - Found record 000756079 - Total records: 98
2025-06-25 01:46:33,471 - Found record 000756070 - Total records: 99
2025-06-25 01:46:33,471 - Found record 000756066 - Total records: 100
2025-06-25 01:46:34,472 - Fetching page 2
2025-06-25 01:46:36,727 - Found record 000756061 - Total records: 101
2025-06-25 01:46:36,727 - Found record 000756053 - Total records: 102
2025-06-25 01:46:36,728 - Found record 000756049 - Total records: 103
2025-06-25 01:46:36,728 - Found record 000756045 - Total records: 104
2025-06-25 01:46:36,729 - Found record 000756041 - Total records: 105
2025-06-25 01:46:36,729 - Found record 000756037 - Total records: 106
2025-06-25 01:46:36,729 - Found record 000756032 - Total records: 107
2025-06-25 01:46:36,730 - Found record 000756022 - Total records: 108
2025-06-25 01:46:36,730 - Found record 000756018 - Total records: 109
2025-06-25 01:46:36,730 - Found record 000756008 - Total records: 110
2025-06-25 01:46:36,731 - Found record 000756002 - Total records: 111
2025-06-25 01:46:36,731 - Found record 000755998 - Total records: 112
2025-06-25 01:46:36,732 - Found record 000755994 - Total records: 113
2025-06-25 01:46:36,732 - Found record 000755990 - Total records: 114
2025-06-25 01:46:36,732 - Found record 000755986 - Total records: 115
2025-06-25 01:46:36,733 - Found record 000755982 - Total records: 116
2025-06-25 01:46:36,733 - Found record 000755978 - Total records: 117
2025-06-25 01:46:36,733 - Found record 000755974 - Total records: 118
2025-06-25 01:46:36,734 - Found record 000755970 - Total records: 119
2025-06-25 01:46:36,734 - Found record 000755966 - Total records: 120
2025-06-25 01:46:36,735 - Found record 000755962 - Total records: 121
2025-06-25 01:46:36,735 - Found record 000755958 - Total records: 122
2025-06-25 01:46:36,735 - Found record 000755954 - Total records: 123
2025-06-25 01:46:36,736 - Found record 000755950 - Total records: 124
2025-06-25 01:46:36,736 - Found record 000755945 - Total records: 125
2025-06-25 01:46:36,736 - Found record 000755939 - Total records: 126
2025-06-25 01:46:36,737 - Found record 000755935 - Total records: 127
2025-06-25 01:46:36,737 - Found record 000755931 - Total records: 128
2025-06-25 01:46:36,737 - Found record 000755927 - Total records: 129
2025-06-25 01:46:36,738 - Found record 000755923 - Total records: 130
2025-06-25 01:46:36,738 - Found record 000755919 - Total records: 131
2025-06-25 01:46:36,738 - Found record 000755910 - Total records: 132
2025-06-25 01:46:36,739 - Found record 000755901 - Total records: 133
2025-06-25 01:46:36,739 - Found record 000755897 - Total records: 134
2025-06-25 01:46:36,740 - Found record 000755893 - Total records: 135
2025-06-25 01:46:36,740 - Found record 000755889 - Total records: 136
2025-06-25 01:46:36,740 - Found record 000755885 - Total records: 137
2025-06-25 01:46:36,741 - Found record 000755881 - Total records: 138
2025-06-25 01:46:36,741 - Found record 000755877 - Total records: 139
2025-06-25 01:46:36,741 - Found record 000755873 - Total records: 140
2025-06-25 01:46:36,742 - Found record 000755869 - Total records: 141
2025-06-25 01:46:36,742 - Found record 000755865 - Total records: 142
2025-06-25 01:46:36,742 - Found record 000755861 - Total records: 143
2025-06-25 01:46:36,743 - Found record 000755857 - Total records: 144
2025-06-25 01:46:36,743 - Found record 000755853 - Total records: 145
2025-06-25 01:46:36,743 - Found record 000755849 - Total records: 146
2025-06-25 01:46:36,744 - Found record 000755845 - Total records: 147
2025-06-25 01:46:36,744 - Found record 000755839 - Total records: 148
2025-06-25 01:46:36,745 - Found record 000755834 - Total records: 149
2025-06-25 01:46:36,745 - Found record 000755833 - Total records: 150
2025-06-25 01:46:36,745 - Found record 000755829 - Total records: 151
2025-06-25 01:46:36,746 - Found record 000755826 - Total records: 152
2025-06-25 01:46:36,746 - Found record 000755822 - Total records: 153
2025-06-25 01:46:36,747 - Found record 000755820 - Total records: 154
2025-06-25 01:46:36,747 - Found record 000755817 - Total records: 155
2025-06-25 01:46:36,747 - Found record 000755813 - Total records: 156
2025-06-25 01:46:36,748 - Found record 000755809 - Total records: 157
2025-06-25 01:46:36,748 - Found record 000755808 - Total records: 158
2025-06-25 01:46:36,748 - Found record 000755803 - Total records: 159
2025-06-25 01:46:36,749 - Found record 000755801 - Total records: 160
2025-06-25 01:46:36,749 - Found record 000755790 - Total records: 161
2025-06-25 01:46:36,749 - Found record 000755784 - Total records: 162
2025-06-25 01:46:36,750 - Found record 000755782 - Total records: 163
2025-06-25 01:46:36,750 - Found record 000755771 - Total records: 164
2025-06-25 01:46:36,750 - Found record 000755767 - Total records: 165
2025-06-25 01:46:36,751 - Found record 000755766 - Total records: 166
2025-06-25 01:46:36,751 - Found record 000755760 - Total records: 167
2025-06-25 01:46:36,751 - Found record 000755755 - Total records: 168
2025-06-25 01:46:36,752 - Found record 000755754 - Total records: 169
2025-06-25 01:46:36,752 - Found record 000755753 - Total records: 170
2025-06-25 01:46:36,752 - Found record 000755745 - Total records: 171
2025-06-25 01:46:36,753 - Found record 000755744 - Total records: 172
2025-06-25 01:46:36,753 - Found record 000755737 - Total records: 173
2025-06-25 01:46:36,754 - Found record 000755736 - Total records: 174
2025-06-25 01:46:36,754 - Found record 000755729 - Total records: 175
2025-06-25 01:46:36,754 - Found record 000755728 - Total records: 176
2025-06-25 01:46:36,755 - Found record 000755720 - Total records: 177
2025-06-25 01:46:36,755 - Found record 000755719 - Total records: 178
2025-06-25 01:46:36,755 - Found record 000755706 - Total records: 179
2025-06-25 01:46:36,756 - Found record 000755705 - Total records: 180
2025-06-25 01:46:36,756 - Found record 000755697 - Total records: 181
2025-06-25 01:46:36,756 - Found record 000755695 - Total records: 182
2025-06-25 01:46:36,757 - Found record 000755682 - Total records: 183
2025-06-25 01:46:36,757 - Found record 000755681 - Total records: 184
2025-06-25 01:46:36,757 - Found record 000755668 - Total records: 185
2025-06-25 01:46:36,758 - Found record 000755667 - Total records: 186
2025-06-25 01:46:36,758 - Found record 000755655 - Total records: 187
2025-06-25 01:46:36,758 - Found record 000755652 - Total records: 188
2025-06-25 01:46:36,759 - Found record 000755646 - Total records: 189
2025-06-25 01:46:36,759 - Found record 000755644 - Total records: 190
2025-06-25 01:46:36,760 - Found record 000755629 - Total records: 191
2025-06-25 01:46:36,760 - Found record 000755627 - Total records: 192
2025-06-25 01:46:36,760 - Found record 000755616 - Total records: 193
2025-06-25 01:46:36,761 - Found record 000755613 - Total records: 194
2025-06-25 01:46:36,761 - Found record 000755603 - Total records: 195
2025-06-25 01:46:36,761 - Found record 000755602 - Total records: 196
2025-06-25 01:46:36,762 - Found record 000755590 - Total records: 197
2025-06-25 01:46:36,762 - Found record 000755589 - Total records: 198
2025-06-25 01:46:36,762 - Found record 000755578 - Total records: 199
2025-06-25 01:46:36,763 - Found record 000755577 - Total records: 200
2025-06-25 01:46:37,764 - Fetching page 3
2025-06-25 01:46:43,459 - Found record 000755566 - Total records: 201
2025-06-25 01:46:43,459 - Found record 000755565 - Total records: 202
2025-06-25 01:46:43,460 - Found record 000755558 - Total records: 203
2025-06-25 01:46:43,460 - Found record 000755557 - Total records: 204
2025-06-25 01:46:43,461 - Found record 000755550 - Total records: 205
2025-06-25 01:46:43,461 - Found record 000755549 - Total records: 206
2025-06-25 01:46:43,461 - Found record 000755542 - Total records: 207
2025-06-25 01:46:43,462 - Found record 000755541 - Total records: 208
2025-06-25 01:46:43,462 - Found record 000755534 - Total records: 209
2025-06-25 01:46:43,462 - Found record 000755533 - Total records: 210
2025-06-25 01:46:43,463 - Found record 000755526 - Total records: 211
2025-06-25 01:46:43,463 - Found record 000755525 - Total records: 212
2025-06-25 01:46:43,463 - Found record 000755518 - Total records: 213
2025-06-25 01:46:43,464 - Found record 000755517 - Total records: 214
2025-06-25 01:46:43,464 - Found record 000755511 - Total records: 215
2025-06-25 01:46:43,465 - Found record 000755447 - Total records: 216
2025-06-25 01:46:43,465 - Found record 000754982 - Total records: 217
2025-06-25 01:46:43,465 - Found latest stored record 000754982 - stopping fetch
2025-06-25 01:46:43,465 - Completed fetch - Found 217 new records
2025-06-25 01:46:43,466 - Latest webpage record ID: 000756511
2025-06-25 01:46:43,466 - New records available - latest records differ
2025-06-25 01:46:43,484 - New records: 217
2025-06-25 01:46:43,484 - Previous records: 1455
2025-06-25 01:46:43,484 - Combined records: 1671
2025-06-25 01:46:43,508 - Saved 1671 records to: data/2025-06-25_01-46-28/morphosource_data_complete.json
2025-06-25 01:46:43,508 - Created detailed release notes at: data/2025-06-25_01-46-28/release_notes.txt
