2025-07-04 01:46:12,780 - Data directory: data/2025-07-04_01-46-09
2025-07-04 01:46:12,780 - Output directory: data/2025-07-04_01-46-09
2025-07-04 01:46:12,780 - Using data directory: data/2025-07-04_01-46-09
2025-07-04 01:46:12,780 - Looking for previous data in: data
2025-07-04 01:46:12,782 - Loading previous data from: data/2025-07-03_01-46-20/morphosource_data_complete.json
2025-07-04 01:46:13,199 - Loaded 107652 records from previous data file
2025-07-04 01:46:13,200 - Latest stored record ID: 000759514
2025-07-04 01:46:13,200 - Previous record count: 107652
2025-07-04 01:46:13,200 - Fetching page 1
2025-07-04 01:46:15,671 - Found record 000759630 - Total records: 1
2025-07-04 01:46:15,672 - Found record 000759618 - Total records: 2
2025-07-04 01:46:15,672 - Found record 000759613 - Total records: 3
2025-07-04 01:46:15,672 - Found record 000759595 - Total records: 4
2025-07-04 01:46:15,673 - Found record 000759514 - Total records: 5
2025-07-04 01:46:15,673 - Found latest stored record 000759514 - stopping fetch
2025-07-04 01:46:15,673 - Completed fetch - Found 5 new records
2025-07-04 01:46:15,673 - Latest webpage record ID: 000759630
2025-07-04 01:46:15,673 - New records available - latest records differ
2025-07-04 01:46:15,818 - New records: 5
2025-07-04 01:46:15,818 - Previous records: 107652
2025-07-04 01:46:15,818 - Combined records: 107656
2025-07-04 01:46:17,388 - Saved 107656 records to: data/2025-07-04_01-46-09/morphosource_data_complete.json
2025-07-04 01:46:17,388 - Created detailed release notes at: data/2025-07-04_01-46-09/release_notes.txt
