2025-08-10 01:59:38,129 - Data directory: data/2025-08-10_01-59-36
2025-08-10 01:59:38,129 - Output directory: data/2025-08-10_01-59-36
2025-08-10 01:59:38,130 - Using data directory: data/2025-08-10_01-59-36
2025-08-10 01:59:38,130 - Looking for previous data in: data
2025-08-10 01:59:38,132 - Loading previous data from: data/2025-08-09_01-45-52/morphosource_data_complete.json
2025-08-10 01:59:38,580 - Loaded 108057 records from previous data file
2025-08-10 01:59:38,580 - Latest stored record ID: 000769273
2025-08-10 01:59:38,580 - Previous record count: 108057
2025-08-10 01:59:38,580 - Fetching page 1
2025-08-10 01:59:41,235 - Found record 000769379 - Total records: 1
2025-08-10 01:59:41,235 - Found record 000769273 - Total records: 2
2025-08-10 01:59:41,235 - Found latest stored record 000769273 - stopping fetch
2025-08-10 01:59:41,235 - Completed fetch - Found 2 new records
2025-08-10 01:59:41,235 - Latest webpage record ID: 000769379
2025-08-10 01:59:41,235 - New records available - latest records differ
2025-08-10 01:59:41,331 - New records: 2
2025-08-10 01:59:41,331 - Previous records: 108057
2025-08-10 01:59:41,331 - Combined records: 108058
2025-08-10 01:59:42,891 - Saved 108058 records to: data/2025-08-10_01-59-36/morphosource_data_complete.json
2025-08-10 01:59:42,891 - Created detailed release notes at: data/2025-08-10_01-59-36/release_notes.txt
