2025-02-11 01:20:21,044 - Data directory: data/2025-02-11_01-20-20
2025-02-11 01:20:21,044 - Output directory: data/2025-02-11_01-20-20
2025-02-11 01:20:21,044 - Using data directory: data/2025-02-11_01-20-20
2025-02-11 01:20:21,044 - Looking for previous data in: data
2025-02-11 01:20:21,044 - Loading previous data from: data/2025-02-10_01-21-46/morphosource_data_complete.json
2025-02-11 01:20:21,464 - Loaded 104947 records from previous data file
2025-02-11 01:20:21,464 - Latest stored record ID: 000708101
2025-02-11 01:20:21,464 - Previous record count: 104947
2025-02-11 01:20:21,464 - Fetching page 1
2025-02-11 01:20:23,469 - Found record 000709198 - Total records: 1
2025-02-11 01:20:23,470 - Found record 000709193 - Total records: 2
2025-02-11 01:20:23,470 - Found record 000709188 - Total records: 3
2025-02-11 01:20:23,470 - Found record 000709187 - Total records: 4
2025-02-11 01:20:23,471 - Found record 000709180 - Total records: 5
2025-02-11 01:20:23,471 - Found record 000709179 - Total records: 6
2025-02-11 01:20:23,472 - Found record 000709172 - Total records: 7
2025-02-11 01:20:23,472 - Found record 000709171 - Total records: 8
2025-02-11 01:20:23,472 - Found record 000709164 - Total records: 9
2025-02-11 01:20:23,473 - Found record 000709163 - Total records: 10
2025-02-11 01:20:23,473 - Found record 000709157 - Total records: 11
2025-02-11 01:20:23,473 - Found record 000709153 - Total records: 12
2025-02-11 01:20:23,474 - Found record 000709148 - Total records: 13
2025-02-11 01:20:23,474 - Found record 000709147 - Total records: 14
2025-02-11 01:20:23,474 - Found record 000709137 - Total records: 15
2025-02-11 01:20:23,475 - Found record 000709131 - Total records: 16
2025-02-11 01:20:23,475 - Found record 000709130 - Total records: 17
2025-02-11 01:20:23,475 - Found record 000709123 - Total records: 18
2025-02-11 01:20:23,476 - Found record 000709122 - Total records: 19
2025-02-11 01:20:23,476 - Found record 000709115 - Total records: 20
2025-02-11 01:20:23,477 - Found record 000709114 - Total records: 21
2025-02-11 01:20:23,477 - Found record 000709087 - Total records: 22
2025-02-11 01:20:23,477 - Found record 000709083 - Total records: 23
2025-02-11 01:20:23,478 - Found record 000709079 - Total records: 24
2025-02-11 01:20:23,478 - Found record 000709075 - Total records: 25
2025-02-11 01:20:23,478 - Found record 000709071 - Total records: 26
2025-02-11 01:20:23,479 - Found record 000709067 - Total records: 27
2025-02-11 01:20:23,479 - Found record 000709062 - Total records: 28
2025-02-11 01:20:23,480 - Found record 000709054 - Total records: 29
2025-02-11 01:20:23,480 - Found record 000709050 - Total records: 30
2025-02-11 01:20:23,480 - Found record 000709046 - Total records: 31
2025-02-11 01:20:23,481 - Found record 000709042 - Total records: 32
2025-02-11 01:20:23,481 - Found record 000709038 - Total records: 33
2025-02-11 01:20:23,481 - Found record 000709034 - Total records: 34
2025-02-11 01:20:23,482 - Found record 000709030 - Total records: 35
2025-02-11 01:20:23,482 - Found record 000709026 - Total records: 36
2025-02-11 01:20:23,483 - Found record 000709022 - Total records: 37
2025-02-11 01:20:23,483 - Found record 000709018 - Total records: 38
2025-02-11 01:20:23,483 - Found record 000709014 - Total records: 39
2025-02-11 01:20:23,484 - Found record 000709010 - Total records: 40
2025-02-11 01:20:23,484 - Found record 000709006 - Total records: 41
2025-02-11 01:20:23,484 - Found record 000709002 - Total records: 42
2025-02-11 01:20:23,485 - Found record 000708998 - Total records: 43
2025-02-11 01:20:23,485 - Found record 000708994 - Total records: 44
2025-02-11 01:20:23,485 - Found record 000708990 - Total records: 45
2025-02-11 01:20:23,486 - Found record 000708985 - Total records: 46
2025-02-11 01:20:23,486 - Found record 000708981 - Total records: 47
2025-02-11 01:20:23,487 - Found record 000708977 - Total records: 48
2025-02-11 01:20:23,487 - Found record 000708973 - Total records: 49
2025-02-11 01:20:23,487 - Found record 000708969 - Total records: 50
2025-02-11 01:20:23,488 - Found record 000708965 - Total records: 51
2025-02-11 01:20:23,488 - Found record 000708958 - Total records: 52
2025-02-11 01:20:23,488 - Found record 000708952 - Total records: 53
2025-02-11 01:20:23,489 - Found record 000708948 - Total records: 54
2025-02-11 01:20:23,489 - Found record 000708944 - Total records: 55
2025-02-11 01:20:23,490 - Found record 000708940 - Total records: 56
2025-02-11 01:20:23,490 - Found record 000708936 - Total records: 57
2025-02-11 01:20:23,490 - Found record 000708932 - Total records: 58
2025-02-11 01:20:23,491 - Found record 000708928 - Total records: 59
2025-02-11 01:20:23,491 - Found record 000708924 - Total records: 60
2025-02-11 01:20:23,491 - Found record 000708920 - Total records: 61
2025-02-11 01:20:23,492 - Found record 000708916 - Total records: 62
2025-02-11 01:20:23,492 - Found record 000708912 - Total records: 63
2025-02-11 01:20:23,492 - Found record 000708908 - Total records: 64
2025-02-11 01:20:23,493 - Found record 000708904 - Total records: 65
2025-02-11 01:20:23,493 - Found record 000708900 - Total records: 66
2025-02-11 01:20:23,494 - Found record 000708893 - Total records: 67
2025-02-11 01:20:23,494 - Found record 000708889 - Total records: 68
2025-02-11 01:20:23,494 - Found record 000708880 - Total records: 69
2025-02-11 01:20:23,495 - Found record 000708876 - Total records: 70
2025-02-11 01:20:23,495 - Found record 000708872 - Total records: 71
2025-02-11 01:20:23,495 - Found record 000708868 - Total records: 72
2025-02-11 01:20:23,496 - Found record 000708864 - Total records: 73
2025-02-11 01:20:23,496 - Found record 000708860 - Total records: 74
2025-02-11 01:20:23,497 - Found record 000708856 - Total records: 75
2025-02-11 01:20:23,497 - Found record 000708852 - Total records: 76
2025-02-11 01:20:23,497 - Found record 000708848 - Total records: 77
2025-02-11 01:20:23,498 - Found record 000708844 - Total records: 78
2025-02-11 01:20:23,498 - Found record 000708840 - Total records: 79
2025-02-11 01:20:23,498 - Found record 000708836 - Total records: 80
2025-02-11 01:20:23,499 - Found record 000708832 - Total records: 81
2025-02-11 01:20:23,499 - Found record 000708828 - Total records: 82
2025-02-11 01:20:23,499 - Found record 000708824 - Total records: 83
2025-02-11 01:20:23,500 - Found record 000708820 - Total records: 84
2025-02-11 01:20:23,500 - Found record 000708816 - Total records: 85
2025-02-11 01:20:23,501 - Found record 000708812 - Total records: 86
2025-02-11 01:20:23,501 - Found record 000708808 - Total records: 87
2025-02-11 01:20:23,501 - Found record 000708804 - Total records: 88
2025-02-11 01:20:23,502 - Found record 000708800 - Total records: 89
2025-02-11 01:20:23,502 - Found record 000708796 - Total records: 90
2025-02-11 01:20:23,502 - Found record 000708744 - Total records: 91
2025-02-11 01:20:23,503 - Found record 000708711 - Total records: 92
2025-02-11 01:20:23,503 - Found record 000708701 - Total records: 93
2025-02-11 01:20:23,504 - Found record 000708696 - Total records: 94
2025-02-11 01:20:23,504 - Found record 000708692 - Total records: 95
2025-02-11 01:20:23,504 - Found record 000708687 - Total records: 96
2025-02-11 01:20:23,505 - Found record 000708684 - Total records: 97
2025-02-11 01:20:23,505 - Found record 000708681 - Total records: 98
2025-02-11 01:20:23,505 - Found record 000708673 - Total records: 99
2025-02-11 01:20:23,506 - Found record 000708669 - Total records: 100
2025-02-11 01:20:24,507 - Fetching page 2
2025-02-11 01:20:32,371 - Found record 000708665 - Total records: 101
2025-02-11 01:20:32,371 - Found record 000708661 - Total records: 102
2025-02-11 01:20:32,372 - Found record 000708657 - Total records: 103
2025-02-11 01:20:32,372 - Found record 000708653 - Total records: 104
2025-02-11 01:20:32,372 - Found record 000708648 - Total records: 105
2025-02-11 01:20:32,373 - Found record 000708644 - Total records: 106
2025-02-11 01:20:32,373 - Found record 000708640 - Total records: 107
2025-02-11 01:20:32,373 - Found record 000708636 - Total records: 108
2025-02-11 01:20:32,374 - Found record 000708632 - Total records: 109
2025-02-11 01:20:32,374 - Found record 000708626 - Total records: 110
2025-02-11 01:20:32,374 - Found record 000708618 - Total records: 111
2025-02-11 01:20:32,375 - Found record 000708614 - Total records: 112
2025-02-11 01:20:32,375 - Found record 000708610 - Total records: 113
2025-02-11 01:20:32,375 - Found record 000708606 - Total records: 114
2025-02-11 01:20:32,375 - Found record 000708602 - Total records: 115
2025-02-11 01:20:32,376 - Found record 000708598 - Total records: 116
2025-02-11 01:20:32,376 - Found record 000708593 - Total records: 117
2025-02-11 01:20:32,376 - Found record 000708589 - Total records: 118
2025-02-11 01:20:32,377 - Found record 000708584 - Total records: 119
2025-02-11 01:20:32,377 - Found record 000708579 - Total records: 120
2025-02-11 01:20:32,378 - Found record 000708569 - Total records: 121
2025-02-11 01:20:32,378 - Found record 000708565 - Total records: 122
2025-02-11 01:20:32,378 - Found record 000708561 - Total records: 123
2025-02-11 01:20:32,379 - Found record 000708557 - Total records: 124
2025-02-11 01:20:32,379 - Found record 000708553 - Total records: 125
2025-02-11 01:20:32,379 - Found record 000708549 - Total records: 126
2025-02-11 01:20:32,380 - Found record 000708545 - Total records: 127
2025-02-11 01:20:32,380 - Found record 000708541 - Total records: 128
2025-02-11 01:20:32,380 - Found record 000708537 - Total records: 129
2025-02-11 01:20:32,381 - Found record 000708533 - Total records: 130
2025-02-11 01:20:32,381 - Found record 000708529 - Total records: 131
2025-02-11 01:20:32,381 - Found record 000708524 - Total records: 132
2025-02-11 01:20:32,382 - Found record 000708523 - Total records: 133
2025-02-11 01:20:32,382 - Found record 000708516 - Total records: 134
2025-02-11 01:20:32,383 - Found record 000708512 - Total records: 135
2025-02-11 01:20:32,383 - Found record 000708508 - Total records: 136
2025-02-11 01:20:32,383 - Found record 000708504 - Total records: 137
2025-02-11 01:20:32,384 - Found record 000708500 - Total records: 138
2025-02-11 01:20:32,384 - Found record 000708496 - Total records: 139
2025-02-11 01:20:32,384 - Found record 000708492 - Total records: 140
2025-02-11 01:20:32,385 - Found record 000708488 - Total records: 141
2025-02-11 01:20:32,385 - Found record 000708484 - Total records: 142
2025-02-11 01:20:32,385 - Found record 000708479 - Total records: 143
2025-02-11 01:20:32,386 - Found record 000708475 - Total records: 144
2025-02-11 01:20:32,386 - Found record 000708470 - Total records: 145
2025-02-11 01:20:32,386 - Found record 000708462 - Total records: 146
2025-02-11 01:20:32,387 - Found record 000708458 - Total records: 147
2025-02-11 01:20:32,387 - Found record 000708454 - Total records: 148
2025-02-11 01:20:32,388 - Found record 000708450 - Total records: 149
2025-02-11 01:20:32,388 - Found record 000708445 - Total records: 150
2025-02-11 01:20:32,388 - Found record 000708444 - Total records: 151
2025-02-11 01:20:32,389 - Found record 000708437 - Total records: 152
2025-02-11 01:20:32,389 - Found record 000708433 - Total records: 153
2025-02-11 01:20:32,389 - Found record 000708429 - Total records: 154
2025-02-11 01:20:32,390 - Found record 000708425 - Total records: 155
2025-02-11 01:20:32,390 - Found record 000708421 - Total records: 156
2025-02-11 01:20:32,390 - Found record 000708416 - Total records: 157
2025-02-11 01:20:32,391 - Found record 000708415 - Total records: 158
2025-02-11 01:20:32,391 - Found record 000708408 - Total records: 159
2025-02-11 01:20:32,391 - Found record 000708404 - Total records: 160
2025-02-11 01:20:32,392 - Found record 000708390 - Total records: 161
2025-02-11 01:20:32,392 - Found record 000708374 - Total records: 162
2025-02-11 01:20:32,393 - Found record 000708362 - Total records: 163
2025-02-11 01:20:32,393 - Found record 000708357 - Total records: 164
2025-02-11 01:20:32,393 - Found record 000708347 - Total records: 165
2025-02-11 01:20:32,394 - Found record 000708297 - Total records: 166
2025-02-11 01:20:32,394 - Found record 000708175 - Total records: 167
2025-02-11 01:20:32,394 - Found record 000708118 - Total records: 168
2025-02-11 01:20:32,395 - Found record 000708106 - Total records: 169
2025-02-11 01:20:32,395 - Found record 000708101 - Total records: 170
2025-02-11 01:20:32,395 - Found latest stored record 000708101 - stopping fetch
2025-02-11 01:20:32,395 - Completed fetch - Found 170 new records
2025-02-11 01:20:32,396 - Latest webpage record ID: 000709198
2025-02-11 01:20:32,396 - New records available - latest records differ
2025-02-11 01:20:33,460 - New records: 170
2025-02-11 01:20:33,460 - Previous records: 104947
2025-02-11 01:20:33,460 - Combined records: 105116
2025-02-11 01:20:35,015 - Saved 105116 records to: data/2025-02-11_01-20-20/morphosource_data_complete.json
2025-02-11 01:20:35,016 - Created detailed release notes at: data/2025-02-11_01-20-20/release_notes.txt
