2025-06-26 01:45:25,953 - Data directory: data/2025-06-26_01-45-24
2025-06-26 01:45:25,953 - Output directory: data/2025-06-26_01-45-24
2025-06-26 01:45:25,953 - Using data directory: data/2025-06-26_01-45-24
2025-06-26 01:45:25,953 - Looking for previous data in: data
2025-06-26 01:45:25,955 - Loading previous data from: data/2025-06-25_01-46-28/morphosource_data_complete.json
2025-06-26 01:45:25,961 - Loaded 1671 records from previous data file
2025-06-26 01:45:25,961 - Latest stored record ID: 000756511
2025-06-26 01:45:25,961 - Previous record count: 1671
2025-06-26 01:45:25,961 - Fetching page 1
2025-06-26 01:45:28,431 - Found record 000757297 - Total records: 1
2025-06-26 01:45:28,432 - Found record 000757287 - Total records: 2
2025-06-26 01:45:28,432 - Found record 000757265 - Total records: 3
2025-06-26 01:45:28,432 - Found record 000757259 - Total records: 4
2025-06-26 01:45:28,433 - Found record 000757249 - Total records: 5
2025-06-26 01:45:28,433 - Found record 000757245 - Total records: 6
2025-06-26 01:45:28,433 - Found record 000757203 - Total records: 7
2025-06-26 01:45:28,434 - Found record 000757199 - Total records: 8
2025-06-26 01:45:28,434 - Found record 000757193 - Total records: 9
2025-06-26 01:45:28,434 - Found record 000757188 - Total records: 10
2025-06-26 01:45:28,435 - Found record 000757187 - Total records: 11
2025-06-26 01:45:28,435 - Found record 000757180 - Total records: 12
2025-06-26 01:45:28,435 - Found record 000757179 - Total records: 13
2025-06-26 01:45:28,436 - Found record 000757170 - Total records: 14
2025-06-26 01:45:28,436 - Found record 000757161 - Total records: 15
2025-06-26 01:45:28,437 - Found record 000757156 - Total records: 16
2025-06-26 01:45:28,437 - Found record 000757155 - Total records: 17
2025-06-26 01:45:28,437 - Found record 000757148 - Total records: 18
2025-06-26 01:45:28,438 - Found record 000757147 - Total records: 19
2025-06-26 01:45:28,438 - Found record 000757140 - Total records: 20
2025-06-26 01:45:28,438 - Found record 000757139 - Total records: 21
2025-06-26 01:45:28,439 - Found record 000757132 - Total records: 22
2025-06-26 01:45:28,439 - Found record 000757124 - Total records: 23
2025-06-26 01:45:28,440 - Found record 000757120 - Total records: 24
2025-06-26 01:45:28,440 - Found record 000757116 - Total records: 25
2025-06-26 01:45:28,440 - Found record 000757112 - Total records: 26
2025-06-26 01:45:28,441 - Found record 000757108 - Total records: 27
2025-06-26 01:45:28,441 - Found record 000757104 - Total records: 28
2025-06-26 01:45:28,441 - Found record 000757096 - Total records: 29
2025-06-26 01:45:28,442 - Found record 000757018 - Total records: 30
2025-06-26 01:45:28,442 - Found record 000757014 - Total records: 31
2025-06-26 01:45:28,442 - Found record 000757005 - Total records: 32
2025-06-26 01:45:28,443 - Found record 000757001 - Total records: 33
2025-06-26 01:45:28,443 - Found record 000756996 - Total records: 34
2025-06-26 01:45:28,444 - Found record 000756988 - Total records: 35
2025-06-26 01:45:28,444 - Found record 000756984 - Total records: 36
2025-06-26 01:45:28,444 - Found record 000756979 - Total records: 37
2025-06-26 01:45:28,445 - Found record 000756970 - Total records: 38
2025-06-26 01:45:28,445 - Found record 000756966 - Total records: 39
2025-06-26 01:45:28,445 - Found record 000756962 - Total records: 40
2025-06-26 01:45:28,446 - Found record 000756952 - Total records: 41
2025-06-26 01:45:28,446 - Found record 000756948 - Total records: 42
2025-06-26 01:45:28,446 - Found record 000756944 - Total records: 43
2025-06-26 01:45:28,447 - Found record 000756939 - Total records: 44
2025-06-26 01:45:28,447 - Found record 000756930 - Total records: 45
2025-06-26 01:45:28,447 - Found record 000756925 - Total records: 46
2025-06-26 01:45:28,448 - Found record 000756912 - Total records: 47
2025-06-26 01:45:28,448 - Found record 000756889 - Total records: 48
2025-06-26 01:45:28,448 - Found record 000756885 - Total records: 49
2025-06-26 01:45:28,449 - Found record 000756881 - Total records: 50
2025-06-26 01:45:28,449 - Found record 000756877 - Total records: 51
2025-06-26 01:45:28,449 - Found record 000756873 - Total records: 52
2025-06-26 01:45:28,450 - Found record 000756868 - Total records: 53
2025-06-26 01:45:28,450 - Found record 000756867 - Total records: 54
2025-06-26 01:45:28,450 - Found record 000756861 - Total records: 55
2025-06-26 01:45:28,451 - Found record 000756857 - Total records: 56
2025-06-26 01:45:28,451 - Found record 000756853 - Total records: 57
2025-06-26 01:45:28,451 - Found record 000756849 - Total records: 58
2025-06-26 01:45:28,452 - Found record 000756845 - Total records: 59
2025-06-26 01:45:28,452 - Found record 000756841 - Total records: 60
2025-06-26 01:45:28,452 - Found record 000756837 - Total records: 61
2025-06-26 01:45:28,453 - Found record 000756832 - Total records: 62
2025-06-26 01:45:28,453 - Found record 000756829 - Total records: 63
2025-06-26 01:45:28,454 - Found record 000756824 - Total records: 64
2025-06-26 01:45:28,454 - Found record 000756822 - Total records: 65
2025-06-26 01:45:28,454 - Found record 000756815 - Total records: 66
2025-06-26 01:45:28,455 - Found record 000756814 - Total records: 67
2025-06-26 01:45:28,455 - Found record 000756804 - Total records: 68
2025-06-26 01:45:28,455 - Found record 000756799 - Total records: 69
2025-06-26 01:45:28,456 - Found record 000756798 - Total records: 70
2025-06-26 01:45:28,456 - Found record 000756791 - Total records: 71
2025-06-26 01:45:28,456 - Found record 000756790 - Total records: 72
2025-06-26 01:45:28,457 - Found record 000756783 - Total records: 73
2025-06-26 01:45:28,457 - Found record 000756782 - Total records: 74
2025-06-26 01:45:28,458 - Found record 000756775 - Total records: 75
2025-06-26 01:45:28,458 - Found record 000756774 - Total records: 76
2025-06-26 01:45:28,458 - Found record 000756767 - Total records: 77
2025-06-26 01:45:28,459 - Found record 000756766 - Total records: 78
2025-06-26 01:45:28,459 - Found record 000756759 - Total records: 79
2025-06-26 01:45:28,459 - Found record 000756758 - Total records: 80
2025-06-26 01:45:28,460 - Found record 000756745 - Total records: 81
2025-06-26 01:45:28,460 - Found record 000756738 - Total records: 82
2025-06-26 01:45:28,460 - Found record 000756729 - Total records: 83
2025-06-26 01:45:28,461 - Found record 000756711 - Total records: 84
2025-06-26 01:45:28,461 - Found record 000756703 - Total records: 85
2025-06-26 01:45:28,461 - Found record 000756685 - Total records: 86
2025-06-26 01:45:28,462 - Found record 000756682 - Total records: 87
2025-06-26 01:45:28,462 - Found record 000756674 - Total records: 88
2025-06-26 01:45:28,462 - Found record 000756666 - Total records: 89
2025-06-26 01:45:28,463 - Found record 000756657 - Total records: 90
2025-06-26 01:45:28,463 - Found record 000756649 - Total records: 91
2025-06-26 01:45:28,463 - Found record 000756645 - Total records: 92
2025-06-26 01:45:28,464 - Found record 000756511 - Total records: 93
2025-06-26 01:45:28,464 - Found latest stored record 000756511 - stopping fetch
2025-06-26 01:45:28,464 - Completed fetch - Found 93 new records
2025-06-26 01:45:28,464 - Latest webpage record ID: 000757297
2025-06-26 01:45:28,464 - New records available - latest records differ
2025-06-26 01:45:28,474 - New records: 93
2025-06-26 01:45:28,474 - Previous records: 1671
2025-06-26 01:45:28,474 - Combined records: 1763
2025-06-26 01:45:28,499 - Saved 1763 records to: data/2025-06-26_01-45-24/morphosource_data_complete.json
2025-06-26 01:45:28,500 - Created detailed release notes at: data/2025-06-26_01-45-24/release_notes.txt
