2025-04-21 01:42:15,323 - Data directory: data/2025-04-21_01-42-13
2025-04-21 01:42:15,324 - Output directory: data/2025-04-21_01-42-13
2025-04-21 01:42:15,324 - Using data directory: data/2025-04-21_01-42-13
2025-04-21 01:42:15,324 - Looking for previous data in: data
2025-04-21 01:42:15,325 - Loading previous data from: data/2025-04-20_01-42-54/morphosource_data_complete.json
2025-04-21 01:42:15,329 - Loaded 711 records from previous data file
2025-04-21 01:42:15,329 - Latest stored record ID: 000731894
2025-04-21 01:42:15,329 - Previous record count: 711
2025-04-21 01:42:15,329 - Fetching page 1
2025-04-21 01:42:18,354 - Found record 000731929 - Total records: 1
2025-04-21 01:42:18,354 - Found record 000731923 - Total records: 2
2025-04-21 01:42:18,354 - Found record 000731917 - Total records: 3
2025-04-21 01:42:18,355 - Found record 000731911 - Total records: 4
2025-04-21 01:42:18,355 - Found record 000731905 - Total records: 5
2025-04-21 01:42:18,355 - Found record 000731894 - Total records: 6
2025-04-21 01:42:18,355 - Found latest stored record 000731894 - stopping fetch
2025-04-21 01:42:18,355 - Completed fetch - Found 6 new records
2025-04-21 01:42:18,356 - Latest webpage record ID: 000731929
2025-04-21 01:42:18,356 - New records available - latest records differ
2025-04-21 01:42:18,357 - New records: 6
2025-04-21 01:42:18,357 - Previous records: 711
2025-04-21 01:42:18,357 - Combined records: 716
2025-04-21 01:42:18,367 - Saved 716 records to: data/2025-04-21_01-42-13/morphosource_data_complete.json
2025-04-21 01:42:18,367 - Created detailed release notes at: data/2025-04-21_01-42-13/release_notes.txt
