2025-03-15 01:24:01,901 - Data directory: data/2025-03-15_01-24-00
2025-03-15 01:24:01,901 - Output directory: data/2025-03-15_01-24-00
2025-03-15 01:24:01,901 - Using data directory: data/2025-03-15_01-24-00
2025-03-15 01:24:01,901 - Looking for previous data in: data
2025-03-15 01:24:01,902 - Loading previous data from: data/2025-03-14_01-24-15/morphosource_data_complete.json
2025-03-15 01:24:02,282 - Loaded 105507 records from previous data file
2025-03-15 01:24:02,283 - Latest stored record ID: 000720347
2025-03-15 01:24:02,283 - Previous record count: 105507
2025-03-15 01:24:02,283 - Fetching page 1
2025-03-15 01:24:05,317 - Found record 000720730 - Total records: 1
2025-03-15 01:24:05,317 - Found record 000720729 - Total records: 2
2025-03-15 01:24:05,317 - Found record 000720724 - Total records: 3
2025-03-15 01:24:05,318 - Found record 000720723 - Total records: 4
2025-03-15 01:24:05,318 - Found record 000720713 - Total records: 5
2025-03-15 01:24:05,318 - Found record 000720710 - Total records: 6
2025-03-15 01:24:05,319 - Found record 000720705 - Total records: 7
2025-03-15 01:24:05,319 - Found record 000720703 - Total records: 8
2025-03-15 01:24:05,319 - Found record 000720694 - Total records: 9
2025-03-15 01:24:05,320 - Found record 000720693 - Total records: 10
2025-03-15 01:24:05,320 - Found record 000720688 - Total records: 11
2025-03-15 01:24:05,320 - Found record 000720687 - Total records: 12
2025-03-15 01:24:05,321 - Found record 000720680 - Total records: 13
2025-03-15 01:24:05,321 - Found record 000720679 - Total records: 14
2025-03-15 01:24:05,321 - Found record 000720674 - Total records: 15
2025-03-15 01:24:05,322 - Found record 000720673 - Total records: 16
2025-03-15 01:24:05,322 - Found record 000720661 - Total records: 17
2025-03-15 01:24:05,322 - Found record 000720660 - Total records: 18
2025-03-15 01:24:05,323 - Found record 000720655 - Total records: 19
2025-03-15 01:24:05,323 - Found record 000720653 - Total records: 20
2025-03-15 01:24:05,323 - Found record 000720648 - Total records: 21
2025-03-15 01:24:05,324 - Found record 000720644 - Total records: 22
2025-03-15 01:24:05,324 - Found record 000720641 - Total records: 23
2025-03-15 01:24:05,324 - Found record 000720637 - Total records: 24
2025-03-15 01:24:05,325 - Found record 000720636 - Total records: 25
2025-03-15 01:24:05,325 - Found record 000720631 - Total records: 26
2025-03-15 01:24:05,325 - Found record 000720630 - Total records: 27
2025-03-15 01:24:05,325 - Found record 000720592 - Total records: 28
2025-03-15 01:24:05,326 - Found record 000720347 - Total records: 29
2025-03-15 01:24:05,326 - Found latest stored record 000720347 - stopping fetch
2025-03-15 01:24:05,326 - Completed fetch - Found 29 new records
2025-03-15 01:24:05,326 - Latest webpage record ID: 000720730
2025-03-15 01:24:05,326 - New records available - latest records differ
2025-03-15 01:24:05,591 - New records: 29
2025-03-15 01:24:05,591 - Previous records: 105507
2025-03-15 01:24:05,591 - Combined records: 105535
2025-03-15 01:24:07,128 - Saved 105535 records to: data/2025-03-15_01-24-00/morphosource_data_complete.json
2025-03-15 01:24:07,128 - Created detailed release notes at: data/2025-03-15_01-24-00/release_notes.txt
