2025-05-17 01:39:30,342 - Data directory: data/2025-05-17_01-39-28
2025-05-17 01:39:30,342 - Output directory: data/2025-05-17_01-39-28
2025-05-17 01:39:30,342 - Using data directory: data/2025-05-17_01-39-28
2025-05-17 01:39:30,342 - Looking for previous data in: data
2025-05-17 01:39:30,343 - Loading previous data from: data/2025-05-16_01-42-24/morphosource_data_complete.json
2025-05-17 01:39:30,347 - Loaded 956 records from previous data file
2025-05-17 01:39:30,347 - Latest stored record ID: 000741687
2025-05-17 01:39:30,347 - Previous record count: 956
2025-05-17 01:39:30,347 - Fetching page 1
2025-05-17 01:39:35,619 - Found record 000741906 - Total records: 1
2025-05-17 01:39:35,620 - Found record 000741903 - Total records: 2
2025-05-17 01:39:35,620 - Found record 000741900 - Total records: 3
2025-05-17 01:39:35,620 - Found record 000741897 - Total records: 4
2025-05-17 01:39:35,621 - Found record 000741894 - Total records: 5
2025-05-17 01:39:35,621 - Found record 000741891 - Total records: 6
2025-05-17 01:39:35,622 - Found record 000741888 - Total records: 7
2025-05-17 01:39:35,622 - Found record 000741885 - Total records: 8
2025-05-17 01:39:35,623 - Found record 000741882 - Total records: 9
2025-05-17 01:39:35,623 - Found record 000741879 - Total records: 10
2025-05-17 01:39:35,623 - Found record 000741876 - Total records: 11
2025-05-17 01:39:35,624 - Found record 000741873 - Total records: 12
2025-05-17 01:39:35,624 - Found record 000741792 - Total records: 13
2025-05-17 01:39:35,624 - Found record 000741687 - Total records: 14
2025-05-17 01:39:35,624 - Found latest stored record 000741687 - stopping fetch
2025-05-17 01:39:35,625 - Completed fetch - Found 14 new records
2025-05-17 01:39:35,625 - Latest webpage record ID: 000741906
2025-05-17 01:39:35,625 - New records available - latest records differ
2025-05-17 01:39:35,626 - New records: 14
2025-05-17 01:39:35,626 - Previous records: 956
2025-05-17 01:39:35,626 - Combined records: 969
2025-05-17 01:39:35,641 - Saved 969 records to: data/2025-05-17_01-39-28/morphosource_data_complete.json
2025-05-17 01:39:35,641 - Created detailed release notes at: data/2025-05-17_01-39-28/release_notes.txt
