2025-03-20 01:25:11,588 - Data directory: data/2025-03-20_01-25-09
2025-03-20 01:25:11,588 - Output directory: data/2025-03-20_01-25-09
2025-03-20 01:25:11,588 - Using data directory: data/2025-03-20_01-25-09
2025-03-20 01:25:11,588 - Looking for previous data in: data
2025-03-20 01:25:11,589 - Loading previous data from: data/2025-03-19_01-26-20/morphosource_data_complete.json
2025-03-20 01:25:11,962 - Loaded 105650 records from previous data file
2025-03-20 01:25:11,962 - Latest stored record ID: 000721906
2025-03-20 01:25:11,962 - Previous record count: 105650
2025-03-20 01:25:11,962 - Fetching page 1
2025-03-20 01:25:17,862 - Found record 000722070 - Total records: 1
2025-03-20 01:25:17,863 - Found record 000722064 - Total records: 2
2025-03-20 01:25:17,863 - Found record 000722053 - Total records: 3
2025-03-20 01:25:17,864 - Found record 000722050 - Total records: 4
2025-03-20 01:25:17,864 - Found record 000722044 - Total records: 5
2025-03-20 01:25:17,865 - Found record 000722034 - Total records: 6
2025-03-20 01:25:17,865 - Found record 000722010 - Total records: 7
2025-03-20 01:25:17,865 - Found record 000722002 - Total records: 8
2025-03-20 01:25:17,866 - Found record 000721906 - Total records: 9
2025-03-20 01:25:17,866 - Found latest stored record 000721906 - stopping fetch
2025-03-20 01:25:17,866 - Completed fetch - Found 9 new records
2025-03-20 01:25:17,866 - Latest webpage record ID: 000722070
2025-03-20 01:25:17,866 - New records available - latest records differ
2025-03-20 01:25:17,998 - New records: 9
2025-03-20 01:25:17,998 - Previous records: 105650
2025-03-20 01:25:17,998 - Combined records: 105658
2025-03-20 01:25:19,503 - Saved 105658 records to: data/2025-03-20_01-25-09/morphosource_data_complete.json
2025-03-20 01:25:19,503 - Created detailed release notes at: data/2025-03-20_01-25-09/release_notes.txt
