2025-01-27 20:14:47,193 - INFO - Using data file: data/2025-01-27_01-34-38/morphosource_data_complete.json
2025-01-27 20:14:47,623 - INFO - Found 104398 URLs to process
2025-01-27 20:14:47,623 - INFO - Processing up to 10 records this batch (total target: 104398)
2025-01-27 20:14:47,623 - INFO - Starting at index 50, processed so far: 50
2025-01-27 20:14:47,703 - INFO - Setting up new Chrome driver
2025-01-27 20:14:48,148 - INFO - Processing URL: https://www.morphosource.org/concern/media/000702837?locale=en (Attempt 1/3)
2025-01-27 20:14:48,148 - INFO - Analyzing structure for: https://www.morphosource.org/concern/media/000702837?locale=en
2025-01-27 20:14:50,849 - INFO - Title loaded
2025-01-27 20:14:50,864 - INFO - Content elements found
2025-01-27 20:14:50,883 - INFO - Found media type using showcase layout
2025-01-27 20:14:50,884 - INFO - Detected Layout: showcase
2025-01-27 20:14:50,884 - INFO - Media Type: Volumetric Image Series
2025-01-27 20:14:52,146 - INFO - Successfully processed https://www.morphosource.org/concern/media/000702837?locale=en
2025-01-27 20:14:54,149 - INFO - Processing URL: https://www.morphosource.org/concern/media/000702745?locale=en (Attempt 1/3)
2025-01-27 20:14:54,149 - INFO - Analyzing structure for: https://www.morphosource.org/concern/media/000702745?locale=en
2025-01-27 20:14:57,216 - INFO - Title loaded
2025-01-27 20:14:57,256 - INFO - Content elements found
2025-01-27 20:14:57,271 - INFO - Found media type using showcase layout
2025-01-27 20:14:57,271 - INFO - Detected Layout: showcase
2025-01-27 20:14:57,271 - INFO - Media Type: Volumetric Image Series
2025-01-27 20:14:58,049 - INFO - Successfully processed https://www.morphosource.org/concern/media/000702745?locale=en
2025-01-27 20:15:00,051 - INFO - Processing URL: https://www.morphosource.org/concern/media/000702741?locale=en (Attempt 1/3)
2025-01-27 20:15:00,051 - INFO - Analyzing structure for: https://www.morphosource.org/concern/media/000702741?locale=en
2025-01-27 20:15:03,923 - INFO - Title loaded
2025-01-27 20:15:03,935 - INFO - Content elements found
2025-01-27 20:15:03,947 - INFO - Found media type using showcase layout
2025-01-27 20:15:03,947 - INFO - Detected Layout: showcase
2025-01-27 20:15:03,947 - INFO - Media Type: Volumetric Image Series
2025-01-27 20:15:04,739 - INFO - Successfully processed https://www.morphosource.org/concern/media/000702741?locale=en
2025-01-27 20:15:06,742 - INFO - Processing URL: https://www.morphosource.org/concern/media/000702737?locale=en (Attempt 1/3)
2025-01-27 20:15:06,742 - INFO - Analyzing structure for: https://www.morphosource.org/concern/media/000702737?locale=en
2025-01-27 20:15:11,143 - INFO - Title loaded
2025-01-27 20:15:11,158 - INFO - Content elements found
2025-01-27 20:15:11,176 - INFO - Found media type using showcase layout
2025-01-27 20:15:11,176 - INFO - Detected Layout: showcase
2025-01-27 20:15:11,177 - INFO - Media Type: Volumetric Image Series
2025-01-27 20:15:12,401 - INFO - Successfully processed https://www.morphosource.org/concern/media/000702737?locale=en
2025-01-27 20:15:14,403 - INFO - Processing URL: https://www.morphosource.org/concern/media/000702733?locale=en (Attempt 1/3)
2025-01-27 20:15:14,403 - INFO - Analyzing structure for: https://www.morphosource.org/concern/media/000702733?locale=en
2025-01-27 20:15:16,265 - INFO - Title loaded
2025-01-27 20:15:16,282 - INFO - Content elements found
2025-01-27 20:15:16,301 - INFO - Found media type using showcase layout
2025-01-27 20:15:16,302 - INFO - Detected Layout: showcase
2025-01-27 20:15:16,302 - INFO - Media Type: Volumetric Image Series
2025-01-27 20:15:17,267 - INFO - Successfully processed https://www.morphosource.org/concern/media/000702733?locale=en
2025-01-27 20:15:19,270 - INFO - Processing URL: https://www.morphosource.org/concern/media/000702729?locale=en (Attempt 1/3)
2025-01-27 20:15:19,270 - INFO - Analyzing structure for: https://www.morphosource.org/concern/media/000702729?locale=en
2025-01-27 20:15:21,380 - INFO - Title loaded
2025-01-27 20:15:21,395 - INFO - Content elements found
2025-01-27 20:15:21,409 - INFO - Found media type using showcase layout
2025-01-27 20:15:21,409 - INFO - Detected Layout: showcase
2025-01-27 20:15:21,409 - INFO - Media Type: Volumetric Image Series
2025-01-27 20:15:22,616 - INFO - Successfully processed https://www.morphosource.org/concern/media/000702729?locale=en
2025-01-27 20:15:24,618 - INFO - Processing URL: https://www.morphosource.org/concern/media/000702725?locale=en (Attempt 1/3)
2025-01-27 20:15:24,618 - INFO - Analyzing structure for: https://www.morphosource.org/concern/media/000702725?locale=en
2025-01-27 20:15:26,155 - INFO - Title loaded
2025-01-27 20:15:26,175 - INFO - Content elements found
2025-01-27 20:15:26,189 - INFO - Found media type using showcase layout
2025-01-27 20:15:26,189 - INFO - Detected Layout: showcase
2025-01-27 20:15:26,189 - INFO - Media Type: Volumetric Image Series
2025-01-27 20:15:27,259 - INFO - Successfully processed https://www.morphosource.org/concern/media/000702725?locale=en
2025-01-27 20:15:29,259 - INFO - Processing URL: https://www.morphosource.org/concern/media/000702721?locale=en (Attempt 1/3)
2025-01-27 20:15:29,260 - INFO - Analyzing structure for: https://www.morphosource.org/concern/media/000702721?locale=en
2025-01-27 20:15:32,775 - INFO - Title loaded
2025-01-27 20:15:32,790 - INFO - Content elements found
2025-01-27 20:15:32,809 - INFO - Found media type using showcase layout
2025-01-27 20:15:32,809 - INFO - Detected Layout: showcase
2025-01-27 20:15:32,809 - INFO - Media Type: Volumetric Image Series
2025-01-27 20:15:33,749 - INFO - Successfully processed https://www.morphosource.org/concern/media/000702721?locale=en
2025-01-27 20:15:35,751 - INFO - Processing URL: https://www.morphosource.org/concern/media/000702717?locale=en (Attempt 1/3)
2025-01-27 20:15:35,751 - INFO - Analyzing structure for: https://www.morphosource.org/concern/media/000702717?locale=en
2025-01-27 20:15:37,296 - INFO - Title loaded
2025-01-27 20:15:37,309 - INFO - Content elements found
2025-01-27 20:15:37,320 - INFO - Found media type using showcase layout
2025-01-27 20:15:37,320 - INFO - Detected Layout: showcase
2025-01-27 20:15:37,320 - INFO - Media Type: Volumetric Image Series
2025-01-27 20:15:38,344 - INFO - Successfully processed https://www.morphosource.org/concern/media/000702717?locale=en
2025-01-27 20:15:40,347 - INFO - Processing URL: https://www.morphosource.org/concern/media/000702713?locale=en (Attempt 1/3)
2025-01-27 20:15:40,347 - INFO - Analyzing structure for: https://www.morphosource.org/concern/media/000702713?locale=en
2025-01-27 20:15:42,458 - INFO - Title loaded
2025-01-27 20:15:42,490 - INFO - Content elements found
2025-01-27 20:15:42,513 - INFO - Found media type using showcase layout
2025-01-27 20:15:42,514 - INFO - Detected Layout: showcase
2025-01-27 20:15:42,514 - INFO - Media Type: Volumetric Image Series
2025-01-27 20:15:43,283 - INFO - Successfully processed https://www.morphosource.org/concern/media/000702713?locale=en
2025-01-27 20:15:45,331 - INFO - Saved 10 records to data/parquet/2025-01-27_20-14-46/morphosource_data_20250127_201545.parquet
2025-01-27 20:15:45,331 - INFO - Columns: url, processed_at, error, media_id, media_type, object_element_or_part, object_represented, object_taxonomy, object_organization, side, orientation, short_description, full_description, creator, date_created, date_uploaded, data_managed_by, data_uploaded_by, publication_status, download_reviewer, ip_holder, copyright_statement, creative_commons_license, morphosource_use_agreement_type, permits_commercial_use, permits_3d_use, required_archival_of_published_derivatives, funding_attribution, publisher, cite_as, media_preview_mode, additional_usage_agreement, morphosource_ark, morphosource_doi, external_identifier, external_media_url, file_name, file_formats, file_size, image_width, image_height, color_space, color_depth, compression, x_pixel_spacing, y_pixel_spacing, z_pixel_spacing, pixel_spacing_units, slice_thickness, number_of_images_in_set, number_of_parent_media, number_of_processing_events, modality, device, batch_index, attempt
2025-01-27 20:15:45,422 - INFO - Saved 10 records to data/parquet/2025-01-27_20-14-46/morphosource_data_20250127_201545.parquet
2025-01-27 20:15:45,422 - INFO - Columns: url, processed_at, error, media_id, media_type, object_element_or_part, object_represented, object_taxonomy, object_organization, side, orientation, short_description, full_description, creator, date_created, date_uploaded, data_managed_by, data_uploaded_by, publication_status, download_reviewer, ip_holder, copyright_statement, creative_commons_license, morphosource_use_agreement_type, permits_commercial_use, permits_3d_use, required_archival_of_published_derivatives, funding_attribution, publisher, cite_as, media_preview_mode, additional_usage_agreement, morphosource_ark, morphosource_doi, external_identifier, external_media_url, file_name, file_formats, file_size, image_width, image_height, color_space, color_depth, compression, x_pixel_spacing, y_pixel_spacing, z_pixel_spacing, pixel_spacing_units, slice_thickness, number_of_images_in_set, number_of_parent_media, number_of_processing_events, modality, device, batch_index, attempt
2025-01-27 20:15:45,422 - INFO - Processed 10 records in this batch
