2025-03-14 01:24:17,057 - Data directory: data/2025-03-14_01-24-15
2025-03-14 01:24:17,057 - Output directory: data/2025-03-14_01-24-15
2025-03-14 01:24:17,057 - Using data directory: data/2025-03-14_01-24-15
2025-03-14 01:24:17,057 - Looking for previous data in: data
2025-03-14 01:24:17,058 - Loading previous data from: data/2025-03-13_01-25-52/morphosource_data_complete.json
2025-03-14 01:24:17,444 - Loaded 105495 records from previous data file
2025-03-14 01:24:17,444 - Latest stored record ID: 000719715
2025-03-14 01:24:17,444 - Previous record count: 105495
2025-03-14 01:24:17,444 - Fetching page 1
2025-03-14 01:24:20,613 - Found record 000720347 - Total records: 1
2025-03-14 01:24:20,614 - Found record 000720245 - Total records: 2
2025-03-14 01:24:20,614 - Found record 000720225 - Total records: 3
2025-03-14 01:24:20,614 - Found record 000720180 - Total records: 4
2025-03-14 01:24:20,615 - Found record 000720155 - Total records: 5
2025-03-14 01:24:20,615 - Found record 000720134 - Total records: 6
2025-03-14 01:24:20,616 - Found record 000720079 - Total records: 7
2025-03-14 01:24:20,616 - Found record 000720062 - Total records: 8
2025-03-14 01:24:20,616 - Found record 000720045 - Total records: 9
2025-03-14 01:24:20,617 - Found record 000720026 - Total records: 10
2025-03-14 01:24:20,617 - Found record 000720017 - Total records: 11
2025-03-14 01:24:20,617 - Found record 000720001 - Total records: 12
2025-03-14 01:24:20,618 - Found record 000719715 - Total records: 13
2025-03-14 01:24:20,618 - Found latest stored record 000719715 - stopping fetch
2025-03-14 01:24:20,618 - Completed fetch - Found 13 new records
2025-03-14 01:24:20,618 - Latest webpage record ID: 000720347
2025-03-14 01:24:20,618 - New records available - latest records differ
2025-03-14 01:24:20,778 - New records: 13
2025-03-14 01:24:20,779 - Previous records: 105495
2025-03-14 01:24:20,779 - Combined records: 105507
2025-03-14 01:24:22,424 - Saved 105507 records to: data/2025-03-14_01-24-15/morphosource_data_complete.json
2025-03-14 01:24:22,425 - Created detailed release notes at: data/2025-03-14_01-24-15/release_notes.txt
