2025-08-05 01:57:48,970 - Data directory: data/2025-08-05_01-57-44
2025-08-05 01:57:48,970 - Output directory: data/2025-08-05_01-57-44
2025-08-05 01:57:48,970 - Using data directory: data/2025-08-05_01-57-44
2025-08-05 01:57:48,971 - Looking for previous data in: data
2025-08-05 01:57:48,972 - Loading previous data from: data/2025-08-04_02-03-30/morphosource_data_complete.json
2025-08-05 01:57:49,408 - Loaded 108025 records from previous data file
2025-08-05 01:57:49,409 - Latest stored record ID: 000768348
2025-08-05 01:57:49,409 - Previous record count: 108025
2025-08-05 01:57:49,409 - Fetching page 1
2025-08-05 01:57:51,185 - Found record 000768633 - Total records: 1
2025-08-05 01:57:51,185 - Found record 000768348 - Total records: 2
2025-08-05 01:57:51,185 - Found latest stored record 000768348 - stopping fetch
2025-08-05 01:57:51,185 - Completed fetch - Found 2 new records
2025-08-05 01:57:51,186 - Latest webpage record ID: 000768633
2025-08-05 01:57:51,186 - New records available - latest records differ
2025-08-05 01:57:51,276 - New records: 2
2025-08-05 01:57:51,276 - Previous records: 108025
2025-08-05 01:57:51,276 - Combined records: 108026
2025-08-05 01:57:52,809 - Saved 108026 records to: data/2025-08-05_01-57-44/morphosource_data_complete.json
2025-08-05 01:57:52,809 - Created detailed release notes at: data/2025-08-05_01-57-44/release_notes.txt
