2025-05-01 01:47:35,053 - Data directory: data/2025-05-01_01-47-33
2025-05-01 01:47:35,053 - Output directory: data/2025-05-01_01-47-33
2025-05-01 01:47:35,053 - Using data directory: data/2025-05-01_01-47-33
2025-05-01 01:47:35,053 - Looking for previous data in: data
2025-05-01 01:47:35,054 - Loading previous data from: data/2025-04-30_01-39-27/morphosource_data_complete.json
2025-05-01 01:47:35,057 - Loaded 774 records from previous data file
2025-05-01 01:47:35,057 - Latest stored record ID: 000736150
2025-05-01 01:47:35,057 - Previous record count: 774
2025-05-01 01:47:35,057 - Fetching page 1
2025-05-01 01:47:37,541 - Found record 000737404 - Total records: 1
2025-05-01 01:47:37,542 - Found record 000737199 - Total records: 2
2025-05-01 01:47:37,542 - Found record 000737126 - Total records: 3
2025-05-01 01:47:37,542 - Found record 000737068 - Total records: 4
2025-05-01 01:47:37,543 - Found record 000737033 - Total records: 5
2025-05-01 01:47:37,543 - Found record 000737016 - Total records: 6
2025-05-01 01:47:37,543 - Found record 000736150 - Total records: 7
2025-05-01 01:47:37,544 - Found latest stored record 000736150 - stopping fetch
2025-05-01 01:47:37,544 - Completed fetch - Found 7 new records
2025-05-01 01:47:37,544 - Latest webpage record ID: 000737404
2025-05-01 01:47:37,544 - New records available - latest records differ
2025-05-01 01:47:37,545 - New records: 7
2025-05-01 01:47:37,545 - Previous records: 774
2025-05-01 01:47:37,545 - Combined records: 780
2025-05-01 01:47:37,557 - Saved 780 records to: data/2025-05-01_01-47-33/morphosource_data_complete.json
2025-05-01 01:47:37,557 - Created detailed release notes at: data/2025-05-01_01-47-33/release_notes.txt
