2025-04-29 01:39:59,127 - Data directory: data/2025-04-29_01-39-57
2025-04-29 01:39:59,127 - Output directory: data/2025-04-29_01-39-57
2025-04-29 01:39:59,127 - Using data directory: data/2025-04-29_01-39-57
2025-04-29 01:39:59,127 - Looking for previous data in: data
2025-04-29 01:39:59,128 - Loading previous data from: data/2025-04-28_01-41-40/morphosource_data_complete.json
2025-04-29 01:39:59,131 - Loaded 766 records from previous data file
2025-04-29 01:39:59,131 - Latest stored record ID: 000734060
2025-04-29 01:39:59,131 - Previous record count: 766
2025-04-29 01:39:59,131 - Fetching page 1
2025-04-29 01:40:02,029 - Found record 000736104 - Total records: 1
2025-04-29 01:40:02,030 - Found record 000736046 - Total records: 2
2025-04-29 01:40:02,030 - Found record 000736028 - Total records: 3
2025-04-29 01:40:02,030 - Found record 000734060 - Total records: 4
2025-04-29 01:40:02,030 - Found latest stored record 000734060 - stopping fetch
2025-04-29 01:40:02,031 - Completed fetch - Found 4 new records
2025-04-29 01:40:02,031 - Latest webpage record ID: 000736104
2025-04-29 01:40:02,031 - New records available - latest records differ
2025-04-29 01:40:02,032 - New records: 4
2025-04-29 01:40:02,032 - Previous records: 766
2025-04-29 01:40:02,032 - Combined records: 769
2025-04-29 01:40:02,043 - Saved 769 records to: data/2025-04-29_01-39-57/morphosource_data_complete.json
2025-04-29 01:40:02,043 - Created detailed release notes at: data/2025-04-29_01-39-57/release_notes.txt
