2025-03-16 01:38:21,247 - Data directory: data/2025-03-16_01-38-19
2025-03-16 01:38:21,247 - Output directory: data/2025-03-16_01-38-19
2025-03-16 01:38:21,247 - Using data directory: data/2025-03-16_01-38-19
2025-03-16 01:38:21,247 - Looking for previous data in: data
2025-03-16 01:38:21,248 - Loading previous data from: data/2025-03-15_01-24-00/morphosource_data_complete.json
2025-03-16 01:38:21,617 - Loaded 105535 records from previous data file
2025-03-16 01:38:21,618 - Latest stored record ID: 000720730
2025-03-16 01:38:21,618 - Previous record count: 105535
2025-03-16 01:38:21,618 - Fetching page 1
2025-03-16 01:38:27,547 - Found record 000720739 - Total records: 1
2025-03-16 01:38:27,547 - Found record 000720730 - Total records: 2
2025-03-16 01:38:27,547 - Found latest stored record 000720730 - stopping fetch
2025-03-16 01:38:27,547 - Completed fetch - Found 2 new records
2025-03-16 01:38:27,548 - Latest webpage record ID: 000720739
2025-03-16 01:38:27,548 - New records available - latest records differ
2025-03-16 01:38:27,637 - New records: 2
2025-03-16 01:38:27,637 - Previous records: 105535
2025-03-16 01:38:27,637 - Combined records: 105536
2025-03-16 01:38:29,147 - Saved 105536 records to: data/2025-03-16_01-38-19/morphosource_data_complete.json
2025-03-16 01:38:29,148 - Created detailed release notes at: data/2025-03-16_01-38-19/release_notes.txt
