2025-07-08 01:47:09,829 - Data directory: data/2025-07-08_01-47-06
2025-07-08 01:47:09,829 - Output directory: data/2025-07-08_01-47-06
2025-07-08 01:47:09,829 - Using data directory: data/2025-07-08_01-47-06
2025-07-08 01:47:09,829 - Looking for previous data in: data
2025-07-08 01:47:09,831 - Loading previous data from: data/2025-07-07_01-51-37/morphosource_data_complete.json
2025-07-08 01:47:10,304 - Loaded 107657 records from previous data file
2025-07-08 01:47:10,305 - Latest stored record ID: 000759933
2025-07-08 01:47:10,305 - Previous record count: 107657
2025-07-08 01:47:10,305 - Fetching page 1
2025-07-08 01:47:17,023 - Found record 000760015 - Total records: 1
2025-07-08 01:47:17,024 - Found record 000759998 - Total records: 2
2025-07-08 01:47:17,024 - Found record 000759933 - Total records: 3
2025-07-08 01:47:17,024 - Found latest stored record 000759933 - stopping fetch
2025-07-08 01:47:17,024 - Completed fetch - Found 3 new records
2025-07-08 01:47:17,025 - Latest webpage record ID: 000760015
2025-07-08 01:47:17,025 - New records available - latest records differ
2025-07-08 01:47:17,146 - New records: 3
2025-07-08 01:47:17,146 - Previous records: 107657
2025-07-08 01:47:17,146 - Combined records: 107659
2025-07-08 01:47:18,783 - Saved 107659 records to: data/2025-07-08_01-47-06/morphosource_data_complete.json
2025-07-08 01:47:18,783 - Created detailed release notes at: data/2025-07-08_01-47-06/release_notes.txt
