2025-07-17 01:52:00,512 - Data directory: data/2025-07-17_01-51-56
2025-07-17 01:52:00,512 - Output directory: data/2025-07-17_01-51-56
2025-07-17 01:52:00,512 - Using data directory: data/2025-07-17_01-51-56
2025-07-17 01:52:00,512 - Looking for previous data in: data
2025-07-17 01:52:00,514 - Loading previous data from: data/2025-07-16_01-51-37/morphosource_data_complete.json
2025-07-17 01:52:00,954 - Loaded 107786 records from previous data file
2025-07-17 01:52:00,954 - Latest stored record ID: 000764490
2025-07-17 01:52:00,954 - Previous record count: 107786
2025-07-17 01:52:00,954 - Fetching page 1
2025-07-17 01:52:04,633 - Found record 000764600 - Total records: 1
2025-07-17 01:52:04,633 - Found record 000764590 - Total records: 2
2025-07-17 01:52:04,634 - Found record 000764572 - Total records: 3
2025-07-17 01:52:04,634 - Found record 000764533 - Total records: 4
2025-07-17 01:52:04,635 - Found record 000764490 - Total records: 5
2025-07-17 01:52:04,635 - Found latest stored record 000764490 - stopping fetch
2025-07-17 01:52:04,635 - Completed fetch - Found 5 new records
2025-07-17 01:52:04,635 - Latest webpage record ID: 000764600
2025-07-17 01:52:04,635 - New records available - latest records differ
2025-07-17 01:52:04,748 - New records: 5
2025-07-17 01:52:04,748 - Previous records: 107786
2025-07-17 01:52:04,748 - Combined records: 107790
2025-07-17 01:52:06,284 - Saved 107790 records to: data/2025-07-17_01-51-56/morphosource_data_complete.json
2025-07-17 01:52:06,284 - Created detailed release notes at: data/2025-07-17_01-51-56/release_notes.txt
