2025-08-13 01:46:55,938 - Data directory: data/2025-08-13_01-46-51
2025-08-13 01:46:55,938 - Output directory: data/2025-08-13_01-46-51
2025-08-13 01:46:55,938 - Using data directory: data/2025-08-13_01-46-51
2025-08-13 01:46:55,938 - Looking for previous data in: data
2025-08-13 01:46:55,940 - Loading previous data from: data/2025-08-12_01-45-04/morphosource_data_complete.json
2025-08-13 01:46:56,383 - Loaded 108072 records from previous data file
2025-08-13 01:46:56,383 - Latest stored record ID: 000769657
2025-08-13 01:46:56,383 - Previous record count: 108072
2025-08-13 01:46:56,383 - Fetching page 1
2025-08-13 01:47:00,239 - Found record 000769722 - Total records: 1
2025-08-13 01:47:00,239 - Found record 000769689 - Total records: 2
2025-08-13 01:47:00,240 - Found record 000769657 - Total records: 3
2025-08-13 01:47:00,240 - Found latest stored record 000769657 - stopping fetch
2025-08-13 01:47:00,240 - Completed fetch - Found 3 new records
2025-08-13 01:47:00,240 - Latest webpage record ID: 000769722
2025-08-13 01:47:00,240 - New records available - latest records differ
2025-08-13 01:47:00,334 - New records: 3
2025-08-13 01:47:00,334 - Previous records: 108072
2025-08-13 01:47:00,334 - Combined records: 108074
2025-08-13 01:47:01,885 - Saved 108074 records to: data/2025-08-13_01-46-51/morphosource_data_complete.json
2025-08-13 01:47:01,886 - Created detailed release notes at: data/2025-08-13_01-46-51/release_notes.txt
