2025-03-01 01:12:40,475 - INFO - Initialized collector with output directory: data/2025-03-01_01-12-40
2025-03-01 01:12:40,476 - INFO - Processing page 1
2025-03-01 01:12:44,993 - INFO - Processing page 2
2025-03-01 01:12:49,686 - INFO - Processing page 3
2025-03-01 01:12:54,206 - INFO - Processing page 4
2025-03-01 01:13:00,083 - INFO - Processing page 5
2025-03-01 01:13:03,175 - INFO - Checkpoint - Page: 5, Records: 500, Last ID: 000707168
2025-03-01 01:13:03,176 - INFO - Saved stats to data/2025-03-01_01-12-40/monthly_stats.json
2025-03-01 01:13:05,178 - INFO - Processing page 6
2025-03-01 01:13:09,340 - INFO - Processing page 7
2025-03-01 01:13:13,724 - INFO - Processing page 8
2025-03-01 01:13:18,453 - INFO - Processing page 9
2025-03-01 01:13:23,008 - INFO - Processing page 10
2025-03-01 01:13:25,172 - INFO - Checkpoint - Page: 10, Records: 1000, Last ID: 000697629
2025-03-01 01:13:25,172 - INFO - Saved stats to data/2025-03-01_01-12-40/monthly_stats.json
2025-03-01 01:13:27,175 - INFO - Processing page 11
2025-03-01 01:13:31,322 - INFO - Processing page 12
2025-03-01 01:13:36,861 - INFO - Processing page 13
2025-03-01 01:13:40,781 - INFO - Processing page 14
2025-03-01 01:13:45,814 - INFO - Processing page 15
2025-03-01 01:13:47,998 - INFO - Checkpoint - Page: 15, Records: 1500, Last ID: 000681043
2025-03-01 01:13:47,998 - INFO - Saved stats to data/2025-03-01_01-12-40/monthly_stats.json
2025-03-01 01:13:50,000 - INFO - Processing page 16
2025-03-01 01:13:54,723 - INFO - Processing page 17
2025-03-01 01:14:00,041 - INFO - Processing page 18
2025-03-01 01:14:05,005 - INFO - Processing page 19
2025-03-01 01:14:09,572 - INFO - Processing page 20
2025-03-01 01:14:12,086 - INFO - Checkpoint - Page: 20, Records: 2000, Last ID: 000674789
2025-03-01 01:14:12,086 - INFO - Saved stats to data/2025-03-01_01-12-40/monthly_stats.json
2025-03-01 01:14:14,089 - INFO - Processing page 21
2025-03-01 01:14:18,142 - INFO - Processing page 22
2025-03-01 01:14:22,518 - INFO - Processing page 23
2025-03-01 01:14:26,991 - INFO - Processing page 24
2025-03-01 01:14:31,578 - INFO - Processing page 25
2025-03-01 01:14:33,849 - INFO - Checkpoint - Page: 25, Records: 2500, Last ID: 000671915
2025-03-01 01:14:33,849 - INFO - Saved stats to data/2025-03-01_01-12-40/monthly_stats.json
2025-03-01 01:14:35,852 - INFO - Processing page 26
2025-03-01 01:14:39,996 - INFO - Processing page 27
2025-03-01 01:14:44,308 - INFO - Processing page 28
2025-03-01 01:14:49,292 - INFO - Processing page 29
2025-03-01 01:14:54,241 - INFO - Processing page 30
2025-03-01 01:14:56,508 - INFO - Checkpoint - Page: 30, Records: 3000, Last ID: 000666325
2025-03-01 01:14:56,509 - INFO - Saved stats to data/2025-03-01_01-12-40/monthly_stats.json
2025-03-01 01:14:58,511 - INFO - Processing page 31
2025-03-01 01:15:02,688 - INFO - Processing page 32
2025-03-01 01:15:07,313 - INFO - Processing page 33
2025-03-01 01:15:11,957 - INFO - Processing page 34
2025-03-01 01:15:15,759 - INFO - Processing page 35
2025-03-01 01:15:18,229 - INFO - Checkpoint - Page: 35, Records: 3500, Last ID: 000660566
2025-03-01 01:15:18,229 - INFO - Saved stats to data/2025-03-01_01-12-40/monthly_stats.json
2025-03-01 01:15:20,231 - INFO - Processing page 36
2025-03-01 01:15:24,645 - INFO - Processing page 37
2025-03-01 01:15:28,794 - INFO - Processing page 38
2025-03-01 01:15:32,979 - INFO - Processing page 39
2025-03-01 01:15:37,264 - INFO - Processing page 40
2025-03-01 01:15:39,792 - INFO - Checkpoint - Page: 40, Records: 4000, Last ID: 000653634
2025-03-01 01:15:39,792 - INFO - Saved stats to data/2025-03-01_01-12-40/monthly_stats.json
2025-03-01 01:15:41,794 - INFO - Processing page 41
2025-03-01 01:15:46,741 - INFO - Processing page 42
2025-03-01 01:15:50,675 - INFO - Processing page 43
2025-03-01 01:15:54,883 - INFO - Processing page 44
2025-03-01 01:15:59,089 - INFO - Processing page 45
2025-03-01 01:16:01,622 - INFO - Checkpoint - Page: 45, Records: 4500, Last ID: 000643633
2025-03-01 01:16:01,622 - INFO - Saved stats to data/2025-03-01_01-12-40/monthly_stats.json
2025-03-01 01:16:03,625 - INFO - Processing page 46
2025-03-01 01:16:08,694 - INFO - Processing page 47
2025-03-01 01:16:13,414 - INFO - Processing page 48
2025-03-01 01:16:18,690 - INFO - Processing page 49
2025-03-01 01:16:23,712 - INFO - Processing page 50
2025-03-01 01:16:26,424 - INFO - Checkpoint - Page: 50, Records: 5000, Last ID: 000634975
2025-03-01 01:16:26,424 - INFO - Saved stats to data/2025-03-01_01-12-40/monthly_stats.json
2025-03-01 01:16:28,426 - INFO - Processing page 51
2025-03-01 01:16:32,542 - INFO - Processing page 52
2025-03-01 01:16:36,741 - INFO - Processing page 53
2025-03-01 01:16:42,080 - INFO - Processing page 54
2025-03-01 01:16:46,035 - INFO - Processing page 55
2025-03-01 01:16:48,555 - INFO - Checkpoint - Page: 55, Records: 5500, Last ID: 000622731
2025-03-01 01:16:48,555 - INFO - Saved stats to data/2025-03-01_01-12-40/monthly_stats.json
2025-03-01 01:16:50,557 - INFO - Processing page 56
2025-03-01 01:16:56,143 - INFO - Processing page 57
2025-03-01 01:17:01,617 - INFO - Processing page 58
2025-03-01 01:17:05,769 - INFO - Processing page 59
2025-03-01 01:17:11,967 - INFO - Processing page 60
2025-03-01 01:17:14,762 - INFO - Checkpoint - Page: 60, Records: 6000, Last ID: 000614662
2025-03-01 01:17:14,763 - INFO - Saved stats to data/2025-03-01_01-12-40/monthly_stats.json
2025-03-01 01:17:16,765 - INFO - Processing page 61
2025-03-01 01:17:21,067 - INFO - Processing page 62
2025-03-01 01:17:25,315 - INFO - Processing page 63
2025-03-01 01:17:29,703 - INFO - Processing page 64
2025-03-01 01:17:33,993 - INFO - Processing page 65
2025-03-01 01:17:36,155 - INFO - Checkpoint - Page: 65, Records: 6500, Last ID: 000606632
2025-03-01 01:17:36,156 - INFO - Saved stats to data/2025-03-01_01-12-40/monthly_stats.json
2025-03-01 01:17:38,158 - INFO - Processing page 66
2025-03-01 01:17:42,426 - INFO - Processing page 67
2025-03-01 01:17:46,706 - INFO - Processing page 68
2025-03-01 01:17:51,858 - INFO - Processing page 69
2025-03-01 01:17:55,866 - INFO - Processing page 70
2025-03-01 01:17:58,143 - INFO - Checkpoint - Page: 70, Records: 7000, Last ID: 000600776
2025-03-01 01:17:58,144 - INFO - Saved stats to data/2025-03-01_01-12-40/monthly_stats.json
2025-03-01 01:18:00,146 - INFO - Processing page 71
2025-03-01 01:18:04,316 - INFO - Processing page 72
2025-03-01 01:18:08,581 - INFO - Processing page 73
2025-03-01 01:18:12,883 - INFO - Processing page 74
2025-03-01 01:18:17,727 - INFO - Processing page 75
2025-03-01 01:18:20,923 - INFO - Checkpoint - Page: 75, Records: 7500, Last ID: 000590459
2025-03-01 01:18:20,923 - INFO - Saved stats to data/2025-03-01_01-12-40/monthly_stats.json
2025-03-01 01:18:22,925 - INFO - Processing page 76
2025-03-01 01:18:27,063 - INFO - Processing page 77
2025-03-01 01:18:31,734 - INFO - Processing page 78
2025-03-01 01:18:36,093 - INFO - Processing page 79
2025-03-01 01:18:40,913 - INFO - Processing page 80
2025-03-01 01:18:43,759 - INFO - Checkpoint - Page: 80, Records: 8000, Last ID: 000581126
2025-03-01 01:18:43,759 - INFO - Saved stats to data/2025-03-01_01-12-40/monthly_stats.json
2025-03-01 01:18:45,761 - INFO - Processing page 81
2025-03-01 01:18:50,145 - INFO - Processing page 82
2025-03-01 01:18:54,545 - INFO - Processing page 83
2025-03-01 01:18:59,342 - INFO - Processing page 84
2025-03-01 01:19:04,333 - INFO - Processing page 85
2025-03-01 01:19:06,446 - INFO - Checkpoint - Page: 85, Records: 8500, Last ID: 000574357
2025-03-01 01:19:06,446 - INFO - Saved stats to data/2025-03-01_01-12-40/monthly_stats.json
2025-03-01 01:19:08,448 - INFO - Processing page 86
2025-03-01 01:19:12,774 - INFO - Processing page 87
2025-03-01 01:19:17,712 - INFO - Processing page 88
2025-03-01 01:19:22,596 - INFO - Processing page 89
2025-03-01 01:19:27,639 - INFO - Processing page 90
2025-03-01 01:19:30,193 - INFO - Checkpoint - Page: 90, Records: 9000, Last ID: 000570196
2025-03-01 01:19:30,194 - INFO - Saved stats to data/2025-03-01_01-12-40/monthly_stats.json
2025-03-01 01:19:32,196 - INFO - Processing page 91
2025-03-01 01:19:36,828 - INFO - Processing page 92
2025-03-01 01:19:41,132 - INFO - Processing page 93
2025-03-01 01:19:45,964 - INFO - Processing page 94
2025-03-01 01:19:50,020 - INFO - Processing page 95
2025-03-01 01:19:52,836 - INFO - Checkpoint - Page: 95, Records: 9500, Last ID: 000563798
2025-03-01 01:19:52,837 - INFO - Saved stats to data/2025-03-01_01-12-40/monthly_stats.json
2025-03-01 01:19:54,839 - INFO - Processing page 96
2025-03-01 01:19:58,769 - INFO - Processing page 97
2025-03-01 01:20:02,814 - INFO - Processing page 98
2025-03-01 01:20:07,153 - INFO - Processing page 99
2025-03-01 01:20:11,183 - INFO - Processing page 100
2025-03-01 01:20:13,031 - INFO - Checkpoint - Page: 100, Records: 10000, Last ID: 000555073
2025-03-01 01:20:13,031 - INFO - Saved stats to data/2025-03-01_01-12-40/monthly_stats.json
2025-03-01 01:20:15,034 - INFO - Processing page 101
2025-03-01 01:20:19,052 - INFO - Processing page 102
2025-03-01 01:20:23,505 - INFO - Processing page 103
2025-03-01 01:20:28,032 - INFO - Processing page 104
2025-03-01 01:20:32,421 - INFO - Processing page 105
2025-03-01 01:20:34,699 - INFO - Checkpoint - Page: 105, Records: 10500, Last ID: 000548514
2025-03-01 01:20:34,700 - INFO - Saved stats to data/2025-03-01_01-12-40/monthly_stats.json
2025-03-01 01:20:36,702 - INFO - Processing page 106
2025-03-01 01:20:40,710 - INFO - Processing page 107
2025-03-01 01:20:45,241 - INFO - Processing page 108
2025-03-01 01:20:49,609 - INFO - Processing page 109
2025-03-01 01:20:53,843 - INFO - Processing page 110
2025-03-01 01:20:55,595 - INFO - Checkpoint - Page: 110, Records: 11000, Last ID: 000541751
2025-03-01 01:20:55,595 - INFO - Saved stats to data/2025-03-01_01-12-40/monthly_stats.json
2025-03-01 01:20:57,598 - INFO - Processing page 111
2025-03-01 01:21:01,941 - INFO - Processing page 112
2025-03-01 01:21:06,327 - INFO - Processing page 113
2025-03-01 01:21:10,507 - INFO - Processing page 114
2025-03-01 01:21:15,898 - INFO - Processing page 115
2025-03-01 01:21:17,885 - INFO - Checkpoint - Page: 115, Records: 11500, Last ID: 000535664
2025-03-01 01:21:17,885 - INFO - Saved stats to data/2025-03-01_01-12-40/monthly_stats.json
2025-03-01 01:21:19,888 - INFO - Processing page 116
2025-03-01 01:21:24,492 - INFO - Processing page 117
2025-03-01 01:21:28,986 - INFO - Processing page 118
2025-03-01 01:21:33,856 - INFO - Processing page 119
2025-03-01 01:21:38,093 - INFO - Processing page 120
2025-03-01 01:21:40,124 - INFO - Checkpoint - Page: 120, Records: 12000, Last ID: 000528597
2025-03-01 01:21:40,124 - INFO - Saved stats to data/2025-03-01_01-12-40/monthly_stats.json
2025-03-01 01:21:42,127 - INFO - Processing page 121
2025-03-01 01:21:46,381 - INFO - Processing page 122
2025-03-01 01:21:50,860 - INFO - Processing page 123
2025-03-01 01:21:55,219 - INFO - Processing page 124
2025-03-01 01:21:59,759 - INFO - Processing page 125
2025-03-01 01:22:02,138 - INFO - Checkpoint - Page: 125, Records: 12500, Last ID: 000522618
2025-03-01 01:22:02,139 - INFO - Saved stats to data/2025-03-01_01-12-40/monthly_stats.json
2025-03-01 01:22:04,141 - INFO - Processing page 126
2025-03-01 01:22:08,640 - INFO - Processing page 127
2025-03-01 01:22:13,112 - INFO - Processing page 128
2025-03-01 01:22:17,180 - INFO - Processing page 129
2025-03-01 01:22:21,038 - INFO - Processing page 130
2025-03-01 01:22:23,374 - INFO - Checkpoint - Page: 130, Records: 13000, Last ID: 000517370
2025-03-01 01:22:23,374 - INFO - Saved stats to data/2025-03-01_01-12-40/monthly_stats.json
2025-03-01 01:22:25,377 - INFO - Processing page 131
2025-03-01 01:22:30,925 - INFO - Processing page 132
2025-03-01 01:22:35,013 - INFO - Processing page 133
2025-03-01 01:22:39,056 - INFO - Processing page 134
2025-03-01 01:22:43,264 - INFO - Processing page 135
2025-03-01 01:22:45,849 - INFO - Checkpoint - Page: 135, Records: 13500, Last ID: 000513180
2025-03-01 01:22:45,849 - INFO - Saved stats to data/2025-03-01_01-12-40/monthly_stats.json
2025-03-01 01:22:47,852 - INFO - Processing page 136
2025-03-01 01:22:51,831 - INFO - Processing page 137
2025-03-01 01:22:57,996 - INFO - Processing page 138
2025-03-01 01:23:11,779 - INFO - Processing page 139
2025-03-01 01:23:18,024 - INFO - Processing page 140
2025-03-01 01:23:21,682 - INFO - Checkpoint - Page: 140, Records: 14000, Last ID: 000506177
2025-03-01 01:23:21,683 - INFO - Saved stats to data/2025-03-01_01-12-40/monthly_stats.json
2025-03-01 01:23:23,685 - INFO - Processing page 141
2025-03-01 01:23:29,466 - INFO - Processing page 142
2025-03-01 01:23:34,928 - INFO - Processing page 143
2025-03-01 01:23:41,518 - INFO - Processing page 144
2025-03-01 01:23:47,997 - INFO - Processing page 145
2025-03-01 01:23:53,016 - INFO - Checkpoint - Page: 145, Records: 14500, Last ID: 000499946
2025-03-01 01:23:53,016 - INFO - Saved stats to data/2025-03-01_01-12-40/monthly_stats.json
2025-03-01 01:23:55,018 - INFO - Processing page 146
2025-03-01 01:24:00,703 - INFO - Processing page 147
2025-03-01 01:24:06,369 - INFO - Processing page 148
2025-03-01 01:24:11,814 - INFO - Processing page 149
2025-03-01 01:24:18,114 - INFO - Processing page 150
2025-03-01 01:24:23,499 - INFO - Checkpoint - Page: 150, Records: 15000, Last ID: 000496767
2025-03-01 01:24:23,499 - INFO - Saved stats to data/2025-03-01_01-12-40/monthly_stats.json
2025-03-01 01:24:25,501 - INFO - Processing page 151
2025-03-01 01:24:30,767 - INFO - Processing page 152
2025-03-01 01:24:46,352 - INFO - Processing page 153
2025-03-01 01:24:54,688 - INFO - Processing page 154
2025-03-01 01:25:06,543 - INFO - Processing page 155
2025-03-01 01:25:11,011 - INFO - Checkpoint - Page: 155, Records: 15500, Last ID: 000492153
2025-03-01 01:25:11,012 - INFO - Saved stats to data/2025-03-01_01-12-40/monthly_stats.json
2025-03-01 01:25:13,015 - INFO - Processing page 156
2025-03-01 01:25:19,896 - INFO - Processing page 157
2025-03-01 01:25:26,206 - INFO - Processing page 158
2025-03-01 01:25:32,260 - INFO - Processing page 159
2025-03-01 01:25:36,546 - INFO - Processing page 160
2025-03-01 01:25:40,192 - INFO - Checkpoint - Page: 160, Records: 16000, Last ID: 000485695
2025-03-01 01:25:40,192 - INFO - Saved stats to data/2025-03-01_01-12-40/monthly_stats.json
2025-03-01 01:25:42,194 - INFO - Processing page 161
2025-03-01 01:25:49,967 - INFO - Processing page 162
2025-03-01 01:25:57,093 - INFO - Processing page 163
2025-03-01 01:26:02,326 - INFO - Processing page 164
2025-03-01 01:26:08,052 - INFO - Processing page 165
2025-03-01 01:26:11,148 - INFO - Checkpoint - Page: 165, Records: 16500, Last ID: 000482968
2025-03-01 01:26:11,148 - INFO - Saved stats to data/2025-03-01_01-12-40/monthly_stats.json
2025-03-01 01:26:13,150 - INFO - Processing page 166
2025-03-01 01:26:19,742 - INFO - Processing page 167
2025-03-01 01:26:24,890 - INFO - Processing page 168
2025-03-01 01:26:30,037 - INFO - Processing page 169
2025-03-01 01:26:35,216 - INFO - Processing page 170
2025-03-01 01:26:38,269 - INFO - Checkpoint - Page: 170, Records: 17000, Last ID: 000479465
2025-03-01 01:26:38,269 - INFO - Saved stats to data/2025-03-01_01-12-40/monthly_stats.json
2025-03-01 01:26:40,271 - INFO - Processing page 171
2025-03-01 01:26:45,349 - INFO - Processing page 172
2025-03-01 01:26:50,030 - INFO - Processing page 173
2025-03-01 01:26:54,594 - INFO - Processing page 174
2025-03-01 01:26:59,105 - INFO - Processing page 175
2025-03-01 01:27:01,509 - INFO - Checkpoint - Page: 175, Records: 17500, Last ID: 000473800
2025-03-01 01:27:01,510 - INFO - Saved stats to data/2025-03-01_01-12-40/monthly_stats.json
2025-03-01 01:27:03,512 - INFO - Processing page 176
2025-03-01 01:27:07,635 - INFO - Processing page 177
2025-03-01 01:27:11,805 - INFO - Processing page 178
2025-03-01 01:27:16,470 - INFO - Processing page 179
2025-03-01 01:27:20,796 - INFO - Processing page 180
2025-03-01 01:27:23,112 - INFO - Checkpoint - Page: 180, Records: 18000, Last ID: 000470458
2025-03-01 01:27:23,113 - INFO - Saved stats to data/2025-03-01_01-12-40/monthly_stats.json
2025-03-01 01:27:25,115 - INFO - Processing page 181
2025-03-01 01:27:29,578 - INFO - Processing page 182
2025-03-01 01:27:34,272 - INFO - Processing page 183
2025-03-01 01:27:40,180 - INFO - Processing page 184
2025-03-01 01:27:45,265 - INFO - Processing page 185
2025-03-01 01:27:47,826 - INFO - Checkpoint - Page: 185, Records: 18500, Last ID: 000459265
2025-03-01 01:27:47,826 - INFO - Saved stats to data/2025-03-01_01-12-40/monthly_stats.json
2025-03-01 01:27:49,829 - INFO - Processing page 186
2025-03-01 01:27:54,501 - INFO - Processing page 187
2025-03-01 01:27:58,828 - INFO - Processing page 188
2025-03-01 01:28:03,655 - INFO - Processing page 189
2025-03-01 01:28:07,765 - INFO - Processing page 190
2025-03-01 01:28:10,989 - INFO - Checkpoint - Page: 190, Records: 19000, Last ID: 000454719
2025-03-01 01:28:10,989 - INFO - Saved stats to data/2025-03-01_01-12-40/monthly_stats.json
2025-03-01 01:28:12,992 - INFO - Processing page 191
2025-03-01 01:28:17,318 - INFO - Processing page 192
2025-03-01 01:28:21,679 - INFO - Processing page 193
2025-03-01 01:28:26,382 - INFO - Processing page 194
2025-03-01 01:28:31,385 - INFO - Processing page 195
2025-03-01 01:28:33,952 - INFO - Checkpoint - Page: 195, Records: 19500, Last ID: 000451696
2025-03-01 01:28:33,953 - INFO - Saved stats to data/2025-03-01_01-12-40/monthly_stats.json
2025-03-01 01:28:35,955 - INFO - Processing page 196
2025-03-01 01:28:41,811 - INFO - Processing page 197
2025-03-01 01:28:45,848 - INFO - Processing page 198
2025-03-01 01:28:50,291 - INFO - Processing page 199
2025-03-01 01:28:54,579 - INFO - Processing page 200
2025-03-01 01:28:56,825 - INFO - Checkpoint - Page: 200, Records: 20000, Last ID: 000446896
2025-03-01 01:28:56,825 - INFO - Saved stats to data/2025-03-01_01-12-40/monthly_stats.json
2025-03-01 01:28:58,827 - INFO - Processing page 201
2025-03-01 01:29:02,729 - INFO - Processing page 202
2025-03-01 01:29:06,976 - INFO - Processing page 203
2025-03-01 01:29:12,188 - INFO - Processing page 204
2025-03-01 01:29:17,768 - INFO - Processing page 205
2025-03-01 01:29:22,412 - INFO - Checkpoint - Page: 205, Records: 20500, Last ID: 000442799
2025-03-01 01:29:22,412 - INFO - Saved stats to data/2025-03-01_01-12-40/monthly_stats.json
2025-03-01 01:29:24,414 - INFO - Processing page 206
2025-03-01 01:29:28,637 - INFO - Processing page 207
2025-03-01 01:29:32,669 - INFO - Processing page 208
2025-03-01 01:29:36,536 - INFO - Processing page 209
2025-03-01 01:29:41,256 - INFO - Processing page 210
2025-03-01 01:29:43,737 - INFO - Checkpoint - Page: 210, Records: 21000, Last ID: 000438660
2025-03-01 01:29:43,738 - INFO - Saved stats to data/2025-03-01_01-12-40/monthly_stats.json
2025-03-01 01:29:45,740 - INFO - Processing page 211
2025-03-01 01:29:50,013 - INFO - Processing page 212
2025-03-01 01:29:54,830 - INFO - Processing page 213
2025-03-01 01:29:59,673 - INFO - Processing page 214
2025-03-01 01:30:03,955 - INFO - Processing page 215
2025-03-01 01:30:06,123 - INFO - Checkpoint - Page: 215, Records: 21500, Last ID: 000435739
2025-03-01 01:30:06,123 - INFO - Saved stats to data/2025-03-01_01-12-40/monthly_stats.json
2025-03-01 01:30:08,125 - INFO - Processing page 216
2025-03-01 01:30:12,155 - INFO - Processing page 217
2025-03-01 01:30:16,896 - INFO - Processing page 218
2025-03-01 01:30:22,653 - INFO - Processing page 219
2025-03-01 01:30:27,429 - INFO - Processing page 220
2025-03-01 01:30:29,864 - INFO - Checkpoint - Page: 220, Records: 22000, Last ID: 000430908
2025-03-01 01:30:29,864 - INFO - Saved stats to data/2025-03-01_01-12-40/monthly_stats.json
2025-03-01 01:30:31,867 - INFO - Processing page 221
2025-03-01 01:30:35,950 - INFO - Processing page 222
2025-03-01 01:30:41,112 - INFO - Processing page 223
2025-03-01 01:30:45,640 - INFO - Processing page 224
2025-03-01 01:30:49,922 - INFO - Processing page 225
2025-03-01 01:30:52,239 - INFO - Checkpoint - Page: 225, Records: 22500, Last ID: 000427961
2025-03-01 01:30:52,239 - INFO - Saved stats to data/2025-03-01_01-12-40/monthly_stats.json
2025-03-01 01:30:54,242 - INFO - Processing page 226
2025-03-01 01:30:58,996 - INFO - Processing page 227
2025-03-01 01:31:03,432 - INFO - Processing page 228
2025-03-01 01:31:08,506 - INFO - Processing page 229
2025-03-01 01:31:13,152 - INFO - Processing page 230
2025-03-01 01:31:17,833 - INFO - Checkpoint - Page: 230, Records: 23000, Last ID: 000424622
2025-03-01 01:31:17,834 - INFO - Saved stats to data/2025-03-01_01-12-40/monthly_stats.json
2025-03-01 01:31:19,836 - INFO - Processing page 231
2025-03-01 01:31:25,618 - INFO - Processing page 232
2025-03-01 01:31:31,398 - INFO - Processing page 233
2025-03-01 01:31:35,531 - INFO - Processing page 234
2025-03-01 01:31:40,923 - INFO - Processing page 235
2025-03-01 01:31:44,032 - INFO - Checkpoint - Page: 235, Records: 23500, Last ID: 000421640
2025-03-01 01:31:44,032 - INFO - Saved stats to data/2025-03-01_01-12-40/monthly_stats.json
2025-03-01 01:31:46,034 - INFO - Processing page 236
2025-03-01 01:31:51,101 - INFO - Processing page 237
2025-03-01 01:31:55,109 - INFO - Processing page 238
2025-03-01 01:31:59,707 - INFO - Processing page 239
2025-03-01 01:32:04,195 - INFO - Processing page 240
2025-03-01 01:32:06,304 - INFO - Checkpoint - Page: 240, Records: 24000, Last ID: 000417776
2025-03-01 01:32:06,304 - INFO - Saved stats to data/2025-03-01_01-12-40/monthly_stats.json
2025-03-01 01:32:08,306 - INFO - Processing page 241
2025-03-01 01:32:12,913 - INFO - Processing page 242
2025-03-01 01:32:17,111 - INFO - Processing page 243
2025-03-01 01:32:22,516 - INFO - Processing page 244
2025-03-01 01:32:26,934 - INFO - Processing page 245
2025-03-01 01:32:30,783 - INFO - Checkpoint - Page: 245, Records: 24500, Last ID: 000414308
2025-03-01 01:32:30,783 - INFO - Saved stats to data/2025-03-01_01-12-40/monthly_stats.json
2025-03-01 01:32:32,785 - INFO - Processing page 246
2025-03-01 01:32:37,204 - INFO - Processing page 247
2025-03-01 01:32:41,323 - INFO - Processing page 248
2025-03-01 01:32:45,934 - INFO - Processing page 249
2025-03-01 01:32:50,220 - INFO - Processing page 250
2025-03-01 01:32:52,714 - INFO - Checkpoint - Page: 250, Records: 25000, Last ID: 000411384
2025-03-01 01:32:52,714 - INFO - Saved stats to data/2025-03-01_01-12-40/monthly_stats.json
2025-03-01 01:32:54,717 - INFO - Processing page 251
2025-03-01 01:32:59,500 - INFO - Processing page 252
2025-03-01 01:33:04,639 - INFO - Processing page 253
2025-03-01 01:33:11,099 - INFO - Processing page 254
2025-03-01 01:33:15,943 - INFO - Processing page 255
2025-03-01 01:33:19,822 - INFO - Checkpoint - Page: 255, Records: 25500, Last ID: 000409023
2025-03-01 01:33:19,822 - INFO - Saved stats to data/2025-03-01_01-12-40/monthly_stats.json
2025-03-01 01:33:21,824 - INFO - Processing page 256
2025-03-01 01:33:31,032 - INFO - Processing page 257
2025-03-01 01:33:37,531 - INFO - Processing page 258
2025-03-01 01:33:42,114 - INFO - Processing page 259
2025-03-01 01:33:47,231 - INFO - Processing page 260
2025-03-01 01:33:52,023 - INFO - Checkpoint - Page: 260, Records: 26000, Last ID: 000405151
2025-03-01 01:33:52,023 - INFO - Saved stats to data/2025-03-01_01-12-40/monthly_stats.json
2025-03-01 01:33:54,025 - INFO - Processing page 261
2025-03-01 01:33:59,280 - INFO - Processing page 262
2025-03-01 01:34:04,246 - INFO - Processing page 263
2025-03-01 01:34:08,591 - INFO - Processing page 264
2025-03-01 01:34:13,868 - INFO - Processing page 265
2025-03-01 01:34:16,163 - INFO - Checkpoint - Page: 265, Records: 26500, Last ID: 000393419
2025-03-01 01:34:16,164 - INFO - Saved stats to data/2025-03-01_01-12-40/monthly_stats.json
2025-03-01 01:34:18,166 - INFO - Processing page 266
2025-03-01 01:34:22,703 - INFO - Processing page 267
2025-03-01 01:34:27,358 - INFO - Processing page 268
2025-03-01 01:34:31,912 - INFO - Processing page 269
2025-03-01 01:34:37,235 - INFO - Processing page 270
2025-03-01 01:34:39,313 - INFO - Checkpoint - Page: 270, Records: 27000, Last ID: 000388310
2025-03-01 01:34:39,314 - INFO - Saved stats to data/2025-03-01_01-12-40/monthly_stats.json
2025-03-01 01:34:41,316 - INFO - Processing page 271
2025-03-01 01:34:46,415 - INFO - Processing page 272
2025-03-01 01:34:50,566 - INFO - Processing page 273
2025-03-01 01:34:54,629 - INFO - Processing page 274
2025-03-01 01:34:59,359 - INFO - Processing page 275
2025-03-01 01:35:03,246 - INFO - Checkpoint - Page: 275, Records: 27500, Last ID: 000384882
2025-03-01 01:35:03,247 - INFO - Saved stats to data/2025-03-01_01-12-40/monthly_stats.json
2025-03-01 01:35:05,249 - INFO - Processing page 276
2025-03-01 01:35:10,260 - INFO - Processing page 277
2025-03-01 01:35:14,358 - INFO - Processing page 278
2025-03-01 01:35:19,058 - INFO - Processing page 279
2025-03-01 01:35:23,331 - INFO - Processing page 280
2025-03-01 01:35:25,808 - INFO - Checkpoint - Page: 280, Records: 28000, Last ID: 000379463
2025-03-01 01:35:25,808 - INFO - Saved stats to data/2025-03-01_01-12-40/monthly_stats.json
2025-03-01 01:35:27,810 - INFO - Processing page 281
2025-03-01 01:35:32,118 - INFO - Processing page 282
2025-03-01 01:35:37,008 - INFO - Processing page 283
2025-03-01 01:35:41,927 - INFO - Processing page 284
2025-03-01 01:35:46,547 - INFO - Processing page 285
2025-03-01 01:35:48,813 - INFO - Checkpoint - Page: 285, Records: 28500, Last ID: 000374542
2025-03-01 01:35:48,813 - INFO - Saved stats to data/2025-03-01_01-12-40/monthly_stats.json
2025-03-01 01:35:50,815 - INFO - Processing page 286
2025-03-01 01:35:55,024 - INFO - Processing page 287
2025-03-01 01:35:59,464 - INFO - Processing page 288
2025-03-01 01:36:04,483 - INFO - Processing page 289
2025-03-01 01:36:08,758 - INFO - Processing page 290
2025-03-01 01:36:11,471 - INFO - Checkpoint - Page: 290, Records: 29000, Last ID: 000370725
2025-03-01 01:36:11,471 - INFO - Saved stats to data/2025-03-01_01-12-40/monthly_stats.json
2025-03-01 01:36:13,474 - INFO - Processing page 291
2025-03-01 01:36:17,654 - INFO - Processing page 292
2025-03-01 01:36:22,426 - INFO - Processing page 293
2025-03-01 01:36:26,945 - INFO - Processing page 294
2025-03-01 01:36:31,278 - INFO - Processing page 295
2025-03-01 01:36:34,200 - INFO - Checkpoint - Page: 295, Records: 29500, Last ID: 000367053
2025-03-01 01:36:34,201 - INFO - Saved stats to data/2025-03-01_01-12-40/monthly_stats.json
2025-03-01 01:36:36,203 - INFO - Processing page 296
2025-03-01 01:36:40,683 - INFO - Processing page 297
2025-03-01 01:36:45,350 - INFO - Processing page 298
2025-03-01 01:36:49,603 - INFO - Processing page 299
2025-03-01 01:36:54,457 - INFO - Processing page 300
2025-03-01 01:36:56,781 - INFO - Checkpoint - Page: 300, Records: 30000, Last ID: 000363691
2025-03-01 01:36:56,781 - INFO - Saved stats to data/2025-03-01_01-12-40/monthly_stats.json
2025-03-01 01:36:58,784 - INFO - Processing page 301
2025-03-01 01:37:03,018 - INFO - Processing page 302
2025-03-01 01:37:07,871 - INFO - Processing page 303
2025-03-01 01:37:13,063 - INFO - Processing page 304
2025-03-01 01:37:17,358 - INFO - Processing page 305
2025-03-01 01:37:19,813 - INFO - Checkpoint - Page: 305, Records: 30500, Last ID: 000360357
2025-03-01 01:37:19,813 - INFO - Saved stats to data/2025-03-01_01-12-40/monthly_stats.json
2025-03-01 01:37:21,816 - INFO - Processing page 306
2025-03-01 01:37:26,559 - INFO - Processing page 307
2025-03-01 01:37:31,266 - INFO - Processing page 308
2025-03-01 01:37:37,002 - INFO - Processing page 309
2025-03-01 01:37:43,219 - INFO - Processing page 310
2025-03-01 01:37:45,700 - INFO - Checkpoint - Page: 310, Records: 31000, Last ID: 000356969
2025-03-01 01:37:45,700 - INFO - Saved stats to data/2025-03-01_01-12-40/monthly_stats.json
2025-03-01 01:37:47,703 - INFO - Processing page 311
2025-03-01 01:37:52,465 - INFO - Processing page 312
2025-03-01 01:37:56,582 - INFO - Processing page 313
2025-03-01 01:38:01,853 - INFO - Processing page 314
2025-03-01 01:38:06,192 - INFO - Processing page 315
2025-03-01 01:38:08,293 - INFO - Checkpoint - Page: 315, Records: 31500, Last ID: 000348127
2025-03-01 01:38:08,294 - INFO - Saved stats to data/2025-03-01_01-12-40/monthly_stats.json
2025-03-01 01:38:10,296 - INFO - Processing page 316
2025-03-01 01:38:14,787 - INFO - Processing page 317
2025-03-01 01:38:19,054 - INFO - Processing page 318
2025-03-01 01:38:23,484 - INFO - Processing page 319
2025-03-01 01:38:30,644 - INFO - Processing page 320
2025-03-01 01:38:33,414 - INFO - Checkpoint - Page: 320, Records: 32000, Last ID: 000170153
2025-03-01 01:38:33,414 - INFO - Saved stats to data/2025-03-01_01-12-40/monthly_stats.json
2025-03-01 01:38:35,416 - INFO - Processing page 321
2025-03-01 01:38:39,848 - INFO - Processing page 322
2025-03-01 01:38:44,947 - INFO - Processing page 323
2025-03-01 01:38:48,862 - INFO - Processing page 324
2025-03-01 01:38:52,970 - INFO - Processing page 325
2025-03-01 01:38:56,128 - INFO - Checkpoint - Page: 325, Records: 32500, Last ID: 000168655
2025-03-01 01:38:56,129 - INFO - Saved stats to data/2025-03-01_01-12-40/monthly_stats.json
2025-03-01 01:38:58,131 - INFO - Processing page 326
2025-03-01 01:39:02,451 - INFO - Processing page 327
2025-03-01 01:39:07,859 - INFO - Processing page 328
2025-03-01 01:39:12,918 - INFO - Processing page 329
2025-03-01 01:39:17,568 - INFO - Processing page 330
2025-03-01 01:39:20,444 - INFO - Checkpoint - Page: 330, Records: 33000, Last ID: 000000603
2025-03-01 01:39:20,445 - INFO - Saved stats to data/2025-03-01_01-12-40/monthly_stats.json
2025-03-01 01:39:22,447 - INFO - Processing page 331
2025-03-01 01:39:26,711 - INFO - Processing page 332
2025-03-01 01:39:31,664 - INFO - Processing page 333
2025-03-01 01:39:38,150 - INFO - Processing page 334
2025-03-01 01:39:43,094 - INFO - Processing page 335
2025-03-01 01:39:45,628 - INFO - Checkpoint - Page: 335, Records: 33500, Last ID: 000071215
2025-03-01 01:39:45,628 - INFO - Saved stats to data/2025-03-01_01-12-40/monthly_stats.json
2025-03-01 01:39:47,631 - INFO - Processing page 336
2025-03-01 01:39:52,809 - INFO - Processing page 337
2025-03-01 01:39:57,624 - INFO - Processing page 338
2025-03-01 01:40:01,886 - INFO - Processing page 339
2025-03-01 01:40:07,108 - INFO - Processing page 340
2025-03-01 01:40:09,465 - INFO - Checkpoint - Page: 340, Records: 34000, Last ID: 000167042
2025-03-01 01:40:09,466 - INFO - Saved stats to data/2025-03-01_01-12-40/monthly_stats.json
2025-03-01 01:40:11,468 - INFO - Processing page 341
2025-03-01 01:40:16,811 - INFO - Processing page 342
2025-03-01 01:40:21,267 - INFO - Processing page 343
2025-03-01 01:40:25,457 - INFO - Processing page 344
2025-03-01 01:40:30,484 - INFO - Processing page 345
2025-03-01 01:40:33,659 - INFO - Checkpoint - Page: 345, Records: 34500, Last ID: 000165524
2025-03-01 01:40:33,659 - INFO - Saved stats to data/2025-03-01_01-12-40/monthly_stats.json
2025-03-01 01:40:35,662 - INFO - Processing page 346
2025-03-01 01:40:41,174 - INFO - Processing page 347
2025-03-01 01:40:46,202 - INFO - Processing page 348
2025-03-01 01:40:50,431 - INFO - Processing page 349
2025-03-01 01:40:54,768 - INFO - Processing page 350
2025-03-01 01:40:57,025 - INFO - Checkpoint - Page: 350, Records: 35000, Last ID: 000102024
2025-03-01 01:40:57,025 - INFO - Saved stats to data/2025-03-01_01-12-40/monthly_stats.json
2025-03-01 01:40:59,027 - INFO - Processing page 351
2025-03-01 01:41:03,336 - INFO - Processing page 352
2025-03-01 01:41:07,621 - INFO - Processing page 353
2025-03-01 01:41:14,256 - INFO - Processing page 354
2025-03-01 01:41:19,947 - INFO - Processing page 355
2025-03-01 01:41:23,630 - INFO - Checkpoint - Page: 355, Records: 35500, Last ID: 000102522
2025-03-01 01:41:23,631 - INFO - Saved stats to data/2025-03-01_01-12-40/monthly_stats.json
2025-03-01 01:41:25,633 - INFO - Processing page 356
2025-03-01 01:41:31,256 - INFO - Processing page 357
2025-03-01 01:41:36,237 - INFO - Processing page 358
2025-03-01 01:41:41,572 - INFO - Processing page 359
2025-03-01 01:41:47,003 - INFO - Processing page 360
2025-03-01 01:41:49,764 - INFO - Checkpoint - Page: 360, Records: 36000, Last ID: 000103026
2025-03-01 01:41:49,765 - INFO - Saved stats to data/2025-03-01_01-12-40/monthly_stats.json
2025-03-01 01:41:51,767 - INFO - Processing page 361
2025-03-01 01:41:56,401 - INFO - Processing page 362
2025-03-01 01:42:01,333 - INFO - Processing page 363
2025-03-01 01:42:06,127 - INFO - Processing page 364
2025-03-01 01:42:12,700 - INFO - Processing page 365
2025-03-01 01:42:18,112 - INFO - Checkpoint - Page: 365, Records: 36500, Last ID: 000103521
2025-03-01 01:42:18,112 - INFO - Saved stats to data/2025-03-01_01-12-40/monthly_stats.json
2025-03-01 01:42:20,115 - INFO - Processing page 366
2025-03-01 01:42:26,054 - INFO - Processing page 367
2025-03-01 01:42:33,513 - INFO - Processing page 368
2025-03-01 01:42:39,787 - INFO - Processing page 369
2025-03-01 01:42:46,031 - INFO - Processing page 370
2025-03-01 01:42:49,277 - INFO - Checkpoint - Page: 370, Records: 37000, Last ID: 000165760
2025-03-01 01:42:49,277 - INFO - Saved stats to data/2025-03-01_01-12-40/monthly_stats.json
2025-03-01 01:42:51,279 - INFO - Processing page 371
2025-03-01 01:42:56,875 - INFO - Processing page 372
2025-03-01 01:43:01,064 - INFO - Processing page 373
2025-03-01 01:43:05,510 - INFO - Processing page 374
2025-03-01 01:43:09,966 - INFO - Processing page 375
2025-03-01 01:43:12,154 - INFO - Checkpoint - Page: 375, Records: 37500, Last ID: 000167144
2025-03-01 01:43:12,154 - INFO - Saved stats to data/2025-03-01_01-12-40/monthly_stats.json
2025-03-01 01:43:14,156 - INFO - Processing page 376
2025-03-01 01:43:18,747 - INFO - Processing page 377
2025-03-01 01:43:23,019 - INFO - Processing page 378
2025-03-01 01:43:27,307 - INFO - Processing page 379
2025-03-01 01:43:32,658 - INFO - Processing page 380
2025-03-01 01:43:34,986 - INFO - Checkpoint - Page: 380, Records: 38000, Last ID: 000168230
2025-03-01 01:43:34,986 - INFO - Saved stats to data/2025-03-01_01-12-40/monthly_stats.json
2025-03-01 01:43:36,989 - INFO - Processing page 381
2025-03-01 01:43:41,121 - INFO - Processing page 382
2025-03-01 01:43:45,223 - INFO - Processing page 383
2025-03-01 01:43:51,035 - INFO - Processing page 384
2025-03-01 01:43:57,766 - INFO - Processing page 385
2025-03-01 01:44:00,433 - INFO - Checkpoint - Page: 385, Records: 38500, Last ID: 000164811
2025-03-01 01:44:00,433 - INFO - Saved stats to data/2025-03-01_01-12-40/monthly_stats.json
2025-03-01 01:44:02,436 - INFO - Processing page 386
2025-03-01 01:44:08,591 - INFO - Processing page 387
2025-03-01 01:44:13,245 - INFO - Processing page 388
2025-03-01 01:44:19,912 - INFO - Processing page 389
2025-03-01 01:44:24,665 - INFO - Processing page 390
2025-03-01 01:44:27,953 - INFO - Checkpoint - Page: 390, Records: 39000, Last ID: 000163687
2025-03-01 01:44:27,954 - INFO - Saved stats to data/2025-03-01_01-12-40/monthly_stats.json
2025-03-01 01:44:29,956 - INFO - Processing page 391
2025-03-01 01:44:35,999 - INFO - Processing page 392
2025-03-01 01:44:41,457 - INFO - Processing page 393
2025-03-01 01:44:47,727 - INFO - Processing page 394
2025-03-01 01:44:53,176 - INFO - Processing page 395
2025-03-01 01:44:55,920 - INFO - Checkpoint - Page: 395, Records: 39500, Last ID: 000162587
2025-03-01 01:44:55,920 - INFO - Saved stats to data/2025-03-01_01-12-40/monthly_stats.json
2025-03-01 01:44:57,922 - INFO - Processing page 396
2025-03-01 01:45:04,542 - INFO - Processing page 397
2025-03-01 01:45:10,120 - INFO - Processing page 398
2025-03-01 01:45:15,118 - INFO - Processing page 399
2025-03-01 01:45:19,616 - INFO - Processing page 400
2025-03-01 01:45:23,016 - INFO - Checkpoint - Page: 400, Records: 40000, Last ID: 000161652
2025-03-01 01:45:23,017 - INFO - Saved stats to data/2025-03-01_01-12-40/monthly_stats.json
2025-03-01 01:45:25,019 - INFO - Processing page 401
2025-03-01 01:45:30,903 - INFO - Processing page 402
2025-03-01 01:45:36,280 - INFO - Processing page 403
2025-03-01 01:45:41,525 - INFO - Processing page 404
2025-03-01 01:45:46,200 - INFO - Processing page 405
2025-03-01 01:45:48,609 - INFO - Checkpoint - Page: 405, Records: 40500, Last ID: 000160793
2025-03-01 01:45:48,609 - INFO - Saved stats to data/2025-03-01_01-12-40/monthly_stats.json
2025-03-01 01:45:50,611 - INFO - Processing page 406
2025-03-01 01:45:56,280 - INFO - Processing page 407
2025-03-01 01:46:01,191 - INFO - Processing page 408
2025-03-01 01:46:05,967 - INFO - Processing page 409
2025-03-01 01:46:10,829 - INFO - Processing page 410
2025-03-01 01:46:12,981 - INFO - Checkpoint - Page: 410, Records: 41000, Last ID: 000160250
2025-03-01 01:46:12,981 - INFO - Saved stats to data/2025-03-01_01-12-40/monthly_stats.json
2025-03-01 01:46:14,983 - INFO - Processing page 411
2025-03-01 01:46:19,714 - INFO - Processing page 412
2025-03-01 01:46:24,013 - INFO - Processing page 413
2025-03-01 01:46:29,963 - INFO - Processing page 414
2025-03-01 01:46:36,295 - INFO - Processing page 415
2025-03-01 01:46:38,913 - INFO - Checkpoint - Page: 415, Records: 41500, Last ID: 000159663
2025-03-01 01:46:38,914 - INFO - Saved stats to data/2025-03-01_01-12-40/monthly_stats.json
2025-03-01 01:46:40,916 - INFO - Processing page 416
2025-03-01 01:46:46,209 - INFO - Processing page 417
2025-03-01 01:46:51,573 - INFO - Processing page 418
2025-03-01 01:46:56,257 - INFO - Processing page 419
2025-03-01 01:47:00,596 - INFO - Processing page 420
2025-03-01 01:47:03,858 - INFO - Checkpoint - Page: 420, Records: 42000, Last ID: 000158792
2025-03-01 01:47:03,858 - INFO - Saved stats to data/2025-03-01_01-12-40/monthly_stats.json
2025-03-01 01:47:05,860 - INFO - Processing page 421
2025-03-01 01:47:11,849 - INFO - Processing page 422
2025-03-01 01:47:17,000 - INFO - Processing page 423
2025-03-01 01:47:22,886 - INFO - Processing page 424
2025-03-01 01:47:29,453 - INFO - Processing page 425
2025-03-01 01:47:32,432 - INFO - Checkpoint - Page: 425, Records: 42500, Last ID: 000157751
2025-03-01 01:47:32,432 - INFO - Saved stats to data/2025-03-01_01-12-40/monthly_stats.json
2025-03-01 01:47:34,434 - INFO - Processing page 426
2025-03-01 01:47:39,029 - INFO - Processing page 427
2025-03-01 01:47:44,689 - INFO - Processing page 428
2025-03-01 01:47:50,066 - INFO - Processing page 429
2025-03-01 01:47:56,228 - INFO - Processing page 430
2025-03-01 01:47:58,757 - INFO - Checkpoint - Page: 430, Records: 43000, Last ID: 000154513
2025-03-01 01:47:58,758 - INFO - Saved stats to data/2025-03-01_01-12-40/monthly_stats.json
2025-03-01 01:48:00,760 - INFO - Processing page 431
2025-03-01 01:48:05,555 - INFO - Processing page 432
2025-03-01 01:48:10,107 - INFO - Processing page 433
2025-03-01 01:48:14,613 - INFO - Processing page 434
2025-03-01 01:48:19,636 - INFO - Processing page 435
2025-03-01 01:48:22,524 - INFO - Checkpoint - Page: 435, Records: 43500, Last ID: 000141261
2025-03-01 01:48:22,524 - INFO - Saved stats to data/2025-03-01_01-12-40/monthly_stats.json
2025-03-01 01:48:24,526 - INFO - Processing page 436
2025-03-01 01:48:29,675 - INFO - Processing page 437
2025-03-01 01:48:34,913 - INFO - Processing page 438
2025-03-01 01:48:44,515 - INFO - Processing page 439
2025-03-01 01:48:51,695 - INFO - Processing page 440
2025-03-01 01:48:55,381 - INFO - Checkpoint - Page: 440, Records: 44000, Last ID: 000133919
2025-03-01 01:48:55,381 - INFO - Saved stats to data/2025-03-01_01-12-40/monthly_stats.json
2025-03-01 01:48:57,383 - INFO - Processing page 441
2025-03-01 01:49:04,715 - INFO - Processing page 442
2025-03-01 01:49:11,649 - INFO - Processing page 443
2025-03-01 01:49:17,127 - INFO - Processing page 444
2025-03-01 01:49:24,477 - INFO - Processing page 445
2025-03-01 01:49:28,024 - INFO - Checkpoint - Page: 445, Records: 44500, Last ID: 000125679
2025-03-01 01:49:28,024 - INFO - Saved stats to data/2025-03-01_01-12-40/monthly_stats.json
2025-03-01 01:49:30,026 - INFO - Processing page 446
2025-03-01 01:49:37,550 - INFO - Processing page 447
2025-03-01 01:49:43,262 - INFO - Processing page 448
2025-03-01 01:49:52,863 - INFO - Processing page 449
2025-03-01 01:49:58,568 - INFO - Processing page 450
2025-03-01 01:50:04,600 - INFO - Checkpoint - Page: 450, Records: 45000, Last ID: 000123681
2025-03-01 01:50:04,601 - INFO - Saved stats to data/2025-03-01_01-12-40/monthly_stats.json
2025-03-01 01:50:06,603 - INFO - Processing page 451
2025-03-01 01:50:13,267 - INFO - Processing page 452
2025-03-01 01:50:20,753 - INFO - Processing page 453
2025-03-01 01:50:26,821 - INFO - Processing page 454
2025-03-01 01:50:31,774 - INFO - Processing page 455
2025-03-01 01:50:36,626 - INFO - Checkpoint - Page: 455, Records: 45500, Last ID: 000116286
2025-03-01 01:50:36,626 - INFO - Saved stats to data/2025-03-01_01-12-40/monthly_stats.json
2025-03-01 01:50:38,628 - INFO - Processing page 456
2025-03-01 01:50:46,803 - INFO - Processing page 457
2025-03-01 01:50:53,314 - INFO - Processing page 458
2025-03-01 01:50:59,373 - INFO - Processing page 459
2025-03-01 01:51:07,016 - INFO - Processing page 460
2025-03-01 01:51:10,449 - INFO - Checkpoint - Page: 460, Records: 46000, Last ID: 000114953
2025-03-01 01:51:10,449 - INFO - Saved stats to data/2025-03-01_01-12-40/monthly_stats.json
2025-03-01 01:51:12,451 - INFO - Processing page 461
2025-03-01 01:51:17,620 - INFO - Processing page 462
2025-03-01 01:51:22,771 - INFO - Processing page 463
2025-03-01 01:51:27,220 - INFO - Processing page 464
2025-03-01 01:51:32,004 - INFO - Processing page 465
2025-03-01 01:51:35,516 - INFO - Checkpoint - Page: 465, Records: 46500, Last ID: 000114134
2025-03-01 01:51:35,516 - INFO - Saved stats to data/2025-03-01_01-12-40/monthly_stats.json
2025-03-01 01:51:37,518 - INFO - Processing page 466
2025-03-01 01:51:42,673 - INFO - Processing page 467
2025-03-01 01:51:47,539 - INFO - Processing page 468
2025-03-01 01:51:52,347 - INFO - Processing page 469
2025-03-01 01:51:56,965 - INFO - Processing page 470
2025-03-01 01:52:01,369 - INFO - Checkpoint - Page: 470, Records: 47000, Last ID: 000142016
2025-03-01 01:52:01,369 - INFO - Saved stats to data/2025-03-01_01-12-40/monthly_stats.json
2025-03-01 01:52:03,371 - INFO - Processing page 471
2025-03-01 01:52:09,411 - INFO - Processing page 472
2025-03-01 01:52:17,215 - INFO - Processing page 473
2025-03-01 01:52:21,958 - INFO - Processing page 474
2025-03-01 01:52:28,449 - INFO - Processing page 475
2025-03-01 01:52:31,053 - INFO - Checkpoint - Page: 475, Records: 47500, Last ID: 000109821
2025-03-01 01:52:31,054 - INFO - Saved stats to data/2025-03-01_01-12-40/monthly_stats.json
2025-03-01 01:52:33,056 - INFO - Processing page 476
2025-03-01 01:52:38,267 - INFO - Processing page 477
2025-03-01 01:52:42,573 - INFO - Processing page 478
2025-03-01 01:52:48,797 - INFO - Processing page 479
2025-03-01 01:52:54,635 - INFO - Processing page 480
2025-03-01 01:52:57,480 - INFO - Checkpoint - Page: 480, Records: 48000, Last ID: 000109273
2025-03-01 01:52:57,480 - INFO - Saved stats to data/2025-03-01_01-12-40/monthly_stats.json
2025-03-01 01:52:59,483 - INFO - Processing page 481
2025-03-01 01:53:04,951 - INFO - Processing page 482
2025-03-01 01:53:09,567 - INFO - Processing page 483
2025-03-01 01:53:16,233 - INFO - Processing page 484
2025-03-01 01:53:21,616 - INFO - Processing page 485
2025-03-01 01:53:28,330 - INFO - Checkpoint - Page: 485, Records: 48500, Last ID: 000108713
2025-03-01 01:53:28,330 - INFO - Saved stats to data/2025-03-01_01-12-40/monthly_stats.json
2025-03-01 01:53:30,332 - INFO - Processing page 486
2025-03-01 01:53:36,232 - INFO - Processing page 487
2025-03-01 01:53:42,058 - INFO - Processing page 488
2025-03-01 01:53:47,025 - INFO - Processing page 489
2025-03-01 01:53:52,222 - INFO - Processing page 490
2025-03-01 01:53:54,917 - INFO - Checkpoint - Page: 490, Records: 49000, Last ID: 000107950
2025-03-01 01:53:54,917 - INFO - Saved stats to data/2025-03-01_01-12-40/monthly_stats.json
2025-03-01 01:53:56,919 - INFO - Processing page 491
2025-03-01 01:54:02,027 - INFO - Processing page 492
2025-03-01 01:54:06,832 - INFO - Processing page 493
2025-03-01 01:54:11,655 - INFO - Processing page 494
2025-03-01 01:54:17,111 - INFO - Processing page 495
2025-03-01 01:54:21,762 - INFO - Checkpoint - Page: 495, Records: 49500, Last ID: 000103997
2025-03-01 01:54:21,763 - INFO - Saved stats to data/2025-03-01_01-12-40/monthly_stats.json
2025-03-01 01:54:23,765 - INFO - Processing page 496
2025-03-01 01:54:28,064 - INFO - Processing page 497
2025-03-01 01:54:32,777 - INFO - Processing page 498
2025-03-01 01:54:38,234 - INFO - Processing page 499
2025-03-01 01:54:43,625 - INFO - Processing page 500
2025-03-01 01:54:46,984 - INFO - Checkpoint - Page: 500, Records: 50000, Last ID: 000101279
2025-03-01 01:54:46,985 - INFO - Saved stats to data/2025-03-01_01-12-40/monthly_stats.json
2025-03-01 01:54:48,987 - INFO - Processing page 501
2025-03-01 01:54:55,047 - INFO - Processing page 502
2025-03-01 01:55:01,137 - INFO - Processing page 503
2025-03-01 01:55:07,725 - INFO - Processing page 504
2025-03-01 01:55:14,454 - INFO - Processing page 505
2025-03-01 01:55:17,884 - INFO - Checkpoint - Page: 505, Records: 50500, Last ID: 000100655
2025-03-01 01:55:17,884 - INFO - Saved stats to data/2025-03-01_01-12-40/monthly_stats.json
2025-03-01 01:55:19,886 - INFO - Processing page 506
2025-03-01 01:55:25,489 - INFO - Processing page 507
2025-03-01 01:55:31,481 - INFO - Processing page 508
2025-03-01 01:55:37,905 - INFO - Processing page 509
2025-03-01 01:55:44,426 - INFO - Processing page 510
2025-03-01 01:55:47,381 - INFO - Checkpoint - Page: 510, Records: 51000, Last ID: 000099990
2025-03-01 01:55:47,381 - INFO - Saved stats to data/2025-03-01_01-12-40/monthly_stats.json
2025-03-01 01:55:49,384 - INFO - Processing page 511
2025-03-01 01:55:55,151 - INFO - Processing page 512
2025-03-01 01:56:03,414 - INFO - Processing page 513
2025-03-01 01:56:07,726 - INFO - Processing page 514
2025-03-01 01:56:12,303 - INFO - Processing page 515
2025-03-01 01:56:15,721 - INFO - Checkpoint - Page: 515, Records: 51500, Last ID: 000099131
2025-03-01 01:56:15,721 - INFO - Saved stats to data/2025-03-01_01-12-40/monthly_stats.json
2025-03-01 01:56:17,723 - INFO - Processing page 516
2025-03-01 01:56:24,449 - INFO - Processing page 517
2025-03-01 01:56:29,561 - INFO - Processing page 518
2025-03-01 01:56:34,066 - INFO - Processing page 519
2025-03-01 01:56:38,939 - INFO - Processing page 520
2025-03-01 01:56:41,916 - INFO - Checkpoint - Page: 520, Records: 52000, Last ID: 000098295
2025-03-01 01:56:41,917 - INFO - Saved stats to data/2025-03-01_01-12-40/monthly_stats.json
2025-03-01 01:56:43,919 - INFO - Processing page 521
2025-03-01 01:56:50,318 - INFO - Processing page 522
2025-03-01 01:56:55,698 - INFO - Processing page 523
2025-03-01 01:57:00,248 - INFO - Processing page 524
2025-03-01 01:57:05,033 - INFO - Processing page 525
2025-03-01 01:57:07,862 - INFO - Checkpoint - Page: 525, Records: 52500, Last ID: 000097641
2025-03-01 01:57:07,862 - INFO - Saved stats to data/2025-03-01_01-12-40/monthly_stats.json
2025-03-01 01:57:09,864 - INFO - Processing page 526
2025-03-01 01:57:16,480 - INFO - Processing page 527
2025-03-01 01:57:22,679 - INFO - Processing page 528
2025-03-01 01:57:29,024 - INFO - Processing page 529
2025-03-01 01:57:33,545 - INFO - Processing page 530
2025-03-01 01:57:36,019 - INFO - Checkpoint - Page: 530, Records: 53000, Last ID: 000096948
2025-03-01 01:57:36,019 - INFO - Saved stats to data/2025-03-01_01-12-40/monthly_stats.json
2025-03-01 01:57:38,021 - INFO - Processing page 531
2025-03-01 01:57:42,992 - INFO - Processing page 532
2025-03-01 01:57:49,013 - INFO - Processing page 533
2025-03-01 01:57:53,608 - INFO - Processing page 534
2025-03-01 01:57:58,613 - INFO - Processing page 535
2025-03-01 01:58:01,154 - INFO - Checkpoint - Page: 535, Records: 53500, Last ID: 000095863
2025-03-01 01:58:01,154 - INFO - Saved stats to data/2025-03-01_01-12-40/monthly_stats.json
2025-03-01 01:58:03,156 - INFO - Processing page 536
2025-03-01 01:58:07,759 - INFO - Processing page 537
2025-03-01 01:58:12,907 - INFO - Processing page 538
2025-03-01 01:58:17,868 - INFO - Processing page 539
2025-03-01 01:58:22,206 - INFO - Processing page 540
2025-03-01 01:58:26,955 - INFO - Checkpoint - Page: 540, Records: 54000, Last ID: 000093340
2025-03-01 01:58:26,955 - INFO - Saved stats to data/2025-03-01_01-12-40/monthly_stats.json
2025-03-01 01:58:28,957 - INFO - Processing page 541
2025-03-01 01:58:33,899 - INFO - Processing page 542
2025-03-01 01:58:38,295 - INFO - Processing page 543
2025-03-01 01:58:43,082 - INFO - Processing page 544
2025-03-01 01:58:47,999 - INFO - Processing page 545
2025-03-01 01:58:52,044 - INFO - Checkpoint - Page: 545, Records: 54500, Last ID: 000092607
2025-03-01 01:58:52,045 - INFO - Saved stats to data/2025-03-01_01-12-40/monthly_stats.json
2025-03-01 01:58:54,047 - INFO - Processing page 546
2025-03-01 01:58:59,726 - INFO - Processing page 547
2025-03-01 01:59:04,243 - INFO - Processing page 548
2025-03-01 01:59:08,882 - INFO - Processing page 549
2025-03-01 01:59:13,631 - INFO - Processing page 550
2025-03-01 01:59:16,197 - INFO - Checkpoint - Page: 550, Records: 55000, Last ID: 000091750
2025-03-01 01:59:16,197 - INFO - Saved stats to data/2025-03-01_01-12-40/monthly_stats.json
2025-03-01 01:59:18,200 - INFO - Processing page 551
2025-03-01 01:59:23,418 - INFO - Processing page 552
2025-03-01 01:59:28,476 - INFO - Processing page 553
2025-03-01 01:59:33,460 - INFO - Processing page 554
2025-03-01 01:59:38,360 - INFO - Processing page 555
2025-03-01 01:59:41,547 - INFO - Checkpoint - Page: 555, Records: 55500, Last ID: 000089992
2025-03-01 01:59:41,547 - INFO - Saved stats to data/2025-03-01_01-12-40/monthly_stats.json
2025-03-01 01:59:43,550 - INFO - Processing page 556
2025-03-01 01:59:47,724 - INFO - Processing page 557
2025-03-01 01:59:51,976 - INFO - Processing page 558
2025-03-01 01:59:56,245 - INFO - Processing page 559
2025-03-01 02:00:00,538 - INFO - Processing page 560
2025-03-01 02:00:03,612 - INFO - Checkpoint - Page: 560, Records: 56000, Last ID: 000088471
2025-03-01 02:00:03,612 - INFO - Saved stats to data/2025-03-01_01-12-40/monthly_stats.json
2025-03-01 02:00:05,615 - INFO - Processing page 561
2025-03-01 02:00:10,442 - INFO - Processing page 562
2025-03-01 02:00:15,218 - INFO - Processing page 563
2025-03-01 02:00:20,195 - INFO - Processing page 564
2025-03-01 02:00:24,801 - INFO - Processing page 565
2025-03-01 02:00:27,275 - INFO - Checkpoint - Page: 565, Records: 56500, Last ID: 000086159
2025-03-01 02:00:27,276 - INFO - Saved stats to data/2025-03-01_01-12-40/monthly_stats.json
2025-03-01 02:00:29,278 - INFO - Processing page 566
2025-03-01 02:00:33,850 - INFO - Processing page 567
2025-03-01 02:00:38,639 - INFO - Processing page 568
2025-03-01 02:00:43,510 - INFO - Processing page 569
2025-03-01 02:00:48,471 - INFO - Processing page 570
2025-03-01 02:00:51,504 - INFO - Checkpoint - Page: 570, Records: 57000, Last ID: 000085017
2025-03-01 02:00:51,504 - INFO - Saved stats to data/2025-03-01_01-12-40/monthly_stats.json
2025-03-01 02:00:53,507 - INFO - Processing page 571
2025-03-01 02:00:57,521 - INFO - Processing page 572
2025-03-01 02:01:01,861 - INFO - Processing page 573
2025-03-01 02:01:06,872 - INFO - Processing page 574
2025-03-01 02:01:12,037 - INFO - Processing page 575
2025-03-01 02:01:14,851 - INFO - Checkpoint - Page: 575, Records: 57500, Last ID: 000084371
2025-03-01 02:01:14,852 - INFO - Saved stats to data/2025-03-01_01-12-40/monthly_stats.json
2025-03-01 02:01:16,854 - INFO - Processing page 576
2025-03-01 02:01:21,461 - INFO - Processing page 577
2025-03-01 02:01:26,195 - INFO - Processing page 578
2025-03-01 02:01:30,645 - INFO - Processing page 579
2025-03-01 02:01:35,621 - INFO - Processing page 580
2025-03-01 02:01:37,974 - INFO - Checkpoint - Page: 580, Records: 58000, Last ID: 000083235
2025-03-01 02:01:37,975 - INFO - Saved stats to data/2025-03-01_01-12-40/monthly_stats.json
2025-03-01 02:01:39,977 - INFO - Processing page 581
2025-03-01 02:01:44,151 - INFO - Processing page 582
2025-03-01 02:01:48,514 - INFO - Processing page 583
2025-03-01 02:01:54,382 - INFO - Processing page 584
2025-03-01 02:02:00,252 - INFO - Processing page 585
2025-03-01 02:02:03,620 - INFO - Checkpoint - Page: 585, Records: 58500, Last ID: 000082364
2025-03-01 02:02:03,620 - INFO - Saved stats to data/2025-03-01_01-12-40/monthly_stats.json
2025-03-01 02:02:05,622 - INFO - Processing page 586
2025-03-01 02:02:13,389 - INFO - Processing page 587
2025-03-01 02:02:19,342 - INFO - Processing page 588
2025-03-01 02:02:24,062 - INFO - Processing page 589
2025-03-01 02:02:29,033 - INFO - Processing page 590
2025-03-01 02:02:31,917 - INFO - Checkpoint - Page: 590, Records: 59000, Last ID: 000081510
2025-03-01 02:02:31,917 - INFO - Saved stats to data/2025-03-01_01-12-40/monthly_stats.json
2025-03-01 02:02:33,919 - INFO - Processing page 591
2025-03-01 02:02:38,118 - INFO - Processing page 592
2025-03-01 02:02:42,728 - INFO - Processing page 593
2025-03-01 02:02:47,211 - INFO - Processing page 594
2025-03-01 02:02:51,234 - INFO - Processing page 595
2025-03-01 02:02:53,732 - INFO - Checkpoint - Page: 595, Records: 59500, Last ID: 000080725
2025-03-01 02:02:53,732 - INFO - Saved stats to data/2025-03-01_01-12-40/monthly_stats.json
2025-03-01 02:02:55,735 - INFO - Processing page 596
2025-03-01 02:02:59,731 - INFO - Processing page 597
2025-03-01 02:03:04,432 - INFO - Processing page 598
2025-03-01 02:03:10,411 - INFO - Processing page 599
2025-03-01 02:03:16,977 - INFO - Processing page 600
2025-03-01 02:03:19,827 - INFO - Checkpoint - Page: 600, Records: 60000, Last ID: 000079906
2025-03-01 02:03:19,828 - INFO - Saved stats to data/2025-03-01_01-12-40/monthly_stats.json
2025-03-01 02:03:21,830 - INFO - Processing page 601
2025-03-01 02:03:27,268 - INFO - Processing page 602
2025-03-01 02:03:32,761 - INFO - Processing page 603
2025-03-01 02:03:38,147 - INFO - Processing page 604
2025-03-01 02:03:44,612 - INFO - Processing page 605
2025-03-01 02:03:49,679 - INFO - Checkpoint - Page: 605, Records: 60500, Last ID: 000078974
2025-03-01 02:03:49,679 - INFO - Saved stats to data/2025-03-01_01-12-40/monthly_stats.json
2025-03-01 02:03:51,681 - INFO - Processing page 606
2025-03-01 02:03:56,408 - INFO - Processing page 607
2025-03-01 02:04:01,314 - INFO - Processing page 608
2025-03-01 02:04:08,174 - INFO - Processing page 609
2025-03-01 02:04:12,631 - INFO - Processing page 610
2025-03-01 02:04:15,690 - INFO - Checkpoint - Page: 610, Records: 61000, Last ID: 000077556
2025-03-01 02:04:15,690 - INFO - Saved stats to data/2025-03-01_01-12-40/monthly_stats.json
2025-03-01 02:04:17,693 - INFO - Processing page 611
2025-03-01 02:04:22,543 - INFO - Processing page 612
2025-03-01 02:04:28,466 - INFO - Processing page 613
2025-03-01 02:04:33,721 - INFO - Processing page 614
2025-03-01 02:04:40,114 - INFO - Processing page 615
2025-03-01 02:04:44,533 - INFO - Checkpoint - Page: 615, Records: 61500, Last ID: 000076473
2025-03-01 02:04:44,533 - INFO - Saved stats to data/2025-03-01_01-12-40/monthly_stats.json
2025-03-01 02:04:46,535 - INFO - Processing page 616
2025-03-01 02:04:51,696 - INFO - Processing page 617
2025-03-01 02:04:56,344 - INFO - Processing page 618
2025-03-01 02:05:01,596 - INFO - Processing page 619
2025-03-01 02:05:06,834 - INFO - Processing page 620
2025-03-01 02:05:09,757 - INFO - Checkpoint - Page: 620, Records: 62000, Last ID: 000155080
2025-03-01 02:05:09,757 - INFO - Saved stats to data/2025-03-01_01-12-40/monthly_stats.json
2025-03-01 02:05:11,760 - INFO - Processing page 621
2025-03-01 02:05:16,424 - INFO - Processing page 622
2025-03-01 02:05:22,325 - INFO - Processing page 623
2025-03-01 02:05:28,631 - INFO - Processing page 624
2025-03-01 02:05:34,452 - INFO - Processing page 625
2025-03-01 02:05:38,346 - INFO - Checkpoint - Page: 625, Records: 62500, Last ID: 000074884
2025-03-01 02:05:38,347 - INFO - Saved stats to data/2025-03-01_01-12-40/monthly_stats.json
2025-03-01 02:05:40,349 - INFO - Processing page 626
2025-03-01 02:05:45,450 - INFO - Processing page 627
2025-03-01 02:05:51,932 - INFO - Processing page 628
2025-03-01 02:05:58,854 - INFO - Processing page 629
2025-03-01 02:06:04,226 - INFO - Processing page 630
2025-03-01 02:06:10,523 - INFO - Checkpoint - Page: 630, Records: 63000, Last ID: 000073803
2025-03-01 02:06:10,524 - INFO - Saved stats to data/2025-03-01_01-12-40/monthly_stats.json
2025-03-01 02:06:12,526 - INFO - Processing page 631
2025-03-01 02:06:20,840 - INFO - Processing page 632
2025-03-01 02:06:28,530 - INFO - Processing page 633
2025-03-01 02:06:35,896 - INFO - Processing page 634
2025-03-01 02:06:42,963 - INFO - Processing page 635
2025-03-01 02:06:49,125 - INFO - Checkpoint - Page: 635, Records: 63500, Last ID: 000072991
2025-03-01 02:06:49,126 - INFO - Saved stats to data/2025-03-01_01-12-40/monthly_stats.json
2025-03-01 02:06:51,128 - INFO - Processing page 636
2025-03-01 02:06:55,750 - INFO - Processing page 637
2025-03-01 02:07:05,366 - INFO - Processing page 638
2025-03-01 02:07:10,963 - INFO - Processing page 639
2025-03-01 02:07:16,997 - INFO - Processing page 640
2025-03-01 02:07:20,347 - INFO - Checkpoint - Page: 640, Records: 64000, Last ID: 000072695
2025-03-01 02:07:20,347 - INFO - Saved stats to data/2025-03-01_01-12-40/monthly_stats.json
2025-03-01 02:07:22,350 - INFO - Processing page 641
2025-03-01 02:07:27,625 - INFO - Processing page 642
2025-03-01 02:07:32,868 - INFO - Processing page 643
2025-03-01 02:07:39,489 - INFO - Processing page 644
2025-03-01 02:07:44,329 - INFO - Processing page 645
2025-03-01 02:07:49,426 - INFO - Checkpoint - Page: 645, Records: 64500, Last ID: 000071692
2025-03-01 02:07:49,426 - INFO - Saved stats to data/2025-03-01_01-12-40/monthly_stats.json
2025-03-01 02:07:51,429 - INFO - Processing page 646
2025-03-01 02:07:56,534 - INFO - Processing page 647
2025-03-01 02:08:04,205 - INFO - Processing page 648
2025-03-01 02:08:10,116 - INFO - Processing page 649
2025-03-01 02:08:14,761 - INFO - Processing page 650
2025-03-01 02:08:18,156 - INFO - Checkpoint - Page: 650, Records: 65000, Last ID: 000070991
2025-03-01 02:08:18,156 - INFO - Saved stats to data/2025-03-01_01-12-40/monthly_stats.json
2025-03-01 02:08:20,158 - INFO - Processing page 651
2025-03-01 02:08:26,140 - INFO - Processing page 652
2025-03-01 02:08:33,158 - INFO - Processing page 653
2025-03-01 02:08:40,552 - INFO - Processing page 654
2025-03-01 02:08:46,004 - INFO - Processing page 655
2025-03-01 02:08:50,310 - INFO - Checkpoint - Page: 655, Records: 65500, Last ID: 000070793
2025-03-01 02:08:50,310 - INFO - Saved stats to data/2025-03-01_01-12-40/monthly_stats.json
2025-03-01 02:08:52,312 - INFO - Processing page 656
2025-03-01 02:08:57,730 - INFO - Processing page 657
2025-03-01 02:09:04,177 - INFO - Processing page 658
2025-03-01 02:09:12,151 - INFO - Processing page 659
2025-03-01 02:09:18,834 - INFO - Processing page 660
2025-03-01 02:09:24,120 - INFO - Checkpoint - Page: 660, Records: 66000, Last ID: 000069178
2025-03-01 02:09:24,120 - INFO - Saved stats to data/2025-03-01_01-12-40/monthly_stats.json
2025-03-01 02:09:26,122 - INFO - Processing page 661
2025-03-01 02:09:32,131 - INFO - Processing page 662
2025-03-01 02:09:38,554 - INFO - Processing page 663
2025-03-01 02:09:45,934 - INFO - Processing page 664
2025-03-01 02:09:53,576 - INFO - Processing page 665
2025-03-01 02:09:58,532 - INFO - Checkpoint - Page: 665, Records: 66500, Last ID: 000068268
2025-03-01 02:09:58,533 - INFO - Saved stats to data/2025-03-01_01-12-40/monthly_stats.json
2025-03-01 02:10:00,535 - INFO - Processing page 666
2025-03-01 02:10:08,743 - INFO - Processing page 667
2025-03-01 02:10:15,469 - INFO - Processing page 668
2025-03-01 02:10:24,262 - INFO - Processing page 669
2025-03-01 02:10:30,139 - INFO - Processing page 670
2025-03-01 02:10:33,365 - INFO - Checkpoint - Page: 670, Records: 67000, Last ID: 000067293
2025-03-01 02:10:33,366 - INFO - Saved stats to data/2025-03-01_01-12-40/monthly_stats.json
2025-03-01 02:10:35,368 - INFO - Processing page 671
2025-03-01 02:10:43,027 - INFO - Processing page 672
2025-03-01 02:10:49,327 - INFO - Processing page 673
2025-03-01 02:10:55,076 - INFO - Processing page 674
2025-03-01 02:11:01,353 - INFO - Processing page 675
2025-03-01 02:11:04,883 - INFO - Checkpoint - Page: 675, Records: 67500, Last ID: 000065798
2025-03-01 02:11:04,883 - INFO - Saved stats to data/2025-03-01_01-12-40/monthly_stats.json
2025-03-01 02:11:06,886 - INFO - Processing page 676
2025-03-01 02:11:16,931 - INFO - Processing page 677
2025-03-01 02:11:29,026 - INFO - Processing page 678
2025-03-01 02:11:35,266 - INFO - Processing page 679
2025-03-01 02:11:41,336 - INFO - Processing page 680
2025-03-01 02:11:51,679 - INFO - Checkpoint - Page: 680, Records: 68000, Last ID: 000065219
2025-03-01 02:11:51,679 - INFO - Saved stats to data/2025-03-01_01-12-40/monthly_stats.json
2025-03-01 02:11:53,681 - INFO - Processing page 681
2025-03-01 02:11:58,984 - INFO - Processing page 682
2025-03-01 02:12:05,924 - INFO - Processing page 683
2025-03-01 02:12:17,825 - INFO - Processing page 684
2025-03-01 02:12:30,134 - INFO - Processing page 685
2025-03-01 02:12:40,269 - INFO - Checkpoint - Page: 685, Records: 68500, Last ID: 000064076
2025-03-01 02:12:40,269 - INFO - Saved stats to data/2025-03-01_01-12-40/monthly_stats.json
2025-03-01 02:12:42,272 - INFO - Processing page 686
2025-03-01 02:12:51,343 - INFO - Processing page 687
2025-03-01 02:13:03,842 - INFO - Processing page 688
2025-03-01 02:13:09,193 - INFO - Processing page 689
2025-03-01 02:13:15,621 - INFO - Processing page 690
2025-03-01 02:13:24,800 - INFO - Checkpoint - Page: 690, Records: 69000, Last ID: 000063442
2025-03-01 02:13:24,800 - INFO - Saved stats to data/2025-03-01_01-12-40/monthly_stats.json
2025-03-01 02:13:26,802 - INFO - Processing page 691
2025-03-01 02:13:37,651 - INFO - Processing page 692
2025-03-01 02:13:49,850 - INFO - Processing page 693
2025-03-01 02:14:01,665 - INFO - Processing page 694
2025-03-01 02:14:12,659 - INFO - Processing page 695
2025-03-01 02:14:20,650 - INFO - Checkpoint - Page: 695, Records: 69500, Last ID: 000062929
2025-03-01 02:14:20,651 - INFO - Saved stats to data/2025-03-01_01-12-40/monthly_stats.json
2025-03-01 02:14:22,653 - INFO - Processing page 696
2025-03-01 02:14:32,235 - INFO - Processing page 697
2025-03-01 02:14:45,154 - INFO - Processing page 698
2025-03-01 02:14:57,651 - INFO - Processing page 699
2025-03-01 02:15:04,482 - INFO - Processing page 700
2025-03-01 02:15:16,270 - INFO - Checkpoint - Page: 700, Records: 70000, Last ID: 000062166
2025-03-01 02:15:16,270 - INFO - Saved stats to data/2025-03-01_01-12-40/monthly_stats.json
2025-03-01 02:15:18,273 - INFO - Processing page 701
2025-03-01 02:15:23,750 - INFO - Processing page 702
2025-03-01 02:15:33,605 - INFO - Processing page 703
2025-03-01 02:15:43,386 - INFO - Processing page 704
2025-03-01 02:15:51,831 - INFO - Processing page 705
2025-03-01 02:16:01,587 - INFO - Checkpoint - Page: 705, Records: 70500, Last ID: 000061326
2025-03-01 02:16:01,587 - INFO - Saved stats to data/2025-03-01_01-12-40/monthly_stats.json
2025-03-01 02:16:03,590 - INFO - Processing page 706
2025-03-01 02:16:13,178 - INFO - Processing page 707
2025-03-01 02:16:19,834 - INFO - Processing page 708
2025-03-01 02:16:25,682 - INFO - Processing page 709
2025-03-01 02:16:34,663 - INFO - Processing page 710
2025-03-01 02:16:37,597 - INFO - Checkpoint - Page: 710, Records: 71000, Last ID: 000060597
2025-03-01 02:16:37,597 - INFO - Saved stats to data/2025-03-01_01-12-40/monthly_stats.json
2025-03-01 02:16:39,600 - INFO - Processing page 711
2025-03-01 02:16:46,835 - INFO - Processing page 712
2025-03-01 02:16:53,203 - INFO - Processing page 713
2025-03-01 02:17:00,601 - INFO - Processing page 714
2025-03-01 02:17:10,250 - INFO - Processing page 715
2025-03-01 02:17:18,072 - INFO - Checkpoint - Page: 715, Records: 71500, Last ID: 000060038
2025-03-01 02:17:18,073 - INFO - Saved stats to data/2025-03-01_01-12-40/monthly_stats.json
2025-03-01 02:17:20,075 - INFO - Processing page 716
2025-03-01 02:17:27,561 - INFO - Processing page 717
2025-03-01 02:17:33,013 - INFO - Processing page 718
2025-03-01 02:17:37,390 - INFO - Processing page 719
2025-03-01 02:17:42,568 - INFO - Processing page 720
2025-03-01 02:17:45,626 - INFO - Checkpoint - Page: 720, Records: 72000, Last ID: 000059298
2025-03-01 02:17:45,627 - INFO - Saved stats to data/2025-03-01_01-12-40/monthly_stats.json
2025-03-01 02:17:47,629 - INFO - Processing page 721
2025-03-01 02:17:53,529 - INFO - Processing page 722
2025-03-01 02:17:58,538 - INFO - Processing page 723
2025-03-01 02:18:03,687 - INFO - Processing page 724
2025-03-01 02:18:08,448 - INFO - Processing page 725
2025-03-01 02:18:11,525 - INFO - Checkpoint - Page: 725, Records: 72500, Last ID: 000058783
2025-03-01 02:18:11,525 - INFO - Saved stats to data/2025-03-01_01-12-40/monthly_stats.json
2025-03-01 02:18:13,528 - INFO - Processing page 726
2025-03-01 02:18:18,546 - INFO - Processing page 727
2025-03-01 02:18:23,483 - INFO - Processing page 728
2025-03-01 02:18:28,331 - INFO - Processing page 729
2025-03-01 02:18:33,005 - INFO - Processing page 730
2025-03-01 02:18:35,524 - INFO - Checkpoint - Page: 730, Records: 73000, Last ID: 000058193
2025-03-01 02:18:35,524 - INFO - Saved stats to data/2025-03-01_01-12-40/monthly_stats.json
2025-03-01 02:18:37,526 - INFO - Processing page 731
2025-03-01 02:18:42,675 - INFO - Processing page 732
2025-03-01 02:18:47,719 - INFO - Processing page 733
2025-03-01 02:18:52,644 - INFO - Processing page 734
2025-03-01 02:18:57,632 - INFO - Processing page 735
2025-03-01 02:19:00,563 - INFO - Checkpoint - Page: 735, Records: 73500, Last ID: 000057331
2025-03-01 02:19:00,564 - INFO - Saved stats to data/2025-03-01_01-12-40/monthly_stats.json
2025-03-01 02:19:02,564 - INFO - Processing page 736
2025-03-01 02:19:07,615 - INFO - Processing page 737
2025-03-01 02:19:12,583 - INFO - Processing page 738
2025-03-01 02:19:17,449 - INFO - Processing page 739
2025-03-01 02:19:22,587 - INFO - Processing page 740
2025-03-01 02:19:25,742 - INFO - Checkpoint - Page: 740, Records: 74000, Last ID: 000056119
2025-03-01 02:19:25,742 - INFO - Saved stats to data/2025-03-01_01-12-40/monthly_stats.json
2025-03-01 02:19:27,745 - INFO - Processing page 741
2025-03-01 02:19:32,536 - INFO - Processing page 742
2025-03-01 02:19:37,241 - INFO - Processing page 743
2025-03-01 02:19:43,020 - INFO - Processing page 744
2025-03-01 02:19:48,426 - INFO - Processing page 745
2025-03-01 02:19:51,865 - INFO - Checkpoint - Page: 745, Records: 74500, Last ID: 000055216
2025-03-01 02:19:51,866 - INFO - Saved stats to data/2025-03-01_01-12-40/monthly_stats.json
2025-03-01 02:19:53,868 - INFO - Processing page 746
2025-03-01 02:19:58,794 - INFO - Processing page 747
2025-03-01 02:20:04,164 - INFO - Processing page 748
2025-03-01 02:20:09,353 - INFO - Processing page 749
2025-03-01 02:20:16,009 - INFO - Processing page 750
2025-03-01 02:20:19,530 - INFO - Checkpoint - Page: 750, Records: 75000, Last ID: 000054668
2025-03-01 02:20:19,530 - INFO - Saved stats to data/2025-03-01_01-12-40/monthly_stats.json
2025-03-01 02:20:21,532 - INFO - Processing page 751
2025-03-01 02:20:26,696 - INFO - Processing page 752
2025-03-01 02:20:33,393 - INFO - Processing page 753
2025-03-01 02:20:39,202 - INFO - Processing page 754
2025-03-01 02:20:44,359 - INFO - Processing page 755
2025-03-01 02:20:47,325 - INFO - Checkpoint - Page: 755, Records: 75500, Last ID: 000053352
2025-03-01 02:20:47,325 - INFO - Saved stats to data/2025-03-01_01-12-40/monthly_stats.json
2025-03-01 02:20:49,327 - INFO - Processing page 756
2025-03-01 02:20:54,624 - INFO - Processing page 757
2025-03-01 02:20:59,390 - INFO - Processing page 758
2025-03-01 02:21:03,987 - INFO - Processing page 759
2025-03-01 02:21:08,712 - INFO - Processing page 760
2025-03-01 02:21:11,769 - INFO - Checkpoint - Page: 760, Records: 76000, Last ID: 000052501
2025-03-01 02:21:11,769 - INFO - Saved stats to data/2025-03-01_01-12-40/monthly_stats.json
2025-03-01 02:21:13,771 - INFO - Processing page 761
2025-03-01 02:21:19,207 - INFO - Processing page 762
2025-03-01 02:21:23,600 - INFO - Processing page 763
2025-03-01 02:21:29,388 - INFO - Processing page 764
2025-03-01 02:21:34,521 - INFO - Processing page 765
2025-03-01 02:21:38,664 - INFO - Checkpoint - Page: 765, Records: 76500, Last ID: 000051884
2025-03-01 02:21:38,664 - INFO - Saved stats to data/2025-03-01_01-12-40/monthly_stats.json
2025-03-01 02:21:40,666 - INFO - Processing page 766
2025-03-01 02:21:48,299 - INFO - Processing page 767
2025-03-01 02:21:55,917 - INFO - Processing page 768
2025-03-01 02:22:01,989 - INFO - Processing page 769
2025-03-01 02:22:07,080 - INFO - Processing page 770
2025-03-01 02:22:11,364 - INFO - Checkpoint - Page: 770, Records: 77000, Last ID: 000051075
2025-03-01 02:22:11,365 - INFO - Saved stats to data/2025-03-01_01-12-40/monthly_stats.json
2025-03-01 02:22:13,367 - INFO - Processing page 771
2025-03-01 02:22:20,206 - INFO - Processing page 772
2025-03-01 02:22:26,323 - INFO - Processing page 773
2025-03-01 02:22:32,357 - INFO - Processing page 774
2025-03-01 02:22:39,722 - INFO - Processing page 775
2025-03-01 02:22:44,291 - INFO - Checkpoint - Page: 775, Records: 77500, Last ID: 000050012
2025-03-01 02:22:44,291 - INFO - Saved stats to data/2025-03-01_01-12-40/monthly_stats.json
2025-03-01 02:22:46,293 - INFO - Processing page 776
2025-03-01 02:22:51,917 - INFO - Processing page 777
2025-03-01 02:22:58,204 - INFO - Processing page 778
2025-03-01 02:23:04,747 - INFO - Processing page 779
2025-03-01 02:23:11,519 - INFO - Processing page 780
2025-03-01 02:23:18,311 - INFO - Checkpoint - Page: 780, Records: 78000, Last ID: 000049345
2025-03-01 02:23:18,311 - INFO - Saved stats to data/2025-03-01_01-12-40/monthly_stats.json
2025-03-01 02:23:20,314 - INFO - Processing page 781
2025-03-01 02:23:28,097 - INFO - Processing page 782
2025-03-01 02:23:39,403 - INFO - Processing page 783
2025-03-01 02:23:44,238 - INFO - Processing page 784
2025-03-01 02:23:48,821 - INFO - Processing page 785
2025-03-01 02:23:53,031 - INFO - Checkpoint - Page: 785, Records: 78500, Last ID: 000048784
2025-03-01 02:23:53,031 - INFO - Saved stats to data/2025-03-01_01-12-40/monthly_stats.json
2025-03-01 02:23:55,034 - INFO - Processing page 786
2025-03-01 02:24:04,402 - INFO - Processing page 787
2025-03-01 02:24:09,796 - INFO - Processing page 788
2025-03-01 02:24:15,327 - INFO - Processing page 789
2025-03-01 02:24:23,599 - INFO - Processing page 790
2025-03-01 02:24:28,018 - INFO - Checkpoint - Page: 790, Records: 79000, Last ID: 000047767
2025-03-01 02:24:28,018 - INFO - Saved stats to data/2025-03-01_01-12-40/monthly_stats.json
2025-03-01 02:24:30,021 - INFO - Processing page 791
2025-03-01 02:24:35,450 - INFO - Processing page 792
2025-03-01 02:24:40,622 - INFO - Processing page 793
2025-03-01 02:24:51,044 - INFO - Processing page 794
2025-03-01 02:24:59,636 - INFO - Processing page 795
2025-03-01 02:25:03,760 - INFO - Checkpoint - Page: 795, Records: 79500, Last ID: 000046840
2025-03-01 02:25:03,761 - INFO - Saved stats to data/2025-03-01_01-12-40/monthly_stats.json
2025-03-01 02:25:05,763 - INFO - Processing page 796
2025-03-01 02:25:14,831 - INFO - Processing page 797
2025-03-01 02:25:23,988 - INFO - Processing page 798
2025-03-01 02:25:30,218 - INFO - Processing page 799
2025-03-01 02:25:36,903 - INFO - Processing page 800
2025-03-01 02:25:40,805 - INFO - Checkpoint - Page: 800, Records: 80000, Last ID: 000045309
2025-03-01 02:25:40,805 - INFO - Saved stats to data/2025-03-01_01-12-40/monthly_stats.json
2025-03-01 02:25:42,808 - INFO - Processing page 801
2025-03-01 02:25:48,822 - INFO - Processing page 802
2025-03-01 02:25:54,062 - INFO - Processing page 803
2025-03-01 02:25:59,396 - INFO - Processing page 804
2025-03-01 02:26:04,696 - INFO - Processing page 805
2025-03-01 02:26:09,230 - INFO - Checkpoint - Page: 805, Records: 80500, Last ID: 000043955
2025-03-01 02:26:09,230 - INFO - Saved stats to data/2025-03-01_01-12-40/monthly_stats.json
2025-03-01 02:26:11,232 - INFO - Processing page 806
2025-03-01 02:26:16,226 - INFO - Processing page 807
2025-03-01 02:26:21,811 - INFO - Processing page 808
2025-03-01 02:26:29,777 - INFO - Processing page 809
2025-03-01 02:26:35,746 - INFO - Processing page 810
2025-03-01 02:26:38,812 - INFO - Checkpoint - Page: 810, Records: 81000, Last ID: 000043227
2025-03-01 02:26:38,813 - INFO - Saved stats to data/2025-03-01_01-12-40/monthly_stats.json
2025-03-01 02:26:40,815 - INFO - Processing page 811
2025-03-01 02:26:48,022 - INFO - Processing page 812
2025-03-01 02:26:53,513 - INFO - Processing page 813
2025-03-01 02:26:58,182 - INFO - Processing page 814
2025-03-01 02:27:04,032 - INFO - Processing page 815
2025-03-01 02:27:08,755 - INFO - Checkpoint - Page: 815, Records: 81500, Last ID: 000042277
2025-03-01 02:27:08,755 - INFO - Saved stats to data/2025-03-01_01-12-40/monthly_stats.json
2025-03-01 02:27:10,758 - INFO - Processing page 816
2025-03-01 02:27:15,292 - INFO - Processing page 817
2025-03-01 02:27:21,155 - INFO - Processing page 818
2025-03-01 02:27:27,764 - INFO - Processing page 819
2025-03-01 02:27:35,661 - INFO - Processing page 820
2025-03-01 02:27:40,915 - INFO - Checkpoint - Page: 820, Records: 82000, Last ID: 000043167
2025-03-01 02:27:40,915 - INFO - Saved stats to data/2025-03-01_01-12-40/monthly_stats.json
2025-03-01 02:27:42,917 - INFO - Processing page 821
2025-03-01 02:27:49,663 - INFO - Processing page 822
2025-03-01 02:27:55,500 - INFO - Processing page 823
2025-03-01 02:28:04,466 - INFO - Processing page 824
2025-03-01 02:28:11,162 - INFO - Processing page 825
2025-03-01 02:28:13,955 - INFO - Checkpoint - Page: 825, Records: 82500, Last ID: 000039560
2025-03-01 02:28:13,956 - INFO - Saved stats to data/2025-03-01_01-12-40/monthly_stats.json
2025-03-01 02:28:15,958 - INFO - Processing page 826
2025-03-01 02:28:22,434 - INFO - Processing page 827
2025-03-01 02:28:27,626 - INFO - Processing page 828
2025-03-01 02:28:32,750 - INFO - Processing page 829
2025-03-01 02:28:37,553 - INFO - Processing page 830
2025-03-01 02:28:40,128 - INFO - Checkpoint - Page: 830, Records: 83000, Last ID: 000038391
2025-03-01 02:28:40,128 - INFO - Saved stats to data/2025-03-01_01-12-40/monthly_stats.json
2025-03-01 02:28:42,131 - INFO - Processing page 831
2025-03-01 02:28:47,738 - INFO - Processing page 832
2025-03-01 02:28:53,734 - INFO - Processing page 833
2025-03-01 02:28:59,516 - INFO - Processing page 834
2025-03-01 02:29:05,550 - INFO - Processing page 835
2025-03-01 02:29:08,426 - INFO - Checkpoint - Page: 835, Records: 83500, Last ID: 000037526
2025-03-01 02:29:08,426 - INFO - Saved stats to data/2025-03-01_01-12-40/monthly_stats.json
2025-03-01 02:29:10,428 - INFO - Processing page 836
2025-03-01 02:29:18,537 - INFO - Processing page 837
2025-03-01 02:29:26,178 - INFO - Processing page 838
2025-03-01 02:29:35,758 - INFO - Processing page 839
2025-03-01 02:29:41,319 - INFO - Processing page 840
2025-03-01 02:29:46,357 - INFO - Checkpoint - Page: 840, Records: 84000, Last ID: 000036602
2025-03-01 02:29:46,357 - INFO - Saved stats to data/2025-03-01_01-12-40/monthly_stats.json
2025-03-01 02:29:48,360 - INFO - Processing page 841
2025-03-01 02:29:54,609 - INFO - Processing page 842
2025-03-01 02:30:04,649 - INFO - Processing page 843
2025-03-01 02:30:16,441 - INFO - Processing page 844
2025-03-01 02:30:26,149 - INFO - Processing page 845
2025-03-01 02:30:31,184 - INFO - Checkpoint - Page: 845, Records: 84500, Last ID: 000036833
2025-03-01 02:30:31,185 - INFO - Saved stats to data/2025-03-01_01-12-40/monthly_stats.json
2025-03-01 02:30:33,187 - INFO - Processing page 846
2025-03-01 02:30:44,928 - INFO - Processing page 847
2025-03-01 02:30:51,761 - INFO - Processing page 848
2025-03-01 02:30:59,172 - INFO - Processing page 849
2025-03-01 02:31:09,486 - INFO - Processing page 850
2025-03-01 02:31:19,257 - INFO - Checkpoint - Page: 850, Records: 85000, Last ID: 000035459
2025-03-01 02:31:19,257 - INFO - Saved stats to data/2025-03-01_01-12-40/monthly_stats.json
2025-03-01 02:31:21,259 - INFO - Processing page 851
2025-03-01 02:31:27,943 - INFO - Processing page 852
2025-03-01 02:31:37,720 - INFO - Processing page 853
2025-03-01 02:31:44,383 - INFO - Processing page 854
2025-03-01 02:31:50,415 - INFO - Processing page 855
2025-03-01 02:31:53,549 - INFO - Checkpoint - Page: 855, Records: 85500, Last ID: 000034939
2025-03-01 02:31:53,550 - INFO - Saved stats to data/2025-03-01_01-12-40/monthly_stats.json
2025-03-01 02:31:55,552 - INFO - Processing page 856
2025-03-01 02:32:01,723 - INFO - Processing page 857
2025-03-01 02:32:10,576 - INFO - Processing page 858
2025-03-01 02:32:17,845 - INFO - Processing page 859
2025-03-01 02:32:25,001 - INFO - Processing page 860
2025-03-01 02:32:30,667 - INFO - Checkpoint - Page: 860, Records: 86000, Last ID: 000034273
2025-03-01 02:32:30,667 - INFO - Saved stats to data/2025-03-01_01-12-40/monthly_stats.json
2025-03-01 02:32:32,670 - INFO - Processing page 861
2025-03-01 02:32:38,785 - INFO - Processing page 862
2025-03-01 02:32:45,534 - INFO - Processing page 863
2025-03-01 02:32:54,067 - INFO - Processing page 864
2025-03-01 02:33:00,899 - INFO - Processing page 865
2025-03-01 02:33:06,632 - INFO - Checkpoint - Page: 865, Records: 86500, Last ID: 000033535
2025-03-01 02:33:06,633 - INFO - Saved stats to data/2025-03-01_01-12-40/monthly_stats.json
2025-03-01 02:33:08,635 - INFO - Processing page 866
2025-03-01 02:33:14,392 - INFO - Processing page 867
2025-03-01 02:33:21,941 - INFO - Processing page 868
2025-03-01 02:33:27,861 - INFO - Processing page 869
2025-03-01 02:33:35,891 - INFO - Processing page 870
2025-03-01 02:33:40,252 - INFO - Checkpoint - Page: 870, Records: 87000, Last ID: 000032729
2025-03-01 02:33:40,253 - INFO - Saved stats to data/2025-03-01_01-12-40/monthly_stats.json
2025-03-01 02:33:42,255 - INFO - Processing page 871
2025-03-01 02:33:48,696 - INFO - Processing page 872
2025-03-01 02:33:56,596 - INFO - Processing page 873
2025-03-01 02:34:01,836 - INFO - Processing page 874
2025-03-01 02:34:09,088 - INFO - Processing page 875
2025-03-01 02:34:15,145 - INFO - Checkpoint - Page: 875, Records: 87500, Last ID: 000031823
2025-03-01 02:34:15,145 - INFO - Saved stats to data/2025-03-01_01-12-40/monthly_stats.json
2025-03-01 02:34:17,147 - INFO - Processing page 876
2025-03-01 02:34:22,689 - INFO - Processing page 877
2025-03-01 02:34:32,809 - INFO - Processing page 878
2025-03-01 02:34:45,952 - INFO - Processing page 879
2025-03-01 02:34:59,420 - INFO - Processing page 880
2025-03-01 02:35:07,062 - INFO - Checkpoint - Page: 880, Records: 88000, Last ID: 000030668
2025-03-01 02:35:07,063 - INFO - Saved stats to data/2025-03-01_01-12-40/monthly_stats.json
2025-03-01 02:35:09,065 - INFO - Processing page 881
2025-03-01 02:35:17,577 - INFO - Processing page 882
2025-03-01 02:35:23,501 - INFO - Processing page 883
2025-03-01 02:35:29,321 - INFO - Processing page 884
2025-03-01 02:35:35,410 - INFO - Processing page 885
2025-03-01 02:35:38,606 - INFO - Checkpoint - Page: 885, Records: 88500, Last ID: 000030717
2025-03-01 02:35:38,606 - INFO - Saved stats to data/2025-03-01_01-12-40/monthly_stats.json
2025-03-01 02:35:40,608 - INFO - Processing page 886
2025-03-01 02:35:46,444 - INFO - Processing page 887
2025-03-01 02:35:50,693 - INFO - Processing page 888
2025-03-01 02:35:55,612 - INFO - Processing page 889
2025-03-01 02:36:00,493 - INFO - Processing page 890
2025-03-01 02:36:04,292 - INFO - Checkpoint - Page: 890, Records: 89000, Last ID: 000029203
2025-03-01 02:36:04,292 - INFO - Saved stats to data/2025-03-01_01-12-40/monthly_stats.json
2025-03-01 02:36:06,295 - INFO - Processing page 891
2025-03-01 02:36:11,305 - INFO - Processing page 892
2025-03-01 02:36:16,657 - INFO - Processing page 893
2025-03-01 02:36:23,364 - INFO - Processing page 894
2025-03-01 02:36:29,189 - INFO - Processing page 895
2025-03-01 02:36:33,618 - INFO - Checkpoint - Page: 895, Records: 89500, Last ID: 000028442
2025-03-01 02:36:33,619 - INFO - Saved stats to data/2025-03-01_01-12-40/monthly_stats.json
2025-03-01 02:36:35,621 - INFO - Processing page 896
2025-03-01 02:36:41,841 - INFO - Processing page 897
2025-03-01 02:36:47,404 - INFO - Processing page 898
2025-03-01 02:36:52,417 - INFO - Processing page 899
2025-03-01 02:36:57,863 - INFO - Processing page 900
2025-03-01 02:37:01,959 - INFO - Checkpoint - Page: 900, Records: 90000, Last ID: 000027767
2025-03-01 02:37:01,959 - INFO - Saved stats to data/2025-03-01_01-12-40/monthly_stats.json
2025-03-01 02:37:03,961 - INFO - Processing page 901
2025-03-01 02:37:12,599 - INFO - Processing page 902
2025-03-01 02:37:19,949 - INFO - Processing page 903
2025-03-01 02:37:25,494 - INFO - Processing page 904
2025-03-01 02:37:30,462 - INFO - Processing page 905
2025-03-01 02:37:35,993 - INFO - Checkpoint - Page: 905, Records: 90500, Last ID: 000075151
2025-03-01 02:37:35,994 - INFO - Saved stats to data/2025-03-01_01-12-40/monthly_stats.json
2025-03-01 02:37:37,996 - INFO - Processing page 906
2025-03-01 02:37:44,088 - INFO - Processing page 907
2025-03-01 02:37:49,762 - INFO - Processing page 908
2025-03-01 02:37:55,609 - INFO - Processing page 909
2025-03-01 02:38:00,780 - INFO - Processing page 910
2025-03-01 02:38:03,891 - INFO - Checkpoint - Page: 910, Records: 91000, Last ID: 000026039
2025-03-01 02:38:03,891 - INFO - Saved stats to data/2025-03-01_01-12-40/monthly_stats.json
2025-03-01 02:38:05,893 - INFO - Processing page 911
2025-03-01 02:38:12,271 - INFO - Processing page 912
2025-03-01 02:38:18,631 - INFO - Processing page 913
2025-03-01 02:38:23,819 - INFO - Processing page 914
2025-03-01 02:38:29,420 - INFO - Processing page 915
2025-03-01 02:38:32,716 - INFO - Checkpoint - Page: 915, Records: 91500, Last ID: 000024995
2025-03-01 02:38:32,716 - INFO - Saved stats to data/2025-03-01_01-12-40/monthly_stats.json
2025-03-01 02:38:34,719 - INFO - Processing page 916
2025-03-01 02:38:41,137 - INFO - Processing page 917
2025-03-01 02:38:47,531 - INFO - Processing page 918
2025-03-01 02:38:53,709 - INFO - Processing page 919
2025-03-01 02:38:58,655 - INFO - Processing page 920
2025-03-01 02:39:02,840 - INFO - Checkpoint - Page: 920, Records: 92000, Last ID: 000024246
2025-03-01 02:39:02,840 - INFO - Saved stats to data/2025-03-01_01-12-40/monthly_stats.json
2025-03-01 02:39:04,842 - INFO - Processing page 921
2025-03-01 02:39:11,091 - INFO - Processing page 922
2025-03-01 02:39:17,063 - INFO - Processing page 923
2025-03-01 02:39:23,836 - INFO - Processing page 924
2025-03-01 02:39:28,521 - INFO - Processing page 925
2025-03-01 02:39:31,205 - INFO - Checkpoint - Page: 925, Records: 92500, Last ID: 000023266
2025-03-01 02:39:31,205 - INFO - Saved stats to data/2025-03-01_01-12-40/monthly_stats.json
2025-03-01 02:39:33,207 - INFO - Processing page 926
2025-03-01 02:39:38,293 - INFO - Processing page 927
2025-03-01 02:39:44,043 - INFO - Processing page 928
2025-03-01 02:39:49,816 - INFO - Processing page 929
2025-03-01 02:39:54,438 - INFO - Processing page 930
2025-03-01 02:39:58,002 - INFO - Checkpoint - Page: 930, Records: 93000, Last ID: 000022090
2025-03-01 02:39:58,002 - INFO - Saved stats to data/2025-03-01_01-12-40/monthly_stats.json
2025-03-01 02:40:00,005 - INFO - Processing page 931
2025-03-01 02:40:04,419 - INFO - Processing page 932
2025-03-01 02:40:09,893 - INFO - Processing page 933
2025-03-01 02:40:15,225 - INFO - Processing page 934
2025-03-01 02:40:19,966 - INFO - Processing page 935
2025-03-01 02:40:22,679 - INFO - Checkpoint - Page: 935, Records: 93500, Last ID: 000021072
2025-03-01 02:40:22,679 - INFO - Saved stats to data/2025-03-01_01-12-40/monthly_stats.json
2025-03-01 02:40:24,681 - INFO - Processing page 936
2025-03-01 02:40:30,619 - INFO - Processing page 937
2025-03-01 02:40:36,695 - INFO - Processing page 938
2025-03-01 02:40:41,602 - INFO - Processing page 939
2025-03-01 02:40:47,056 - INFO - Processing page 940
2025-03-01 02:40:50,103 - INFO - Checkpoint - Page: 940, Records: 94000, Last ID: 000020057
2025-03-01 02:40:50,103 - INFO - Saved stats to data/2025-03-01_01-12-40/monthly_stats.json
2025-03-01 02:40:52,106 - INFO - Processing page 941
2025-03-01 02:40:57,322 - INFO - Processing page 942
2025-03-01 02:41:03,065 - INFO - Processing page 943
2025-03-01 02:41:07,575 - INFO - Processing page 944
2025-03-01 02:41:14,424 - INFO - Processing page 945
2025-03-01 02:41:18,899 - INFO - Checkpoint - Page: 945, Records: 94500, Last ID: 000019396
2025-03-01 02:41:18,899 - INFO - Saved stats to data/2025-03-01_01-12-40/monthly_stats.json
2025-03-01 02:41:20,901 - INFO - Processing page 946
2025-03-01 02:41:25,730 - INFO - Processing page 947
2025-03-01 02:41:31,666 - INFO - Processing page 948
2025-03-01 02:41:41,396 - INFO - Processing page 949
2025-03-01 02:41:47,031 - INFO - Processing page 950
2025-03-01 02:41:50,585 - INFO - Checkpoint - Page: 950, Records: 95000, Last ID: 000018639
2025-03-01 02:41:50,586 - INFO - Saved stats to data/2025-03-01_01-12-40/monthly_stats.json
2025-03-01 02:41:52,588 - INFO - Processing page 951
2025-03-01 02:41:58,850 - INFO - Processing page 952
2025-03-01 02:42:05,805 - INFO - Processing page 953
2025-03-01 02:42:10,927 - INFO - Processing page 954
2025-03-01 02:42:17,917 - INFO - Processing page 955
2025-03-01 02:42:20,400 - INFO - Checkpoint - Page: 955, Records: 95500, Last ID: 000017938
2025-03-01 02:42:20,400 - INFO - Saved stats to data/2025-03-01_01-12-40/monthly_stats.json
2025-03-01 02:42:22,401 - INFO - Processing page 956
2025-03-01 02:42:27,801 - INFO - Processing page 957
2025-03-01 02:42:34,566 - INFO - Processing page 958
2025-03-01 02:42:39,609 - INFO - Processing page 959
2025-03-01 02:42:44,300 - INFO - Processing page 960
2025-03-01 02:42:49,428 - INFO - Checkpoint - Page: 960, Records: 96000, Last ID: 000016770
2025-03-01 02:42:49,429 - INFO - Saved stats to data/2025-03-01_01-12-40/monthly_stats.json
2025-03-01 02:42:51,431 - INFO - Processing page 961
2025-03-01 02:42:56,790 - INFO - Processing page 962
2025-03-01 02:43:01,514 - INFO - Processing page 963
2025-03-01 02:43:06,122 - INFO - Processing page 964
2025-03-01 02:43:11,835 - INFO - Processing page 965
2025-03-01 02:43:15,046 - INFO - Checkpoint - Page: 965, Records: 96500, Last ID: 000015990
2025-03-01 02:43:15,046 - INFO - Saved stats to data/2025-03-01_01-12-40/monthly_stats.json
2025-03-01 02:43:17,049 - INFO - Processing page 966
2025-03-01 02:43:22,967 - INFO - Processing page 967
2025-03-01 02:43:29,517 - INFO - Processing page 968
2025-03-01 02:43:35,403 - INFO - Processing page 969
2025-03-01 02:43:43,541 - INFO - Processing page 970
2025-03-01 02:43:46,920 - INFO - Checkpoint - Page: 970, Records: 97000, Last ID: 000015386
2025-03-01 02:43:46,920 - INFO - Saved stats to data/2025-03-01_01-12-40/monthly_stats.json
2025-03-01 02:43:48,922 - INFO - Processing page 971
2025-03-01 02:43:54,150 - INFO - Processing page 972
2025-03-01 02:43:58,943 - INFO - Processing page 973
2025-03-01 02:44:03,355 - INFO - Processing page 974
2025-03-01 02:44:09,004 - INFO - Processing page 975
2025-03-01 02:44:11,787 - INFO - Checkpoint - Page: 975, Records: 97500, Last ID: 000014656
2025-03-01 02:44:11,787 - INFO - Saved stats to data/2025-03-01_01-12-40/monthly_stats.json
2025-03-01 02:44:13,789 - INFO - Processing page 976
2025-03-01 02:44:19,983 - INFO - Processing page 977
2025-03-01 02:44:26,484 - INFO - Processing page 978
2025-03-01 02:44:32,212 - INFO - Processing page 979
2025-03-01 02:44:37,826 - INFO - Processing page 980
2025-03-01 02:44:45,317 - INFO - Checkpoint - Page: 980, Records: 98000, Last ID: 000013888
2025-03-01 02:44:45,317 - INFO - Saved stats to data/2025-03-01_01-12-40/monthly_stats.json
2025-03-01 02:44:47,319 - INFO - Processing page 981
2025-03-01 02:44:52,818 - INFO - Processing page 982
2025-03-01 02:45:07,757 - INFO - Processing page 983
2025-03-01 02:45:17,031 - INFO - Processing page 984
2025-03-01 02:45:27,422 - INFO - Processing page 985
2025-03-01 02:45:33,358 - INFO - Checkpoint - Page: 985, Records: 98500, Last ID: 000012669
2025-03-01 02:45:33,358 - INFO - Saved stats to data/2025-03-01_01-12-40/monthly_stats.json
2025-03-01 02:45:35,361 - INFO - Processing page 986
2025-03-01 02:45:45,192 - INFO - Processing page 987
2025-03-01 02:45:50,941 - INFO - Processing page 988
2025-03-01 02:45:56,982 - INFO - Processing page 989
2025-03-01 02:46:02,411 - INFO - Processing page 990
2025-03-01 02:46:06,288 - INFO - Checkpoint - Page: 990, Records: 99000, Last ID: 000013830
2025-03-01 02:46:06,288 - INFO - Saved stats to data/2025-03-01_01-12-40/monthly_stats.json
2025-03-01 02:46:08,291 - INFO - Processing page 991
2025-03-01 02:46:13,334 - INFO - Processing page 992
2025-03-01 02:46:20,521 - INFO - Processing page 993
2025-03-01 02:46:25,821 - INFO - Processing page 994
2025-03-01 02:46:32,558 - INFO - Processing page 995
2025-03-01 02:46:36,336 - INFO - Checkpoint - Page: 995, Records: 99500, Last ID: 000009039
2025-03-01 02:46:36,337 - INFO - Saved stats to data/2025-03-01_01-12-40/monthly_stats.json
2025-03-01 02:46:38,339 - INFO - Processing page 996
2025-03-01 02:46:44,778 - INFO - Processing page 997
2025-03-01 02:46:50,413 - INFO - Processing page 998
2025-03-01 02:46:55,255 - INFO - Processing page 999
2025-03-01 02:47:00,721 - INFO - Processing page 1000
2025-03-01 02:47:05,164 - INFO - Checkpoint - Page: 1000, Records: 100000, Last ID: 000007277
2025-03-01 02:47:05,164 - INFO - Saved stats to data/2025-03-01_01-12-40/monthly_stats.json
2025-03-01 02:47:07,167 - INFO - Processing page 1001
2025-03-01 02:47:13,719 - INFO - Processing page 1002
2025-03-01 02:47:20,313 - INFO - Processing page 1003
2025-03-01 02:47:30,917 - INFO - Processing page 1004
2025-03-01 02:47:36,016 - INFO - Processing page 1005
2025-03-01 02:47:41,758 - INFO - Checkpoint - Page: 1005, Records: 100500, Last ID: 000006285
2025-03-01 02:47:41,759 - INFO - Saved stats to data/2025-03-01_01-12-40/monthly_stats.json
2025-03-01 02:47:43,761 - INFO - Processing page 1006
2025-03-01 02:47:50,859 - INFO - Processing page 1007
2025-03-01 02:47:56,574 - INFO - Processing page 1008
2025-03-01 02:48:02,751 - INFO - Processing page 1009
2025-03-01 02:48:08,017 - INFO - Processing page 1010
2025-03-01 02:48:14,624 - INFO - Checkpoint - Page: 1010, Records: 101000, Last ID: 000005135
2025-03-01 02:48:14,624 - INFO - Saved stats to data/2025-03-01_01-12-40/monthly_stats.json
2025-03-01 02:48:16,627 - INFO - Processing page 1011
2025-03-01 02:48:21,286 - INFO - Processing page 1012
2025-03-01 02:48:28,964 - INFO - Processing page 1013
2025-03-01 02:48:37,066 - INFO - Processing page 1014
2025-03-01 02:48:42,301 - INFO - Processing page 1015
2025-03-01 02:48:44,953 - INFO - Checkpoint - Page: 1015, Records: 101500, Last ID: 000004622
2025-03-01 02:48:44,953 - INFO - Saved stats to data/2025-03-01_01-12-40/monthly_stats.json
2025-03-01 02:48:46,956 - INFO - Processing page 1016
2025-03-01 02:48:51,313 - INFO - Processing page 1017
2025-03-01 02:48:55,862 - INFO - Processing page 1018
2025-03-01 02:49:00,880 - INFO - Processing page 1019
2025-03-01 02:49:05,285 - INFO - Processing page 1020
2025-03-01 02:49:07,926 - INFO - Checkpoint - Page: 1020, Records: 102000, Last ID: 000004047
2025-03-01 02:49:07,926 - INFO - Saved stats to data/2025-03-01_01-12-40/monthly_stats.json
2025-03-01 02:49:09,928 - INFO - Processing page 1021
2025-03-01 02:49:14,372 - INFO - Processing page 1022
2025-03-01 02:49:19,605 - INFO - Processing page 1023
2025-03-01 02:49:24,080 - INFO - Processing page 1024
2025-03-01 02:49:28,416 - INFO - Processing page 1025
2025-03-01 02:49:31,185 - INFO - Checkpoint - Page: 1025, Records: 102500, Last ID: 000003523
2025-03-01 02:49:31,185 - INFO - Saved stats to data/2025-03-01_01-12-40/monthly_stats.json
2025-03-01 02:49:33,187 - INFO - Processing page 1026
2025-03-01 02:49:38,363 - INFO - Processing page 1027
2025-03-01 02:49:44,409 - INFO - Processing page 1028
2025-03-01 02:49:49,567 - INFO - Processing page 1029
2025-03-01 02:49:55,529 - INFO - Processing page 1030
2025-03-01 02:49:57,986 - INFO - Checkpoint - Page: 1030, Records: 103000, Last ID: 000002977
2025-03-01 02:49:57,986 - INFO - Saved stats to data/2025-03-01_01-12-40/monthly_stats.json
2025-03-01 02:49:59,988 - INFO - Processing page 1031
2025-03-01 02:50:05,102 - INFO - Processing page 1032
2025-03-01 02:50:10,242 - INFO - Processing page 1033
2025-03-01 02:50:16,422 - INFO - Processing page 1034
2025-03-01 02:50:20,954 - INFO - Processing page 1035
2025-03-01 02:50:24,100 - INFO - Checkpoint - Page: 1035, Records: 103500, Last ID: 000010422
2025-03-01 02:50:24,100 - INFO - Saved stats to data/2025-03-01_01-12-40/monthly_stats.json
2025-03-01 02:50:26,103 - INFO - Processing page 1036
2025-03-01 02:50:30,640 - INFO - Processing page 1037
2025-03-01 02:50:35,763 - INFO - Processing page 1038
2025-03-01 02:50:40,661 - INFO - Processing page 1039
2025-03-01 02:50:45,092 - INFO - Processing page 1040
2025-03-01 02:50:49,376 - INFO - Checkpoint - Page: 1040, Records: 104000, Last ID: 000013390
2025-03-01 02:50:49,376 - INFO - Saved stats to data/2025-03-01_01-12-40/monthly_stats.json
2025-03-01 02:50:51,379 - INFO - Processing page 1041
2025-03-01 02:50:57,190 - INFO - Processing page 1042
2025-03-01 02:51:03,177 - INFO - Processing page 1043
2025-03-01 02:51:10,822 - INFO - Processing page 1044
2025-03-01 02:51:17,185 - INFO - Processing page 1045
2025-03-01 02:51:19,833 - INFO - Checkpoint - Page: 1045, Records: 104500, Last ID: 000000848
2025-03-01 02:51:19,833 - INFO - Saved stats to data/2025-03-01_01-12-40/monthly_stats.json
2025-03-01 02:51:21,835 - INFO - Processing page 1046
2025-03-01 02:51:31,315 - INFO - Processing page 1047
2025-03-01 02:51:39,708 - INFO - Processing page 1048
2025-03-01 02:51:47,798 - INFO - Processing page 1049
2025-03-01 02:51:53,535 - INFO - Processing page 1050
2025-03-01 02:51:59,989 - INFO - Checkpoint - Page: 1050, Records: 105000, Last ID: 000000339
2025-03-01 02:51:59,990 - INFO - Saved stats to data/2025-03-01_01-12-40/monthly_stats.json
2025-03-01 02:52:01,992 - INFO - Processing page 1051
2025-03-01 02:52:09,939 - INFO - Processing page 1052
2025-03-01 02:52:20,810 - INFO - Processing page 1053
2025-03-01 02:52:29,921 - INFO - Processing page 1054
2025-03-01 02:52:34,436 - INFO - Processing page 1055
2025-03-01 02:52:38,870 - INFO - Analysis complete:
2025-03-01 02:52:38,870 - INFO - - Existing records: 0
2025-03-01 02:52:38,870 - INFO - - New records: 105304
2025-03-01 02:52:38,870 - INFO - - Modified records: 0
2025-03-01 02:52:38,870 - INFO - - Removed records: 0
2025-03-01 02:52:38,911 - INFO - Validation passed - saving new dataset
2025-03-01 02:52:40,508 - INFO - Collection complete. Total records: 105310
2025-03-01 02:52:40,509 - INFO - Modified records: 0
