2026-07-23 02:50:04,776 - Data directory: data/2026-07-23_02-50-02
2026-07-23 02:50:04,776 - Output directory: data/2026-07-23_02-50-02
2026-07-23 02:50:04,776 - Fetch all mode: True
2026-07-23 02:50:04,776 - Using data directory: data/2026-07-23_02-50-02
2026-07-23 02:50:04,776 - Looking for previous data in: data
2026-07-23 02:50:04,785 - Loading previous data from: data/2025-10-06_01-28-33/morphosource_data_complete.json
2026-07-23 02:50:05,187 - Loaded 108782 records from previous data file
2026-07-23 02:50:05,187 - Latest stored record ID: 000781814
2026-07-23 02:50:05,188 - Previous record count: 108782
2026-07-23 02:50:05,188 - === FULL FETCH MODE: Collecting all records from all pages ===
2026-07-23 02:50:05,188 - Fetching page 1 via API
2026-07-23 02:50:06,080 - API error on page 1: Network error: Expecting value: line 1 column 1 (char 0) (error 1/5)
2026-07-23 02:50:11,086 - Fetching page 1 via API
2026-07-23 02:50:11,173 - API error on page 1: Network error: Expecting value: line 1 column 1 (char 0) (error 2/5)
2026-07-23 02:50:16,178 - Fetching page 1 via API
2026-07-23 02:50:16,267 - API error on page 1: Network error: Expecting value: line 1 column 1 (char 0) (error 3/5)
2026-07-23 02:50:21,272 - Fetching page 1 via API
2026-07-23 02:50:21,360 - API error on page 1: Network error: Expecting value: line 1 column 1 (char 0) (error 4/5)
2026-07-23 02:50:26,365 - Fetching page 1 via API
2026-07-23 02:50:26,453 - API error on page 1: Network error: Expecting value: line 1 column 1 (char 0) (error 5/5)
2026-07-23 02:50:26,453 - Error getting records: Network error: Expecting value: line 1 column 1 (char 0)
2026-07-23 02:50:26,453 - Error in daily check: Network error: Expecting value: line 1 column 1 (char 0)
