2025-08-17 01:53:22,846 - Data directory: data/2025-08-17_01-53-18
2025-08-17 01:53:22,846 - Output directory: data/2025-08-17_01-53-18
2025-08-17 01:53:22,846 - Using data directory: data/2025-08-17_01-53-18
2025-08-17 01:53:22,846 - Looking for previous data in: data
2025-08-17 01:53:22,848 - Loading previous data from: data/2025-08-16_01-42-36/morphosource_data_complete.json
2025-08-17 01:53:23,276 - Loaded 108107 records from previous data file
2025-08-17 01:53:23,276 - Latest stored record ID: 000770986
2025-08-17 01:53:23,276 - Previous record count: 108107
2025-08-17 01:53:23,276 - Fetching page 1
2025-08-17 01:53:25,675 - Found record 000771053 - Total records: 1
2025-08-17 01:53:25,675 - Found record 000771048 - Total records: 2
2025-08-17 01:53:25,676 - Found record 000770986 - Total records: 3
2025-08-17 01:53:25,676 - Found latest stored record 000770986 - stopping fetch
2025-08-17 01:53:25,676 - Completed fetch - Found 3 new records
2025-08-17 01:53:25,676 - Latest webpage record ID: 000771053
2025-08-17 01:53:25,676 - New records available - latest records differ
2025-08-17 01:53:25,772 - New records: 3
2025-08-17 01:53:25,772 - Previous records: 108107
2025-08-17 01:53:25,772 - Combined records: 108109
2025-08-17 01:53:27,328 - Saved 108109 records to: data/2025-08-17_01-53-18/morphosource_data_complete.json
2025-08-17 01:53:27,328 - Created detailed release notes at: data/2025-08-17_01-53-18/release_notes.txt
