2026-07-06 00:48:07,126 - Data directory: data/2026-07-06_00-48-04
2026-07-06 00:48:07,126 - Output directory: data/2026-07-06_00-48-04
2026-07-06 00:48:07,126 - Fetch all mode: True
2026-07-06 00:48:07,127 - Using data directory: data/2026-07-06_00-48-04
2026-07-06 00:48:07,127 - Looking for previous data in: data
2026-07-06 00:48:07,135 - Loading previous data from: data/2025-10-06_01-28-33/morphosource_data_complete.json
2026-07-06 00:48:07,543 - Loaded 108782 records from previous data file
2026-07-06 00:48:07,543 - Latest stored record ID: 000781814
2026-07-06 00:48:07,543 - Previous record count: 108782
2026-07-06 00:48:07,543 - === FULL FETCH MODE: Collecting all records from all pages ===
2026-07-06 00:48:07,543 - Fetching page 1 via API
2026-07-06 00:48:07,796 - API error on page 1: Network error: Expecting value: line 1 column 1 (char 0) (error 1/5)
2026-07-06 00:48:12,801 - Fetching page 1 via API
2026-07-06 00:48:12,837 - API error on page 1: Network error: Expecting value: line 1 column 1 (char 0) (error 2/5)
2026-07-06 00:48:17,842 - Fetching page 1 via API
2026-07-06 00:48:17,877 - API error on page 1: Network error: Expecting value: line 1 column 1 (char 0) (error 3/5)
2026-07-06 00:48:22,882 - Fetching page 1 via API
2026-07-06 00:48:22,918 - API error on page 1: Network error: Expecting value: line 1 column 1 (char 0) (error 4/5)
2026-07-06 00:48:27,923 - Fetching page 1 via API
2026-07-06 00:48:27,959 - API error on page 1: Network error: Expecting value: line 1 column 1 (char 0) (error 5/5)
2026-07-06 00:48:27,959 - Error getting records: Network error: Expecting value: line 1 column 1 (char 0)
2026-07-06 00:48:27,959 - Error in daily check: Network error: Expecting value: line 1 column 1 (char 0)
