2025-05-07 01:41:24,038 - Data directory: data/2025-05-07_01-41-22
2025-05-07 01:41:24,039 - Output directory: data/2025-05-07_01-41-22
2025-05-07 01:41:24,039 - Using data directory: data/2025-05-07_01-41-22
2025-05-07 01:41:24,039 - Looking for previous data in: data
2025-05-07 01:41:24,040 - Loading previous data from: data/2025-05-06_01-40-49/morphosource_data_complete.json
2025-05-07 01:41:24,043 - Loaded 802 records from previous data file
2025-05-07 01:41:24,043 - Latest stored record ID: 000739230
2025-05-07 01:41:24,043 - Previous record count: 802
2025-05-07 01:41:24,043 - Fetching page 1
2025-05-07 01:41:30,346 - Found record 000739398 - Total records: 1
2025-05-07 01:41:30,346 - Found record 000739396 - Total records: 2
2025-05-07 01:41:30,346 - Found record 000739393 - Total records: 3
2025-05-07 01:41:30,347 - Found record 000739380 - Total records: 4
2025-05-07 01:41:30,347 - Found record 000739346 - Total records: 5
2025-05-07 01:41:30,347 - Found record 000739230 - Total records: 6
2025-05-07 01:41:30,347 - Found latest stored record 000739230 - stopping fetch
2025-05-07 01:41:30,347 - Completed fetch - Found 6 new records
2025-05-07 01:41:30,348 - Latest webpage record ID: 000739398
2025-05-07 01:41:30,348 - New records available - latest records differ
2025-05-07 01:41:30,349 - New records: 6
2025-05-07 01:41:30,349 - Previous records: 802
2025-05-07 01:41:30,349 - Combined records: 807
2025-05-07 01:41:30,360 - Saved 807 records to: data/2025-05-07_01-41-22/morphosource_data_complete.json
2025-05-07 01:41:30,360 - Created detailed release notes at: data/2025-05-07_01-41-22/release_notes.txt
