2025-07-01 01:27:22,234 - INFO - Initialized collector with output directory: data/2025-07-01_01-27-21
2025-07-01 01:27:22,235 - INFO - Processing page 1
2025-07-01 01:27:26,680 - INFO - Processing page 2
2025-07-01 01:27:31,370 - INFO - Processing page 3
2025-07-01 01:27:36,903 - INFO - Processing page 4
2025-07-01 01:27:41,191 - INFO - Processing page 5
2025-07-01 01:27:43,530 - INFO - Checkpoint - Page: 5, Records: 500, Last ID: 000751424
2025-07-01 01:27:43,531 - INFO - Saved stats to data/2025-07-01_01-27-21/monthly_stats.json
2025-07-01 01:27:45,532 - INFO - Processing page 6
2025-07-01 01:27:49,687 - INFO - Processing page 7
2025-07-01 01:27:54,072 - INFO - Processing page 8
2025-07-01 01:27:58,928 - INFO - Processing page 9
2025-07-01 01:28:03,799 - INFO - Processing page 10
2025-07-01 01:28:06,280 - INFO - Checkpoint - Page: 10, Records: 1000, Last ID: 000740970
2025-07-01 01:28:06,280 - INFO - Saved stats to data/2025-07-01_01-27-21/monthly_stats.json
2025-07-01 01:28:08,282 - INFO - Processing page 11
2025-07-01 01:28:12,726 - INFO - Processing page 12
2025-07-01 01:28:16,985 - INFO - Processing page 13
2025-07-01 01:28:21,076 - INFO - Processing page 14
2025-07-01 01:28:25,342 - INFO - Processing page 15
2025-07-01 01:28:27,533 - INFO - Checkpoint - Page: 15, Records: 1500, Last ID: 000727049
2025-07-01 01:28:27,533 - INFO - Saved stats to data/2025-07-01_01-27-21/monthly_stats.json
2025-07-01 01:28:29,535 - INFO - Processing page 16
2025-07-01 01:28:33,631 - INFO - Processing page 17
2025-07-01 01:28:37,734 - INFO - Processing page 18
2025-07-01 01:28:41,878 - INFO - Processing page 19
2025-07-01 01:28:45,947 - INFO - Processing page 20
2025-07-01 01:28:48,431 - INFO - Checkpoint - Page: 20, Records: 2000, Last ID: 000717050
2025-07-01 01:28:48,431 - INFO - Saved stats to data/2025-07-01_01-27-21/monthly_stats.json
2025-07-01 01:28:50,433 - INFO - Processing page 21
2025-07-01 01:28:54,545 - INFO - Processing page 22
2025-07-01 01:28:58,893 - INFO - Processing page 23
2025-07-01 01:29:03,337 - INFO - Processing page 24
2025-07-01 01:29:07,751 - INFO - Processing page 25
2025-07-01 01:29:10,474 - INFO - Checkpoint - Page: 25, Records: 2500, Last ID: 000708357
2025-07-01 01:29:10,474 - INFO - Saved stats to data/2025-07-01_01-27-21/monthly_stats.json
2025-07-01 01:29:12,477 - INFO - Processing page 26
2025-07-01 01:29:16,970 - INFO - Processing page 27
2025-07-01 01:29:21,254 - INFO - Processing page 28
2025-07-01 01:29:25,749 - INFO - Processing page 29
2025-07-01 01:29:29,957 - INFO - Processing page 30
2025-07-01 01:29:32,449 - INFO - Checkpoint - Page: 30, Records: 3000, Last ID: 000702725
2025-07-01 01:29:32,449 - INFO - Saved stats to data/2025-07-01_01-27-21/monthly_stats.json
2025-07-01 01:29:34,451 - INFO - Processing page 31
2025-07-01 01:29:38,618 - INFO - Processing page 32
2025-07-01 01:29:42,791 - INFO - Processing page 33
2025-07-01 01:29:47,154 - INFO - Processing page 34
2025-07-01 01:29:51,367 - INFO - Processing page 35
2025-07-01 01:29:53,696 - INFO - Checkpoint - Page: 35, Records: 3500, Last ID: 000690984
2025-07-01 01:29:53,696 - INFO - Saved stats to data/2025-07-01_01-27-21/monthly_stats.json
2025-07-01 01:29:55,699 - INFO - Processing page 36
2025-07-01 01:29:59,814 - INFO - Processing page 37
2025-07-01 01:30:04,319 - INFO - Processing page 38
2025-07-01 01:30:08,845 - INFO - Processing page 39
2025-07-01 01:30:14,476 - INFO - Processing page 40
2025-07-01 01:30:16,749 - INFO - Checkpoint - Page: 40, Records: 4000, Last ID: 000675592
2025-07-01 01:30:16,749 - INFO - Saved stats to data/2025-07-01_01-27-21/monthly_stats.json
2025-07-01 01:30:18,751 - INFO - Processing page 41
2025-07-01 01:30:23,070 - INFO - Processing page 42
2025-07-01 01:30:27,232 - INFO - Processing page 43
2025-07-01 01:30:31,442 - INFO - Processing page 44
2025-07-01 01:30:35,827 - INFO - Processing page 45
2025-07-01 01:30:37,968 - INFO - Checkpoint - Page: 45, Records: 4500, Last ID: 000672944
2025-07-01 01:30:37,968 - INFO - Saved stats to data/2025-07-01_01-27-21/monthly_stats.json
2025-07-01 01:30:39,971 - INFO - Processing page 46
2025-07-01 01:30:44,195 - INFO - Processing page 47
2025-07-01 01:30:48,437 - INFO - Processing page 48
2025-07-01 01:30:52,637 - INFO - Processing page 49
2025-07-01 01:30:57,174 - INFO - Processing page 50
2025-07-01 01:30:59,337 - INFO - Checkpoint - Page: 50, Records: 5000, Last ID: 000669323
2025-07-01 01:30:59,337 - INFO - Saved stats to data/2025-07-01_01-27-21/monthly_stats.json
2025-07-01 01:31:01,339 - INFO - Processing page 51
2025-07-01 01:31:05,558 - INFO - Processing page 52
2025-07-01 01:31:09,822 - INFO - Processing page 53
2025-07-01 01:31:14,279 - INFO - Processing page 54
2025-07-01 01:31:18,558 - INFO - Processing page 55
2025-07-01 01:31:20,756 - INFO - Checkpoint - Page: 55, Records: 5500, Last ID: 000663814
2025-07-01 01:31:20,756 - INFO - Saved stats to data/2025-07-01_01-27-21/monthly_stats.json
2025-07-01 01:31:22,759 - INFO - Processing page 56
2025-07-01 01:31:27,117 - INFO - Processing page 57
2025-07-01 01:31:31,236 - INFO - Processing page 58
2025-07-01 01:31:35,385 - INFO - Processing page 59
2025-07-01 01:31:39,610 - INFO - Processing page 60
2025-07-01 01:31:41,906 - INFO - Checkpoint - Page: 60, Records: 6000, Last ID: 000655888
2025-07-01 01:31:41,906 - INFO - Saved stats to data/2025-07-01_01-27-21/monthly_stats.json
2025-07-01 01:31:43,909 - INFO - Processing page 61
2025-07-01 01:31:48,354 - INFO - Processing page 62
2025-07-01 01:31:52,476 - INFO - Processing page 63
2025-07-01 01:31:57,164 - INFO - Processing page 64
2025-07-01 01:32:01,371 - INFO - Processing page 65
2025-07-01 01:32:03,514 - INFO - Checkpoint - Page: 65, Records: 6500, Last ID: 000648706
2025-07-01 01:32:03,514 - INFO - Saved stats to data/2025-07-01_01-27-21/monthly_stats.json
2025-07-01 01:32:05,516 - INFO - Processing page 66
2025-07-01 01:32:10,246 - INFO - Processing page 67
2025-07-01 01:32:14,396 - INFO - Processing page 68
2025-07-01 01:32:18,840 - INFO - Processing page 69
2025-07-01 01:32:22,970 - INFO - Processing page 70
2025-07-01 01:32:25,139 - INFO - Checkpoint - Page: 70, Records: 7000, Last ID: 000638808
2025-07-01 01:32:25,139 - INFO - Saved stats to data/2025-07-01_01-27-21/monthly_stats.json
2025-07-01 01:32:27,142 - INFO - Processing page 71
2025-07-01 01:32:31,307 - INFO - Processing page 72
2025-07-01 01:32:35,442 - INFO - Processing page 73
2025-07-01 01:32:39,679 - INFO - Processing page 74
2025-07-01 01:32:44,089 - INFO - Processing page 75
2025-07-01 01:32:46,365 - INFO - Checkpoint - Page: 75, Records: 7500, Last ID: 000628827
2025-07-01 01:32:46,365 - INFO - Saved stats to data/2025-07-01_01-27-21/monthly_stats.json
2025-07-01 01:32:48,368 - INFO - Processing page 76
2025-07-01 01:32:52,633 - INFO - Processing page 77
2025-07-01 01:32:56,715 - INFO - Processing page 78
2025-07-01 01:33:00,915 - INFO - Processing page 79
2025-07-01 01:33:05,167 - INFO - Processing page 80
2025-07-01 01:33:07,388 - INFO - Checkpoint - Page: 80, Records: 8000, Last ID: 000618652
2025-07-01 01:33:07,389 - INFO - Saved stats to data/2025-07-01_01-27-21/monthly_stats.json
2025-07-01 01:33:09,391 - INFO - Processing page 81
2025-07-01 01:33:13,664 - INFO - Processing page 82
2025-07-01 01:33:17,992 - INFO - Processing page 83
2025-07-01 01:33:22,159 - INFO - Processing page 84
2025-07-01 01:33:27,981 - INFO - Processing page 85
2025-07-01 01:33:30,583 - INFO - Checkpoint - Page: 85, Records: 8500, Last ID: 000608684
2025-07-01 01:33:30,583 - INFO - Saved stats to data/2025-07-01_01-27-21/monthly_stats.json
2025-07-01 01:33:32,585 - INFO - Processing page 86
2025-07-01 01:33:36,733 - INFO - Processing page 87
2025-07-01 01:33:40,925 - INFO - Processing page 88
2025-07-01 01:33:45,067 - INFO - Processing page 89
2025-07-01 01:33:49,360 - INFO - Processing page 90
2025-07-01 01:33:51,527 - INFO - Checkpoint - Page: 90, Records: 9000, Last ID: 000603124
2025-07-01 01:33:51,527 - INFO - Saved stats to data/2025-07-01_01-27-21/monthly_stats.json
2025-07-01 01:33:53,529 - INFO - Processing page 91
2025-07-01 01:33:57,628 - INFO - Processing page 92
2025-07-01 01:34:02,005 - INFO - Processing page 93
2025-07-01 01:34:06,817 - INFO - Processing page 94
2025-07-01 01:34:11,223 - INFO - Processing page 95
2025-07-01 01:34:13,671 - INFO - Checkpoint - Page: 95, Records: 9500, Last ID: 000598470
2025-07-01 01:34:13,672 - INFO - Saved stats to data/2025-07-01_01-27-21/monthly_stats.json
2025-07-01 01:34:15,674 - INFO - Processing page 96
2025-07-01 01:34:19,816 - INFO - Processing page 97
2025-07-01 01:34:23,997 - INFO - Processing page 98
2025-07-01 01:34:28,254 - INFO - Processing page 99
2025-07-01 01:34:32,421 - INFO - Processing page 100
2025-07-01 01:34:34,813 - INFO - Checkpoint - Page: 100, Records: 10000, Last ID: 000587800
2025-07-01 01:34:34,813 - INFO - Saved stats to data/2025-07-01_01-27-21/monthly_stats.json
2025-07-01 01:34:36,815 - INFO - Processing page 101
2025-07-01 01:34:41,033 - INFO - Processing page 102
2025-07-01 01:34:45,236 - INFO - Processing page 103
2025-07-01 01:34:49,337 - INFO - Processing page 104
2025-07-01 01:34:53,406 - INFO - Processing page 105
2025-07-01 01:34:56,130 - INFO - Checkpoint - Page: 105, Records: 10500, Last ID: 000576153
2025-07-01 01:34:56,131 - INFO - Saved stats to data/2025-07-01_01-27-21/monthly_stats.json
2025-07-01 01:34:58,133 - INFO - Processing page 106
2025-07-01 01:35:02,486 - INFO - Processing page 107
2025-07-01 01:35:07,492 - INFO - Processing page 108
2025-07-01 01:35:12,264 - INFO - Processing page 109
2025-07-01 01:35:16,623 - INFO - Processing page 110
2025-07-01 01:35:18,887 - INFO - Checkpoint - Page: 110, Records: 11000, Last ID: 000572640
2025-07-01 01:35:18,887 - INFO - Saved stats to data/2025-07-01_01-27-21/monthly_stats.json
2025-07-01 01:35:20,890 - INFO - Processing page 111
2025-07-01 01:35:25,010 - INFO - Processing page 112
2025-07-01 01:35:29,162 - INFO - Processing page 113
2025-07-01 01:35:33,260 - INFO - Processing page 114
2025-07-01 01:35:37,381 - INFO - Processing page 115
2025-07-01 01:35:39,519 - INFO - Checkpoint - Page: 115, Records: 11500, Last ID: 000569608
2025-07-01 01:35:39,519 - INFO - Saved stats to data/2025-07-01_01-27-21/monthly_stats.json
2025-07-01 01:35:41,521 - INFO - Processing page 116
2025-07-01 01:35:45,679 - INFO - Processing page 117
2025-07-01 01:35:49,821 - INFO - Processing page 118
2025-07-01 01:35:53,943 - INFO - Processing page 119
2025-07-01 01:35:58,006 - INFO - Processing page 120
2025-07-01 01:36:00,160 - INFO - Checkpoint - Page: 120, Records: 12000, Last ID: 000561197
2025-07-01 01:36:00,160 - INFO - Saved stats to data/2025-07-01_01-27-21/monthly_stats.json
2025-07-01 01:36:02,162 - INFO - Processing page 121
2025-07-01 01:36:06,854 - INFO - Processing page 122
2025-07-01 01:36:10,940 - INFO - Processing page 123
2025-07-01 01:36:15,203 - INFO - Processing page 124
2025-07-01 01:36:19,564 - INFO - Processing page 125
2025-07-01 01:36:22,004 - INFO - Checkpoint - Page: 125, Records: 12500, Last ID: 000553576
2025-07-01 01:36:22,004 - INFO - Saved stats to data/2025-07-01_01-27-21/monthly_stats.json
2025-07-01 01:36:24,007 - INFO - Processing page 126
2025-07-01 01:36:28,084 - INFO - Processing page 127
2025-07-01 01:36:32,539 - INFO - Processing page 128
2025-07-01 01:36:36,760 - INFO - Processing page 129
2025-07-01 01:36:40,947 - INFO - Processing page 130
2025-07-01 01:36:43,147 - INFO - Checkpoint - Page: 130, Records: 13000, Last ID: 000546776
2025-07-01 01:36:43,147 - INFO - Saved stats to data/2025-07-01_01-27-21/monthly_stats.json
2025-07-01 01:36:45,149 - INFO - Processing page 131
2025-07-01 01:36:49,769 - INFO - Processing page 132
2025-07-01 01:36:54,127 - INFO - Processing page 133
2025-07-01 01:36:58,551 - INFO - Processing page 134
2025-07-01 01:37:02,951 - INFO - Processing page 135
2025-07-01 01:37:05,111 - INFO - Checkpoint - Page: 135, Records: 13500, Last ID: 000540389
2025-07-01 01:37:05,111 - INFO - Saved stats to data/2025-07-01_01-27-21/monthly_stats.json
2025-07-01 01:37:07,113 - INFO - Processing page 136
2025-07-01 01:37:11,438 - INFO - Processing page 137
2025-07-01 01:37:15,874 - INFO - Processing page 138
2025-07-01 01:37:20,482 - INFO - Processing page 139
2025-07-01 01:37:24,573 - INFO - Processing page 140
2025-07-01 01:37:26,703 - INFO - Checkpoint - Page: 140, Records: 14000, Last ID: 000532999
2025-07-01 01:37:26,703 - INFO - Saved stats to data/2025-07-01_01-27-21/monthly_stats.json
2025-07-01 01:37:28,705 - INFO - Processing page 141
2025-07-01 01:37:32,834 - INFO - Processing page 142
2025-07-01 01:37:37,169 - INFO - Processing page 143
2025-07-01 01:37:41,451 - INFO - Processing page 144
2025-07-01 01:37:45,775 - INFO - Processing page 145
2025-07-01 01:37:49,310 - INFO - Checkpoint - Page: 145, Records: 14500, Last ID: 000526447
2025-07-01 01:37:49,310 - INFO - Saved stats to data/2025-07-01_01-27-21/monthly_stats.json
2025-07-01 01:37:51,313 - INFO - Processing page 146
2025-07-01 01:37:55,559 - INFO - Processing page 147
2025-07-01 01:37:59,795 - INFO - Processing page 148
2025-07-01 01:38:04,074 - INFO - Processing page 149
2025-07-01 01:38:08,221 - INFO - Processing page 150
2025-07-01 01:38:10,697 - INFO - Checkpoint - Page: 150, Records: 15000, Last ID: 000521741
2025-07-01 01:38:10,697 - INFO - Saved stats to data/2025-07-01_01-27-21/monthly_stats.json
2025-07-01 01:38:12,699 - INFO - Processing page 151
2025-07-01 01:38:16,902 - INFO - Processing page 152
2025-07-01 01:38:21,203 - INFO - Processing page 153
2025-07-01 01:38:25,413 - INFO - Processing page 154
2025-07-01 01:38:29,517 - INFO - Processing page 155
2025-07-01 01:38:31,636 - INFO - Checkpoint - Page: 155, Records: 15500, Last ID: 000516542
2025-07-01 01:38:31,636 - INFO - Saved stats to data/2025-07-01_01-27-21/monthly_stats.json
2025-07-01 01:38:33,639 - INFO - Processing page 156
2025-07-01 01:38:37,781 - INFO - Processing page 157
2025-07-01 01:38:42,140 - INFO - Processing page 158
2025-07-01 01:38:46,350 - INFO - Processing page 159
2025-07-01 01:38:50,417 - INFO - Processing page 160
2025-07-01 01:38:52,550 - INFO - Checkpoint - Page: 160, Records: 16000, Last ID: 000510588
2025-07-01 01:38:52,550 - INFO - Saved stats to data/2025-07-01_01-27-21/monthly_stats.json
2025-07-01 01:38:54,552 - INFO - Processing page 161
2025-07-01 01:38:59,028 - INFO - Processing page 162
2025-07-01 01:39:03,483 - INFO - Processing page 163
2025-07-01 01:39:07,792 - INFO - Processing page 164
2025-07-01 01:39:12,223 - INFO - Processing page 165
2025-07-01 01:39:14,395 - INFO - Checkpoint - Page: 165, Records: 16500, Last ID: 000504372
2025-07-01 01:39:14,395 - INFO - Saved stats to data/2025-07-01_01-27-21/monthly_stats.json
2025-07-01 01:39:16,397 - INFO - Processing page 166
2025-07-01 01:39:20,657 - INFO - Processing page 167
2025-07-01 01:39:25,218 - INFO - Processing page 168
2025-07-01 01:39:29,577 - INFO - Processing page 169
2025-07-01 01:39:33,773 - INFO - Processing page 170
2025-07-01 01:39:35,947 - INFO - Checkpoint - Page: 170, Records: 17000, Last ID: 000499413
2025-07-01 01:39:35,947 - INFO - Saved stats to data/2025-07-01_01-27-21/monthly_stats.json
2025-07-01 01:39:37,949 - INFO - Processing page 171
2025-07-01 01:39:42,280 - INFO - Processing page 172
2025-07-01 01:39:46,962 - INFO - Processing page 173
2025-07-01 01:39:51,222 - INFO - Processing page 174
2025-07-01 01:39:55,730 - INFO - Processing page 175
2025-07-01 01:39:57,921 - INFO - Checkpoint - Page: 175, Records: 17500, Last ID: 000495486
2025-07-01 01:39:57,922 - INFO - Saved stats to data/2025-07-01_01-27-21/monthly_stats.json
2025-07-01 01:39:59,924 - INFO - Processing page 176
2025-07-01 01:40:04,471 - INFO - Processing page 177
2025-07-01 01:40:08,664 - INFO - Processing page 178
2025-07-01 01:40:12,956 - INFO - Processing page 179
2025-07-01 01:40:17,127 - INFO - Processing page 180
2025-07-01 01:40:20,139 - INFO - Checkpoint - Page: 180, Records: 18000, Last ID: 000491543
2025-07-01 01:40:20,139 - INFO - Saved stats to data/2025-07-01_01-27-21/monthly_stats.json
2025-07-01 01:40:22,141 - INFO - Processing page 181
2025-07-01 01:40:26,834 - INFO - Processing page 182
2025-07-01 01:40:31,174 - INFO - Processing page 183
2025-07-01 01:40:35,401 - INFO - Processing page 184
2025-07-01 01:40:39,603 - INFO - Processing page 185
2025-07-01 01:40:42,120 - INFO - Checkpoint - Page: 185, Records: 18500, Last ID: 000485227
2025-07-01 01:40:42,120 - INFO - Saved stats to data/2025-07-01_01-27-21/monthly_stats.json
2025-07-01 01:40:44,122 - INFO - Processing page 186
2025-07-01 01:40:48,636 - INFO - Processing page 187
2025-07-01 01:40:52,881 - INFO - Processing page 188
2025-07-01 01:40:57,140 - INFO - Processing page 189
2025-07-01 01:41:01,319 - INFO - Processing page 190
2025-07-01 01:41:03,693 - INFO - Checkpoint - Page: 190, Records: 19000, Last ID: 000482280
2025-07-01 01:41:03,693 - INFO - Saved stats to data/2025-07-01_01-27-21/monthly_stats.json
2025-07-01 01:41:05,695 - INFO - Processing page 191
2025-07-01 01:41:10,743 - INFO - Processing page 192
2025-07-01 01:41:14,961 - INFO - Processing page 193
2025-07-01 01:41:19,338 - INFO - Processing page 194
2025-07-01 01:41:23,724 - INFO - Processing page 195
2025-07-01 01:41:26,403 - INFO - Checkpoint - Page: 195, Records: 19500, Last ID: 000478353
2025-07-01 01:41:26,404 - INFO - Saved stats to data/2025-07-01_01-27-21/monthly_stats.json
2025-07-01 01:41:28,406 - INFO - Processing page 196
2025-07-01 01:41:33,714 - INFO - Processing page 197
2025-07-01 01:41:38,151 - INFO - Processing page 198
2025-07-01 01:41:42,405 - INFO - Processing page 199
2025-07-01 01:41:46,560 - INFO - Processing page 200
2025-07-01 01:41:48,758 - INFO - Checkpoint - Page: 200, Records: 20000, Last ID: 000473031
2025-07-01 01:41:48,758 - INFO - Saved stats to data/2025-07-01_01-27-21/monthly_stats.json
2025-07-01 01:41:50,761 - INFO - Processing page 201
2025-07-01 01:41:55,080 - INFO - Processing page 202
2025-07-01 01:41:59,394 - INFO - Processing page 203
2025-07-01 01:42:03,671 - INFO - Processing page 204
2025-07-01 01:42:08,004 - INFO - Processing page 205
2025-07-01 01:42:10,213 - INFO - Checkpoint - Page: 205, Records: 20500, Last ID: 000469717
2025-07-01 01:42:10,213 - INFO - Saved stats to data/2025-07-01_01-27-21/monthly_stats.json
2025-07-01 01:42:12,216 - INFO - Processing page 206
2025-07-01 01:42:16,577 - INFO - Processing page 207
2025-07-01 01:42:21,169 - INFO - Processing page 208
2025-07-01 01:42:25,441 - INFO - Processing page 209
2025-07-01 01:42:29,671 - INFO - Processing page 210
2025-07-01 01:42:31,877 - INFO - Checkpoint - Page: 210, Records: 21000, Last ID: 000458531
2025-07-01 01:42:31,878 - INFO - Saved stats to data/2025-07-01_01-27-21/monthly_stats.json
2025-07-01 01:42:33,880 - INFO - Processing page 211
2025-07-01 01:42:41,114 - INFO - Processing page 212
2025-07-01 01:42:45,842 - INFO - Processing page 213
2025-07-01 01:42:50,116 - INFO - Processing page 214
2025-07-01 01:42:54,245 - INFO - Processing page 215
2025-07-01 01:42:56,693 - INFO - Checkpoint - Page: 215, Records: 21500, Last ID: 000453652
2025-07-01 01:42:56,693 - INFO - Saved stats to data/2025-07-01_01-27-21/monthly_stats.json
2025-07-01 01:42:58,695 - INFO - Processing page 216
2025-07-01 01:43:03,097 - INFO - Processing page 217
2025-07-01 01:43:07,514 - INFO - Processing page 218
2025-07-01 01:43:11,901 - INFO - Processing page 219
2025-07-01 01:43:16,580 - INFO - Processing page 220
2025-07-01 01:43:18,968 - INFO - Checkpoint - Page: 220, Records: 22000, Last ID: 000450894
2025-07-01 01:43:18,969 - INFO - Saved stats to data/2025-07-01_01-27-21/monthly_stats.json
2025-07-01 01:43:20,971 - INFO - Processing page 221
2025-07-01 01:43:25,994 - INFO - Processing page 222
2025-07-01 01:43:30,237 - INFO - Processing page 223
2025-07-01 01:43:34,549 - INFO - Processing page 224
2025-07-01 01:43:38,655 - INFO - Processing page 225
2025-07-01 01:43:41,040 - INFO - Checkpoint - Page: 225, Records: 22500, Last ID: 000446024
2025-07-01 01:43:41,041 - INFO - Saved stats to data/2025-07-01_01-27-21/monthly_stats.json
2025-07-01 01:43:43,043 - INFO - Processing page 226
2025-07-01 01:43:47,500 - INFO - Processing page 227
2025-07-01 01:43:51,841 - INFO - Processing page 228
2025-07-01 01:43:57,311 - INFO - Processing page 229
2025-07-01 01:44:01,776 - INFO - Processing page 230
2025-07-01 01:44:04,366 - INFO - Checkpoint - Page: 230, Records: 23000, Last ID: 000441894
2025-07-01 01:44:04,366 - INFO - Saved stats to data/2025-07-01_01-27-21/monthly_stats.json
2025-07-01 01:44:06,368 - INFO - Processing page 231
2025-07-01 01:44:10,612 - INFO - Processing page 232
2025-07-01 01:44:14,839 - INFO - Processing page 233
2025-07-01 01:44:19,098 - INFO - Processing page 234
2025-07-01 01:44:23,427 - INFO - Processing page 235
2025-07-01 01:44:25,664 - INFO - Checkpoint - Page: 235, Records: 23500, Last ID: 000438140
2025-07-01 01:44:25,665 - INFO - Saved stats to data/2025-07-01_01-27-21/monthly_stats.json
2025-07-01 01:44:27,667 - INFO - Processing page 236
2025-07-01 01:44:31,971 - INFO - Processing page 237
2025-07-01 01:44:36,122 - INFO - Processing page 238
2025-07-01 01:44:40,359 - INFO - Processing page 239
2025-07-01 01:44:44,567 - INFO - Processing page 240
2025-07-01 01:44:46,843 - INFO - Checkpoint - Page: 240, Records: 24000, Last ID: 000434423
2025-07-01 01:44:46,844 - INFO - Saved stats to data/2025-07-01_01-27-21/monthly_stats.json
2025-07-01 01:44:48,846 - INFO - Processing page 241
2025-07-01 01:44:52,996 - INFO - Processing page 242
2025-07-01 01:44:57,294 - INFO - Processing page 243
2025-07-01 01:45:02,263 - INFO - Processing page 244
2025-07-01 01:45:07,039 - INFO - Processing page 245
2025-07-01 01:45:09,178 - INFO - Checkpoint - Page: 245, Records: 24500, Last ID: 000430309
2025-07-01 01:45:09,178 - INFO - Saved stats to data/2025-07-01_01-27-21/monthly_stats.json
2025-07-01 01:45:11,180 - INFO - Processing page 246
2025-07-01 01:45:15,781 - INFO - Processing page 247
2025-07-01 01:45:20,085 - INFO - Processing page 248
2025-07-01 01:45:24,294 - INFO - Processing page 249
2025-07-01 01:45:28,560 - INFO - Processing page 250
2025-07-01 01:45:30,870 - INFO - Checkpoint - Page: 250, Records: 25000, Last ID: 000427071
2025-07-01 01:45:30,870 - INFO - Saved stats to data/2025-07-01_01-27-21/monthly_stats.json
2025-07-01 01:45:32,872 - INFO - Processing page 251
2025-07-01 01:45:37,141 - INFO - Processing page 252
2025-07-01 01:45:41,380 - INFO - Processing page 253
2025-07-01 01:45:45,750 - INFO - Processing page 254
2025-07-01 01:45:49,995 - INFO - Processing page 255
2025-07-01 01:45:52,297 - INFO - Checkpoint - Page: 255, Records: 25500, Last ID: 000423856
2025-07-01 01:45:52,298 - INFO - Saved stats to data/2025-07-01_01-27-21/monthly_stats.json
2025-07-01 01:45:54,300 - INFO - Processing page 256
2025-07-01 01:45:58,564 - INFO - Processing page 257
2025-07-01 01:46:03,063 - INFO - Processing page 258
2025-07-01 01:46:07,207 - INFO - Processing page 259
2025-07-01 01:46:12,362 - INFO - Processing page 260
2025-07-01 01:46:14,569 - INFO - Checkpoint - Page: 260, Records: 26000, Last ID: 000420820
2025-07-01 01:46:14,569 - INFO - Saved stats to data/2025-07-01_01-27-21/monthly_stats.json
2025-07-01 01:46:16,572 - INFO - Processing page 261
2025-07-01 01:46:20,732 - INFO - Processing page 262
2025-07-01 01:46:24,980 - INFO - Processing page 263
2025-07-01 01:46:29,138 - INFO - Processing page 264
2025-07-01 01:46:33,363 - INFO - Processing page 265
2025-07-01 01:46:35,686 - INFO - Checkpoint - Page: 265, Records: 26500, Last ID: 000417025
2025-07-01 01:46:35,686 - INFO - Saved stats to data/2025-07-01_01-27-21/monthly_stats.json
2025-07-01 01:46:37,688 - INFO - Processing page 266
2025-07-01 01:46:42,120 - INFO - Processing page 267
2025-07-01 01:46:46,333 - INFO - Processing page 268
2025-07-01 01:46:50,524 - INFO - Processing page 269
2025-07-01 01:46:54,797 - INFO - Processing page 270
2025-07-01 01:46:56,997 - INFO - Checkpoint - Page: 270, Records: 27000, Last ID: 000413491
2025-07-01 01:46:56,998 - INFO - Saved stats to data/2025-07-01_01-27-21/monthly_stats.json
2025-07-01 01:46:59,000 - INFO - Processing page 271
2025-07-01 01:47:03,602 - INFO - Processing page 272
2025-07-01 01:47:07,774 - INFO - Processing page 273
2025-07-01 01:47:12,157 - INFO - Processing page 274
2025-07-01 01:47:16,395 - INFO - Processing page 275
2025-07-01 01:47:18,652 - INFO - Checkpoint - Page: 275, Records: 27500, Last ID: 000410628
2025-07-01 01:47:18,653 - INFO - Saved stats to data/2025-07-01_01-27-21/monthly_stats.json
2025-07-01 01:47:20,655 - INFO - Processing page 276
2025-07-01 01:47:25,130 - INFO - Processing page 277
2025-07-01 01:47:29,344 - INFO - Processing page 278
2025-07-01 01:47:33,788 - INFO - Processing page 279
2025-07-01 01:47:37,950 - INFO - Processing page 280
2025-07-01 01:47:40,920 - INFO - Checkpoint - Page: 280, Records: 28000, Last ID: 000408351
2025-07-01 01:47:40,921 - INFO - Saved stats to data/2025-07-01_01-27-21/monthly_stats.json
2025-07-01 01:47:42,921 - INFO - Processing page 281
2025-07-01 01:47:47,405 - INFO - Processing page 282
2025-07-01 01:47:51,595 - INFO - Processing page 283
2025-07-01 01:47:55,685 - INFO - Processing page 284
2025-07-01 01:48:00,560 - INFO - Processing page 285
2025-07-01 01:48:02,851 - INFO - Checkpoint - Page: 285, Records: 28500, Last ID: 000399708
2025-07-01 01:48:02,851 - INFO - Saved stats to data/2025-07-01_01-27-21/monthly_stats.json
2025-07-01 01:48:04,853 - INFO - Processing page 286
2025-07-01 01:48:09,076 - INFO - Processing page 287
2025-07-01 01:48:13,876 - INFO - Processing page 288
2025-07-01 01:48:18,548 - INFO - Processing page 289
2025-07-01 01:48:23,128 - INFO - Processing page 290
2025-07-01 01:48:25,342 - INFO - Checkpoint - Page: 290, Records: 29000, Last ID: 000392156
2025-07-01 01:48:25,342 - INFO - Saved stats to data/2025-07-01_01-27-21/monthly_stats.json
2025-07-01 01:48:27,345 - INFO - Processing page 291
2025-07-01 01:48:31,589 - INFO - Processing page 292
2025-07-01 01:48:35,816 - INFO - Processing page 293
2025-07-01 01:48:40,281 - INFO - Processing page 294
2025-07-01 01:48:44,589 - INFO - Processing page 295
2025-07-01 01:48:46,955 - INFO - Checkpoint - Page: 295, Records: 29500, Last ID: 000387308
2025-07-01 01:48:46,955 - INFO - Saved stats to data/2025-07-01_01-27-21/monthly_stats.json
2025-07-01 01:48:48,958 - INFO - Processing page 296
2025-07-01 01:48:53,158 - INFO - Processing page 297
2025-07-01 01:48:57,780 - INFO - Processing page 298
2025-07-01 01:49:02,094 - INFO - Processing page 299
2025-07-01 01:49:07,146 - INFO - Processing page 300
2025-07-01 01:49:09,389 - INFO - Checkpoint - Page: 300, Records: 30000, Last ID: 000383819
2025-07-01 01:49:09,390 - INFO - Saved stats to data/2025-07-01_01-27-21/monthly_stats.json
2025-07-01 01:49:11,392 - INFO - Processing page 301
2025-07-01 01:49:16,676 - INFO - Processing page 302
2025-07-01 01:49:21,124 - INFO - Processing page 303
2025-07-01 01:49:25,314 - INFO - Processing page 304
2025-07-01 01:49:29,437 - INFO - Processing page 305
2025-07-01 01:49:31,963 - INFO - Checkpoint - Page: 305, Records: 30500, Last ID: 000378707
2025-07-01 01:49:31,963 - INFO - Saved stats to data/2025-07-01_01-27-21/monthly_stats.json
2025-07-01 01:49:33,965 - INFO - Processing page 306
2025-07-01 01:49:38,283 - INFO - Processing page 307
2025-07-01 01:49:43,052 - INFO - Processing page 308
2025-07-01 01:49:47,390 - INFO - Processing page 309
2025-07-01 01:49:51,999 - INFO - Processing page 310
2025-07-01 01:49:54,645 - INFO - Checkpoint - Page: 310, Records: 31000, Last ID: 000373712
2025-07-01 01:49:54,645 - INFO - Saved stats to data/2025-07-01_01-27-21/monthly_stats.json
2025-07-01 01:49:56,647 - INFO - Processing page 311
2025-07-01 01:50:00,763 - INFO - Processing page 312
2025-07-01 01:50:05,039 - INFO - Processing page 313
2025-07-01 01:50:09,364 - INFO - Processing page 314
2025-07-01 01:50:13,646 - INFO - Processing page 315
2025-07-01 01:50:15,873 - INFO - Checkpoint - Page: 315, Records: 31500, Last ID: 000369549
2025-07-01 01:50:15,874 - INFO - Saved stats to data/2025-07-01_01-27-21/monthly_stats.json
2025-07-01 01:50:17,876 - INFO - Processing page 316
2025-07-01 01:50:22,337 - INFO - Processing page 317
2025-07-01 01:50:26,564 - INFO - Processing page 318
2025-07-01 01:50:30,778 - INFO - Processing page 319
2025-07-01 01:50:34,910 - INFO - Processing page 320
2025-07-01 01:50:37,197 - INFO - Checkpoint - Page: 320, Records: 32000, Last ID: 000366473
2025-07-01 01:50:37,197 - INFO - Saved stats to data/2025-07-01_01-27-21/monthly_stats.json
2025-07-01 01:50:39,199 - INFO - Processing page 321
2025-07-01 01:50:43,393 - INFO - Processing page 322
2025-07-01 01:50:47,826 - INFO - Processing page 323
2025-07-01 01:50:52,673 - INFO - Processing page 324
2025-07-01 01:50:57,140 - INFO - Processing page 325
2025-07-01 01:50:59,388 - INFO - Checkpoint - Page: 325, Records: 32500, Last ID: 000363214
2025-07-01 01:50:59,389 - INFO - Saved stats to data/2025-07-01_01-27-21/monthly_stats.json
2025-07-01 01:51:01,391 - INFO - Processing page 326
2025-07-01 01:51:06,026 - INFO - Processing page 327
2025-07-01 01:51:10,238 - INFO - Processing page 328
2025-07-01 01:51:14,988 - INFO - Processing page 329
2025-07-01 01:51:19,344 - INFO - Processing page 330
2025-07-01 01:51:21,697 - INFO - Checkpoint - Page: 330, Records: 33000, Last ID: 000359556
2025-07-01 01:51:21,697 - INFO - Saved stats to data/2025-07-01_01-27-21/monthly_stats.json
2025-07-01 01:51:23,700 - INFO - Processing page 331
2025-07-01 01:51:28,166 - INFO - Processing page 332
2025-07-01 01:51:32,489 - INFO - Processing page 333
2025-07-01 01:51:36,644 - INFO - Processing page 334
2025-07-01 01:51:40,959 - INFO - Processing page 335
2025-07-01 01:51:43,215 - INFO - Checkpoint - Page: 335, Records: 33500, Last ID: 000354445
2025-07-01 01:51:43,215 - INFO - Saved stats to data/2025-07-01_01-27-21/monthly_stats.json
2025-07-01 01:51:45,217 - INFO - Processing page 336
2025-07-01 01:51:49,690 - INFO - Processing page 337
2025-07-01 01:51:53,947 - INFO - Processing page 338
2025-07-01 01:51:58,147 - INFO - Processing page 339
2025-07-01 01:52:02,630 - INFO - Processing page 340
2025-07-01 01:52:05,081 - INFO - Checkpoint - Page: 340, Records: 34000, Last ID: 000347326
2025-07-01 01:52:05,081 - INFO - Saved stats to data/2025-07-01_01-27-21/monthly_stats.json
2025-07-01 01:52:07,084 - INFO - Processing page 341
2025-07-01 01:52:11,242 - INFO - Processing page 342
2025-07-01 01:52:15,596 - INFO - Processing page 343
2025-07-01 01:52:19,816 - INFO - Processing page 344
2025-07-01 01:52:24,110 - INFO - Processing page 345
2025-07-01 01:52:26,216 - INFO - Checkpoint - Page: 345, Records: 34500, Last ID: 000170510
2025-07-01 01:52:26,216 - INFO - Saved stats to data/2025-07-01_01-27-21/monthly_stats.json
2025-07-01 01:52:28,219 - INFO - Processing page 346
2025-07-01 01:52:32,643 - INFO - Processing page 347
2025-07-01 01:52:37,696 - INFO - Processing page 348
2025-07-01 01:52:42,179 - INFO - Processing page 349
2025-07-01 01:52:46,448 - INFO - Processing page 350
2025-07-01 01:52:48,637 - INFO - Checkpoint - Page: 350, Records: 35000, Last ID: 000168492
2025-07-01 01:52:48,637 - INFO - Saved stats to data/2025-07-01_01-27-21/monthly_stats.json
2025-07-01 01:52:50,639 - INFO - Processing page 351
2025-07-01 01:52:54,868 - INFO - Processing page 352
2025-07-01 01:52:59,123 - INFO - Processing page 353
2025-07-01 01:53:03,560 - INFO - Processing page 354
2025-07-01 01:53:07,901 - INFO - Processing page 355
2025-07-01 01:53:10,194 - INFO - Checkpoint - Page: 355, Records: 35500, Last ID: 000045077
2025-07-01 01:53:10,194 - INFO - Saved stats to data/2025-07-01_01-27-21/monthly_stats.json
2025-07-01 01:53:12,196 - INFO - Processing page 356
2025-07-01 01:53:16,453 - INFO - Processing page 357
2025-07-01 01:53:20,886 - INFO - Processing page 358
2025-07-01 01:53:25,198 - INFO - Processing page 359
2025-07-01 01:53:29,464 - INFO - Processing page 360
2025-07-01 01:53:31,450 - INFO - Checkpoint - Page: 360, Records: 36000, Last ID: 000109595
2025-07-01 01:53:31,450 - INFO - Saved stats to data/2025-07-01_01-27-21/monthly_stats.json
2025-07-01 01:53:33,452 - INFO - Processing page 361
2025-07-01 01:53:37,614 - INFO - Processing page 362
2025-07-01 01:53:41,672 - INFO - Processing page 363
2025-07-01 01:53:45,947 - INFO - Processing page 364
2025-07-01 01:53:50,235 - INFO - Processing page 365
2025-07-01 01:53:52,635 - INFO - Checkpoint - Page: 365, Records: 36500, Last ID: 000168135
2025-07-01 01:53:52,635 - INFO - Saved stats to data/2025-07-01_01-27-21/monthly_stats.json
2025-07-01 01:53:54,637 - INFO - Processing page 366
2025-07-01 01:53:59,519 - INFO - Processing page 367
2025-07-01 01:54:03,694 - INFO - Processing page 368
2025-07-01 01:54:08,071 - INFO - Processing page 369
2025-07-01 01:54:12,314 - INFO - Processing page 370
2025-07-01 01:54:14,741 - INFO - Checkpoint - Page: 370, Records: 37000, Last ID: 000101637
2025-07-01 01:54:14,741 - INFO - Saved stats to data/2025-07-01_01-27-21/monthly_stats.json
2025-07-01 01:54:16,743 - INFO - Processing page 371
2025-07-01 01:54:21,193 - INFO - Processing page 372
2025-07-01 01:54:25,495 - INFO - Processing page 373
2025-07-01 01:54:29,904 - INFO - Processing page 374
2025-07-01 01:54:34,168 - INFO - Processing page 375
2025-07-01 01:54:36,507 - INFO - Checkpoint - Page: 375, Records: 37500, Last ID: 000102137
2025-07-01 01:54:36,507 - INFO - Saved stats to data/2025-07-01_01-27-21/monthly_stats.json
2025-07-01 01:54:38,509 - INFO - Processing page 376
2025-07-01 01:54:42,929 - INFO - Processing page 377
2025-07-01 01:54:47,473 - INFO - Processing page 378
2025-07-01 01:54:51,846 - INFO - Processing page 379
2025-07-01 01:54:56,502 - INFO - Processing page 380
2025-07-01 01:54:58,779 - INFO - Checkpoint - Page: 380, Records: 38000, Last ID: 000102635
2025-07-01 01:54:58,780 - INFO - Saved stats to data/2025-07-01_01-27-21/monthly_stats.json
2025-07-01 01:55:00,782 - INFO - Processing page 381
2025-07-01 01:55:05,112 - INFO - Processing page 382
2025-07-01 01:55:09,514 - INFO - Processing page 383
2025-07-01 01:55:13,727 - INFO - Processing page 384
2025-07-01 01:55:18,035 - INFO - Processing page 385
2025-07-01 01:55:20,434 - INFO - Checkpoint - Page: 385, Records: 38500, Last ID: 000103136
2025-07-01 01:55:20,434 - INFO - Saved stats to data/2025-07-01_01-27-21/monthly_stats.json
2025-07-01 01:55:22,436 - INFO - Processing page 386
2025-07-01 01:55:26,734 - INFO - Processing page 387
2025-07-01 01:55:31,112 - INFO - Processing page 388
2025-07-01 01:55:35,431 - INFO - Processing page 389
2025-07-01 01:55:39,663 - INFO - Processing page 390
2025-07-01 01:55:42,001 - INFO - Checkpoint - Page: 390, Records: 39000, Last ID: 000103638
2025-07-01 01:55:42,001 - INFO - Saved stats to data/2025-07-01_01-27-21/monthly_stats.json
2025-07-01 01:55:44,004 - INFO - Processing page 391
2025-07-01 01:55:48,240 - INFO - Processing page 392
2025-07-01 01:55:52,719 - INFO - Processing page 393
2025-07-01 01:55:57,268 - INFO - Processing page 394
2025-07-01 01:56:02,227 - INFO - Processing page 395
2025-07-01 01:56:04,485 - INFO - Checkpoint - Page: 395, Records: 39500, Last ID: 000166152
2025-07-01 01:56:04,486 - INFO - Saved stats to data/2025-07-01_01-27-21/monthly_stats.json
2025-07-01 01:56:06,488 - INFO - Processing page 396
2025-07-01 01:56:10,999 - INFO - Processing page 397
2025-07-01 01:56:15,100 - INFO - Processing page 398
2025-07-01 01:56:19,841 - INFO - Processing page 399
2025-07-01 01:56:24,523 - INFO - Processing page 400
2025-07-01 01:56:26,748 - INFO - Checkpoint - Page: 400, Records: 40000, Last ID: 000167388
2025-07-01 01:56:26,749 - INFO - Saved stats to data/2025-07-01_01-27-21/monthly_stats.json
2025-07-01 01:56:28,751 - INFO - Processing page 401
2025-07-01 01:56:32,918 - INFO - Processing page 402
2025-07-01 01:56:37,259 - INFO - Processing page 403
2025-07-01 01:56:41,318 - INFO - Processing page 404
2025-07-01 01:56:45,498 - INFO - Processing page 405
2025-07-01 01:56:47,788 - INFO - Checkpoint - Page: 405, Records: 40500, Last ID: 000165371
2025-07-01 01:56:47,788 - INFO - Saved stats to data/2025-07-01_01-27-21/monthly_stats.json
2025-07-01 01:56:49,790 - INFO - Processing page 406
2025-07-01 01:56:53,944 - INFO - Processing page 407
2025-07-01 01:56:58,316 - INFO - Processing page 408
2025-07-01 01:57:02,759 - INFO - Processing page 409
2025-07-01 01:57:07,174 - INFO - Processing page 410
2025-07-01 01:57:09,403 - INFO - Checkpoint - Page: 410, Records: 41000, Last ID: 000164700
2025-07-01 01:57:09,403 - INFO - Saved stats to data/2025-07-01_01-27-21/monthly_stats.json
2025-07-01 01:57:11,405 - INFO - Processing page 411
2025-07-01 01:57:15,757 - INFO - Processing page 412
2025-07-01 01:57:19,865 - INFO - Processing page 413
2025-07-01 01:57:24,295 - INFO - Processing page 414
2025-07-01 01:57:29,200 - INFO - Processing page 415
2025-07-01 01:57:32,005 - INFO - Checkpoint - Page: 415, Records: 41500, Last ID: 000163354
2025-07-01 01:57:32,005 - INFO - Saved stats to data/2025-07-01_01-27-21/monthly_stats.json
2025-07-01 01:57:34,008 - INFO - Processing page 416
2025-07-01 01:57:38,367 - INFO - Processing page 417
2025-07-01 01:57:43,042 - INFO - Processing page 418
2025-07-01 01:57:47,429 - INFO - Processing page 419
2025-07-01 01:57:51,772 - INFO - Processing page 420
2025-07-01 01:57:54,206 - INFO - Checkpoint - Page: 420, Records: 42000, Last ID: 000162480
2025-07-01 01:57:54,206 - INFO - Saved stats to data/2025-07-01_01-27-21/monthly_stats.json
2025-07-01 01:57:56,209 - INFO - Processing page 421
2025-07-01 01:58:00,616 - INFO - Processing page 422
2025-07-01 01:58:04,771 - INFO - Processing page 423
2025-07-01 01:58:09,193 - INFO - Processing page 424
2025-07-01 01:58:13,507 - INFO - Processing page 425
2025-07-01 01:58:15,852 - INFO - Checkpoint - Page: 425, Records: 42500, Last ID: 000161540
2025-07-01 01:58:15,852 - INFO - Saved stats to data/2025-07-01_01-27-21/monthly_stats.json
2025-07-01 01:58:17,854 - INFO - Processing page 426
2025-07-01 01:58:22,075 - INFO - Processing page 427
2025-07-01 01:58:26,418 - INFO - Processing page 428
2025-07-01 01:58:30,841 - INFO - Processing page 429
2025-07-01 01:58:35,152 - INFO - Processing page 430
2025-07-01 01:58:37,649 - INFO - Checkpoint - Page: 430, Records: 43000, Last ID: 000160657
2025-07-01 01:58:37,649 - INFO - Saved stats to data/2025-07-01_01-27-21/monthly_stats.json
2025-07-01 01:58:39,651 - INFO - Processing page 431
2025-07-01 01:58:44,773 - INFO - Processing page 432
2025-07-01 01:58:49,401 - INFO - Processing page 433
2025-07-01 01:58:54,001 - INFO - Processing page 434
2025-07-01 01:58:58,281 - INFO - Processing page 435
2025-07-01 01:59:00,673 - INFO - Checkpoint - Page: 435, Records: 43500, Last ID: 000160066
2025-07-01 01:59:00,673 - INFO - Saved stats to data/2025-07-01_01-27-21/monthly_stats.json
2025-07-01 01:59:02,675 - INFO - Processing page 436
2025-07-01 01:59:07,625 - INFO - Processing page 437
2025-07-01 01:59:11,892 - INFO - Processing page 438
2025-07-01 01:59:16,174 - INFO - Processing page 439
2025-07-01 01:59:20,470 - INFO - Processing page 440
2025-07-01 01:59:23,649 - INFO - Checkpoint - Page: 440, Records: 44000, Last ID: 000159377
2025-07-01 01:59:23,649 - INFO - Saved stats to data/2025-07-01_01-27-21/monthly_stats.json
2025-07-01 01:59:25,651 - INFO - Processing page 441
2025-07-01 01:59:29,932 - INFO - Processing page 442
2025-07-01 01:59:34,259 - INFO - Processing page 443
2025-07-01 01:59:38,622 - INFO - Processing page 444
2025-07-01 01:59:43,412 - INFO - Processing page 445
2025-07-01 01:59:45,764 - INFO - Checkpoint - Page: 445, Records: 44500, Last ID: 000158507
2025-07-01 01:59:45,765 - INFO - Saved stats to data/2025-07-01_01-27-21/monthly_stats.json
2025-07-01 01:59:47,767 - INFO - Processing page 446
2025-07-01 01:59:52,184 - INFO - Processing page 447
2025-07-01 01:59:57,615 - INFO - Processing page 448
2025-07-01 02:00:01,902 - INFO - Processing page 449
2025-07-01 02:00:06,799 - INFO - Processing page 450
2025-07-01 02:00:10,526 - INFO - Checkpoint - Page: 450, Records: 45000, Last ID: 000157312
2025-07-01 02:00:10,526 - INFO - Saved stats to data/2025-07-01_01-27-21/monthly_stats.json
2025-07-01 02:00:12,528 - INFO - Processing page 451
2025-07-01 02:00:17,113 - INFO - Processing page 452
2025-07-01 02:00:21,703 - INFO - Processing page 453
2025-07-01 02:00:26,274 - INFO - Processing page 454
2025-07-01 02:00:32,301 - INFO - Processing page 455
2025-07-01 02:00:35,117 - INFO - Checkpoint - Page: 455, Records: 45500, Last ID: 000154329
2025-07-01 02:00:35,117 - INFO - Saved stats to data/2025-07-01_01-27-21/monthly_stats.json
2025-07-01 02:00:37,120 - INFO - Processing page 456
2025-07-01 02:00:41,921 - INFO - Processing page 457
2025-07-01 02:00:47,115 - INFO - Processing page 458
2025-07-01 02:00:51,936 - INFO - Processing page 459
2025-07-01 02:00:56,830 - INFO - Processing page 460
2025-07-01 02:00:59,734 - INFO - Checkpoint - Page: 460, Records: 46000, Last ID: 000141069
2025-07-01 02:00:59,734 - INFO - Saved stats to data/2025-07-01_01-27-21/monthly_stats.json
2025-07-01 02:01:01,736 - INFO - Processing page 461
2025-07-01 02:01:07,667 - INFO - Processing page 462
2025-07-01 02:01:12,404 - INFO - Processing page 463
2025-07-01 02:01:16,796 - INFO - Processing page 464
2025-07-01 02:01:21,467 - INFO - Processing page 465
2025-07-01 02:01:25,861 - INFO - Checkpoint - Page: 465, Records: 46500, Last ID: 000126032
2025-07-01 02:01:25,861 - INFO - Saved stats to data/2025-07-01_01-27-21/monthly_stats.json
2025-07-01 02:01:27,863 - INFO - Processing page 466
2025-07-01 02:01:33,003 - INFO - Processing page 467
2025-07-01 02:01:37,877 - INFO - Processing page 468
2025-07-01 02:01:42,447 - INFO - Processing page 469
2025-07-01 02:01:47,720 - INFO - Processing page 470
2025-07-01 02:01:51,676 - INFO - Checkpoint - Page: 470, Records: 47000, Last ID: 000125492
2025-07-01 02:01:51,676 - INFO - Saved stats to data/2025-07-01_01-27-21/monthly_stats.json
2025-07-01 02:01:53,679 - INFO - Processing page 471
2025-07-01 02:01:58,377 - INFO - Processing page 472
2025-07-01 02:02:03,233 - INFO - Processing page 473
2025-07-01 02:02:08,245 - INFO - Processing page 474
2025-07-01 02:02:14,020 - INFO - Processing page 475
2025-07-01 02:02:16,425 - INFO - Checkpoint - Page: 475, Records: 47500, Last ID: 000117164
2025-07-01 02:02:16,425 - INFO - Saved stats to data/2025-07-01_01-27-21/monthly_stats.json
2025-07-01 02:02:18,427 - INFO - Processing page 476
2025-07-01 02:02:22,912 - INFO - Processing page 477
2025-07-01 02:02:27,496 - INFO - Processing page 478
2025-07-01 02:02:32,370 - INFO - Processing page 479
2025-07-01 02:02:36,878 - INFO - Processing page 480
2025-07-01 02:02:39,796 - INFO - Checkpoint - Page: 480, Records: 48000, Last ID: 000116062
2025-07-01 02:02:39,796 - INFO - Saved stats to data/2025-07-01_01-27-21/monthly_stats.json
2025-07-01 02:02:41,798 - INFO - Processing page 481
2025-07-01 02:02:46,330 - INFO - Processing page 482
2025-07-01 02:02:50,818 - INFO - Processing page 483
2025-07-01 02:02:55,340 - INFO - Processing page 484
2025-07-01 02:02:59,693 - INFO - Processing page 485
2025-07-01 02:03:02,138 - INFO - Checkpoint - Page: 485, Records: 48500, Last ID: 000114736
2025-07-01 02:03:02,138 - INFO - Saved stats to data/2025-07-01_01-27-21/monthly_stats.json
2025-07-01 02:03:04,140 - INFO - Processing page 486
2025-07-01 02:03:08,664 - INFO - Processing page 487
2025-07-01 02:03:13,124 - INFO - Processing page 488
2025-07-01 02:03:17,555 - INFO - Processing page 489
2025-07-01 02:03:22,531 - INFO - Processing page 490
2025-07-01 02:03:25,204 - INFO - Checkpoint - Page: 490, Records: 49000, Last ID: 000114011
2025-07-01 02:03:25,205 - INFO - Saved stats to data/2025-07-01_01-27-21/monthly_stats.json
2025-07-01 02:03:27,207 - INFO - Processing page 491
2025-07-01 02:03:31,852 - INFO - Processing page 492
2025-07-01 02:03:36,893 - INFO - Processing page 493
2025-07-01 02:03:41,249 - INFO - Processing page 494
2025-07-01 02:03:45,771 - INFO - Processing page 495
2025-07-01 02:03:49,273 - INFO - Checkpoint - Page: 495, Records: 49500, Last ID: 000110573
2025-07-01 02:03:49,273 - INFO - Saved stats to data/2025-07-01_01-27-21/monthly_stats.json
2025-07-01 02:03:51,275 - INFO - Processing page 496
2025-07-01 02:03:55,719 - INFO - Processing page 497
2025-07-01 02:04:01,007 - INFO - Processing page 498
2025-07-01 02:04:05,712 - INFO - Processing page 499
2025-07-01 02:04:10,292 - INFO - Processing page 500
2025-07-01 02:04:12,593 - INFO - Checkpoint - Page: 500, Records: 50000, Last ID: 000109667
2025-07-01 02:04:12,593 - INFO - Saved stats to data/2025-07-01_01-27-21/monthly_stats.json
2025-07-01 02:04:14,595 - INFO - Processing page 501
2025-07-01 02:04:19,094 - INFO - Processing page 502
2025-07-01 02:04:23,724 - INFO - Processing page 503
2025-07-01 02:04:28,224 - INFO - Processing page 504
2025-07-01 02:04:32,526 - INFO - Processing page 505
2025-07-01 02:04:34,984 - INFO - Checkpoint - Page: 505, Records: 50500, Last ID: 000109124
2025-07-01 02:04:34,984 - INFO - Saved stats to data/2025-07-01_01-27-21/monthly_stats.json
2025-07-01 02:04:36,986 - INFO - Processing page 506
2025-07-01 02:04:41,573 - INFO - Processing page 507
2025-07-01 02:04:46,189 - INFO - Processing page 508
2025-07-01 02:04:50,739 - INFO - Processing page 509
2025-07-01 02:04:55,357 - INFO - Processing page 510
2025-07-01 02:04:59,413 - INFO - Checkpoint - Page: 510, Records: 51000, Last ID: 000108539
2025-07-01 02:04:59,413 - INFO - Saved stats to data/2025-07-01_01-27-21/monthly_stats.json
2025-07-01 02:05:01,415 - INFO - Processing page 511
2025-07-01 02:05:06,068 - INFO - Processing page 512
2025-07-01 02:05:10,702 - INFO - Processing page 513
2025-07-01 02:05:15,493 - INFO - Processing page 514
2025-07-01 02:05:19,868 - INFO - Processing page 515
2025-07-01 02:05:23,167 - INFO - Checkpoint - Page: 515, Records: 51500, Last ID: 000105381
2025-07-01 02:05:23,167 - INFO - Saved stats to data/2025-07-01_01-27-21/monthly_stats.json
2025-07-01 02:05:25,170 - INFO - Processing page 516
2025-07-01 02:05:29,793 - INFO - Processing page 517
2025-07-01 02:05:34,452 - INFO - Processing page 518
2025-07-01 02:05:38,970 - INFO - Processing page 519
2025-07-01 02:05:44,500 - INFO - Processing page 520
2025-07-01 02:05:48,992 - INFO - Checkpoint - Page: 520, Records: 52000, Last ID: 000103808
2025-07-01 02:05:48,993 - INFO - Saved stats to data/2025-07-01_01-27-21/monthly_stats.json
2025-07-01 02:05:50,995 - INFO - Processing page 521
2025-07-01 02:05:55,628 - INFO - Processing page 522
2025-07-01 02:06:00,120 - INFO - Processing page 523
2025-07-01 02:06:04,469 - INFO - Processing page 524
2025-07-01 02:06:09,019 - INFO - Processing page 525
2025-07-01 02:06:12,927 - INFO - Checkpoint - Page: 525, Records: 52500, Last ID: 000101113
2025-07-01 02:06:12,927 - INFO - Saved stats to data/2025-07-01_01-27-21/monthly_stats.json
2025-07-01 02:06:14,929 - INFO - Processing page 526
2025-07-01 02:06:19,990 - INFO - Processing page 527
2025-07-01 02:06:24,369 - INFO - Processing page 528
2025-07-01 02:06:29,077 - INFO - Processing page 529
2025-07-01 02:06:33,261 - INFO - Processing page 530
2025-07-01 02:06:35,930 - INFO - Checkpoint - Page: 530, Records: 53000, Last ID: 000100449
2025-07-01 02:06:35,930 - INFO - Saved stats to data/2025-07-01_01-27-21/monthly_stats.json
2025-07-01 02:06:37,932 - INFO - Processing page 531
2025-07-01 02:06:42,291 - INFO - Processing page 532
2025-07-01 02:06:46,713 - INFO - Processing page 533
2025-07-01 02:06:51,402 - INFO - Processing page 534
2025-07-01 02:06:55,970 - INFO - Processing page 535
2025-07-01 02:06:59,661 - INFO - Checkpoint - Page: 535, Records: 53500, Last ID: 000099778
2025-07-01 02:06:59,662 - INFO - Saved stats to data/2025-07-01_01-27-21/monthly_stats.json
2025-07-01 02:07:01,664 - INFO - Processing page 536
2025-07-01 02:07:06,366 - INFO - Processing page 537
2025-07-01 02:07:10,825 - INFO - Processing page 538
2025-07-01 02:07:15,423 - INFO - Processing page 539
2025-07-01 02:07:20,581 - INFO - Processing page 540
2025-07-01 02:07:24,868 - INFO - Checkpoint - Page: 540, Records: 54000, Last ID: 000098721
2025-07-01 02:07:24,868 - INFO - Saved stats to data/2025-07-01_01-27-21/monthly_stats.json
2025-07-01 02:07:26,871 - INFO - Processing page 541
2025-07-01 02:07:31,950 - INFO - Processing page 542
2025-07-01 02:07:36,417 - INFO - Processing page 543
2025-07-01 02:07:41,219 - INFO - Processing page 544
2025-07-01 02:07:46,235 - INFO - Processing page 545
2025-07-01 02:07:48,731 - INFO - Checkpoint - Page: 545, Records: 54500, Last ID: 000098110
2025-07-01 02:07:48,731 - INFO - Saved stats to data/2025-07-01_01-27-21/monthly_stats.json
2025-07-01 02:07:50,734 - INFO - Processing page 546
2025-07-01 02:07:54,900 - INFO - Processing page 547
2025-07-01 02:07:59,385 - INFO - Processing page 548
2025-07-01 02:08:04,481 - INFO - Processing page 549
2025-07-01 02:08:09,121 - INFO - Processing page 550
2025-07-01 02:08:11,409 - INFO - Checkpoint - Page: 550, Records: 55000, Last ID: 000097472
2025-07-01 02:08:11,409 - INFO - Saved stats to data/2025-07-01_01-27-21/monthly_stats.json
2025-07-01 02:08:13,411 - INFO - Processing page 551
2025-07-01 02:08:17,884 - INFO - Processing page 552
2025-07-01 02:08:22,329 - INFO - Processing page 553
2025-07-01 02:08:27,328 - INFO - Processing page 554
2025-07-01 02:08:32,237 - INFO - Processing page 555
2025-07-01 02:08:35,539 - INFO - Checkpoint - Page: 555, Records: 55500, Last ID: 000096706
2025-07-01 02:08:35,540 - INFO - Saved stats to data/2025-07-01_01-27-21/monthly_stats.json
2025-07-01 02:08:37,542 - INFO - Processing page 556
2025-07-01 02:08:42,209 - INFO - Processing page 557
2025-07-01 02:08:46,772 - INFO - Processing page 558
2025-07-01 02:08:51,436 - INFO - Processing page 559
2025-07-01 02:08:55,900 - INFO - Processing page 560
2025-07-01 02:08:58,515 - INFO - Checkpoint - Page: 560, Records: 56000, Last ID: 000095629
2025-07-01 02:08:58,515 - INFO - Saved stats to data/2025-07-01_01-27-21/monthly_stats.json
2025-07-01 02:09:00,517 - INFO - Processing page 561
2025-07-01 02:09:04,827 - INFO - Processing page 562
2025-07-01 02:09:09,171 - INFO - Processing page 563
2025-07-01 02:09:13,406 - INFO - Processing page 564
2025-07-01 02:09:17,970 - INFO - Processing page 565
2025-07-01 02:09:20,383 - INFO - Checkpoint - Page: 565, Records: 56500, Last ID: 000093015
2025-07-01 02:09:20,384 - INFO - Saved stats to data/2025-07-01_01-27-21/monthly_stats.json
2025-07-01 02:09:22,386 - INFO - Processing page 566
2025-07-01 02:09:26,797 - INFO - Processing page 567
2025-07-01 02:09:31,221 - INFO - Processing page 568
2025-07-01 02:09:35,811 - INFO - Processing page 569
2025-07-01 02:09:40,937 - INFO - Processing page 570
2025-07-01 02:09:43,399 - INFO - Checkpoint - Page: 570, Records: 57000, Last ID: 000092410
2025-07-01 02:09:43,399 - INFO - Saved stats to data/2025-07-01_01-27-21/monthly_stats.json
2025-07-01 02:09:45,402 - INFO - Processing page 571
2025-07-01 02:09:50,003 - INFO - Processing page 572
2025-07-01 02:09:54,390 - INFO - Processing page 573
2025-07-01 02:09:58,840 - INFO - Processing page 574
2025-07-01 02:10:03,346 - INFO - Processing page 575
2025-07-01 02:10:06,135 - INFO - Checkpoint - Page: 575, Records: 57500, Last ID: 000091269
2025-07-01 02:10:06,135 - INFO - Saved stats to data/2025-07-01_01-27-21/monthly_stats.json
2025-07-01 02:10:08,138 - INFO - Processing page 576
2025-07-01 02:10:12,622 - INFO - Processing page 577
2025-07-01 02:10:16,941 - INFO - Processing page 578
2025-07-01 02:10:21,298 - INFO - Processing page 579
2025-07-01 02:10:25,914 - INFO - Processing page 580
2025-07-01 02:10:28,846 - INFO - Checkpoint - Page: 580, Records: 58000, Last ID: 000089530
2025-07-01 02:10:28,846 - INFO - Saved stats to data/2025-07-01_01-27-21/monthly_stats.json
2025-07-01 02:10:30,848 - INFO - Processing page 581
2025-07-01 02:10:35,272 - INFO - Processing page 582
2025-07-01 02:10:39,804 - INFO - Processing page 583
2025-07-01 02:10:44,200 - INFO - Processing page 584
2025-07-01 02:10:48,671 - INFO - Processing page 585
2025-07-01 02:10:51,116 - INFO - Checkpoint - Page: 585, Records: 58500, Last ID: 000088048
2025-07-01 02:10:51,116 - INFO - Saved stats to data/2025-07-01_01-27-21/monthly_stats.json
2025-07-01 02:10:53,119 - INFO - Processing page 586
2025-07-01 02:10:57,859 - INFO - Processing page 587
2025-07-01 02:11:02,344 - INFO - Processing page 588
2025-07-01 02:11:07,441 - INFO - Processing page 589
2025-07-01 02:11:11,936 - INFO - Processing page 590
2025-07-01 02:11:14,418 - INFO - Checkpoint - Page: 590, Records: 59000, Last ID: 000085633
2025-07-01 02:11:14,418 - INFO - Saved stats to data/2025-07-01_01-27-21/monthly_stats.json
2025-07-01 02:11:16,421 - INFO - Processing page 591
2025-07-01 02:11:21,060 - INFO - Processing page 592
2025-07-01 02:11:25,413 - INFO - Processing page 593
2025-07-01 02:11:29,971 - INFO - Processing page 594
2025-07-01 02:11:35,202 - INFO - Processing page 595
2025-07-01 02:11:37,460 - INFO - Checkpoint - Page: 595, Records: 59500, Last ID: 000084840
2025-07-01 02:11:37,460 - INFO - Saved stats to data/2025-07-01_01-27-21/monthly_stats.json
2025-07-01 02:11:39,463 - INFO - Processing page 596
2025-07-01 02:11:44,052 - INFO - Processing page 597
2025-07-01 02:11:49,797 - INFO - Processing page 598
2025-07-01 02:11:54,392 - INFO - Processing page 599
2025-07-01 02:11:58,777 - INFO - Processing page 600
2025-07-01 02:12:01,305 - INFO - Checkpoint - Page: 600, Records: 60000, Last ID: 000084088
2025-07-01 02:12:01,306 - INFO - Saved stats to data/2025-07-01_01-27-21/monthly_stats.json
2025-07-01 02:12:03,308 - INFO - Processing page 601
2025-07-01 02:12:07,877 - INFO - Processing page 602
2025-07-01 02:12:13,401 - INFO - Processing page 603
2025-07-01 02:12:17,694 - INFO - Processing page 604
2025-07-01 02:12:22,230 - INFO - Processing page 605
2025-07-01 02:12:24,681 - INFO - Checkpoint - Page: 605, Records: 60500, Last ID: 000082884
2025-07-01 02:12:24,681 - INFO - Saved stats to data/2025-07-01_01-27-21/monthly_stats.json
2025-07-01 02:12:26,683 - INFO - Processing page 606
2025-07-01 02:12:31,138 - INFO - Processing page 607
2025-07-01 02:12:35,424 - INFO - Processing page 608
2025-07-01 02:12:40,496 - INFO - Processing page 609
2025-07-01 02:12:44,913 - INFO - Processing page 610
2025-07-01 02:12:47,793 - INFO - Checkpoint - Page: 610, Records: 61000, Last ID: 000082161
2025-07-01 02:12:47,794 - INFO - Saved stats to data/2025-07-01_01-27-21/monthly_stats.json
2025-07-01 02:12:49,796 - INFO - Processing page 611
2025-07-01 02:12:54,524 - INFO - Processing page 612
2025-07-01 02:12:59,056 - INFO - Processing page 613
2025-07-01 02:13:04,248 - INFO - Processing page 614
2025-07-01 02:13:09,333 - INFO - Processing page 615
2025-07-01 02:13:11,670 - INFO - Checkpoint - Page: 615, Records: 61500, Last ID: 000081074
2025-07-01 02:13:11,670 - INFO - Saved stats to data/2025-07-01_01-27-21/monthly_stats.json
2025-07-01 02:13:13,672 - INFO - Processing page 616
2025-07-01 02:13:17,917 - INFO - Processing page 617
2025-07-01 02:13:22,581 - INFO - Processing page 618
2025-07-01 02:13:27,070 - INFO - Processing page 619
2025-07-01 02:13:31,536 - INFO - Processing page 620
2025-07-01 02:13:33,946 - INFO - Checkpoint - Page: 620, Records: 62000, Last ID: 000080335
2025-07-01 02:13:33,946 - INFO - Saved stats to data/2025-07-01_01-27-21/monthly_stats.json
2025-07-01 02:13:35,948 - INFO - Processing page 621
2025-07-01 02:13:40,444 - INFO - Processing page 622
2025-07-01 02:13:44,840 - INFO - Processing page 623
2025-07-01 02:13:49,346 - INFO - Processing page 624
2025-07-01 02:13:53,700 - INFO - Processing page 625
2025-07-01 02:13:56,226 - INFO - Checkpoint - Page: 625, Records: 62500, Last ID: 000079682
2025-07-01 02:13:56,227 - INFO - Saved stats to data/2025-07-01_01-27-21/monthly_stats.json
2025-07-01 02:13:58,229 - INFO - Processing page 626
2025-07-01 02:14:02,594 - INFO - Processing page 627
2025-07-01 02:14:06,957 - INFO - Processing page 628
2025-07-01 02:14:11,202 - INFO - Processing page 629
2025-07-01 02:14:15,593 - INFO - Processing page 630
2025-07-01 02:14:17,871 - INFO - Checkpoint - Page: 630, Records: 63000, Last ID: 000078662
2025-07-01 02:14:17,871 - INFO - Saved stats to data/2025-07-01_01-27-21/monthly_stats.json
2025-07-01 02:14:19,873 - INFO - Processing page 631
2025-07-01 02:14:24,336 - INFO - Processing page 632
2025-07-01 02:14:29,082 - INFO - Processing page 633
2025-07-01 02:14:33,427 - INFO - Processing page 634
2025-07-01 02:14:38,684 - INFO - Processing page 635
2025-07-01 02:14:41,396 - INFO - Checkpoint - Page: 635, Records: 63500, Last ID: 000077353
2025-07-01 02:14:41,396 - INFO - Saved stats to data/2025-07-01_01-27-21/monthly_stats.json
2025-07-01 02:14:43,398 - INFO - Processing page 636
2025-07-01 02:14:47,749 - INFO - Processing page 637
2025-07-01 02:14:52,074 - INFO - Processing page 638
2025-07-01 02:14:57,203 - INFO - Processing page 639
2025-07-01 02:15:01,512 - INFO - Processing page 640
2025-07-01 02:15:04,181 - INFO - Checkpoint - Page: 640, Records: 64000, Last ID: 000076216
2025-07-01 02:15:04,181 - INFO - Saved stats to data/2025-07-01_01-27-21/monthly_stats.json
2025-07-01 02:15:06,183 - INFO - Processing page 641
2025-07-01 02:15:10,747 - INFO - Processing page 642
2025-07-01 02:15:15,268 - INFO - Processing page 643
2025-07-01 02:15:19,494 - INFO - Processing page 644
2025-07-01 02:15:24,081 - INFO - Processing page 645
2025-07-01 02:15:26,222 - INFO - Checkpoint - Page: 645, Records: 64500, Last ID: 000076686
2025-07-01 02:15:26,222 - INFO - Saved stats to data/2025-07-01_01-27-21/monthly_stats.json
2025-07-01 02:15:28,225 - INFO - Processing page 646
2025-07-01 02:15:32,562 - INFO - Processing page 647
2025-07-01 02:15:37,567 - INFO - Processing page 648
2025-07-01 02:15:42,097 - INFO - Processing page 649
2025-07-01 02:15:46,775 - INFO - Processing page 650
2025-07-01 02:15:49,626 - INFO - Checkpoint - Page: 650, Records: 65000, Last ID: 000076109
2025-07-01 02:15:49,626 - INFO - Saved stats to data/2025-07-01_01-27-21/monthly_stats.json
2025-07-01 02:15:51,628 - INFO - Processing page 651
2025-07-01 02:15:56,214 - INFO - Processing page 652
2025-07-01 02:16:00,573 - INFO - Processing page 653
2025-07-01 02:16:05,158 - INFO - Processing page 654
2025-07-01 02:16:09,489 - INFO - Processing page 655
2025-07-01 02:16:11,876 - INFO - Checkpoint - Page: 655, Records: 65500, Last ID: 000073636
2025-07-01 02:16:11,876 - INFO - Saved stats to data/2025-07-01_01-27-21/monthly_stats.json
2025-07-01 02:16:13,878 - INFO - Processing page 656
2025-07-01 02:16:18,555 - INFO - Processing page 657
2025-07-01 02:16:23,115 - INFO - Processing page 658
2025-07-01 02:16:27,793 - INFO - Processing page 659
2025-07-01 02:16:32,348 - INFO - Processing page 660
2025-07-01 02:16:34,688 - INFO - Checkpoint - Page: 660, Records: 66000, Last ID: 000072943
2025-07-01 02:16:34,689 - INFO - Saved stats to data/2025-07-01_01-27-21/monthly_stats.json
2025-07-01 02:16:36,691 - INFO - Processing page 661
2025-07-01 02:16:41,302 - INFO - Processing page 662
2025-07-01 02:16:45,927 - INFO - Processing page 663
2025-07-01 02:16:50,642 - INFO - Processing page 664
2025-07-01 02:16:54,962 - INFO - Processing page 665
2025-07-01 02:16:57,577 - INFO - Checkpoint - Page: 665, Records: 66500, Last ID: 000072259
2025-07-01 02:16:57,577 - INFO - Saved stats to data/2025-07-01_01-27-21/monthly_stats.json
2025-07-01 02:16:59,579 - INFO - Processing page 666
2025-07-01 02:17:04,343 - INFO - Processing page 667
2025-07-01 02:17:08,675 - INFO - Processing page 668
2025-07-01 02:17:14,336 - INFO - Processing page 669
2025-07-01 02:17:19,015 - INFO - Processing page 670
2025-07-01 02:17:21,350 - INFO - Checkpoint - Page: 670, Records: 67000, Last ID: 000071410
2025-07-01 02:17:21,350 - INFO - Saved stats to data/2025-07-01_01-27-21/monthly_stats.json
2025-07-01 02:17:23,352 - INFO - Processing page 671
2025-07-01 02:17:27,691 - INFO - Processing page 672
2025-07-01 02:17:32,016 - INFO - Processing page 673
2025-07-01 02:17:36,470 - INFO - Processing page 674
2025-07-01 02:17:40,891 - INFO - Processing page 675
2025-07-01 02:17:43,190 - INFO - Checkpoint - Page: 675, Records: 67500, Last ID: 000070804
2025-07-01 02:17:43,190 - INFO - Saved stats to data/2025-07-01_01-27-21/monthly_stats.json
2025-07-01 02:17:45,193 - INFO - Processing page 676
2025-07-01 02:17:49,820 - INFO - Processing page 677
2025-07-01 02:17:54,400 - INFO - Processing page 678
2025-07-01 02:17:59,476 - INFO - Processing page 679
2025-07-01 02:18:03,883 - INFO - Processing page 680
2025-07-01 02:18:07,169 - INFO - Checkpoint - Page: 680, Records: 68000, Last ID: 000069949
2025-07-01 02:18:07,170 - INFO - Saved stats to data/2025-07-01_01-27-21/monthly_stats.json
2025-07-01 02:18:09,172 - INFO - Processing page 681
2025-07-01 02:18:13,702 - INFO - Processing page 682
2025-07-01 02:18:18,696 - INFO - Processing page 683
2025-07-01 02:18:23,264 - INFO - Processing page 684
2025-07-01 02:18:27,794 - INFO - Processing page 685
2025-07-01 02:18:30,177 - INFO - Checkpoint - Page: 685, Records: 68500, Last ID: 000068640
2025-07-01 02:18:30,177 - INFO - Saved stats to data/2025-07-01_01-27-21/monthly_stats.json
2025-07-01 02:18:32,180 - INFO - Processing page 686
2025-07-01 02:18:36,678 - INFO - Processing page 687
2025-07-01 02:18:41,014 - INFO - Processing page 688
2025-07-01 02:18:45,636 - INFO - Processing page 689
2025-07-01 02:18:50,031 - INFO - Processing page 690
2025-07-01 02:18:52,701 - INFO - Checkpoint - Page: 690, Records: 69000, Last ID: 000067937
2025-07-01 02:18:52,702 - INFO - Saved stats to data/2025-07-01_01-27-21/monthly_stats.json
2025-07-01 02:18:54,704 - INFO - Processing page 691
2025-07-01 02:19:00,020 - INFO - Processing page 692
2025-07-01 02:19:04,338 - INFO - Processing page 693
2025-07-01 02:19:08,746 - INFO - Processing page 694
2025-07-01 02:19:14,130 - INFO - Processing page 695
2025-07-01 02:19:17,239 - INFO - Checkpoint - Page: 695, Records: 69500, Last ID: 000066738
2025-07-01 02:19:17,239 - INFO - Saved stats to data/2025-07-01_01-27-21/monthly_stats.json
2025-07-01 02:19:19,241 - INFO - Processing page 696
2025-07-01 02:19:24,169 - INFO - Processing page 697
2025-07-01 02:19:28,626 - INFO - Processing page 698
2025-07-01 02:19:33,027 - INFO - Processing page 699
2025-07-01 02:19:37,632 - INFO - Processing page 700
2025-07-01 02:19:40,224 - INFO - Checkpoint - Page: 700, Records: 70000, Last ID: 000065565
2025-07-01 02:19:40,225 - INFO - Saved stats to data/2025-07-01_01-27-21/monthly_stats.json
2025-07-01 02:19:42,227 - INFO - Processing page 701
2025-07-01 02:19:46,699 - INFO - Processing page 702
2025-07-01 02:19:51,241 - INFO - Processing page 703
2025-07-01 02:19:55,706 - INFO - Processing page 704
2025-07-01 02:20:00,026 - INFO - Processing page 705
2025-07-01 02:20:02,639 - INFO - Checkpoint - Page: 705, Records: 70500, Last ID: 000064948
2025-07-01 02:20:02,639 - INFO - Saved stats to data/2025-07-01_01-27-21/monthly_stats.json
2025-07-01 02:20:04,641 - INFO - Processing page 706
2025-07-01 02:20:08,941 - INFO - Processing page 707
2025-07-01 02:20:13,285 - INFO - Processing page 708
2025-07-01 02:20:17,783 - INFO - Processing page 709
2025-07-01 02:20:22,057 - INFO - Processing page 710
2025-07-01 02:20:24,418 - INFO - Checkpoint - Page: 710, Records: 71000, Last ID: 000064120
2025-07-01 02:20:24,419 - INFO - Saved stats to data/2025-07-01_01-27-21/monthly_stats.json
2025-07-01 02:20:26,421 - INFO - Processing page 711
2025-07-01 02:20:30,629 - INFO - Processing page 712
2025-07-01 02:20:35,625 - INFO - Processing page 713
2025-07-01 02:20:39,816 - INFO - Processing page 714
2025-07-01 02:20:44,171 - INFO - Processing page 715
2025-07-01 02:20:46,338 - INFO - Checkpoint - Page: 715, Records: 71500, Last ID: 000079519
2025-07-01 02:20:46,338 - INFO - Saved stats to data/2025-07-01_01-27-21/monthly_stats.json
2025-07-01 02:20:48,341 - INFO - Processing page 716
2025-07-01 02:20:52,954 - INFO - Processing page 717
2025-07-01 02:20:57,804 - INFO - Processing page 718
2025-07-01 02:21:03,292 - INFO - Processing page 719
2025-07-01 02:21:07,629 - INFO - Processing page 720
2025-07-01 02:21:10,014 - INFO - Checkpoint - Page: 720, Records: 72000, Last ID: 000062727
2025-07-01 02:21:10,014 - INFO - Saved stats to data/2025-07-01_01-27-21/monthly_stats.json
2025-07-01 02:21:12,016 - INFO - Processing page 721
2025-07-01 02:21:16,365 - INFO - Processing page 722
2025-07-01 02:21:20,637 - INFO - Processing page 723
2025-07-01 02:21:25,372 - INFO - Processing page 724
2025-07-01 02:21:29,781 - INFO - Processing page 725
2025-07-01 02:21:32,295 - INFO - Checkpoint - Page: 725, Records: 72500, Last ID: 000165105
2025-07-01 02:21:32,296 - INFO - Saved stats to data/2025-07-01_01-27-21/monthly_stats.json
2025-07-01 02:21:34,298 - INFO - Processing page 726
2025-07-01 02:21:38,934 - INFO - Processing page 727
2025-07-01 02:21:43,588 - INFO - Processing page 728
2025-07-01 02:21:47,789 - INFO - Processing page 729
2025-07-01 02:21:52,238 - INFO - Processing page 730
2025-07-01 02:21:55,269 - INFO - Checkpoint - Page: 730, Records: 73000, Last ID: 000061017
2025-07-01 02:21:55,269 - INFO - Saved stats to data/2025-07-01_01-27-21/monthly_stats.json
2025-07-01 02:21:57,271 - INFO - Processing page 731
2025-07-01 02:22:02,727 - INFO - Processing page 732
2025-07-01 02:22:06,946 - INFO - Processing page 733
2025-07-01 02:22:11,165 - INFO - Processing page 734
2025-07-01 02:22:15,790 - INFO - Processing page 735
2025-07-01 02:22:18,367 - INFO - Checkpoint - Page: 735, Records: 73500, Last ID: 000060443
2025-07-01 02:22:18,367 - INFO - Saved stats to data/2025-07-01_01-27-21/monthly_stats.json
2025-07-01 02:22:20,369 - INFO - Processing page 736
2025-07-01 02:22:24,635 - INFO - Processing page 737
2025-07-01 02:22:28,847 - INFO - Processing page 738
2025-07-01 02:22:33,075 - INFO - Processing page 739
2025-07-01 02:22:37,332 - INFO - Processing page 740
2025-07-01 02:22:39,708 - INFO - Checkpoint - Page: 740, Records: 74000, Last ID: 000059813
2025-07-01 02:22:39,709 - INFO - Saved stats to data/2025-07-01_01-27-21/monthly_stats.json
2025-07-01 02:22:41,711 - INFO - Processing page 741
2025-07-01 02:22:46,127 - INFO - Processing page 742
2025-07-01 02:22:50,652 - INFO - Processing page 743
2025-07-01 02:22:56,790 - INFO - Processing page 744
2025-07-01 02:23:01,163 - INFO - Processing page 745
2025-07-01 02:23:03,422 - INFO - Checkpoint - Page: 745, Records: 74500, Last ID: 000059143
2025-07-01 02:23:03,422 - INFO - Saved stats to data/2025-07-01_01-27-21/monthly_stats.json
2025-07-01 02:23:05,425 - INFO - Processing page 746
2025-07-01 02:23:09,905 - INFO - Processing page 747
2025-07-01 02:23:14,478 - INFO - Processing page 748
2025-07-01 02:23:18,611 - INFO - Processing page 749
2025-07-01 02:23:22,851 - INFO - Processing page 750
2025-07-01 02:23:25,125 - INFO - Checkpoint - Page: 750, Records: 75000, Last ID: 000058602
2025-07-01 02:23:25,125 - INFO - Saved stats to data/2025-07-01_01-27-21/monthly_stats.json
2025-07-01 02:23:27,128 - INFO - Processing page 751
2025-07-01 02:23:31,536 - INFO - Processing page 752
2025-07-01 02:23:35,949 - INFO - Processing page 753
2025-07-01 02:23:40,425 - INFO - Processing page 754
2025-07-01 02:23:45,561 - INFO - Processing page 755
2025-07-01 02:23:48,024 - INFO - Checkpoint - Page: 755, Records: 75500, Last ID: 000057871
2025-07-01 02:23:48,025 - INFO - Saved stats to data/2025-07-01_01-27-21/monthly_stats.json
2025-07-01 02:23:50,027 - INFO - Processing page 756
2025-07-01 02:23:54,396 - INFO - Processing page 757
2025-07-01 02:23:58,745 - INFO - Processing page 758
2025-07-01 02:24:03,349 - INFO - Processing page 759
2025-07-01 02:24:07,774 - INFO - Processing page 760
2025-07-01 02:24:10,090 - INFO - Checkpoint - Page: 760, Records: 76000, Last ID: 000057082
2025-07-01 02:24:10,090 - INFO - Saved stats to data/2025-07-01_01-27-21/monthly_stats.json
2025-07-01 02:24:12,092 - INFO - Processing page 761
2025-07-01 02:24:16,790 - INFO - Processing page 762
2025-07-01 02:24:21,278 - INFO - Processing page 763
2025-07-01 02:24:26,119 - INFO - Processing page 764
2025-07-01 02:24:30,960 - INFO - Processing page 765
2025-07-01 02:24:33,294 - INFO - Checkpoint - Page: 765, Records: 76500, Last ID: 000055883
2025-07-01 02:24:33,294 - INFO - Saved stats to data/2025-07-01_01-27-21/monthly_stats.json
2025-07-01 02:24:35,297 - INFO - Processing page 766
2025-07-01 02:24:39,800 - INFO - Processing page 767
2025-07-01 02:24:44,867 - INFO - Processing page 768
2025-07-01 02:24:49,300 - INFO - Processing page 769
2025-07-01 02:24:53,556 - INFO - Processing page 770
2025-07-01 02:24:56,123 - INFO - Checkpoint - Page: 770, Records: 77000, Last ID: 000055018
2025-07-01 02:24:56,123 - INFO - Saved stats to data/2025-07-01_01-27-21/monthly_stats.json
2025-07-01 02:24:58,126 - INFO - Processing page 771
2025-07-01 02:25:02,202 - INFO - Processing page 772
2025-07-01 02:25:06,548 - INFO - Processing page 773
2025-07-01 02:25:11,103 - INFO - Processing page 774
2025-07-01 02:25:15,504 - INFO - Processing page 775
2025-07-01 02:25:17,856 - INFO - Checkpoint - Page: 775, Records: 77500, Last ID: 000054346
2025-07-01 02:25:17,856 - INFO - Saved stats to data/2025-07-01_01-27-21/monthly_stats.json
2025-07-01 02:25:19,858 - INFO - Processing page 776
2025-07-01 02:25:24,493 - INFO - Processing page 777
2025-07-01 02:25:28,818 - INFO - Processing page 778
2025-07-01 02:25:33,611 - INFO - Processing page 779
2025-07-01 02:25:38,083 - INFO - Processing page 780
2025-07-01 02:25:40,397 - INFO - Checkpoint - Page: 780, Records: 78000, Last ID: 000056604
2025-07-01 02:25:40,398 - INFO - Saved stats to data/2025-07-01_01-27-21/monthly_stats.json
2025-07-01 02:25:42,400 - INFO - Processing page 781
2025-07-01 02:25:47,053 - INFO - Processing page 782
2025-07-01 02:25:51,296 - INFO - Processing page 783
2025-07-01 02:25:55,769 - INFO - Processing page 784
2025-07-01 02:25:59,880 - INFO - Processing page 785
2025-07-01 02:26:02,061 - INFO - Checkpoint - Page: 785, Records: 78500, Last ID: 000052341
2025-07-01 02:26:02,061 - INFO - Saved stats to data/2025-07-01_01-27-21/monthly_stats.json
2025-07-01 02:26:04,064 - INFO - Processing page 786
2025-07-01 02:26:08,345 - INFO - Processing page 787
2025-07-01 02:26:12,656 - INFO - Processing page 788
2025-07-01 02:26:17,183 - INFO - Processing page 789
2025-07-01 02:26:21,978 - INFO - Processing page 790
2025-07-01 02:26:24,319 - INFO - Checkpoint - Page: 790, Records: 79000, Last ID: 000051578
2025-07-01 02:26:24,319 - INFO - Saved stats to data/2025-07-01_01-27-21/monthly_stats.json
2025-07-01 02:26:26,322 - INFO - Processing page 791
2025-07-01 02:26:30,528 - INFO - Processing page 792
2025-07-01 02:26:34,830 - INFO - Processing page 793
2025-07-01 02:26:39,254 - INFO - Processing page 794
2025-07-01 02:26:43,917 - INFO - Processing page 795
2025-07-01 02:26:46,570 - INFO - Checkpoint - Page: 795, Records: 79500, Last ID: 000050482
2025-07-01 02:26:46,571 - INFO - Saved stats to data/2025-07-01_01-27-21/monthly_stats.json
2025-07-01 02:26:48,573 - INFO - Processing page 796
2025-07-01 02:26:52,968 - INFO - Processing page 797
2025-07-01 02:26:57,467 - INFO - Processing page 798
2025-07-01 02:27:01,752 - INFO - Processing page 799
2025-07-01 02:27:06,535 - INFO - Processing page 800
2025-07-01 02:27:08,804 - INFO - Checkpoint - Page: 800, Records: 80000, Last ID: 000049850
2025-07-01 02:27:08,804 - INFO - Saved stats to data/2025-07-01_01-27-21/monthly_stats.json
2025-07-01 02:27:10,806 - INFO - Processing page 801
2025-07-01 02:27:15,523 - INFO - Processing page 802
2025-07-01 02:27:19,825 - INFO - Processing page 803
2025-07-01 02:27:24,233 - INFO - Processing page 804
2025-07-01 02:27:28,689 - INFO - Processing page 805
2025-07-01 02:27:31,434 - INFO - Checkpoint - Page: 805, Records: 80500, Last ID: 000049155
2025-07-01 02:27:31,434 - INFO - Saved stats to data/2025-07-01_01-27-21/monthly_stats.json
2025-07-01 02:27:33,437 - INFO - Processing page 806
2025-07-01 02:27:37,655 - INFO - Processing page 807
2025-07-01 02:27:42,137 - INFO - Processing page 808
2025-07-01 02:27:46,568 - INFO - Processing page 809
2025-07-01 02:27:50,986 - INFO - Processing page 810
2025-07-01 02:27:53,835 - INFO - Checkpoint - Page: 810, Records: 81000, Last ID: 000048485
2025-07-01 02:27:53,836 - INFO - Saved stats to data/2025-07-01_01-27-21/monthly_stats.json
2025-07-01 02:27:55,838 - INFO - Processing page 811
2025-07-01 02:28:00,535 - INFO - Processing page 812
2025-07-01 02:28:05,133 - INFO - Processing page 813
2025-07-01 02:28:09,577 - INFO - Processing page 814
2025-07-01 02:28:14,359 - INFO - Processing page 815
2025-07-01 02:28:17,144 - INFO - Checkpoint - Page: 815, Records: 81500, Last ID: 000047205
2025-07-01 02:28:17,144 - INFO - Saved stats to data/2025-07-01_01-27-21/monthly_stats.json
2025-07-01 02:28:19,146 - INFO - Processing page 816
2025-07-01 02:28:23,630 - INFO - Processing page 817
2025-07-01 02:28:27,988 - INFO - Processing page 818
2025-07-01 02:28:32,428 - INFO - Processing page 819
2025-07-01 02:28:37,035 - INFO - Processing page 820
2025-07-01 02:28:39,892 - INFO - Checkpoint - Page: 820, Records: 82000, Last ID: 000046569
2025-07-01 02:28:39,893 - INFO - Saved stats to data/2025-07-01_01-27-21/monthly_stats.json
2025-07-01 02:28:41,895 - INFO - Processing page 821
2025-07-01 02:28:46,527 - INFO - Processing page 822
2025-07-01 02:28:52,202 - INFO - Processing page 823
2025-07-01 02:28:56,629 - INFO - Processing page 824
2025-07-01 02:29:01,138 - INFO - Processing page 825
2025-07-01 02:29:03,811 - INFO - Checkpoint - Page: 825, Records: 82500, Last ID: 000044785
2025-07-01 02:29:03,811 - INFO - Saved stats to data/2025-07-01_01-27-21/monthly_stats.json
2025-07-01 02:29:05,813 - INFO - Processing page 826
2025-07-01 02:29:10,245 - INFO - Processing page 827
2025-07-01 02:29:14,932 - INFO - Processing page 828
2025-07-01 02:29:19,385 - INFO - Processing page 829
2025-07-01 02:29:23,885 - INFO - Processing page 830
2025-07-01 02:29:26,413 - INFO - Checkpoint - Page: 830, Records: 83000, Last ID: 000043747
2025-07-01 02:29:26,414 - INFO - Saved stats to data/2025-07-01_01-27-21/monthly_stats.json
2025-07-01 02:29:28,416 - INFO - Processing page 831
2025-07-01 02:29:32,750 - INFO - Processing page 832
2025-07-01 02:29:37,594 - INFO - Processing page 833
2025-07-01 02:29:41,946 - INFO - Processing page 834
2025-07-01 02:29:46,305 - INFO - Processing page 835
2025-07-01 02:29:49,096 - INFO - Checkpoint - Page: 835, Records: 83500, Last ID: 000042875
2025-07-01 02:29:49,097 - INFO - Saved stats to data/2025-07-01_01-27-21/monthly_stats.json
2025-07-01 02:29:51,099 - INFO - Processing page 836
2025-07-01 02:29:55,525 - INFO - Processing page 837
2025-07-01 02:29:59,845 - INFO - Processing page 838
2025-07-01 02:30:05,119 - INFO - Processing page 839
2025-07-01 02:30:10,809 - INFO - Processing page 840
2025-07-01 02:30:13,322 - INFO - Checkpoint - Page: 840, Records: 84000, Last ID: 000041417
2025-07-01 02:30:13,323 - INFO - Saved stats to data/2025-07-01_01-27-21/monthly_stats.json
2025-07-01 02:30:15,325 - INFO - Processing page 841
2025-07-01 02:30:19,830 - INFO - Processing page 842
2025-07-01 02:30:24,436 - INFO - Processing page 843
2025-07-01 02:30:29,329 - INFO - Processing page 844
2025-07-01 02:30:33,964 - INFO - Processing page 845
2025-07-01 02:30:36,585 - INFO - Checkpoint - Page: 845, Records: 84500, Last ID: 000039951
2025-07-01 02:30:36,585 - INFO - Saved stats to data/2025-07-01_01-27-21/monthly_stats.json
2025-07-01 02:30:38,587 - INFO - Processing page 846
2025-07-01 02:30:43,041 - INFO - Processing page 847
2025-07-01 02:30:48,544 - INFO - Processing page 848
2025-07-01 02:30:52,906 - INFO - Processing page 849
2025-07-01 02:30:57,680 - INFO - Processing page 850
2025-07-01 02:31:00,331 - INFO - Checkpoint - Page: 850, Records: 85000, Last ID: 000038970
2025-07-01 02:31:00,331 - INFO - Saved stats to data/2025-07-01_01-27-21/monthly_stats.json
2025-07-01 02:31:02,333 - INFO - Processing page 851
2025-07-01 02:31:06,886 - INFO - Processing page 852
2025-07-01 02:31:11,433 - INFO - Processing page 853
2025-07-01 02:31:15,785 - INFO - Processing page 854
2025-07-01 02:31:20,831 - INFO - Processing page 855
2025-07-01 02:31:23,853 - INFO - Checkpoint - Page: 855, Records: 85500, Last ID: 000037958
2025-07-01 02:31:23,853 - INFO - Saved stats to data/2025-07-01_01-27-21/monthly_stats.json
2025-07-01 02:31:25,855 - INFO - Processing page 856
2025-07-01 02:31:30,039 - INFO - Processing page 857
2025-07-01 02:31:34,945 - INFO - Processing page 858
2025-07-01 02:31:39,480 - INFO - Processing page 859
2025-07-01 02:31:44,410 - INFO - Processing page 860
2025-07-01 02:31:46,886 - INFO - Checkpoint - Page: 860, Records: 86000, Last ID: 000037630
2025-07-01 02:31:46,886 - INFO - Saved stats to data/2025-07-01_01-27-21/monthly_stats.json
2025-07-01 02:31:48,888 - INFO - Processing page 861
2025-07-01 02:31:53,422 - INFO - Processing page 862
2025-07-01 02:31:58,318 - INFO - Processing page 863
2025-07-01 02:32:02,904 - INFO - Processing page 864
2025-07-01 02:32:07,458 - INFO - Processing page 865
2025-07-01 02:32:09,810 - INFO - Checkpoint - Page: 865, Records: 86500, Last ID: 000036411
2025-07-01 02:32:09,810 - INFO - Saved stats to data/2025-07-01_01-27-21/monthly_stats.json
2025-07-01 02:32:11,812 - INFO - Processing page 866
2025-07-01 02:32:17,146 - INFO - Processing page 867
2025-07-01 02:32:21,467 - INFO - Processing page 868
2025-07-01 02:32:26,228 - INFO - Processing page 869
2025-07-01 02:32:30,743 - INFO - Processing page 870
2025-07-01 02:32:33,748 - INFO - Checkpoint - Page: 870, Records: 87000, Last ID: 000035776
2025-07-01 02:32:33,748 - INFO - Saved stats to data/2025-07-01_01-27-21/monthly_stats.json
2025-07-01 02:32:35,751 - INFO - Processing page 871
2025-07-01 02:32:40,410 - INFO - Processing page 872
2025-07-01 02:32:45,073 - INFO - Processing page 873
2025-07-01 02:32:49,516 - INFO - Processing page 874
2025-07-01 02:32:54,133 - INFO - Processing page 875
2025-07-01 02:32:56,630 - INFO - Checkpoint - Page: 875, Records: 87500, Last ID: 000035260
2025-07-01 02:32:56,630 - INFO - Saved stats to data/2025-07-01_01-27-21/monthly_stats.json
2025-07-01 02:32:58,632 - INFO - Processing page 876
2025-07-01 02:33:03,527 - INFO - Processing page 877
2025-07-01 02:33:08,411 - INFO - Processing page 878
2025-07-01 02:33:12,865 - INFO - Processing page 879
2025-07-01 02:33:17,199 - INFO - Processing page 880
2025-07-01 02:33:19,972 - INFO - Checkpoint - Page: 880, Records: 88000, Last ID: 000034730
2025-07-01 02:33:19,972 - INFO - Saved stats to data/2025-07-01_01-27-21/monthly_stats.json
2025-07-01 02:33:21,974 - INFO - Processing page 881
2025-07-01 02:33:26,682 - INFO - Processing page 882
2025-07-01 02:33:31,527 - INFO - Processing page 883
2025-07-01 02:33:37,297 - INFO - Processing page 884
2025-07-01 02:33:42,098 - INFO - Processing page 885
2025-07-01 02:33:44,872 - INFO - Checkpoint - Page: 885, Records: 88500, Last ID: 000034008
2025-07-01 02:33:44,872 - INFO - Saved stats to data/2025-07-01_01-27-21/monthly_stats.json
2025-07-01 02:33:46,874 - INFO - Processing page 886
2025-07-01 02:33:51,157 - INFO - Processing page 887
2025-07-01 02:33:55,668 - INFO - Processing page 888
2025-07-01 02:34:00,184 - INFO - Processing page 889
2025-07-01 02:34:04,633 - INFO - Processing page 890
2025-07-01 02:34:06,964 - INFO - Checkpoint - Page: 890, Records: 89000, Last ID: 000033414
2025-07-01 02:34:06,964 - INFO - Saved stats to data/2025-07-01_01-27-21/monthly_stats.json
2025-07-01 02:34:08,966 - INFO - Processing page 891
2025-07-01 02:34:13,316 - INFO - Processing page 892
2025-07-01 02:34:17,709 - INFO - Processing page 893
2025-07-01 02:34:22,351 - INFO - Processing page 894
2025-07-01 02:34:26,720 - INFO - Processing page 895
2025-07-01 02:34:29,314 - INFO - Checkpoint - Page: 895, Records: 89500, Last ID: 000032528
2025-07-01 02:34:29,315 - INFO - Saved stats to data/2025-07-01_01-27-21/monthly_stats.json
2025-07-01 02:34:31,317 - INFO - Processing page 896
2025-07-01 02:34:35,629 - INFO - Processing page 897
2025-07-01 02:34:40,208 - INFO - Processing page 898
2025-07-01 02:34:44,754 - INFO - Processing page 899
2025-07-01 02:34:49,224 - INFO - Processing page 900
2025-07-01 02:34:52,209 - INFO - Checkpoint - Page: 900, Records: 90000, Last ID: 000031169
2025-07-01 02:34:52,209 - INFO - Saved stats to data/2025-07-01_01-27-21/monthly_stats.json
2025-07-01 02:34:54,211 - INFO - Processing page 901
2025-07-01 02:34:59,053 - INFO - Processing page 902
2025-07-01 02:35:03,513 - INFO - Processing page 903
2025-07-01 02:35:08,553 - INFO - Processing page 904
2025-07-01 02:35:12,956 - INFO - Processing page 905
2025-07-01 02:35:15,284 - INFO - Checkpoint - Page: 905, Records: 90500, Last ID: 000030421
2025-07-01 02:35:15,284 - INFO - Saved stats to data/2025-07-01_01-27-21/monthly_stats.json
2025-07-01 02:35:17,286 - INFO - Processing page 906
2025-07-01 02:35:21,789 - INFO - Processing page 907
2025-07-01 02:35:26,027 - INFO - Processing page 908
2025-07-01 02:35:30,788 - INFO - Processing page 909
2025-07-01 02:35:35,009 - INFO - Processing page 910
2025-07-01 02:35:37,448 - INFO - Checkpoint - Page: 910, Records: 91000, Last ID: 000029624
2025-07-01 02:35:37,449 - INFO - Saved stats to data/2025-07-01_01-27-21/monthly_stats.json
2025-07-01 02:35:39,451 - INFO - Processing page 911
2025-07-01 02:35:43,971 - INFO - Processing page 912
2025-07-01 02:35:48,897 - INFO - Processing page 913
2025-07-01 02:35:54,671 - INFO - Processing page 914
2025-07-01 02:35:59,323 - INFO - Processing page 915
2025-07-01 02:36:01,970 - INFO - Checkpoint - Page: 915, Records: 91500, Last ID: 000028927
2025-07-01 02:36:01,970 - INFO - Saved stats to data/2025-07-01_01-27-21/monthly_stats.json
2025-07-01 02:36:03,972 - INFO - Processing page 916
2025-07-01 02:36:08,495 - INFO - Processing page 917
2025-07-01 02:36:13,842 - INFO - Processing page 918
2025-07-01 02:36:18,169 - INFO - Processing page 919
2025-07-01 02:36:22,530 - INFO - Processing page 920
2025-07-01 02:36:25,112 - INFO - Checkpoint - Page: 920, Records: 92000, Last ID: 000028143
2025-07-01 02:36:25,112 - INFO - Saved stats to data/2025-07-01_01-27-21/monthly_stats.json
2025-07-01 02:36:27,114 - INFO - Processing page 921
2025-07-01 02:36:32,086 - INFO - Processing page 922
2025-07-01 02:36:36,926 - INFO - Processing page 923
2025-07-01 02:36:42,119 - INFO - Processing page 924
2025-07-01 02:36:46,415 - INFO - Processing page 925
2025-07-01 02:36:48,773 - INFO - Checkpoint - Page: 925, Records: 92500, Last ID: 000027465
2025-07-01 02:36:48,773 - INFO - Saved stats to data/2025-07-01_01-27-21/monthly_stats.json
2025-07-01 02:36:50,775 - INFO - Processing page 926
2025-07-01 02:36:55,128 - INFO - Processing page 927
2025-07-01 02:36:59,970 - INFO - Processing page 928
2025-07-01 02:37:04,457 - INFO - Processing page 929
2025-07-01 02:37:09,280 - INFO - Processing page 930
2025-07-01 02:37:11,738 - INFO - Checkpoint - Page: 930, Records: 93000, Last ID: 000027205
2025-07-01 02:37:11,738 - INFO - Saved stats to data/2025-07-01_01-27-21/monthly_stats.json
2025-07-01 02:37:13,740 - INFO - Processing page 931
2025-07-01 02:37:18,134 - INFO - Processing page 932
2025-07-01 02:37:22,697 - INFO - Processing page 933
2025-07-01 02:37:27,227 - INFO - Processing page 934
2025-07-01 02:37:31,638 - INFO - Processing page 935
2025-07-01 02:37:34,454 - INFO - Checkpoint - Page: 935, Records: 93500, Last ID: 000025619
2025-07-01 02:37:34,455 - INFO - Saved stats to data/2025-07-01_01-27-21/monthly_stats.json
2025-07-01 02:37:36,457 - INFO - Processing page 936
2025-07-01 02:37:41,355 - INFO - Processing page 937
2025-07-01 02:37:45,905 - INFO - Processing page 938
2025-07-01 02:37:50,791 - INFO - Processing page 939
2025-07-01 02:37:55,936 - INFO - Processing page 940
2025-07-01 02:37:58,377 - INFO - Checkpoint - Page: 940, Records: 94000, Last ID: 000024801
2025-07-01 02:37:58,378 - INFO - Saved stats to data/2025-07-01_01-27-21/monthly_stats.json
2025-07-01 02:38:00,380 - INFO - Processing page 941
2025-07-01 02:38:04,719 - INFO - Processing page 942
2025-07-01 02:38:09,312 - INFO - Processing page 943
2025-07-01 02:38:13,669 - INFO - Processing page 944
2025-07-01 02:38:18,463 - INFO - Processing page 945
2025-07-01 02:38:21,098 - INFO - Checkpoint - Page: 945, Records: 94500, Last ID: 000023922
2025-07-01 02:38:21,099 - INFO - Saved stats to data/2025-07-01_01-27-21/monthly_stats.json
2025-07-01 02:38:23,101 - INFO - Processing page 946
2025-07-01 02:38:27,738 - INFO - Processing page 947
2025-07-01 02:38:32,287 - INFO - Processing page 948
2025-07-01 02:38:37,255 - INFO - Processing page 949
2025-07-01 02:38:41,922 - INFO - Processing page 950
2025-07-01 02:38:44,825 - INFO - Checkpoint - Page: 950, Records: 95000, Last ID: 000022712
2025-07-01 02:38:44,825 - INFO - Saved stats to data/2025-07-01_01-27-21/monthly_stats.json
2025-07-01 02:38:46,827 - INFO - Processing page 951
2025-07-01 02:38:51,727 - INFO - Processing page 952
2025-07-01 02:38:56,955 - INFO - Processing page 953
2025-07-01 02:39:01,423 - INFO - Processing page 954
2025-07-01 02:39:06,061 - INFO - Processing page 955
2025-07-01 02:39:09,078 - INFO - Checkpoint - Page: 955, Records: 95500, Last ID: 000021664
2025-07-01 02:39:09,078 - INFO - Saved stats to data/2025-07-01_01-27-21/monthly_stats.json
2025-07-01 02:39:11,080 - INFO - Processing page 956
2025-07-01 02:39:15,322 - INFO - Processing page 957
2025-07-01 02:39:19,681 - INFO - Processing page 958
2025-07-01 02:39:23,958 - INFO - Processing page 959
2025-07-01 02:39:28,395 - INFO - Processing page 960
2025-07-01 02:39:31,480 - INFO - Checkpoint - Page: 960, Records: 96000, Last ID: 000020854
2025-07-01 02:39:31,480 - INFO - Saved stats to data/2025-07-01_01-27-21/monthly_stats.json
2025-07-01 02:39:33,482 - INFO - Processing page 961
2025-07-01 02:39:38,422 - INFO - Processing page 962
2025-07-01 02:39:42,885 - INFO - Processing page 963
2025-07-01 02:39:47,348 - INFO - Processing page 964
2025-07-01 02:39:51,913 - INFO - Processing page 965
2025-07-01 02:39:55,718 - INFO - Checkpoint - Page: 965, Records: 96500, Last ID: 000019832
2025-07-01 02:39:55,719 - INFO - Saved stats to data/2025-07-01_01-27-21/monthly_stats.json
2025-07-01 02:39:57,721 - INFO - Processing page 966
2025-07-01 02:40:02,307 - INFO - Processing page 967
2025-07-01 02:40:06,970 - INFO - Processing page 968
2025-07-01 02:40:11,562 - INFO - Processing page 969
2025-07-01 02:40:16,234 - INFO - Processing page 970
2025-07-01 02:40:18,624 - INFO - Checkpoint - Page: 970, Records: 97000, Last ID: 000019162
2025-07-01 02:40:18,624 - INFO - Saved stats to data/2025-07-01_01-27-21/monthly_stats.json
2025-07-01 02:40:20,626 - INFO - Processing page 971
2025-07-01 02:40:25,621 - INFO - Processing page 972
2025-07-01 02:40:30,137 - INFO - Processing page 973
2025-07-01 02:40:34,648 - INFO - Processing page 974
2025-07-01 02:40:39,105 - INFO - Processing page 975
2025-07-01 02:40:41,536 - INFO - Checkpoint - Page: 975, Records: 97500, Last ID: 000018361
2025-07-01 02:40:41,536 - INFO - Saved stats to data/2025-07-01_01-27-21/monthly_stats.json
2025-07-01 02:40:43,538 - INFO - Processing page 976
2025-07-01 02:40:48,179 - INFO - Processing page 977
2025-07-01 02:40:52,742 - INFO - Processing page 978
2025-07-01 02:40:57,550 - INFO - Processing page 979
2025-07-01 02:41:01,733 - INFO - Processing page 980
2025-07-01 02:41:04,468 - INFO - Checkpoint - Page: 980, Records: 98000, Last ID: 000017443
2025-07-01 02:41:04,468 - INFO - Saved stats to data/2025-07-01_01-27-21/monthly_stats.json
2025-07-01 02:41:06,471 - INFO - Processing page 981
2025-07-01 02:41:11,408 - INFO - Processing page 982
2025-07-01 02:41:16,337 - INFO - Processing page 983
2025-07-01 02:41:20,827 - INFO - Processing page 984
2025-07-01 02:41:25,291 - INFO - Processing page 985
2025-07-01 02:41:27,561 - INFO - Checkpoint - Page: 985, Records: 98500, Last ID: 000016368
2025-07-01 02:41:27,561 - INFO - Saved stats to data/2025-07-01_01-27-21/monthly_stats.json
2025-07-01 02:41:29,563 - INFO - Processing page 986
2025-07-01 02:41:34,181 - INFO - Processing page 987
2025-07-01 02:41:38,995 - INFO - Processing page 988
2025-07-01 02:41:44,108 - INFO - Processing page 989
2025-07-01 02:41:48,870 - INFO - Processing page 990
2025-07-01 02:41:52,265 - INFO - Checkpoint - Page: 990, Records: 99000, Last ID: 000015784
2025-07-01 02:41:52,265 - INFO - Saved stats to data/2025-07-01_01-27-21/monthly_stats.json
2025-07-01 02:41:54,267 - INFO - Processing page 991
2025-07-01 02:41:58,819 - INFO - Processing page 992
2025-07-01 02:42:03,438 - INFO - Processing page 993
2025-07-01 02:42:07,850 - INFO - Processing page 994
2025-07-01 02:42:12,314 - INFO - Processing page 995
2025-07-01 02:42:15,586 - INFO - Checkpoint - Page: 995, Records: 99500, Last ID: 000015179
2025-07-01 02:42:15,586 - INFO - Saved stats to data/2025-07-01_01-27-21/monthly_stats.json
2025-07-01 02:42:17,589 - INFO - Processing page 996
2025-07-01 02:42:22,379 - INFO - Processing page 997
2025-07-01 02:42:29,049 - INFO - Processing page 998
2025-07-01 02:42:33,642 - INFO - Processing page 999
2025-07-01 02:42:38,376 - INFO - Processing page 1000
2025-07-01 02:42:41,490 - INFO - Checkpoint - Page: 1000, Records: 100000, Last ID: 000014444
2025-07-01 02:42:41,490 - INFO - Saved stats to data/2025-07-01_01-27-21/monthly_stats.json
2025-07-01 02:42:43,492 - INFO - Processing page 1001
2025-07-01 02:42:47,941 - INFO - Processing page 1002
2025-07-01 02:42:52,824 - INFO - Processing page 1003
2025-07-01 02:42:57,439 - INFO - Processing page 1004
2025-07-01 02:43:03,044 - INFO - Processing page 1005
2025-07-01 02:43:05,523 - INFO - Checkpoint - Page: 1005, Records: 100500, Last ID: 000013584
2025-07-01 02:43:05,523 - INFO - Saved stats to data/2025-07-01_01-27-21/monthly_stats.json
2025-07-01 02:43:07,526 - INFO - Processing page 1006
2025-07-01 02:43:11,993 - INFO - Processing page 1007
2025-07-01 02:43:17,800 - INFO - Processing page 1008
2025-07-01 02:43:22,169 - INFO - Processing page 1009
2025-07-01 02:43:26,568 - INFO - Processing page 1010
2025-07-01 02:43:29,126 - INFO - Checkpoint - Page: 1010, Records: 101000, Last ID: 000012338
2025-07-01 02:43:29,126 - INFO - Saved stats to data/2025-07-01_01-27-21/monthly_stats.json
2025-07-01 02:43:31,129 - INFO - Processing page 1011
2025-07-01 02:43:35,503 - INFO - Processing page 1012
2025-07-01 02:43:39,811 - INFO - Processing page 1013
2025-07-01 02:43:44,390 - INFO - Processing page 1014
2025-07-01 02:43:49,327 - INFO - Processing page 1015
2025-07-01 02:43:52,114 - INFO - Checkpoint - Page: 1015, Records: 101500, Last ID: 000009830
2025-07-01 02:43:52,114 - INFO - Saved stats to data/2025-07-01_01-27-21/monthly_stats.json
2025-07-01 02:43:54,116 - INFO - Processing page 1016
2025-07-01 02:43:59,061 - INFO - Processing page 1017
2025-07-01 02:44:03,737 - INFO - Processing page 1018
2025-07-01 02:44:07,999 - INFO - Processing page 1019
2025-07-01 02:44:12,509 - INFO - Processing page 1020
2025-07-01 02:44:14,809 - INFO - Checkpoint - Page: 1020, Records: 102000, Last ID: 000008542
2025-07-01 02:44:14,810 - INFO - Saved stats to data/2025-07-01_01-27-21/monthly_stats.json
2025-07-01 02:44:16,812 - INFO - Processing page 1021
2025-07-01 02:44:21,216 - INFO - Processing page 1022
2025-07-01 02:44:25,477 - INFO - Processing page 1023
2025-07-01 02:44:29,882 - INFO - Processing page 1024
2025-07-01 02:44:34,766 - INFO - Processing page 1025
2025-07-01 02:44:37,694 - INFO - Checkpoint - Page: 1025, Records: 102500, Last ID: 000007079
2025-07-01 02:44:37,695 - INFO - Saved stats to data/2025-07-01_01-27-21/monthly_stats.json
2025-07-01 02:44:39,697 - INFO - Processing page 1026
2025-07-01 02:44:44,116 - INFO - Processing page 1027
2025-07-01 02:44:49,014 - INFO - Processing page 1028
2025-07-01 02:44:53,438 - INFO - Processing page 1029
2025-07-01 02:44:57,912 - INFO - Processing page 1030
2025-07-01 02:45:00,424 - INFO - Checkpoint - Page: 1030, Records: 103000, Last ID: 000006097
2025-07-01 02:45:00,424 - INFO - Saved stats to data/2025-07-01_01-27-21/monthly_stats.json
2025-07-01 02:45:02,426 - INFO - Processing page 1031
2025-07-01 02:45:07,066 - INFO - Processing page 1032
2025-07-01 02:45:11,582 - INFO - Processing page 1033
2025-07-01 02:45:16,275 - INFO - Processing page 1034
2025-07-01 02:45:20,575 - INFO - Processing page 1035
2025-07-01 02:45:23,079 - INFO - Checkpoint - Page: 1035, Records: 103500, Last ID: 000004948
2025-07-01 02:45:23,079 - INFO - Saved stats to data/2025-07-01_01-27-21/monthly_stats.json
2025-07-01 02:45:25,081 - INFO - Processing page 1036
2025-07-01 02:45:29,443 - INFO - Processing page 1037
2025-07-01 02:45:33,934 - INFO - Processing page 1038
2025-07-01 02:45:38,212 - INFO - Processing page 1039
2025-07-01 02:45:43,136 - INFO - Processing page 1040
2025-07-01 02:45:45,551 - INFO - Checkpoint - Page: 1040, Records: 104000, Last ID: 000004431
2025-07-01 02:45:45,551 - INFO - Saved stats to data/2025-07-01_01-27-21/monthly_stats.json
2025-07-01 02:45:47,553 - INFO - Processing page 1041
2025-07-01 02:45:52,490 - INFO - Processing page 1042
2025-07-01 02:45:57,003 - INFO - Processing page 1043
2025-07-01 02:46:01,333 - INFO - Processing page 1044
2025-07-01 02:46:06,591 - INFO - Processing page 1045
2025-07-01 02:46:09,001 - INFO - Checkpoint - Page: 1045, Records: 104500, Last ID: 000003844
2025-07-01 02:46:09,001 - INFO - Saved stats to data/2025-07-01_01-27-21/monthly_stats.json
2025-07-01 02:46:11,004 - INFO - Processing page 1046
2025-07-01 02:46:16,387 - INFO - Processing page 1047
2025-07-01 02:46:20,740 - INFO - Processing page 1048
2025-07-01 02:46:25,289 - INFO - Processing page 1049
2025-07-01 02:46:29,758 - INFO - Processing page 1050
2025-07-01 02:46:32,556 - INFO - Checkpoint - Page: 1050, Records: 105000, Last ID: 000003339
2025-07-01 02:46:32,556 - INFO - Saved stats to data/2025-07-01_01-27-21/monthly_stats.json
2025-07-01 02:46:34,559 - INFO - Processing page 1051
2025-07-01 02:46:38,901 - INFO - Processing page 1052
2025-07-01 02:46:43,403 - INFO - Processing page 1053
2025-07-01 02:46:48,005 - INFO - Processing page 1054
2025-07-01 02:46:52,423 - INFO - Processing page 1055
2025-07-01 02:46:55,262 - INFO - Checkpoint - Page: 1055, Records: 105500, Last ID: 000012965
2025-07-01 02:46:55,262 - INFO - Saved stats to data/2025-07-01_01-27-21/monthly_stats.json
2025-07-01 02:46:57,264 - INFO - Processing page 1056
2025-07-01 02:47:01,726 - INFO - Processing page 1057
2025-07-01 02:47:06,516 - INFO - Processing page 1058
2025-07-01 02:47:10,952 - INFO - Processing page 1059
2025-07-01 02:47:15,728 - INFO - Processing page 1060
2025-07-01 02:47:18,219 - INFO - Checkpoint - Page: 1060, Records: 106000, Last ID: 000001888
2025-07-01 02:47:18,219 - INFO - Saved stats to data/2025-07-01_01-27-21/monthly_stats.json
2025-07-01 02:47:20,221 - INFO - Processing page 1061
2025-07-01 02:47:25,199 - INFO - Processing page 1062
2025-07-01 02:47:29,829 - INFO - Processing page 1063
2025-07-01 02:47:34,091 - INFO - Processing page 1064
2025-07-01 02:47:38,629 - INFO - Processing page 1065
2025-07-01 02:47:41,142 - INFO - Checkpoint - Page: 1065, Records: 106500, Last ID: 000001364
2025-07-01 02:47:41,142 - INFO - Saved stats to data/2025-07-01_01-27-21/monthly_stats.json
2025-07-01 02:47:43,144 - INFO - Processing page 1066
2025-07-01 02:47:47,494 - INFO - Processing page 1067
2025-07-01 02:47:53,187 - INFO - Processing page 1068
2025-07-01 02:47:57,933 - INFO - Processing page 1069
2025-07-01 02:48:03,547 - INFO - Processing page 1070
2025-07-01 02:48:06,235 - INFO - Checkpoint - Page: 1070, Records: 107000, Last ID: 000000656
2025-07-01 02:48:06,235 - INFO - Saved stats to data/2025-07-01_01-27-21/monthly_stats.json
2025-07-01 02:48:08,237 - INFO - Processing page 1071
2025-07-01 02:48:12,707 - INFO - Processing page 1072
2025-07-01 02:48:17,149 - INFO - Processing page 1073
2025-07-01 02:48:21,808 - INFO - Processing page 1074
2025-07-01 02:48:26,241 - INFO - Processing page 1075
2025-07-01 02:48:28,749 - INFO - Checkpoint - Page: 1075, Records: 107500, Last ID: 000000526
2025-07-01 02:48:28,749 - INFO - Saved stats to data/2025-07-01_01-27-21/monthly_stats.json
2025-07-01 02:48:30,751 - INFO - Processing page 1076
2025-07-01 02:48:35,115 - INFO - Processing page 1077
2025-07-01 02:48:38,914 - INFO - Processing page 1078
2025-07-01 02:48:40,452 - INFO - Analysis complete:
2025-07-01 02:48:40,453 - INFO - - Existing records: 0
2025-07-01 02:48:40,453 - INFO - - New records: 107623
2025-07-01 02:48:40,453 - INFO - - Modified records: 0
2025-07-01 02:48:40,453 - INFO - - Removed records: 0
2025-07-01 02:48:40,495 - INFO - Validation passed - saving new dataset
2025-07-01 02:48:42,102 - INFO - Collection complete. Total records: 107625
2025-07-01 02:48:42,102 - INFO - Modified records: 0
