2026-07-12 00:42:23,587 - Data directory: data/2026-07-12_00-42-19
2026-07-12 00:42:23,587 - Output directory: data/2026-07-12_00-42-19
2026-07-12 00:42:23,587 - Fetch all mode: True
2026-07-12 00:42:23,587 - Using data directory: data/2026-07-12_00-42-19
2026-07-12 00:42:23,588 - Looking for previous data in: data
2026-07-12 00:42:23,596 - Loading previous data from: data/2025-10-06_01-28-33/morphosource_data_complete.json
2026-07-12 00:42:24,019 - Loaded 108782 records from previous data file
2026-07-12 00:42:24,019 - Latest stored record ID: 000781814
2026-07-12 00:42:24,019 - Previous record count: 108782
2026-07-12 00:42:24,019 - === FULL FETCH MODE: Collecting all records from all pages ===
2026-07-12 00:42:24,019 - Fetching page 1 via API
2026-07-12 00:42:24,270 - API error on page 1: Network error: Expecting value: line 1 column 1 (char 0) (error 1/5)
2026-07-12 00:42:29,275 - Fetching page 1 via API
2026-07-12 00:42:29,299 - API error on page 1: Network error: Expecting value: line 1 column 1 (char 0) (error 2/5)
2026-07-12 00:42:34,304 - Fetching page 1 via API
2026-07-12 00:42:34,328 - API error on page 1: Network error: Expecting value: line 1 column 1 (char 0) (error 3/5)
2026-07-12 00:42:39,334 - Fetching page 1 via API
2026-07-12 00:42:39,360 - API error on page 1: Network error: Expecting value: line 1 column 1 (char 0) (error 4/5)
2026-07-12 00:42:44,365 - Fetching page 1 via API
2026-07-12 00:42:44,388 - API error on page 1: Network error: Expecting value: line 1 column 1 (char 0) (error 5/5)
2026-07-12 00:42:44,389 - Error getting records: Network error: Expecting value: line 1 column 1 (char 0)
2026-07-12 00:42:44,389 - Error in daily check: Network error: Expecting value: line 1 column 1 (char 0)
