2025-04-09 01:36:22,525 - Data directory: data/2025-04-09_01-36-20
2025-04-09 01:36:22,525 - Output directory: data/2025-04-09_01-36-20
2025-04-09 01:36:22,525 - Using data directory: data/2025-04-09_01-36-20
2025-04-09 01:36:22,525 - Looking for previous data in: data
2025-04-09 01:36:22,526 - Loading previous data from: data/2025-04-08_01-27-45/morphosource_data_complete.json
2025-04-09 01:36:22,528 - Loaded 525 records from previous data file
2025-04-09 01:36:22,528 - Latest stored record ID: 000728284
2025-04-09 01:36:22,528 - Previous record count: 525
2025-04-09 01:36:22,528 - Fetching page 1
2025-04-09 01:36:32,082 - Found record 000728958 - Total records: 1
2025-04-09 01:36:32,082 - Found record 000728954 - Total records: 2
2025-04-09 01:36:32,082 - Found record 000728950 - Total records: 3
2025-04-09 01:36:32,083 - Found record 000728946 - Total records: 4
2025-04-09 01:36:32,083 - Found record 000728942 - Total records: 5
2025-04-09 01:36:32,083 - Found record 000728938 - Total records: 6
2025-04-09 01:36:32,084 - Found record 000728934 - Total records: 7
2025-04-09 01:36:32,084 - Found record 000728930 - Total records: 8
2025-04-09 01:36:32,084 - Found record 000728926 - Total records: 9
2025-04-09 01:36:32,085 - Found record 000728922 - Total records: 10
2025-04-09 01:36:32,085 - Found record 000728918 - Total records: 11
2025-04-09 01:36:32,085 - Found record 000728914 - Total records: 12
2025-04-09 01:36:32,086 - Found record 000728910 - Total records: 13
2025-04-09 01:36:32,086 - Found record 000728906 - Total records: 14
2025-04-09 01:36:32,086 - Found record 000728902 - Total records: 15
2025-04-09 01:36:32,087 - Found record 000728897 - Total records: 16
2025-04-09 01:36:32,087 - Found record 000728890 - Total records: 17
2025-04-09 01:36:32,087 - Found record 000728885 - Total records: 18
2025-04-09 01:36:32,088 - Found record 000728881 - Total records: 19
2025-04-09 01:36:32,088 - Found record 000728877 - Total records: 20
2025-04-09 01:36:32,088 - Found record 000728846 - Total records: 21
2025-04-09 01:36:32,089 - Found record 000728837 - Total records: 22
2025-04-09 01:36:32,089 - Found record 000728816 - Total records: 23
2025-04-09 01:36:32,089 - Found record 000728781 - Total records: 24
2025-04-09 01:36:32,090 - Found record 000728777 - Total records: 25
2025-04-09 01:36:32,090 - Found record 000728773 - Total records: 26
2025-04-09 01:36:32,090 - Found record 000728769 - Total records: 27
2025-04-09 01:36:32,091 - Found record 000728765 - Total records: 28
2025-04-09 01:36:32,091 - Found record 000728759 - Total records: 29
2025-04-09 01:36:32,091 - Found record 000728758 - Total records: 30
2025-04-09 01:36:32,092 - Found record 000728748 - Total records: 31
2025-04-09 01:36:32,092 - Found record 000728741 - Total records: 32
2025-04-09 01:36:32,092 - Found record 000728737 - Total records: 33
2025-04-09 01:36:32,093 - Found record 000728732 - Total records: 34
2025-04-09 01:36:32,093 - Found record 000728731 - Total records: 35
2025-04-09 01:36:32,093 - Found record 000728724 - Total records: 36
2025-04-09 01:36:32,094 - Found record 000728723 - Total records: 37
2025-04-09 01:36:32,094 - Found record 000728699 - Total records: 38
2025-04-09 01:36:32,095 - Found record 000728695 - Total records: 39
2025-04-09 01:36:32,095 - Found record 000728691 - Total records: 40
2025-04-09 01:36:32,095 - Found record 000728687 - Total records: 41
2025-04-09 01:36:32,096 - Found record 000728683 - Total records: 42
2025-04-09 01:36:32,096 - Found record 000728679 - Total records: 43
2025-04-09 01:36:32,096 - Found record 000728675 - Total records: 44
2025-04-09 01:36:32,097 - Found record 000728671 - Total records: 45
2025-04-09 01:36:32,097 - Found record 000728667 - Total records: 46
2025-04-09 01:36:32,097 - Found record 000728663 - Total records: 47
2025-04-09 01:36:32,098 - Found record 000728659 - Total records: 48
2025-04-09 01:36:32,098 - Found record 000728655 - Total records: 49
2025-04-09 01:36:32,098 - Found record 000728651 - Total records: 50
2025-04-09 01:36:32,099 - Found record 000728646 - Total records: 51
2025-04-09 01:36:32,099 - Found record 000728639 - Total records: 52
2025-04-09 01:36:32,099 - Found record 000728635 - Total records: 53
2025-04-09 01:36:32,100 - Found record 000728631 - Total records: 54
2025-04-09 01:36:32,100 - Found record 000728627 - Total records: 55
2025-04-09 01:36:32,101 - Found record 000728621 - Total records: 56
2025-04-09 01:36:32,101 - Found record 000728613 - Total records: 57
2025-04-09 01:36:32,101 - Found record 000728609 - Total records: 58
2025-04-09 01:36:32,102 - Found record 000728605 - Total records: 59
2025-04-09 01:36:32,102 - Found record 000728599 - Total records: 60
2025-04-09 01:36:32,102 - Found record 000728576 - Total records: 61
2025-04-09 01:36:32,103 - Found record 000728495 - Total records: 62
2025-04-09 01:36:32,103 - Found record 000728422 - Total records: 63
2025-04-09 01:36:32,103 - Found record 000728304 - Total records: 64
2025-04-09 01:36:32,104 - Found record 000728299 - Total records: 65
2025-04-09 01:36:32,104 - Found record 000728284 - Total records: 66
2025-04-09 01:36:32,104 - Found latest stored record 000728284 - stopping fetch
2025-04-09 01:36:32,104 - Completed fetch - Found 66 new records
2025-04-09 01:36:32,104 - Latest webpage record ID: 000728958
2025-04-09 01:36:32,105 - New records available - latest records differ
2025-04-09 01:36:32,107 - New records: 66
2025-04-09 01:36:32,107 - Previous records: 525
2025-04-09 01:36:32,107 - Combined records: 590
2025-04-09 01:36:32,116 - Saved 590 records to: data/2025-04-09_01-36-20/morphosource_data_complete.json
2025-04-09 01:36:32,116 - Created detailed release notes at: data/2025-04-09_01-36-20/release_notes.txt
