2025-08-04 02:03:34,772 - Data directory: data/2025-08-04_02-03-30
2025-08-04 02:03:34,772 - Output directory: data/2025-08-04_02-03-30
2025-08-04 02:03:34,772 - Using data directory: data/2025-08-04_02-03-30
2025-08-04 02:03:34,772 - Looking for previous data in: data
2025-08-04 02:03:34,774 - Loading previous data from: data/2025-08-03_02-03-11/morphosource_data_complete.json
2025-08-04 02:03:35,299 - Loaded 108021 records from previous data file
2025-08-04 02:03:35,299 - Latest stored record ID: 000768318
2025-08-04 02:03:35,299 - Previous record count: 108021
2025-08-04 02:03:35,299 - Fetching page 1
2025-08-04 02:03:37,774 - Found record 000768348 - Total records: 1
2025-08-04 02:03:37,774 - Found record 000768343 - Total records: 2
2025-08-04 02:03:37,774 - Found record 000768336 - Total records: 3
2025-08-04 02:03:37,775 - Found record 000768331 - Total records: 4
2025-08-04 02:03:37,775 - Found record 000768318 - Total records: 5
2025-08-04 02:03:37,775 - Found latest stored record 000768318 - stopping fetch
2025-08-04 02:03:37,775 - Completed fetch - Found 5 new records
2025-08-04 02:03:37,776 - Latest webpage record ID: 000768348
2025-08-04 02:03:37,776 - New records available - latest records differ
2025-08-04 02:03:37,926 - New records: 5
2025-08-04 02:03:37,927 - Previous records: 108021
2025-08-04 02:03:37,927 - Combined records: 108025
2025-08-04 02:03:39,619 - Saved 108025 records to: data/2025-08-04_02-03-30/morphosource_data_complete.json
2025-08-04 02:03:39,619 - Created detailed release notes at: data/2025-08-04_02-03-30/release_notes.txt
