2025-05-20 01:43:05,668 - Data directory: data/2025-05-20_01-43-04
2025-05-20 01:43:05,668 - Output directory: data/2025-05-20_01-43-04
2025-05-20 01:43:05,669 - Using data directory: data/2025-05-20_01-43-04
2025-05-20 01:43:05,669 - Looking for previous data in: data
2025-05-20 01:43:05,670 - Loading previous data from: data/2025-05-19_01-46-47/morphosource_data_complete.json
2025-05-20 01:43:05,673 - Loaded 974 records from previous data file
2025-05-20 01:43:05,674 - Latest stored record ID: 000741920
2025-05-20 01:43:05,674 - Previous record count: 974
2025-05-20 01:43:05,674 - Fetching page 1
2025-05-20 01:43:11,802 - Found record 000743442 - Total records: 1
2025-05-20 01:43:11,803 - Found record 000743428 - Total records: 2
2025-05-20 01:43:11,803 - Found record 000742701 - Total records: 3
2025-05-20 01:43:11,804 - Found record 000741920 - Total records: 4
2025-05-20 01:43:11,804 - Found latest stored record 000741920 - stopping fetch
2025-05-20 01:43:11,804 - Completed fetch - Found 4 new records
2025-05-20 01:43:11,804 - Latest webpage record ID: 000743442
2025-05-20 01:43:11,804 - New records available - latest records differ
2025-05-20 01:43:11,805 - New records: 4
2025-05-20 01:43:11,805 - Previous records: 974
2025-05-20 01:43:11,805 - Combined records: 977
2025-05-20 01:43:11,819 - Saved 977 records to: data/2025-05-20_01-43-04/morphosource_data_complete.json
2025-05-20 01:43:11,820 - Created detailed release notes at: data/2025-05-20_01-43-04/release_notes.txt
