2025-06-11 01:45:33,341 - Data directory: data/2025-06-11_01-45-30
2025-06-11 01:45:33,341 - Output directory: data/2025-06-11_01-45-30
2025-06-11 01:45:33,341 - Using data directory: data/2025-06-11_01-45-30
2025-06-11 01:45:33,341 - Looking for previous data in: data
2025-06-11 01:45:33,343 - Loading previous data from: data/2025-06-10_01-45-58/morphosource_data_complete.json
2025-06-11 01:45:33,347 - Loaded 1319 records from previous data file
2025-06-11 01:45:33,347 - Latest stored record ID: 000751255
2025-06-11 01:45:33,347 - Previous record count: 1319
2025-06-11 01:45:33,348 - Fetching page 1
2025-06-11 01:45:37,179 - Found record 000751794 - Total records: 1
2025-06-11 01:45:37,179 - Found record 000751790 - Total records: 2
2025-06-11 01:45:37,179 - Found record 000751786 - Total records: 3
2025-06-11 01:45:37,180 - Found record 000751782 - Total records: 4
2025-06-11 01:45:37,180 - Found record 000751777 - Total records: 5
2025-06-11 01:45:37,180 - Found record 000751773 - Total records: 6
2025-06-11 01:45:37,181 - Found record 000751757 - Total records: 7
2025-06-11 01:45:37,181 - Found record 000751753 - Total records: 8
2025-06-11 01:45:37,181 - Found record 000751749 - Total records: 9
2025-06-11 01:45:37,182 - Found record 000751746 - Total records: 10
2025-06-11 01:45:37,182 - Found record 000751739 - Total records: 11
2025-06-11 01:45:37,182 - Found record 000751738 - Total records: 12
2025-06-11 01:45:37,183 - Found record 000751733 - Total records: 13
2025-06-11 01:45:37,183 - Found record 000751723 - Total records: 14
2025-06-11 01:45:37,183 - Found record 000751719 - Total records: 15
2025-06-11 01:45:37,184 - Found record 000751715 - Total records: 16
2025-06-11 01:45:37,184 - Found record 000751703 - Total records: 17
2025-06-11 01:45:37,184 - Found record 000751696 - Total records: 18
2025-06-11 01:45:37,185 - Found record 000751693 - Total records: 19
2025-06-11 01:45:37,185 - Found record 000751687 - Total records: 20
2025-06-11 01:45:37,185 - Found record 000751662 - Total records: 21
2025-06-11 01:45:37,186 - Found record 000751659 - Total records: 22
2025-06-11 01:45:37,186 - Found record 000751656 - Total records: 23
2025-06-11 01:45:37,187 - Found record 000751653 - Total records: 24
2025-06-11 01:45:37,187 - Found record 000751648 - Total records: 25
2025-06-11 01:45:37,187 - Found record 000751647 - Total records: 26
2025-06-11 01:45:37,188 - Found record 000751639 - Total records: 27
2025-06-11 01:45:37,188 - Found record 000751620 - Total records: 28
2025-06-11 01:45:37,188 - Found record 000751558 - Total records: 29
2025-06-11 01:45:37,189 - Found record 000751555 - Total records: 30
2025-06-11 01:45:37,189 - Found record 000751539 - Total records: 31
2025-06-11 01:45:37,189 - Found record 000751497 - Total records: 32
2025-06-11 01:45:37,190 - Found record 000751468 - Total records: 33
2025-06-11 01:45:37,190 - Found record 000751424 - Total records: 34
2025-06-11 01:45:37,190 - Found record 000751420 - Total records: 35
2025-06-11 01:45:37,191 - Found record 000751397 - Total records: 36
2025-06-11 01:45:37,191 - Found record 000751346 - Total records: 37
2025-06-11 01:45:37,191 - Found record 000751328 - Total records: 38
2025-06-11 01:45:37,192 - Found record 000751323 - Total records: 39
2025-06-11 01:45:37,192 - Found record 000751304 - Total records: 40
2025-06-11 01:45:37,193 - Found record 000751296 - Total records: 41
2025-06-11 01:45:37,193 - Found record 000751290 - Total records: 42
2025-06-11 01:45:37,193 - Found record 000751287 - Total records: 43
2025-06-11 01:45:37,194 - Found record 000751255 - Total records: 44
2025-06-11 01:45:37,194 - Found latest stored record 000751255 - stopping fetch
2025-06-11 01:45:37,194 - Completed fetch - Found 44 new records
2025-06-11 01:45:37,194 - Latest webpage record ID: 000751794
2025-06-11 01:45:37,194 - New records available - latest records differ
2025-06-11 01:45:37,198 - New records: 44
2025-06-11 01:45:37,198 - Previous records: 1319
2025-06-11 01:45:37,198 - Combined records: 1362
2025-06-11 01:45:37,219 - Saved 1362 records to: data/2025-06-11_01-45-30/morphosource_data_complete.json
2025-06-11 01:45:37,219 - Created detailed release notes at: data/2025-06-11_01-45-30/release_notes.txt
