2026-07-18 00:36:33,054 - Data directory: data/2026-07-18_00-36-30
2026-07-18 00:36:33,054 - Output directory: data/2026-07-18_00-36-30
2026-07-18 00:36:33,054 - Fetch all mode: True
2026-07-18 00:36:33,055 - Using data directory: data/2026-07-18_00-36-30
2026-07-18 00:36:33,055 - Looking for previous data in: data
2026-07-18 00:36:33,063 - Loading previous data from: data/2025-10-06_01-28-33/morphosource_data_complete.json
2026-07-18 00:36:33,474 - Loaded 108782 records from previous data file
2026-07-18 00:36:33,475 - Latest stored record ID: 000781814
2026-07-18 00:36:33,475 - Previous record count: 108782
2026-07-18 00:36:33,475 - === FULL FETCH MODE: Collecting all records from all pages ===
2026-07-18 00:36:33,475 - Fetching page 1 via API
2026-07-18 00:36:34,142 - API error on page 1: Network error: Expecting value: line 1 column 1 (char 0) (error 1/5)
2026-07-18 00:36:39,147 - Fetching page 1 via API
2026-07-18 00:36:39,181 - API error on page 1: Network error: Expecting value: line 1 column 1 (char 0) (error 2/5)
2026-07-18 00:36:44,186 - Fetching page 1 via API
2026-07-18 00:36:44,220 - API error on page 1: Network error: Expecting value: line 1 column 1 (char 0) (error 3/5)
2026-07-18 00:36:49,225 - Fetching page 1 via API
2026-07-18 00:36:49,260 - API error on page 1: Network error: Expecting value: line 1 column 1 (char 0) (error 4/5)
2026-07-18 00:36:54,265 - Fetching page 1 via API
2026-07-18 00:36:54,300 - API error on page 1: Network error: Expecting value: line 1 column 1 (char 0) (error 5/5)
2026-07-18 00:36:54,300 - Error getting records: Network error: Expecting value: line 1 column 1 (char 0)
2026-07-18 00:36:54,301 - Error in daily check: Network error: Expecting value: line 1 column 1 (char 0)
