2025-07-29 02:06:20,124 - Data directory: data/2025-07-29_02-06-16
2025-07-29 02:06:20,124 - Output directory: data/2025-07-29_02-06-16
2025-07-29 02:06:20,124 - Using data directory: data/2025-07-29_02-06-16
2025-07-29 02:06:20,124 - Looking for previous data in: data
2025-07-29 02:06:20,126 - Loading previous data from: data/2025-07-28_01-59-26/morphosource_data_complete.json
2025-07-29 02:06:20,565 - Loaded 107861 records from previous data file
2025-07-29 02:06:20,565 - Latest stored record ID: 000766021
2025-07-29 02:06:20,565 - Previous record count: 107861
2025-07-29 02:06:20,565 - Fetching page 1
2025-07-29 02:06:28,527 - Found record 000766316 - Total records: 1
2025-07-29 02:06:28,528 - Found record 000766311 - Total records: 2
2025-07-29 02:06:28,528 - Found record 000766301 - Total records: 3
2025-07-29 02:06:28,529 - Found record 000766298 - Total records: 4
2025-07-29 02:06:28,529 - Found record 000766295 - Total records: 5
2025-07-29 02:06:28,529 - Found record 000766292 - Total records: 6
2025-07-29 02:06:28,530 - Found record 000766249 - Total records: 7
2025-07-29 02:06:28,530 - Found record 000766246 - Total records: 8
2025-07-29 02:06:28,530 - Found record 000766239 - Total records: 9
2025-07-29 02:06:28,531 - Found record 000766228 - Total records: 10
2025-07-29 02:06:28,531 - Found record 000766171 - Total records: 11
2025-07-29 02:06:28,532 - Found record 000766165 - Total records: 12
2025-07-29 02:06:28,532 - Found record 000766158 - Total records: 13
2025-07-29 02:06:28,532 - Found record 000766155 - Total records: 14
2025-07-29 02:06:28,533 - Found record 000766076 - Total records: 15
2025-07-29 02:06:28,533 - Found record 000766021 - Total records: 16
2025-07-29 02:06:28,533 - Found latest stored record 000766021 - stopping fetch
2025-07-29 02:06:28,533 - Completed fetch - Found 16 new records
2025-07-29 02:06:28,533 - Latest webpage record ID: 000766316
2025-07-29 02:06:28,533 - New records available - latest records differ
2025-07-29 02:06:28,699 - New records: 16
2025-07-29 02:06:28,699 - Previous records: 107861
2025-07-29 02:06:28,699 - Combined records: 107876
2025-07-29 02:06:30,230 - Saved 107876 records to: data/2025-07-29_02-06-16/morphosource_data_complete.json
2025-07-29 02:06:30,231 - Created detailed release notes at: data/2025-07-29_02-06-16/release_notes.txt
