2025-07-11 01:50:04,834 - Data directory: data/2025-07-11_01-50-03
2025-07-11 01:50:04,834 - Output directory: data/2025-07-11_01-50-03
2025-07-11 01:50:04,834 - Using data directory: data/2025-07-11_01-50-03
2025-07-11 01:50:04,834 - Looking for previous data in: data
2025-07-11 01:50:04,836 - Loading previous data from: data/2025-07-10_01-48-22/morphosource_data_complete.json
2025-07-11 01:50:05,276 - Loaded 107667 records from previous data file
2025-07-11 01:50:05,277 - Latest stored record ID: 000760915
2025-07-11 01:50:05,277 - Previous record count: 107667
2025-07-11 01:50:05,277 - Fetching page 1
2025-07-11 01:50:07,487 - Found record 000761660 - Total records: 1
2025-07-11 01:50:07,487 - Found record 000761364 - Total records: 2
2025-07-11 01:50:07,488 - Found record 000761361 - Total records: 3
2025-07-11 01:50:07,488 - Found record 000761236 - Total records: 4
2025-07-11 01:50:07,489 - Found record 000761232 - Total records: 5
2025-07-11 01:50:07,489 - Found record 000761228 - Total records: 6
2025-07-11 01:50:07,489 - Found record 000761224 - Total records: 7
2025-07-11 01:50:07,489 - Found record 000761220 - Total records: 8
2025-07-11 01:50:07,490 - Found record 000761216 - Total records: 9
2025-07-11 01:50:07,490 - Found record 000761212 - Total records: 10
2025-07-11 01:50:07,490 - Found record 000761208 - Total records: 11
2025-07-11 01:50:07,491 - Found record 000761204 - Total records: 12
2025-07-11 01:50:07,491 - Found record 000761200 - Total records: 13
2025-07-11 01:50:07,491 - Found record 000761196 - Total records: 14
2025-07-11 01:50:07,492 - Found record 000761192 - Total records: 15
2025-07-11 01:50:07,492 - Found record 000761188 - Total records: 16
2025-07-11 01:50:07,492 - Found record 000761184 - Total records: 17
2025-07-11 01:50:07,492 - Found record 000761180 - Total records: 18
2025-07-11 01:50:07,493 - Found record 000761176 - Total records: 19
2025-07-11 01:50:07,493 - Found record 000761172 - Total records: 20
2025-07-11 01:50:07,493 - Found record 000761168 - Total records: 21
2025-07-11 01:50:07,494 - Found record 000761164 - Total records: 22
2025-07-11 01:50:07,494 - Found record 000761160 - Total records: 23
2025-07-11 01:50:07,494 - Found record 000761156 - Total records: 24
2025-07-11 01:50:07,494 - Found record 000761152 - Total records: 25
2025-07-11 01:50:07,495 - Found record 000761148 - Total records: 26
2025-07-11 01:50:07,495 - Found record 000761144 - Total records: 27
2025-07-11 01:50:07,495 - Found record 000761140 - Total records: 28
2025-07-11 01:50:07,496 - Found record 000761136 - Total records: 29
2025-07-11 01:50:07,496 - Found record 000761132 - Total records: 30
2025-07-11 01:50:07,496 - Found record 000761127 - Total records: 31
2025-07-11 01:50:07,497 - Found record 000761120 - Total records: 32
2025-07-11 01:50:07,497 - Found record 000761116 - Total records: 33
2025-07-11 01:50:07,497 - Found record 000761112 - Total records: 34
2025-07-11 01:50:07,497 - Found record 000761108 - Total records: 35
2025-07-11 01:50:07,498 - Found record 000761104 - Total records: 36
2025-07-11 01:50:07,498 - Found record 000761099 - Total records: 37
2025-07-11 01:50:07,498 - Found record 000761092 - Total records: 38
2025-07-11 01:50:07,499 - Found record 000761088 - Total records: 39
2025-07-11 01:50:07,499 - Found record 000761084 - Total records: 40
2025-07-11 01:50:07,499 - Found record 000761080 - Total records: 41
2025-07-11 01:50:07,499 - Found record 000761076 - Total records: 42
2025-07-11 01:50:07,500 - Found record 000761072 - Total records: 43
2025-07-11 01:50:07,500 - Found record 000761059 - Total records: 44
2025-07-11 01:50:07,500 - Found record 000761053 - Total records: 45
2025-07-11 01:50:07,501 - Found record 000761049 - Total records: 46
2025-07-11 01:50:07,501 - Found record 000761045 - Total records: 47
2025-07-11 01:50:07,501 - Found record 000761041 - Total records: 48
2025-07-11 01:50:07,501 - Found record 000761037 - Total records: 49
2025-07-11 01:50:07,502 - Found record 000761033 - Total records: 50
2025-07-11 01:50:07,502 - Found record 000761029 - Total records: 51
2025-07-11 01:50:07,502 - Found record 000761025 - Total records: 52
2025-07-11 01:50:07,503 - Found record 000761021 - Total records: 53
2025-07-11 01:50:07,503 - Found record 000761017 - Total records: 54
2025-07-11 01:50:07,503 - Found record 000761013 - Total records: 55
2025-07-11 01:50:07,503 - Found record 000761009 - Total records: 56
2025-07-11 01:50:07,504 - Found record 000761005 - Total records: 57
2025-07-11 01:50:07,504 - Found record 000761001 - Total records: 58
2025-07-11 01:50:07,505 - Found record 000760997 - Total records: 59
2025-07-11 01:50:07,505 - Found record 000760993 - Total records: 60
2025-07-11 01:50:07,505 - Found record 000760989 - Total records: 61
2025-07-11 01:50:07,505 - Found record 000760985 - Total records: 62
2025-07-11 01:50:07,506 - Found record 000760981 - Total records: 63
2025-07-11 01:50:07,506 - Found record 000760977 - Total records: 64
2025-07-11 01:50:07,506 - Found record 000760973 - Total records: 65
2025-07-11 01:50:07,507 - Found record 000760950 - Total records: 66
2025-07-11 01:50:07,507 - Found record 000760943 - Total records: 67
2025-07-11 01:50:07,507 - Found record 000760940 - Total records: 68
2025-07-11 01:50:07,508 - Found record 000760933 - Total records: 69
2025-07-11 01:50:07,508 - Found record 000760915 - Total records: 70
2025-07-11 01:50:07,508 - Found latest stored record 000760915 - stopping fetch
2025-07-11 01:50:07,508 - Completed fetch - Found 70 new records
2025-07-11 01:50:07,508 - Latest webpage record ID: 000761660
2025-07-11 01:50:07,509 - New records available - latest records differ
2025-07-11 01:50:07,990 - New records: 70
2025-07-11 01:50:07,990 - Previous records: 107667
2025-07-11 01:50:07,990 - Combined records: 107736
2025-07-11 01:50:09,557 - Saved 107736 records to: data/2025-07-11_01-50-03/morphosource_data_complete.json
2025-07-11 01:50:09,557 - Created detailed release notes at: data/2025-07-11_01-50-03/release_notes.txt
