2025-03-07 01:25:16,290 - Data directory: data/2025-03-07_01-25-14
2025-03-07 01:25:16,290 - Output directory: data/2025-03-07_01-25-14
2025-03-07 01:25:16,290 - Using data directory: data/2025-03-07_01-25-14
2025-03-07 01:25:16,290 - Looking for previous data in: data
2025-03-07 01:25:16,291 - Loading previous data from: data/2025-03-06_01-24-56/morphosource_data_complete.json
2025-03-07 01:25:16,698 - Loaded 105347 records from previous data file
2025-03-07 01:25:16,698 - Latest stored record ID: 000716387
2025-03-07 01:25:16,698 - Previous record count: 105347
2025-03-07 01:25:16,698 - Fetching page 1
2025-03-07 01:25:26,549 - Found record 000716851 - Total records: 1
2025-03-07 01:25:26,550 - Found record 000716833 - Total records: 2
2025-03-07 01:25:26,550 - Found record 000716810 - Total records: 3
2025-03-07 01:25:26,550 - Found record 000716804 - Total records: 4
2025-03-07 01:25:26,551 - Found record 000716793 - Total records: 5
2025-03-07 01:25:26,551 - Found record 000716788 - Total records: 6
2025-03-07 01:25:26,552 - Found record 000716783 - Total records: 7
2025-03-07 01:25:26,552 - Found record 000716778 - Total records: 8
2025-03-07 01:25:26,552 - Found record 000716772 - Total records: 9
2025-03-07 01:25:26,553 - Found record 000716756 - Total records: 10
2025-03-07 01:25:26,553 - Found record 000716751 - Total records: 11
2025-03-07 01:25:26,553 - Found record 000716742 - Total records: 12
2025-03-07 01:25:26,554 - Found record 000716730 - Total records: 13
2025-03-07 01:25:26,554 - Found record 000716725 - Total records: 14
2025-03-07 01:25:26,554 - Found record 000716715 - Total records: 15
2025-03-07 01:25:26,555 - Found record 000716710 - Total records: 16
2025-03-07 01:25:26,555 - Found record 000716701 - Total records: 17
2025-03-07 01:25:26,556 - Found record 000716698 - Total records: 18
2025-03-07 01:25:26,556 - Found record 000716693 - Total records: 19
2025-03-07 01:25:26,556 - Found record 000716676 - Total records: 20
2025-03-07 01:25:26,557 - Found record 000716658 - Total records: 21
2025-03-07 01:25:26,557 - Found record 000716651 - Total records: 22
2025-03-07 01:25:26,557 - Found record 000716638 - Total records: 23
2025-03-07 01:25:26,558 - Found record 000716630 - Total records: 24
2025-03-07 01:25:26,558 - Found record 000716387 - Total records: 25
2025-03-07 01:25:26,558 - Found latest stored record 000716387 - stopping fetch
2025-03-07 01:25:26,558 - Completed fetch - Found 25 new records
2025-03-07 01:25:26,559 - Latest webpage record ID: 000716851
2025-03-07 01:25:26,559 - New records available - latest records differ
2025-03-07 01:25:26,799 - New records: 25
2025-03-07 01:25:26,799 - Previous records: 105347
2025-03-07 01:25:26,799 - Combined records: 105371
2025-03-07 01:25:28,309 - Saved 105371 records to: data/2025-03-07_01-25-14/morphosource_data_complete.json
2025-03-07 01:25:28,309 - Created detailed release notes at: data/2025-03-07_01-25-14/release_notes.txt
