2025-09-21 01:42:15,159 - Data directory: data/2025-09-21_01-42-11
2025-09-21 01:42:15,159 - Output directory: data/2025-09-21_01-42-11
2025-09-21 01:42:15,159 - Using data directory: data/2025-09-21_01-42-11
2025-09-21 01:42:15,159 - Looking for previous data in: data
2025-09-21 01:42:15,162 - Loading previous data from: data/2025-09-20_01-24-26/morphosource_data_complete.json
2025-09-21 01:42:15,601 - Loaded 108676 records from previous data file
2025-09-21 01:42:15,601 - Latest stored record ID: 000780101
2025-09-21 01:42:15,601 - Previous record count: 108676
2025-09-21 01:42:15,601 - Fetching page 1
2025-09-21 01:42:18,190 - Found record 000780121 - Total records: 1
2025-09-21 01:42:18,191 - Found record 000780116 - Total records: 2
2025-09-21 01:42:18,191 - Found record 000780101 - Total records: 3
2025-09-21 01:42:18,191 - Found latest stored record 000780101 - stopping fetch
2025-09-21 01:42:18,191 - Completed fetch - Found 3 new records
2025-09-21 01:42:18,192 - Latest webpage record ID: 000780121
2025-09-21 01:42:18,192 - New records available - latest records differ
2025-09-21 01:42:18,291 - New records: 3
2025-09-21 01:42:18,291 - Previous records: 108676
2025-09-21 01:42:18,291 - Combined records: 108678
2025-09-21 01:42:19,871 - Saved 108678 records to: data/2025-09-21_01-42-11/morphosource_data_complete.json
2025-09-21 01:42:19,871 - Created detailed release notes at: data/2025-09-21_01-42-11/release_notes.txt
