2025-01-26 20:39:25,520 - Data directory: data/2025-01-26_17-05-12
2025-01-26 20:39:25,521 - Output directory: data/2025-01-26_20-39-25
2025-01-26 20:39:25,521 - Using data file: data/2025-01-26_17-05-12/morphosource_data_complete.json
2025-01-26 20:39:27,991 - Latest webpage record ID: 000704255
2025-01-26 20:39:27,991 - Looking for data file at: /home/runner/work/NOCTURN-X-ray-repo/NOCTURN-X-ray-repo/data/2025-01-26_17-05-12/morphosource_data_complete.json
2025-01-26 20:39:27,991 - Contents of /home/runner/work/NOCTURN-X-ray-repo/NOCTURN-X-ray-repo/data/2025-01-26_17-05-12:
2025-01-26 20:39:27,991 -   - monthly_stats.json
2025-01-26 20:39:27,991 -   - morphosource_data_complete.json
2025-01-26 20:39:27,991 -   - monthly_release_notes.txt
2025-01-26 20:39:27,991 -   - monthly_analysis.json
2025-01-26 20:39:27,991 -   - daily_extractor.log
2025-01-26 20:39:27,991 -   - run_status.json
2025-01-26 20:39:27,991 -   - monthly_collector.log
2025-01-26 20:39:27,991 -   - attestation.json
2025-01-26 20:39:28,479 - Latest stored record ID: 000704255
2025-01-26 20:39:28,479 - No new records found - latest records match
2025-01-26 20:39:28,687 - Data directory: data/2025-01-26_17-05-12
2025-01-26 20:39:28,687 - Output directory: data/2025-01-26_20-39-25
2025-01-26 20:39:28,687 - Creating no-changes release notes
2025-01-26 20:39:28,687 - Created 'no changes' release notes at: data/2025-01-26_20-39-25/release_notes.txt
