2025-08-14 01:47:39,879 - Data directory: data/2025-08-14_01-47-36
2025-08-14 01:47:39,879 - Output directory: data/2025-08-14_01-47-36
2025-08-14 01:47:39,880 - Using data directory: data/2025-08-14_01-47-36
2025-08-14 01:47:39,880 - Looking for previous data in: data
2025-08-14 01:47:39,882 - Loading previous data from: data/2025-08-13_01-46-51/morphosource_data_complete.json
2025-08-14 01:47:40,308 - Loaded 108074 records from previous data file
2025-08-14 01:47:40,308 - Latest stored record ID: 000769722
2025-08-14 01:47:40,308 - Previous record count: 108074
2025-08-14 01:47:40,308 - Fetching page 1
2025-08-14 01:47:45,475 - Found record 000770342 - Total records: 1
2025-08-14 01:47:45,475 - Found record 000770340 - Total records: 2
2025-08-14 01:47:45,476 - Found record 000770337 - Total records: 3
2025-08-14 01:47:45,476 - Found record 000770332 - Total records: 4
2025-08-14 01:47:45,477 - Found record 000770330 - Total records: 5
2025-08-14 01:47:45,477 - Found record 000770329 - Total records: 6
2025-08-14 01:47:45,477 - Found record 000770327 - Total records: 7
2025-08-14 01:47:45,478 - Found record 000770321 - Total records: 8
2025-08-14 01:47:45,478 - Found record 000770319 - Total records: 9
2025-08-14 01:47:45,478 - Found record 000770316 - Total records: 10
2025-08-14 01:47:45,479 - Found record 000770313 - Total records: 11
2025-08-14 01:47:45,479 - Found record 000770311 - Total records: 12
2025-08-14 01:47:45,479 - Found record 000770288 - Total records: 13
2025-08-14 01:47:45,480 - Found record 000770287 - Total records: 14
2025-08-14 01:47:45,480 - Found record 000770283 - Total records: 15
2025-08-14 01:47:45,480 - Found record 000770280 - Total records: 16
2025-08-14 01:47:45,481 - Found record 000770277 - Total records: 17
2025-08-14 01:47:45,481 - Found record 000770264 - Total records: 18
2025-08-14 01:47:45,481 - Found record 000770262 - Total records: 19
2025-08-14 01:47:45,482 - Found record 000770258 - Total records: 20
2025-08-14 01:47:45,482 - Found record 000770250 - Total records: 21
2025-08-14 01:47:45,482 - Found record 000770220 - Total records: 22
2025-08-14 01:47:45,483 - Found record 000770204 - Total records: 23
2025-08-14 01:47:45,483 - Found record 000770186 - Total records: 24
2025-08-14 01:47:45,483 - Found record 000770140 - Total records: 25
2025-08-14 01:47:45,484 - Found record 000770116 - Total records: 26
2025-08-14 01:47:45,484 - Found record 000770112 - Total records: 27
2025-08-14 01:47:45,484 - Found record 000770109 - Total records: 28
2025-08-14 01:47:45,485 - Found record 000770106 - Total records: 29
2025-08-14 01:47:45,485 - Found record 000769722 - Total records: 30
2025-08-14 01:47:45,485 - Found latest stored record 000769722 - stopping fetch
2025-08-14 01:47:45,485 - Completed fetch - Found 30 new records
2025-08-14 01:47:45,485 - Latest webpage record ID: 000770342
2025-08-14 01:47:45,485 - New records available - latest records differ
2025-08-14 01:47:45,763 - New records: 30
2025-08-14 01:47:45,763 - Previous records: 108074
2025-08-14 01:47:45,763 - Combined records: 108103
2025-08-14 01:47:47,321 - Saved 108103 records to: data/2025-08-14_01-47-36/morphosource_data_complete.json
2025-08-14 01:47:47,322 - Created detailed release notes at: data/2025-08-14_01-47-36/release_notes.txt
