2026-06-02 01:01:59,726 - Data directory: data/2026-06-02_01-01-54
2026-06-02 01:01:59,726 - Output directory: data/2026-06-02_01-01-54
2026-06-02 01:01:59,726 - Fetch all mode: True
2026-06-02 01:01:59,726 - Using data directory: data/2026-06-02_01-01-54
2026-06-02 01:01:59,726 - Looking for previous data in: data
2026-06-02 01:01:59,733 - Loading previous data from: data/2025-10-06_01-28-33/morphosource_data_complete.json
2026-06-02 01:02:00,141 - Loaded 108782 records from previous data file
2026-06-02 01:02:00,141 - Latest stored record ID: 000781814
2026-06-02 01:02:00,141 - Previous record count: 108782
2026-06-02 01:02:00,142 - === FULL FETCH MODE: Collecting all records from all pages ===
2026-06-02 01:02:00,142 - Fetching page 1 via API
2026-06-02 01:02:00,319 - API error on page 1: Network error: Expecting value: line 1 column 1 (char 0) (error 1/5)
2026-06-02 01:02:05,324 - Fetching page 1 via API
2026-06-02 01:02:05,348 - API error on page 1: Network error: Expecting value: line 1 column 1 (char 0) (error 2/5)
2026-06-02 01:02:10,353 - Fetching page 1 via API
2026-06-02 01:02:10,379 - API error on page 1: Network error: Expecting value: line 1 column 1 (char 0) (error 3/5)
2026-06-02 01:02:15,384 - Fetching page 1 via API
2026-06-02 01:02:15,408 - API error on page 1: Network error: Expecting value: line 1 column 1 (char 0) (error 4/5)
2026-06-02 01:02:20,414 - Fetching page 1 via API
2026-06-02 01:02:20,438 - API error on page 1: Network error: Expecting value: line 1 column 1 (char 0) (error 5/5)
2026-06-02 01:02:20,438 - Error getting records: Network error: Expecting value: line 1 column 1 (char 0)
2026-06-02 01:02:20,438 - Error in daily check: Network error: Expecting value: line 1 column 1 (char 0)
