2025-06-30 01:51:05,932 - Data directory: data/2025-06-30_01-51-04
2025-06-30 01:51:05,933 - Output directory: data/2025-06-30_01-51-04
2025-06-30 01:51:05,933 - Using data directory: data/2025-06-30_01-51-04
2025-06-30 01:51:05,933 - Looking for previous data in: data
2025-06-30 01:51:05,935 - Loading previous data from: data/2025-06-29_01-55-28/morphosource_data_complete.json
2025-06-30 01:51:05,941 - Loaded 1805 records from previous data file
2025-06-30 01:51:05,941 - Latest stored record ID: 000757956
2025-06-30 01:51:05,942 - Previous record count: 1805
2025-06-30 01:51:05,942 - Fetching page 1
2025-06-30 01:51:08,235 - Found record 000758182 - Total records: 1
2025-06-30 01:51:08,235 - Found record 000757956 - Total records: 2
2025-06-30 01:51:08,236 - Found latest stored record 000757956 - stopping fetch
2025-06-30 01:51:08,236 - Completed fetch - Found 2 new records
2025-06-30 01:51:08,236 - Latest webpage record ID: 000758182
2025-06-30 01:51:08,236 - New records available - latest records differ
2025-06-30 01:51:08,237 - New records: 2
2025-06-30 01:51:08,237 - Previous records: 1805
2025-06-30 01:51:08,237 - Combined records: 1806
2025-06-30 01:51:08,264 - Saved 1806 records to: data/2025-06-30_01-51-04/morphosource_data_complete.json
2025-06-30 01:51:08,264 - Created detailed release notes at: data/2025-06-30_01-51-04/release_notes.txt
