2026-05-26 00:54:09,838 - Data directory: data/2026-05-26_00-54-07
2026-05-26 00:54:09,839 - Output directory: data/2026-05-26_00-54-07
2026-05-26 00:54:09,839 - Fetch all mode: True
2026-05-26 00:54:09,839 - Using data directory: data/2026-05-26_00-54-07
2026-05-26 00:54:09,839 - Looking for previous data in: data
2026-05-26 00:54:09,846 - Loading previous data from: data/2025-10-06_01-28-33/morphosource_data_complete.json
2026-05-26 00:54:10,274 - Loaded 108782 records from previous data file
2026-05-26 00:54:10,275 - Latest stored record ID: 000781814
2026-05-26 00:54:10,275 - Previous record count: 108782
2026-05-26 00:54:10,275 - === FULL FETCH MODE: Collecting all records from all pages ===
2026-05-26 00:54:10,275 - Fetching page 1 via API
2026-05-26 00:54:10,418 - API error on page 1: Network error: Expecting value: line 1 column 1 (char 0) (error 1/5)
2026-05-26 00:54:15,423 - Fetching page 1 via API
2026-05-26 00:54:15,443 - API error on page 1: Network error: Expecting value: line 1 column 1 (char 0) (error 2/5)
2026-05-26 00:54:20,448 - Fetching page 1 via API
2026-05-26 00:54:20,468 - API error on page 1: Network error: Expecting value: line 1 column 1 (char 0) (error 3/5)
2026-05-26 00:54:25,472 - Fetching page 1 via API
2026-05-26 00:54:25,492 - API error on page 1: Network error: Expecting value: line 1 column 1 (char 0) (error 4/5)
2026-05-26 00:54:30,497 - Fetching page 1 via API
2026-05-26 00:54:30,520 - API error on page 1: Network error: Expecting value: line 1 column 1 (char 0) (error 5/5)
2026-05-26 00:54:30,520 - Error getting records: Network error: Expecting value: line 1 column 1 (char 0)
2026-05-26 00:54:30,520 - Error in daily check: Network error: Expecting value: line 1 column 1 (char 0)
