2025-01-27 17:51:45,452 - INFO - Using data file: data/2025-01-27_01-34-38/morphosource_data_complete.json
2025-01-27 17:51:45,900 - INFO - Found 104398 URLs to process
2025-01-27 17:51:45,901 - INFO - Starting at index 20, processed so far: 20
2025-01-27 17:51:46,114 - INFO - Processing URL: https://www.morphosource.org/concern/media/000703613?locale=en
2025-01-27 17:51:48,182 - INFO - Extracted fields for https://www.morphosource.org/concern/media/000703613?locale=en:
2025-01-27 17:51:48,182 - INFO -   url: https://www.morphosource.org/concern/media/000703613?locale=en
2025-01-27 17:51:48,182 - INFO -   processed_at: 2025-01-27T17:51:48.170343
2025-01-27 17:51:48,182 - INFO -   compression: Uncompressed
2025-01-27 17:51:48,182 - INFO - Extracted data for https://www.morphosource.org/concern/media/000703613?locale=en:
2025-01-27 17:51:48,182 - INFO -   url: https://www.morphosource.org/concern/media/000703613?locale=en
2025-01-27 17:51:48,182 - INFO -   processed_at: 2025-01-27T17:51:48.170343
2025-01-27 17:51:48,182 - INFO -   compression: Uncompressed
2025-01-27 17:51:48,183 - INFO -   batch_index: 20
2025-01-27 17:51:49,184 - INFO - Processing URL: https://www.morphosource.org/concern/media/000703603?locale=en
2025-01-27 17:51:51,167 - INFO - Extracted fields for https://www.morphosource.org/concern/media/000703603?locale=en:
2025-01-27 17:51:51,168 - INFO -   url: https://www.morphosource.org/concern/media/000703603?locale=en
2025-01-27 17:51:51,168 - INFO -   processed_at: 2025-01-27T17:51:51.156452
2025-01-27 17:51:51,168 - INFO -   compression: Uncompressed
2025-01-27 17:51:51,168 - INFO - Extracted data for https://www.morphosource.org/concern/media/000703603?locale=en:
2025-01-27 17:51:51,168 - INFO -   url: https://www.morphosource.org/concern/media/000703603?locale=en
2025-01-27 17:51:51,168 - INFO -   processed_at: 2025-01-27T17:51:51.156452
2025-01-27 17:51:51,168 - INFO -   compression: Uncompressed
2025-01-27 17:51:51,168 - INFO -   batch_index: 21
2025-01-27 17:51:52,169 - INFO - Processing URL: https://www.morphosource.org/concern/media/000703596?locale=en
2025-01-27 17:51:53,909 - INFO - Extracted fields for https://www.morphosource.org/concern/media/000703596?locale=en:
2025-01-27 17:51:53,910 - INFO -   url: https://www.morphosource.org/concern/media/000703596?locale=en
2025-01-27 17:51:53,910 - INFO -   processed_at: 2025-01-27T17:51:53.898577
2025-01-27 17:51:53,910 - INFO -   compression: Uncompressed
2025-01-27 17:51:53,910 - INFO - Extracted data for https://www.morphosource.org/concern/media/000703596?locale=en:
2025-01-27 17:51:53,910 - INFO -   url: https://www.morphosource.org/concern/media/000703596?locale=en
2025-01-27 17:51:53,910 - INFO -   processed_at: 2025-01-27T17:51:53.898577
2025-01-27 17:51:53,910 - INFO -   compression: Uncompressed
2025-01-27 17:51:53,910 - INFO -   batch_index: 22
2025-01-27 17:51:54,911 - INFO - Processing URL: https://www.morphosource.org/concern/media/000703591?locale=en
2025-01-27 17:51:56,253 - INFO - Extracted fields for https://www.morphosource.org/concern/media/000703591?locale=en:
2025-01-27 17:51:56,253 - INFO -   url: https://www.morphosource.org/concern/media/000703591?locale=en
2025-01-27 17:51:56,254 - INFO -   processed_at: 2025-01-27T17:51:56.242115
2025-01-27 17:51:56,254 - INFO -   compression: Uncompressed
2025-01-27 17:51:56,254 - INFO - Extracted data for https://www.morphosource.org/concern/media/000703591?locale=en:
2025-01-27 17:51:56,254 - INFO -   url: https://www.morphosource.org/concern/media/000703591?locale=en
2025-01-27 17:51:56,254 - INFO -   processed_at: 2025-01-27T17:51:56.242115
2025-01-27 17:51:56,254 - INFO -   compression: Uncompressed
2025-01-27 17:51:56,254 - INFO -   batch_index: 23
2025-01-27 17:51:57,255 - INFO - Processing URL: https://www.morphosource.org/concern/media/000703572?locale=en
2025-01-27 17:51:58,829 - INFO - Extracted fields for https://www.morphosource.org/concern/media/000703572?locale=en:
2025-01-27 17:51:58,829 - INFO -   url: https://www.morphosource.org/concern/media/000703572?locale=en
2025-01-27 17:51:58,829 - INFO -   processed_at: 2025-01-27T17:51:58.817972
2025-01-27 17:51:58,829 - INFO -   compression: Uncompressed
2025-01-27 17:51:58,829 - INFO - Extracted data for https://www.morphosource.org/concern/media/000703572?locale=en:
2025-01-27 17:51:58,829 - INFO -   url: https://www.morphosource.org/concern/media/000703572?locale=en
2025-01-27 17:51:58,829 - INFO -   processed_at: 2025-01-27T17:51:58.817972
2025-01-27 17:51:58,829 - INFO -   compression: Uncompressed
2025-01-27 17:51:58,829 - INFO -   batch_index: 24
2025-01-27 17:51:59,831 - INFO - Processing URL: https://www.morphosource.org/concern/media/000703563?locale=en
2025-01-27 17:52:01,476 - INFO - Extracted fields for https://www.morphosource.org/concern/media/000703563?locale=en:
2025-01-27 17:52:01,477 - INFO -   url: https://www.morphosource.org/concern/media/000703563?locale=en
2025-01-27 17:52:01,477 - INFO -   processed_at: 2025-01-27T17:52:01.464844
2025-01-27 17:52:01,477 - INFO -   compression: Uncompressed
2025-01-27 17:52:01,477 - INFO - Extracted data for https://www.morphosource.org/concern/media/000703563?locale=en:
2025-01-27 17:52:01,477 - INFO -   url: https://www.morphosource.org/concern/media/000703563?locale=en
2025-01-27 17:52:01,477 - INFO -   processed_at: 2025-01-27T17:52:01.464844
2025-01-27 17:52:01,477 - INFO -   compression: Uncompressed
2025-01-27 17:52:01,477 - INFO -   batch_index: 25
2025-01-27 17:52:02,478 - INFO - Processing URL: https://www.morphosource.org/concern/media/000703551?locale=en
2025-01-27 17:52:04,186 - INFO - Extracted fields for https://www.morphosource.org/concern/media/000703551?locale=en:
2025-01-27 17:52:04,186 - INFO -   url: https://www.morphosource.org/concern/media/000703551?locale=en
2025-01-27 17:52:04,186 - INFO -   processed_at: 2025-01-27T17:52:04.174271
2025-01-27 17:52:04,186 - INFO -   compression: Uncompressed
2025-01-27 17:52:04,186 - INFO - Extracted data for https://www.morphosource.org/concern/media/000703551?locale=en:
2025-01-27 17:52:04,186 - INFO -   url: https://www.morphosource.org/concern/media/000703551?locale=en
2025-01-27 17:52:04,186 - INFO -   processed_at: 2025-01-27T17:52:04.174271
2025-01-27 17:52:04,186 - INFO -   compression: Uncompressed
2025-01-27 17:52:04,186 - INFO -   batch_index: 26
2025-01-27 17:52:05,187 - INFO - Processing URL: https://www.morphosource.org/concern/media/000703547?locale=en
2025-01-27 17:52:07,437 - INFO - Extracted fields for https://www.morphosource.org/concern/media/000703547?locale=en:
2025-01-27 17:52:07,437 - INFO -   url: https://www.morphosource.org/concern/media/000703547?locale=en
2025-01-27 17:52:07,437 - INFO -   processed_at: 2025-01-27T17:52:07.425622
2025-01-27 17:52:07,437 - INFO -   compression: Uncompressed
2025-01-27 17:52:07,438 - INFO - Extracted data for https://www.morphosource.org/concern/media/000703547?locale=en:
2025-01-27 17:52:07,438 - INFO -   url: https://www.morphosource.org/concern/media/000703547?locale=en
2025-01-27 17:52:07,438 - INFO -   processed_at: 2025-01-27T17:52:07.425622
2025-01-27 17:52:07,438 - INFO -   compression: Uncompressed
2025-01-27 17:52:07,438 - INFO -   batch_index: 27
2025-01-27 17:52:08,439 - INFO - Processing URL: https://www.morphosource.org/concern/media/000703533?locale=en
2025-01-27 17:52:10,142 - INFO - Extracted fields for https://www.morphosource.org/concern/media/000703533?locale=en:
2025-01-27 17:52:10,142 - INFO -   url: https://www.morphosource.org/concern/media/000703533?locale=en
2025-01-27 17:52:10,142 - INFO -   processed_at: 2025-01-27T17:52:10.130085
2025-01-27 17:52:10,142 - INFO -   compression: Uncompressed
2025-01-27 17:52:10,142 - INFO - Extracted data for https://www.morphosource.org/concern/media/000703533?locale=en:
2025-01-27 17:52:10,142 - INFO -   url: https://www.morphosource.org/concern/media/000703533?locale=en
2025-01-27 17:52:10,142 - INFO -   processed_at: 2025-01-27T17:52:10.130085
2025-01-27 17:52:10,142 - INFO -   compression: Uncompressed
2025-01-27 17:52:10,142 - INFO -   batch_index: 28
2025-01-27 17:52:11,143 - INFO - Processing URL: https://www.morphosource.org/concern/media/000703497?locale=en
2025-01-27 17:52:12,301 - INFO - Extracted fields for https://www.morphosource.org/concern/media/000703497?locale=en:
2025-01-27 17:52:12,301 - INFO -   url: https://www.morphosource.org/concern/media/000703497?locale=en
2025-01-27 17:52:12,301 - INFO -   processed_at: 2025-01-27T17:52:12.289318
2025-01-27 17:52:12,301 - INFO -   compression: Uncompressed
2025-01-27 17:52:12,301 - INFO - Extracted data for https://www.morphosource.org/concern/media/000703497?locale=en:
2025-01-27 17:52:12,302 - INFO -   url: https://www.morphosource.org/concern/media/000703497?locale=en
2025-01-27 17:52:12,302 - INFO -   processed_at: 2025-01-27T17:52:12.289318
2025-01-27 17:52:12,302 - INFO -   compression: Uncompressed
2025-01-27 17:52:12,302 - INFO -   batch_index: 29
2025-01-27 17:52:13,341 - INFO - Saved 10 records to data/parquet/2025-01-27_17-51-44/morphosource_data_20250127_175213.parquet
2025-01-27 17:52:13,341 - INFO - Columns: url, processed_at, file_name, file_format, file_size_bytes, image_width, image_height, color_space, color_depth, compression, x_pixel_spacing, y_pixel_spacing, z_pixel_spacing, pixel_spacing_units, slice_thickness, number_of_images, batch_index
2025-01-27 17:52:13,342 - INFO - Processed 10 records in this batch
