2025-08-27 01:37:47,605 - Data directory: data/2025-08-27_01-37-45
2025-08-27 01:37:47,605 - Output directory: data/2025-08-27_01-37-45
2025-08-27 01:37:47,606 - Using data directory: data/2025-08-27_01-37-45
2025-08-27 01:37:47,606 - Looking for previous data in: data
2025-08-27 01:37:47,608 - Loading previous data from: data/2025-08-26_01-40-40/morphosource_data_complete.json
2025-08-27 01:37:48,031 - Loaded 108151 records from previous data file
2025-08-27 01:37:48,031 - Latest stored record ID: 000772262
2025-08-27 01:37:48,031 - Previous record count: 108151
2025-08-27 01:37:48,031 - Fetching page 1
2025-08-27 01:37:50,288 - Found record 000773054 - Total records: 1
2025-08-27 01:37:50,289 - Found record 000773036 - Total records: 2
2025-08-27 01:37:50,289 - Found record 000773030 - Total records: 3
2025-08-27 01:37:50,289 - Found record 000773025 - Total records: 4
2025-08-27 01:37:50,290 - Found record 000773016 - Total records: 5
2025-08-27 01:37:50,290 - Found record 000773007 - Total records: 6
2025-08-27 01:37:50,290 - Found record 000773000 - Total records: 7
2025-08-27 01:37:50,291 - Found record 000772995 - Total records: 8
2025-08-27 01:37:50,291 - Found record 000772990 - Total records: 9
2025-08-27 01:37:50,291 - Found record 000772622 - Total records: 10
2025-08-27 01:37:50,291 - Found record 000772262 - Total records: 11
2025-08-27 01:37:50,291 - Found latest stored record 000772262 - stopping fetch
2025-08-27 01:37:50,291 - Completed fetch - Found 11 new records
2025-08-27 01:37:50,292 - Latest webpage record ID: 000773054
2025-08-27 01:37:50,293 - New records available - latest records differ
2025-08-27 01:37:50,433 - New records: 11
2025-08-27 01:37:50,433 - Previous records: 108151
2025-08-27 01:37:50,433 - Combined records: 108161
2025-08-27 01:37:51,998 - Saved 108161 records to: data/2025-08-27_01-37-45/morphosource_data_complete.json
2025-08-27 01:37:51,998 - Created detailed release notes at: data/2025-08-27_01-37-45/release_notes.txt
