2025-09-20 01:24:28,500 - Data directory: data/2025-09-20_01-24-26
2025-09-20 01:24:28,501 - Output directory: data/2025-09-20_01-24-26
2025-09-20 01:24:28,501 - Using data directory: data/2025-09-20_01-24-26
2025-09-20 01:24:28,501 - Looking for previous data in: data
2025-09-20 01:24:28,503 - Loading previous data from: data/2025-09-19_01-28-19/morphosource_data_complete.json
2025-09-20 01:24:28,932 - Loaded 108672 records from previous data file
2025-09-20 01:24:28,932 - Latest stored record ID: 000779942
2025-09-20 01:24:28,932 - Previous record count: 108672
2025-09-20 01:24:28,932 - Fetching page 1
2025-09-20 01:24:35,763 - Found record 000780101 - Total records: 1
2025-09-20 01:24:35,763 - Found record 000780038 - Total records: 2
2025-09-20 01:24:35,764 - Found record 000779961 - Total records: 3
2025-09-20 01:24:35,764 - Found record 000779957 - Total records: 4
2025-09-20 01:24:35,764 - Found record 000779942 - Total records: 5
2025-09-20 01:24:35,764 - Found latest stored record 000779942 - stopping fetch
2025-09-20 01:24:35,765 - Completed fetch - Found 5 new records
2025-09-20 01:24:35,766 - Latest webpage record ID: 000780101
2025-09-20 01:24:35,766 - New records available - latest records differ
2025-09-20 01:24:35,875 - New records: 5
2025-09-20 01:24:35,876 - Previous records: 108672
2025-09-20 01:24:35,876 - Combined records: 108676
2025-09-20 01:24:37,473 - Saved 108676 records to: data/2025-09-20_01-24-26/morphosource_data_complete.json
2025-09-20 01:24:37,473 - Created detailed release notes at: data/2025-09-20_01-24-26/release_notes.txt
