2025-08-29 01:37:23,012 - Data directory: data/2025-08-29_01-37-19
2025-08-29 01:37:23,012 - Output directory: data/2025-08-29_01-37-19
2025-08-29 01:37:23,012 - Using data directory: data/2025-08-29_01-37-19
2025-08-29 01:37:23,012 - Looking for previous data in: data
2025-08-29 01:37:23,014 - Loading previous data from: data/2025-08-28_01-37-05/morphosource_data_complete.json
2025-08-29 01:37:23,444 - Loaded 108165 records from previous data file
2025-08-29 01:37:23,444 - Latest stored record ID: 000773313
2025-08-29 01:37:23,444 - Previous record count: 108165
2025-08-29 01:37:23,444 - Fetching page 1
2025-08-29 01:37:26,333 - Found record 000773943 - Total records: 1
2025-08-29 01:37:26,333 - Found record 000773927 - Total records: 2
2025-08-29 01:37:26,334 - Found record 000773917 - Total records: 3
2025-08-29 01:37:26,334 - Found record 000773907 - Total records: 4
2025-08-29 01:37:26,334 - Found record 000773899 - Total records: 5
2025-08-29 01:37:26,334 - Found record 000773885 - Total records: 6
2025-08-29 01:37:26,335 - Found record 000773880 - Total records: 7
2025-08-29 01:37:26,335 - Found record 000773875 - Total records: 8
2025-08-29 01:37:26,335 - Found record 000773866 - Total records: 9
2025-08-29 01:37:26,336 - Found record 000773857 - Total records: 10
2025-08-29 01:37:26,336 - Found record 000773852 - Total records: 11
2025-08-29 01:37:26,336 - Found record 000773847 - Total records: 12
2025-08-29 01:37:26,336 - Found record 000773831 - Total records: 13
2025-08-29 01:37:26,337 - Found record 000773727 - Total records: 14
2025-08-29 01:37:26,337 - Found record 000773313 - Total records: 15
2025-08-29 01:37:26,337 - Found latest stored record 000773313 - stopping fetch
2025-08-29 01:37:26,337 - Completed fetch - Found 15 new records
2025-08-29 01:37:26,338 - Latest webpage record ID: 000773943
2025-08-29 01:37:26,338 - New records available - latest records differ
2025-08-29 01:37:26,501 - New records: 15
2025-08-29 01:37:26,502 - Previous records: 108165
2025-08-29 01:37:26,502 - Combined records: 108179
2025-08-29 01:37:28,133 - Saved 108179 records to: data/2025-08-29_01-37-19/morphosource_data_complete.json
2025-08-29 01:37:28,133 - Created detailed release notes at: data/2025-08-29_01-37-19/release_notes.txt
