2026-06-22 01:05:22,259 - Data directory: data/2026-06-22_01-05-19
2026-06-22 01:05:22,259 - Output directory: data/2026-06-22_01-05-19
2026-06-22 01:05:22,260 - Fetch all mode: True
2026-06-22 01:05:22,260 - Using data directory: data/2026-06-22_01-05-19
2026-06-22 01:05:22,260 - Looking for previous data in: data
2026-06-22 01:05:22,267 - Loading previous data from: data/2025-10-06_01-28-33/morphosource_data_complete.json
2026-06-22 01:05:22,701 - Loaded 108782 records from previous data file
2026-06-22 01:05:22,701 - Latest stored record ID: 000781814
2026-06-22 01:05:22,701 - Previous record count: 108782
2026-06-22 01:05:22,701 - === FULL FETCH MODE: Collecting all records from all pages ===
2026-06-22 01:05:22,701 - Fetching page 1 via API
2026-06-22 01:05:23,456 - API error on page 1: Network error: Expecting value: line 1 column 1 (char 0) (error 1/5)
2026-06-22 01:05:28,462 - Fetching page 1 via API
2026-06-22 01:05:28,522 - API error on page 1: Network error: Expecting value: line 1 column 1 (char 0) (error 2/5)
2026-06-22 01:05:33,528 - Fetching page 1 via API
2026-06-22 01:05:33,588 - API error on page 1: Network error: Expecting value: line 1 column 1 (char 0) (error 3/5)
2026-06-22 01:05:38,593 - Fetching page 1 via API
2026-06-22 01:05:38,653 - API error on page 1: Network error: Expecting value: line 1 column 1 (char 0) (error 4/5)
2026-06-22 01:05:43,658 - Fetching page 1 via API
2026-06-22 01:05:43,718 - API error on page 1: Network error: Expecting value: line 1 column 1 (char 0) (error 5/5)
2026-06-22 01:05:43,719 - Error getting records: Network error: Expecting value: line 1 column 1 (char 0)
2026-06-22 01:05:43,719 - Error in daily check: Network error: Expecting value: line 1 column 1 (char 0)
