2025-05-18 01:47:24,352 - Data directory: data/2025-05-18_01-47-22
2025-05-18 01:47:24,352 - Output directory: data/2025-05-18_01-47-22
2025-05-18 01:47:24,352 - Using data directory: data/2025-05-18_01-47-22
2025-05-18 01:47:24,352 - Looking for previous data in: data
2025-05-18 01:47:24,354 - Loading previous data from: data/2025-05-17_01-39-28/morphosource_data_complete.json
2025-05-18 01:47:24,357 - Loaded 969 records from previous data file
2025-05-18 01:47:24,357 - Latest stored record ID: 000741906
2025-05-18 01:47:24,357 - Previous record count: 969
2025-05-18 01:47:24,357 - Fetching page 1
2025-05-18 01:47:26,923 - Found record 000741920 - Total records: 1
2025-05-18 01:47:26,924 - Found record 000741918 - Total records: 2
2025-05-18 01:47:26,924 - Found record 000741915 - Total records: 3
2025-05-18 01:47:26,924 - Found record 000741911 - Total records: 4
2025-05-18 01:47:26,925 - Found record 000741909 - Total records: 5
2025-05-18 01:47:26,925 - Found record 000741906 - Total records: 6
2025-05-18 01:47:26,925 - Found latest stored record 000741906 - stopping fetch
2025-05-18 01:47:26,925 - Completed fetch - Found 6 new records
2025-05-18 01:47:26,926 - Latest webpage record ID: 000741920
2025-05-18 01:47:26,926 - New records available - latest records differ
2025-05-18 01:47:26,927 - New records: 6
2025-05-18 01:47:26,927 - Previous records: 969
2025-05-18 01:47:26,927 - Combined records: 974
2025-05-18 01:47:26,941 - Saved 974 records to: data/2025-05-18_01-47-22/morphosource_data_complete.json
2025-05-18 01:47:26,941 - Created detailed release notes at: data/2025-05-18_01-47-22/release_notes.txt
