2025-02-27 01:23:13,110 - Data directory: data/2025-02-27_01-23-12
2025-02-27 01:23:13,110 - Output directory: data/2025-02-27_01-23-12
2025-02-27 01:23:13,110 - Using data directory: data/2025-02-27_01-23-12
2025-02-27 01:23:13,110 - Looking for previous data in: data
2025-02-27 01:23:13,111 - Loading previous data from: data/2025-02-26_01-22-55/morphosource_data_complete.json
2025-02-27 01:23:13,488 - Loaded 105260 records from previous data file
2025-02-27 01:23:13,488 - Latest stored record ID: 000713395
2025-02-27 01:23:13,488 - Previous record count: 105260
2025-02-27 01:23:13,488 - Fetching page 1
2025-02-27 01:23:17,260 - Found record 000713610 - Total records: 1
2025-02-27 01:23:17,261 - Found record 000713521 - Total records: 2
2025-02-27 01:23:17,261 - Found record 000713515 - Total records: 3
2025-02-27 01:23:17,261 - Found record 000713502 - Total records: 4
2025-02-27 01:23:17,262 - Found record 000713496 - Total records: 5
2025-02-27 01:23:17,262 - Found record 000713490 - Total records: 6
2025-02-27 01:23:17,262 - Found record 000713395 - Total records: 7
2025-02-27 01:23:17,262 - Found latest stored record 000713395 - stopping fetch
2025-02-27 01:23:17,262 - Completed fetch - Found 7 new records
2025-02-27 01:23:17,263 - Latest webpage record ID: 000713610
2025-02-27 01:23:17,263 - New records available - latest records differ
2025-02-27 01:23:17,382 - New records: 7
2025-02-27 01:23:17,382 - Previous records: 105260
2025-02-27 01:23:17,382 - Combined records: 105266
2025-02-27 01:23:18,908 - Saved 105266 records to: data/2025-02-27_01-23-12/morphosource_data_complete.json
2025-02-27 01:23:18,908 - Created detailed release notes at: data/2025-02-27_01-23-12/release_notes.txt
