2025-01-27 19:13:07,544 - INFO - Using data file: data/2025-01-27_01-34-38/morphosource_data_complete.json
2025-01-27 19:13:07,984 - INFO - Found 104398 URLs to process
2025-01-27 19:13:07,984 - INFO - Processing up to 10 records this batch (total target: 104398)
2025-01-27 19:13:07,984 - INFO - Starting at index 30, processed so far: 30
2025-01-27 19:13:08,143 - INFO - Setting up new Chrome driver
2025-01-27 19:13:08,508 - INFO - Processing URL: https://www.morphosource.org/concern/media/000703487?locale=en (Attempt 1/3)
2025-01-27 19:13:08,508 - INFO - Starting page load for https://www.morphosource.org/concern/media/000703487?locale=en
2025-01-27 19:13:13,259 - INFO - Page loaded for https://www.morphosource.org/concern/media/000703487?locale=en
2025-01-27 19:13:24,249 - INFO - Successfully processed https://www.morphosource.org/concern/media/000703487?locale=en
2025-01-27 19:13:26,251 - INFO - Processing URL: https://www.morphosource.org/concern/media/000703483?locale=en (Attempt 1/3)
2025-01-27 19:13:26,252 - INFO - Starting page load for https://www.morphosource.org/concern/media/000703483?locale=en
2025-01-27 19:13:28,338 - INFO - Page loaded for https://www.morphosource.org/concern/media/000703483?locale=en
2025-01-27 19:13:39,262 - INFO - Successfully processed https://www.morphosource.org/concern/media/000703483?locale=en
2025-01-27 19:13:41,265 - INFO - Processing URL: https://www.morphosource.org/concern/media/000703476?locale=en (Attempt 1/3)
2025-01-27 19:13:41,265 - INFO - Starting page load for https://www.morphosource.org/concern/media/000703476?locale=en
2025-01-27 19:13:43,126 - INFO - Page loaded for https://www.morphosource.org/concern/media/000703476?locale=en
2025-01-27 19:13:55,865 - INFO - Successfully processed https://www.morphosource.org/concern/media/000703476?locale=en
2025-01-27 19:13:57,867 - INFO - Processing URL: https://www.morphosource.org/concern/media/000703472?locale=en (Attempt 1/3)
2025-01-27 19:13:57,868 - INFO - Starting page load for https://www.morphosource.org/concern/media/000703472?locale=en
2025-01-27 19:14:01,350 - INFO - Page loaded for https://www.morphosource.org/concern/media/000703472?locale=en
2025-01-27 19:14:12,324 - INFO - Successfully processed https://www.morphosource.org/concern/media/000703472?locale=en
2025-01-27 19:14:14,326 - INFO - Processing URL: https://www.morphosource.org/concern/media/000703467?locale=en (Attempt 1/3)
2025-01-27 19:14:14,326 - INFO - Starting page load for https://www.morphosource.org/concern/media/000703467?locale=en
2025-01-27 19:14:17,625 - INFO - Page loaded for https://www.morphosource.org/concern/media/000703467?locale=en
2025-01-27 19:14:28,544 - INFO - Successfully processed https://www.morphosource.org/concern/media/000703467?locale=en
2025-01-27 19:14:30,546 - INFO - Processing URL: https://www.morphosource.org/concern/media/000703305?locale=en (Attempt 1/3)
2025-01-27 19:14:30,546 - INFO - Starting page load for https://www.morphosource.org/concern/media/000703305?locale=en
2025-01-27 19:14:33,174 - INFO - Page loaded for https://www.morphosource.org/concern/media/000703305?locale=en
2025-01-27 19:14:44,201 - INFO - Successfully processed https://www.morphosource.org/concern/media/000703305?locale=en
2025-01-27 19:14:46,203 - INFO - Processing URL: https://www.morphosource.org/concern/media/000703298?locale=en (Attempt 1/3)
2025-01-27 19:14:46,204 - INFO - Starting page load for https://www.morphosource.org/concern/media/000703298?locale=en
2025-01-27 19:14:50,682 - INFO - Page loaded for https://www.morphosource.org/concern/media/000703298?locale=en
2025-01-27 19:15:01,655 - INFO - Successfully processed https://www.morphosource.org/concern/media/000703298?locale=en
2025-01-27 19:15:03,657 - INFO - Processing URL: https://www.morphosource.org/concern/media/000703294?locale=en (Attempt 1/3)
2025-01-27 19:15:03,657 - INFO - Starting page load for https://www.morphosource.org/concern/media/000703294?locale=en
2025-01-27 19:15:08,108 - INFO - Page loaded for https://www.morphosource.org/concern/media/000703294?locale=en
2025-01-27 19:15:19,173 - INFO - Successfully processed https://www.morphosource.org/concern/media/000703294?locale=en
2025-01-27 19:15:21,175 - INFO - Processing URL: https://www.morphosource.org/concern/media/000703287?locale=en (Attempt 1/3)
2025-01-27 19:15:21,176 - INFO - Starting page load for https://www.morphosource.org/concern/media/000703287?locale=en
2025-01-27 19:15:23,454 - INFO - Page loaded for https://www.morphosource.org/concern/media/000703287?locale=en
2025-01-27 19:15:34,454 - INFO - Successfully processed https://www.morphosource.org/concern/media/000703287?locale=en
2025-01-27 19:15:36,456 - INFO - Processing URL: https://www.morphosource.org/concern/media/000703273?locale=en (Attempt 1/3)
2025-01-27 19:15:36,456 - INFO - Starting page load for https://www.morphosource.org/concern/media/000703273?locale=en
2025-01-27 19:15:39,471 - INFO - Page loaded for https://www.morphosource.org/concern/media/000703273?locale=en
2025-01-27 19:15:50,475 - INFO - Successfully processed https://www.morphosource.org/concern/media/000703273?locale=en
2025-01-27 19:15:52,582 - INFO - Saved 10 records to data/parquet/2025-01-27_19-13-06/morphosource_data_20250127_191552.parquet
2025-01-27 19:15:52,582 - INFO - Columns: url, processed_at, error, media_id, media_type, object_element_or_part, object_represented, object_taxonomy, object_organization, side, orientation, short_description, full_description, creator, date_created, date_uploaded, file_name, file_format(s), file_size_bytes, image_width, image_height, color_space, color_depth, compression, x_pixel_spacing, y_pixel_spacing, z_pixel_spacing, pixel_spacing_units, slice_thickness, number_of_images_in_set, number_of_parent_media, number_of_processing_events, modality, device, data_managed_by, data_uploaded_by, publication_status, download_reviewer, ip_holder, copyright_statement, creative_commons_license, permits_commercial_use, permits_3d_use, required_archival_of_published_derivatives, funding_attribution, publisher, cite_as, media_preview_mode, additional_usage_agreement, morphosource_ark, morphosource_doi, external_identifier, external_media_url, batch_index, attempt
2025-01-27 19:15:52,678 - INFO - Saved 10 records to data/parquet/2025-01-27_19-13-06/morphosource_data_20250127_191552.parquet
2025-01-27 19:15:52,678 - INFO - Columns: url, processed_at, error, media_id, media_type, object_element_or_part, object_represented, object_taxonomy, object_organization, side, orientation, short_description, full_description, creator, date_created, date_uploaded, file_name, file_format(s), file_size_bytes, image_width, image_height, color_space, color_depth, compression, x_pixel_spacing, y_pixel_spacing, z_pixel_spacing, pixel_spacing_units, slice_thickness, number_of_images_in_set, number_of_parent_media, number_of_processing_events, modality, device, data_managed_by, data_uploaded_by, publication_status, download_reviewer, ip_holder, copyright_statement, creative_commons_license, permits_commercial_use, permits_3d_use, required_archival_of_published_derivatives, funding_attribution, publisher, cite_as, media_preview_mode, additional_usage_agreement, morphosource_ark, morphosource_doi, external_identifier, external_media_url, batch_index, attempt
2025-01-27 19:15:52,678 - INFO - Processed 10 records in this batch
