2025-03-23 01:39:05,140 - Data directory: data/2025-03-23_01-39-03
2025-03-23 01:39:05,140 - Output directory: data/2025-03-23_01-39-03
2025-03-23 01:39:05,140 - Using data directory: data/2025-03-23_01-39-03
2025-03-23 01:39:05,140 - Looking for previous data in: data
2025-03-23 01:39:05,141 - Loading previous data from: data/2025-03-22_01-24-52/morphosource_data_complete.json
2025-03-23 01:39:05,510 - Loaded 105675 records from previous data file
2025-03-23 01:39:05,511 - Latest stored record ID: 000722547
2025-03-23 01:39:05,511 - Previous record count: 105675
2025-03-23 01:39:05,511 - Fetching page 1
2025-03-23 01:39:08,512 - Found record 000722699 - Total records: 1
2025-03-23 01:39:08,512 - Found record 000722696 - Total records: 2
2025-03-23 01:39:08,513 - Found record 000722693 - Total records: 3
2025-03-23 01:39:08,513 - Found record 000722690 - Total records: 4
2025-03-23 01:39:08,514 - Found record 000722687 - Total records: 5
2025-03-23 01:39:08,514 - Found record 000722684 - Total records: 6
2025-03-23 01:39:08,514 - Found record 000722681 - Total records: 7
2025-03-23 01:39:08,515 - Found record 000722674 - Total records: 8
2025-03-23 01:39:08,515 - Found record 000722670 - Total records: 9
2025-03-23 01:39:08,515 - Found record 000722547 - Total records: 10
2025-03-23 01:39:08,515 - Found latest stored record 000722547 - stopping fetch
2025-03-23 01:39:08,515 - Completed fetch - Found 10 new records
2025-03-23 01:39:08,516 - Latest webpage record ID: 000722699
2025-03-23 01:39:08,516 - New records available - latest records differ
2025-03-23 01:39:08,649 - New records: 10
2025-03-23 01:39:08,649 - Previous records: 105675
2025-03-23 01:39:08,649 - Combined records: 105684
2025-03-23 01:39:10,152 - Saved 105684 records to: data/2025-03-23_01-39-03/morphosource_data_complete.json
2025-03-23 01:39:10,152 - Created detailed release notes at: data/2025-03-23_01-39-03/release_notes.txt
