2025-09-09 01:28:56,216 - Data directory: data/2025-09-09_01-28-50
2025-09-09 01:28:56,216 - Output directory: data/2025-09-09_01-28-50
2025-09-09 01:28:56,216 - Using data directory: data/2025-09-09_01-28-50
2025-09-09 01:28:56,217 - Looking for previous data in: data
2025-09-09 01:28:56,221 - Loading previous data from: data/2025-09-08_01-39-44/morphosource_data_complete.json
2025-09-09 01:28:56,665 - Loaded 108266 records from previous data file
2025-09-09 01:28:56,666 - Latest stored record ID: 000775268
2025-09-09 01:28:56,666 - Previous record count: 108266
2025-09-09 01:28:56,666 - Fetching page 1
2025-09-09 01:29:01,282 - Found record 000776154 - Total records: 1
2025-09-09 01:29:01,283 - Found record 000776150 - Total records: 2
2025-09-09 01:29:01,283 - Found record 000776144 - Total records: 3
2025-09-09 01:29:01,283 - Found record 000776139 - Total records: 4
2025-09-09 01:29:01,284 - Found record 000776112 - Total records: 5
2025-09-09 01:29:01,284 - Found record 000776089 - Total records: 6
2025-09-09 01:29:01,284 - Found record 000776058 - Total records: 7
2025-09-09 01:29:01,285 - Found record 000776021 - Total records: 8
2025-09-09 01:29:01,285 - Found record 000776000 - Total records: 9
2025-09-09 01:29:01,285 - Found record 000775984 - Total records: 10
2025-09-09 01:29:01,286 - Found record 000775967 - Total records: 11
2025-09-09 01:29:01,286 - Found record 000775933 - Total records: 12
2025-09-09 01:29:01,287 - Found record 000775894 - Total records: 13
2025-09-09 01:29:01,287 - Found record 000775828 - Total records: 14
2025-09-09 01:29:01,287 - Found record 000775810 - Total records: 15
2025-09-09 01:29:01,288 - Found record 000775791 - Total records: 16
2025-09-09 01:29:01,288 - Found record 000775724 - Total records: 17
2025-09-09 01:29:01,289 - Found record 000775693 - Total records: 18
2025-09-09 01:29:01,289 - Found record 000775642 - Total records: 19
2025-09-09 01:29:01,289 - Found record 000775635 - Total records: 20
2025-09-09 01:29:01,290 - Found record 000775629 - Total records: 21
2025-09-09 01:29:01,290 - Found record 000775620 - Total records: 22
2025-09-09 01:29:01,290 - Found record 000775311 - Total records: 23
2025-09-09 01:29:01,291 - Found record 000775308 - Total records: 24
2025-09-09 01:29:01,291 - Found record 000775305 - Total records: 25
2025-09-09 01:29:01,292 - Found record 000775299 - Total records: 26
2025-09-09 01:29:01,292 - Found record 000775296 - Total records: 27
2025-09-09 01:29:01,292 - Found record 000775290 - Total records: 28
2025-09-09 01:29:01,293 - Found record 000775287 - Total records: 29
2025-09-09 01:29:01,293 - Found record 000775282 - Total records: 30
2025-09-09 01:29:01,293 - Found record 000775279 - Total records: 31
2025-09-09 01:29:01,294 - Found record 000775274 - Total records: 32
2025-09-09 01:29:01,294 - Found record 000775271 - Total records: 33
2025-09-09 01:29:01,294 - Found record 000775268 - Total records: 34
2025-09-09 01:29:01,294 - Found latest stored record 000775268 - stopping fetch
2025-09-09 01:29:01,294 - Completed fetch - Found 34 new records
2025-09-09 01:29:01,295 - Latest webpage record ID: 000776154
2025-09-09 01:29:01,296 - New records available - latest records differ
2025-09-09 01:29:01,585 - New records: 34
2025-09-09 01:29:01,585 - Previous records: 108266
2025-09-09 01:29:01,585 - Combined records: 108299
2025-09-09 01:29:03,145 - Saved 108299 records to: data/2025-09-09_01-28-50/morphosource_data_complete.json
2025-09-09 01:29:03,145 - Created detailed release notes at: data/2025-09-09_01-28-50/release_notes.txt
