2025-09-19 01:28:21,507 - Data directory: data/2025-09-19_01-28-19
2025-09-19 01:28:21,508 - Output directory: data/2025-09-19_01-28-19
2025-09-19 01:28:21,508 - Using data directory: data/2025-09-19_01-28-19
2025-09-19 01:28:21,508 - Looking for previous data in: data
2025-09-19 01:28:21,510 - Loading previous data from: data/2025-09-18_01-25-54/morphosource_data_complete.json
2025-09-19 01:28:21,953 - Loaded 108668 records from previous data file
2025-09-19 01:28:21,953 - Latest stored record ID: 000779801
2025-09-19 01:28:21,953 - Previous record count: 108668
2025-09-19 01:28:21,954 - Fetching page 1
2025-09-19 01:28:27,071 - Found record 000779942 - Total records: 1
2025-09-19 01:28:27,071 - Found record 000779936 - Total records: 2
2025-09-19 01:28:27,071 - Found record 000779927 - Total records: 3
2025-09-19 01:28:27,072 - Found record 000779923 - Total records: 4
2025-09-19 01:28:27,072 - Found record 000779801 - Total records: 5
2025-09-19 01:28:27,072 - Found latest stored record 000779801 - stopping fetch
2025-09-19 01:28:27,072 - Completed fetch - Found 5 new records
2025-09-19 01:28:27,073 - Latest webpage record ID: 000779942
2025-09-19 01:28:27,073 - New records available - latest records differ
2025-09-19 01:28:27,187 - New records: 5
2025-09-19 01:28:27,187 - Previous records: 108668
2025-09-19 01:28:27,188 - Combined records: 108672
2025-09-19 01:28:28,793 - Saved 108672 records to: data/2025-09-19_01-28-19/morphosource_data_complete.json
2025-09-19 01:28:28,793 - Created detailed release notes at: data/2025-09-19_01-28-19/release_notes.txt
