2025-05-11 01:46:23,066 - Data directory: data/2025-05-11_01-46-19
2025-05-11 01:46:23,066 - Output directory: data/2025-05-11_01-46-19
2025-05-11 01:46:23,067 - Using data directory: data/2025-05-11_01-46-19
2025-05-11 01:46:23,067 - Looking for previous data in: data
2025-05-11 01:46:23,068 - Loading previous data from: data/2025-05-10_01-37-13/morphosource_data_complete.json
2025-05-11 01:46:23,071 - Loaded 901 records from previous data file
2025-05-11 01:46:23,071 - Latest stored record ID: 000740292
2025-05-11 01:46:23,071 - Previous record count: 901
2025-05-11 01:46:23,071 - Fetching page 1
2025-05-11 01:46:30,745 - Found record 000740377 - Total records: 1
2025-05-11 01:46:30,745 - Found record 000740374 - Total records: 2
2025-05-11 01:46:30,745 - Found record 000740367 - Total records: 3
2025-05-11 01:46:30,746 - Found record 000740364 - Total records: 4
2025-05-11 01:46:30,746 - Found record 000740361 - Total records: 5
2025-05-11 01:46:30,746 - Found record 000740358 - Total records: 6
2025-05-11 01:46:30,747 - Found record 000740354 - Total records: 7
2025-05-11 01:46:30,747 - Found record 000740347 - Total records: 8
2025-05-11 01:46:30,747 - Found record 000740343 - Total records: 9
2025-05-11 01:46:30,747 - Found record 000740338 - Total records: 10
2025-05-11 01:46:30,748 - Found record 000740325 - Total records: 11
2025-05-11 01:46:30,748 - Found record 000740292 - Total records: 12
2025-05-11 01:46:30,748 - Found latest stored record 000740292 - stopping fetch
2025-05-11 01:46:30,748 - Completed fetch - Found 12 new records
2025-05-11 01:46:30,748 - Latest webpage record ID: 000740377
2025-05-11 01:46:30,748 - New records available - latest records differ
2025-05-11 01:46:30,750 - New records: 12
2025-05-11 01:46:30,750 - Previous records: 901
2025-05-11 01:46:30,750 - Combined records: 912
2025-05-11 01:46:30,763 - Saved 912 records to: data/2025-05-11_01-46-19/morphosource_data_complete.json
2025-05-11 01:46:30,763 - Created detailed release notes at: data/2025-05-11_01-46-19/release_notes.txt
