2026-06-03 01:08:27,177 - Data directory: data/2026-06-03_01-08-24
2026-06-03 01:08:27,177 - Output directory: data/2026-06-03_01-08-24
2026-06-03 01:08:27,177 - Fetch all mode: True
2026-06-03 01:08:27,178 - Using data directory: data/2026-06-03_01-08-24
2026-06-03 01:08:27,178 - Looking for previous data in: data
2026-06-03 01:08:27,184 - Loading previous data from: data/2025-10-06_01-28-33/morphosource_data_complete.json
2026-06-03 01:08:27,562 - Loaded 108782 records from previous data file
2026-06-03 01:08:27,562 - Latest stored record ID: 000781814
2026-06-03 01:08:27,562 - Previous record count: 108782
2026-06-03 01:08:27,562 - === FULL FETCH MODE: Collecting all records from all pages ===
2026-06-03 01:08:27,562 - Fetching page 1 via API
2026-06-03 01:08:28,086 - API error on page 1: Network error: Expecting value: line 1 column 1 (char 0) (error 1/5)
2026-06-03 01:08:33,092 - Fetching page 1 via API
2026-06-03 01:08:33,159 - API error on page 1: Network error: Expecting value: line 1 column 1 (char 0) (error 2/5)
2026-06-03 01:08:38,164 - Fetching page 1 via API
2026-06-03 01:08:38,228 - API error on page 1: Network error: Expecting value: line 1 column 1 (char 0) (error 3/5)
2026-06-03 01:08:43,234 - Fetching page 1 via API
2026-06-03 01:08:43,297 - API error on page 1: Network error: Expecting value: line 1 column 1 (char 0) (error 4/5)
2026-06-03 01:08:48,303 - Fetching page 1 via API
2026-06-03 01:08:48,366 - API error on page 1: Network error: Expecting value: line 1 column 1 (char 0) (error 5/5)
2026-06-03 01:08:48,366 - Error getting records: Network error: Expecting value: line 1 column 1 (char 0)
2026-06-03 01:08:48,366 - Error in daily check: Network error: Expecting value: line 1 column 1 (char 0)
