2025-07-14 01:54:27,265 - Data directory: data/2025-07-14_01-54-25
2025-07-14 01:54:27,265 - Output directory: data/2025-07-14_01-54-25
2025-07-14 01:54:27,265 - Using data directory: data/2025-07-14_01-54-25
2025-07-14 01:54:27,265 - Looking for previous data in: data
2025-07-14 01:54:27,267 - Loading previous data from: data/2025-07-13_01-59-00/morphosource_data_complete.json
2025-07-14 01:54:27,689 - Loaded 107769 records from previous data file
2025-07-14 01:54:27,689 - Latest stored record ID: 000762103
2025-07-14 01:54:27,689 - Previous record count: 107769
2025-07-14 01:54:27,689 - Fetching page 1
2025-07-14 01:54:30,167 - Found record 000762158 - Total records: 1
2025-07-14 01:54:30,168 - Found record 000762149 - Total records: 2
2025-07-14 01:54:30,168 - Found record 000762144 - Total records: 3
2025-07-14 01:54:30,169 - Found record 000762103 - Total records: 4
2025-07-14 01:54:30,169 - Found latest stored record 000762103 - stopping fetch
2025-07-14 01:54:30,169 - Completed fetch - Found 4 new records
2025-07-14 01:54:30,169 - Latest webpage record ID: 000762158
2025-07-14 01:54:30,169 - New records available - latest records differ
2025-07-14 01:54:30,267 - New records: 4
2025-07-14 01:54:30,267 - Previous records: 107769
2025-07-14 01:54:30,267 - Combined records: 107772
2025-07-14 01:54:31,787 - Saved 107772 records to: data/2025-07-14_01-54-25/morphosource_data_complete.json
2025-07-14 01:54:31,787 - Created detailed release notes at: data/2025-07-14_01-54-25/release_notes.txt
