2025-01-27 20:16:17,696 - INFO - Using data file: data/2025-01-27_01-34-38/morphosource_data_complete.json
2025-01-27 20:16:18,121 - INFO - Found 104398 URLs to process
2025-01-27 20:16:18,121 - INFO - Processing up to 10 records this batch (total target: 20)
2025-01-27 20:16:18,121 - INFO - Starting at index 10, processed so far: 10
2025-01-27 20:16:18,206 - INFO - Setting up new Chrome driver
2025-01-27 20:16:18,555 - INFO - Processing URL: https://www.morphosource.org/concern/media/000703945?locale=en (Attempt 1/3)
2025-01-27 20:16:18,556 - INFO - Analyzing structure for: https://www.morphosource.org/concern/media/000703945?locale=en
2025-01-27 20:16:21,151 - INFO - Title loaded
2025-01-27 20:16:21,167 - INFO - Content elements found
2025-01-27 20:16:21,185 - INFO - Found media type using showcase layout
2025-01-27 20:16:21,185 - INFO - Detected Layout: showcase
2025-01-27 20:16:21,185 - INFO - Media Type: Volumetric Image Series
2025-01-27 20:16:22,465 - INFO - Successfully processed https://www.morphosource.org/concern/media/000703945?locale=en
2025-01-27 20:16:24,467 - INFO - Processing URL: https://www.morphosource.org/concern/media/000703897?locale=en (Attempt 1/3)
2025-01-27 20:16:24,467 - INFO - Analyzing structure for: https://www.morphosource.org/concern/media/000703897?locale=en
2025-01-27 20:16:25,170 - INFO - Title loaded
2025-01-27 20:16:25,185 - INFO - Content elements found
2025-01-27 20:16:25,202 - INFO - Found media type using showcase layout
2025-01-27 20:16:25,202 - INFO - Detected Layout: showcase
2025-01-27 20:16:25,202 - INFO - Media Type: Image
2025-01-27 20:16:25,786 - INFO - Successfully processed https://www.morphosource.org/concern/media/000703897?locale=en
2025-01-27 20:16:27,789 - INFO - Processing URL: https://www.morphosource.org/concern/media/000703876?locale=en (Attempt 1/3)
2025-01-27 20:16:27,789 - INFO - Analyzing structure for: https://www.morphosource.org/concern/media/000703876?locale=en
2025-01-27 20:16:29,404 - INFO - Title loaded
2025-01-27 20:16:29,415 - INFO - Content elements found
2025-01-27 20:16:29,426 - INFO - Found media type using showcase layout
2025-01-27 20:16:29,426 - INFO - Detected Layout: showcase
2025-01-27 20:16:29,426 - INFO - Media Type: Volumetric Image Series
2025-01-27 20:16:30,673 - INFO - Successfully processed https://www.morphosource.org/concern/media/000703876?locale=en
2025-01-27 20:16:32,675 - INFO - Processing URL: https://www.morphosource.org/concern/media/000703862?locale=en (Attempt 1/3)
2025-01-27 20:16:32,676 - INFO - Analyzing structure for: https://www.morphosource.org/concern/media/000703862?locale=en
2025-01-27 20:16:33,852 - INFO - Title loaded
2025-01-27 20:16:33,867 - INFO - Content elements found
2025-01-27 20:16:33,884 - INFO - Found media type using showcase layout
2025-01-27 20:16:33,884 - INFO - Detected Layout: showcase
2025-01-27 20:16:33,884 - INFO - Media Type: Volumetric Image Series
2025-01-27 20:16:35,053 - INFO - Successfully processed https://www.morphosource.org/concern/media/000703862?locale=en
2025-01-27 20:16:37,054 - INFO - Processing URL: https://www.morphosource.org/concern/media/000703763?locale=en (Attempt 1/3)
2025-01-27 20:16:37,054 - INFO - Analyzing structure for: https://www.morphosource.org/concern/media/000703763?locale=en
2025-01-27 20:16:38,832 - INFO - Title loaded
2025-01-27 20:16:38,850 - INFO - Content elements found
2025-01-27 20:16:38,868 - INFO - Found media type using showcase layout
2025-01-27 20:16:38,868 - INFO - Detected Layout: showcase
2025-01-27 20:16:38,868 - INFO - Media Type: Volumetric Image Series
2025-01-27 20:16:40,028 - INFO - Successfully processed https://www.morphosource.org/concern/media/000703763?locale=en
2025-01-27 20:16:42,030 - INFO - Processing URL: https://www.morphosource.org/concern/media/000703744?locale=en (Attempt 1/3)
2025-01-27 20:16:42,030 - INFO - Analyzing structure for: https://www.morphosource.org/concern/media/000703744?locale=en
2025-01-27 20:16:45,170 - INFO - Title loaded
2025-01-27 20:16:45,186 - INFO - Content elements found
2025-01-27 20:16:45,207 - INFO - Found media type using showcase layout
2025-01-27 20:16:45,207 - INFO - Detected Layout: showcase
2025-01-27 20:16:45,207 - INFO - Media Type: Volumetric Image Series
2025-01-27 20:16:46,603 - INFO - Successfully processed https://www.morphosource.org/concern/media/000703744?locale=en
2025-01-27 20:16:48,604 - INFO - Processing URL: https://www.morphosource.org/concern/media/000703699?locale=en (Attempt 1/3)
2025-01-27 20:16:48,604 - INFO - Analyzing structure for: https://www.morphosource.org/concern/media/000703699?locale=en
2025-01-27 20:16:51,104 - INFO - Title loaded
2025-01-27 20:16:51,119 - INFO - Content elements found
2025-01-27 20:16:51,138 - INFO - Found media type using showcase layout
2025-01-27 20:16:51,138 - INFO - Detected Layout: showcase
2025-01-27 20:16:51,138 - INFO - Media Type: Volumetric Image Series
2025-01-27 20:16:52,421 - INFO - Successfully processed https://www.morphosource.org/concern/media/000703699?locale=en
2025-01-27 20:16:54,424 - INFO - Processing URL: https://www.morphosource.org/concern/media/000703651?locale=en (Attempt 1/3)
2025-01-27 20:16:54,424 - INFO - Analyzing structure for: https://www.morphosource.org/concern/media/000703651?locale=en
2025-01-27 20:16:55,815 - INFO - Title loaded
2025-01-27 20:16:55,826 - INFO - Content elements found
2025-01-27 20:16:55,838 - INFO - Found media type using showcase layout
2025-01-27 20:16:55,838 - INFO - Detected Layout: showcase
2025-01-27 20:16:55,838 - INFO - Media Type: Volumetric Image Series
2025-01-27 20:16:56,608 - INFO - Successfully processed https://www.morphosource.org/concern/media/000703651?locale=en
2025-01-27 20:16:58,611 - INFO - Processing URL: https://www.morphosource.org/concern/media/000703644?locale=en (Attempt 1/3)
2025-01-27 20:16:58,611 - INFO - Analyzing structure for: https://www.morphosource.org/concern/media/000703644?locale=en
2025-01-27 20:17:00,858 - INFO - Title loaded
2025-01-27 20:17:00,874 - INFO - Content elements found
2025-01-27 20:17:00,893 - INFO - Found media type using showcase layout
2025-01-27 20:17:00,893 - INFO - Detected Layout: showcase
2025-01-27 20:17:00,893 - INFO - Media Type: Volumetric Image Series
2025-01-27 20:17:02,048 - INFO - Successfully processed https://www.morphosource.org/concern/media/000703644?locale=en
2025-01-27 20:17:04,050 - INFO - Processing URL: https://www.morphosource.org/concern/media/000703625?locale=en (Attempt 1/3)
2025-01-27 20:17:04,051 - INFO - Analyzing structure for: https://www.morphosource.org/concern/media/000703625?locale=en
2025-01-27 20:17:06,522 - INFO - Title loaded
2025-01-27 20:17:06,538 - INFO - Content elements found
2025-01-27 20:17:06,556 - INFO - Found media type using showcase layout
2025-01-27 20:17:06,556 - INFO - Detected Layout: showcase
2025-01-27 20:17:06,556 - INFO - Media Type: Volumetric Image Series
2025-01-27 20:17:07,715 - INFO - Successfully processed https://www.morphosource.org/concern/media/000703625?locale=en
2025-01-27 20:17:09,752 - INFO - Saved 10 records to data/parquet/2025-01-27_20-16-16/morphosource_data_20250127_201709.parquet
2025-01-27 20:17:09,752 - INFO - Columns: url, processed_at, error, media_id, media_type, object_element_or_part, object_represented, object_taxonomy, object_organization, side, orientation, short_description, full_description, creator, date_created, date_uploaded, data_managed_by, data_uploaded_by, publication_status, download_reviewer, ip_holder, copyright_statement, creative_commons_license, morphosource_use_agreement_type, permits_commercial_use, permits_3d_use, required_archival_of_published_derivatives, funding_attribution, publisher, cite_as, media_preview_mode, additional_usage_agreement, morphosource_ark, morphosource_doi, external_identifier, external_media_url, file_name, file_formats, file_size, image_width, image_height, color_space, color_depth, compression, x_pixel_spacing, y_pixel_spacing, z_pixel_spacing, pixel_spacing_units, slice_thickness, number_of_images_in_set, number_of_parent_media, number_of_processing_events, modality, device, batch_index, attempt
2025-01-27 20:17:09,832 - INFO - Saved 10 records to data/parquet/2025-01-27_20-16-16/morphosource_data_20250127_201709.parquet
2025-01-27 20:17:09,832 - INFO - Columns: url, processed_at, error, media_id, media_type, object_element_or_part, object_represented, object_taxonomy, object_organization, side, orientation, short_description, full_description, creator, date_created, date_uploaded, data_managed_by, data_uploaded_by, publication_status, download_reviewer, ip_holder, copyright_statement, creative_commons_license, morphosource_use_agreement_type, permits_commercial_use, permits_3d_use, required_archival_of_published_derivatives, funding_attribution, publisher, cite_as, media_preview_mode, additional_usage_agreement, morphosource_ark, morphosource_doi, external_identifier, external_media_url, file_name, file_formats, file_size, image_width, image_height, color_space, color_depth, compression, x_pixel_spacing, y_pixel_spacing, z_pixel_spacing, pixel_spacing_units, slice_thickness, number_of_images_in_set, number_of_parent_media, number_of_processing_events, modality, device, batch_index, attempt
2025-01-27 20:17:09,832 - INFO - Processed 10 records in this batch
