2025-03-13 01:25:53,746 - Data directory: data/2025-03-13_01-25-52
2025-03-13 01:25:53,746 - Output directory: data/2025-03-13_01-25-52
2025-03-13 01:25:53,746 - Using data directory: data/2025-03-13_01-25-52
2025-03-13 01:25:53,746 - Looking for previous data in: data
2025-03-13 01:25:53,747 - Loading previous data from: data/2025-03-12_01-24-28/morphosource_data_complete.json
2025-03-13 01:25:54,121 - Loaded 105471 records from previous data file
2025-03-13 01:25:54,121 - Latest stored record ID: 000719004
2025-03-13 01:25:54,121 - Previous record count: 105471
2025-03-13 01:25:54,121 - Fetching page 1
2025-03-13 01:25:58,121 - Found record 000719715 - Total records: 1
2025-03-13 01:25:58,122 - Found record 000719699 - Total records: 2
2025-03-13 01:25:58,122 - Found record 000719690 - Total records: 3
2025-03-13 01:25:58,123 - Found record 000719685 - Total records: 4
2025-03-13 01:25:58,123 - Found record 000719675 - Total records: 5
2025-03-13 01:25:58,123 - Found record 000719668 - Total records: 6
2025-03-13 01:25:58,124 - Found record 000719663 - Total records: 7
2025-03-13 01:25:58,124 - Found record 000719656 - Total records: 8
2025-03-13 01:25:58,124 - Found record 000719651 - Total records: 9
2025-03-13 01:25:58,125 - Found record 000719646 - Total records: 10
2025-03-13 01:25:58,125 - Found record 000719641 - Total records: 11
2025-03-13 01:25:58,125 - Found record 000719636 - Total records: 12
2025-03-13 01:25:58,126 - Found record 000719631 - Total records: 13
2025-03-13 01:25:58,126 - Found record 000719626 - Total records: 14
2025-03-13 01:25:58,126 - Found record 000719621 - Total records: 15
2025-03-13 01:25:58,127 - Found record 000719614 - Total records: 16
2025-03-13 01:25:58,127 - Found record 000719609 - Total records: 17
2025-03-13 01:25:58,127 - Found record 000719604 - Total records: 18
2025-03-13 01:25:58,128 - Found record 000719599 - Total records: 19
2025-03-13 01:25:58,128 - Found record 000719592 - Total records: 20
2025-03-13 01:25:58,128 - Found record 000719587 - Total records: 21
2025-03-13 01:25:58,128 - Found record 000719582 - Total records: 22
2025-03-13 01:25:58,129 - Found record 000719577 - Total records: 23
2025-03-13 01:25:58,129 - Found record 000719571 - Total records: 24
2025-03-13 01:25:58,129 - Found record 000719004 - Total records: 25
2025-03-13 01:25:58,129 - Found latest stored record 000719004 - stopping fetch
2025-03-13 01:25:58,129 - Completed fetch - Found 25 new records
2025-03-13 01:25:58,130 - Latest webpage record ID: 000719715
2025-03-13 01:25:58,130 - New records available - latest records differ
2025-03-13 01:25:58,364 - New records: 25
2025-03-13 01:25:58,365 - Previous records: 105471
2025-03-13 01:25:58,365 - Combined records: 105495
2025-03-13 01:25:59,880 - Saved 105495 records to: data/2025-03-13_01-25-52/morphosource_data_complete.json
2025-03-13 01:25:59,880 - Created detailed release notes at: data/2025-03-13_01-25-52/release_notes.txt
