2025-01-27 20:08:35,713 - INFO - Using data file: data/2025-01-27_01-34-38/morphosource_data_complete.json
2025-01-27 20:08:36,169 - INFO - Found 104398 URLs to process
2025-01-27 20:08:36,170 - INFO - Processing up to 10 records this batch (total target: 104398)
2025-01-27 20:08:36,170 - INFO - Starting at index 30, processed so far: 30
2025-01-27 20:08:36,187 - INFO - Setting up new Chrome driver
2025-01-27 20:08:36,517 - INFO - Processing URL: https://www.morphosource.org/concern/media/000703487?locale=en (Attempt 1/3)
2025-01-27 20:08:36,517 - INFO - Analyzing structure for: https://www.morphosource.org/concern/media/000703487?locale=en
2025-01-27 20:08:40,408 - INFO - Title loaded
2025-01-27 20:08:40,423 - INFO - Content elements found
2025-01-27 20:08:40,441 - INFO - Found media type using showcase layout
2025-01-27 20:08:40,441 - INFO - Detected Layout: showcase
2025-01-27 20:08:40,441 - INFO - Media Type: Volumetric Image Series
2025-01-27 20:08:41,394 - INFO - Successfully processed https://www.morphosource.org/concern/media/000703487?locale=en
2025-01-27 20:08:43,396 - INFO - Processing URL: https://www.morphosource.org/concern/media/000703483?locale=en (Attempt 1/3)
2025-01-27 20:08:43,397 - INFO - Analyzing structure for: https://www.morphosource.org/concern/media/000703483?locale=en
2025-01-27 20:08:46,194 - INFO - Title loaded
2025-01-27 20:08:46,211 - INFO - Content elements found
2025-01-27 20:08:46,229 - INFO - Found media type using showcase layout
2025-01-27 20:08:46,229 - INFO - Detected Layout: showcase
2025-01-27 20:08:46,229 - INFO - Media Type: Volumetric Image Series
2025-01-27 20:08:47,476 - INFO - Successfully processed https://www.morphosource.org/concern/media/000703483?locale=en
2025-01-27 20:08:49,479 - INFO - Processing URL: https://www.morphosource.org/concern/media/000703476?locale=en (Attempt 1/3)
2025-01-27 20:08:49,479 - INFO - Analyzing structure for: https://www.morphosource.org/concern/media/000703476?locale=en
2025-01-27 20:08:52,639 - INFO - Title loaded
2025-01-27 20:08:52,654 - INFO - Content elements found
2025-01-27 20:08:52,673 - INFO - Found media type using showcase layout
2025-01-27 20:08:52,673 - INFO - Detected Layout: showcase
2025-01-27 20:08:52,673 - INFO - Media Type: Volumetric Image Series
2025-01-27 20:08:53,885 - INFO - Successfully processed https://www.morphosource.org/concern/media/000703476?locale=en
2025-01-27 20:08:55,887 - INFO - Processing URL: https://www.morphosource.org/concern/media/000703472?locale=en (Attempt 1/3)
2025-01-27 20:08:55,888 - INFO - Analyzing structure for: https://www.morphosource.org/concern/media/000703472?locale=en
2025-01-27 20:08:57,923 - INFO - Title loaded
2025-01-27 20:08:57,938 - INFO - Content elements found
2025-01-27 20:08:57,956 - INFO - Found media type using showcase layout
2025-01-27 20:08:57,956 - INFO - Detected Layout: showcase
2025-01-27 20:08:57,956 - INFO - Media Type: Volumetric Image Series
2025-01-27 20:08:59,175 - INFO - Successfully processed https://www.morphosource.org/concern/media/000703472?locale=en
2025-01-27 20:09:01,178 - INFO - Processing URL: https://www.morphosource.org/concern/media/000703467?locale=en (Attempt 1/3)
2025-01-27 20:09:01,178 - INFO - Analyzing structure for: https://www.morphosource.org/concern/media/000703467?locale=en
2025-01-27 20:09:03,268 - INFO - Title loaded
2025-01-27 20:09:03,280 - INFO - Content elements found
2025-01-27 20:09:03,292 - INFO - Found media type using showcase layout
2025-01-27 20:09:03,292 - INFO - Detected Layout: showcase
2025-01-27 20:09:03,292 - INFO - Media Type: Volumetric Image Series
2025-01-27 20:09:04,077 - INFO - Successfully processed https://www.morphosource.org/concern/media/000703467?locale=en
2025-01-27 20:09:06,078 - INFO - Processing URL: https://www.morphosource.org/concern/media/000703305?locale=en (Attempt 1/3)
2025-01-27 20:09:06,078 - INFO - Analyzing structure for: https://www.morphosource.org/concern/media/000703305?locale=en
2025-01-27 20:09:08,172 - INFO - Title loaded
2025-01-27 20:09:08,184 - INFO - Content elements found
2025-01-27 20:09:08,195 - INFO - Found media type using showcase layout
2025-01-27 20:09:08,196 - INFO - Detected Layout: showcase
2025-01-27 20:09:08,196 - INFO - Media Type: Volumetric Image Series
2025-01-27 20:09:08,974 - INFO - Successfully processed https://www.morphosource.org/concern/media/000703305?locale=en
2025-01-27 20:09:10,976 - INFO - Processing URL: https://www.morphosource.org/concern/media/000703298?locale=en (Attempt 1/3)
2025-01-27 20:09:10,976 - INFO - Analyzing structure for: https://www.morphosource.org/concern/media/000703298?locale=en
2025-01-27 20:09:12,495 - INFO - Title loaded
2025-01-27 20:09:12,515 - INFO - Content elements found
2025-01-27 20:09:12,530 - INFO - Found media type using showcase layout
2025-01-27 20:09:12,530 - INFO - Detected Layout: showcase
2025-01-27 20:09:12,530 - INFO - Media Type: Volumetric Image Series
2025-01-27 20:09:13,705 - INFO - Successfully processed https://www.morphosource.org/concern/media/000703298?locale=en
2025-01-27 20:09:15,706 - INFO - Processing URL: https://www.morphosource.org/concern/media/000703294?locale=en (Attempt 1/3)
2025-01-27 20:09:15,707 - INFO - Analyzing structure for: https://www.morphosource.org/concern/media/000703294?locale=en
2025-01-27 20:09:17,305 - INFO - Title loaded
2025-01-27 20:09:17,317 - INFO - Content elements found
2025-01-27 20:09:17,328 - INFO - Found media type using showcase layout
2025-01-27 20:09:17,328 - INFO - Detected Layout: showcase
2025-01-27 20:09:17,328 - INFO - Media Type: Volumetric Image Series
2025-01-27 20:09:18,321 - INFO - Successfully processed https://www.morphosource.org/concern/media/000703294?locale=en
2025-01-27 20:09:20,323 - INFO - Processing URL: https://www.morphosource.org/concern/media/000703287?locale=en (Attempt 1/3)
2025-01-27 20:09:20,323 - INFO - Analyzing structure for: https://www.morphosource.org/concern/media/000703287?locale=en
2025-01-27 20:09:22,890 - INFO - Title loaded
2025-01-27 20:09:22,909 - INFO - Content elements found
2025-01-27 20:09:22,928 - INFO - Found media type using showcase layout
2025-01-27 20:09:22,928 - INFO - Detected Layout: showcase
2025-01-27 20:09:22,929 - INFO - Media Type: Volumetric Image Series
2025-01-27 20:09:24,137 - INFO - Successfully processed https://www.morphosource.org/concern/media/000703287?locale=en
2025-01-27 20:09:26,140 - INFO - Processing URL: https://www.morphosource.org/concern/media/000703273?locale=en (Attempt 1/3)
2025-01-27 20:09:26,140 - INFO - Analyzing structure for: https://www.morphosource.org/concern/media/000703273?locale=en
2025-01-27 20:09:29,224 - INFO - Title loaded
2025-01-27 20:09:29,242 - INFO - Content elements found
2025-01-27 20:09:29,261 - INFO - Found media type using showcase layout
2025-01-27 20:09:29,261 - INFO - Detected Layout: showcase
2025-01-27 20:09:29,261 - INFO - Media Type: Volumetric Image Series
2025-01-27 20:09:30,462 - INFO - Successfully processed https://www.morphosource.org/concern/media/000703273?locale=en
2025-01-27 20:09:32,486 - INFO - Saved 10 records to data/parquet/2025-01-27_20-08-35/morphosource_data_20250127_200932.parquet
2025-01-27 20:09:32,486 - INFO - Columns: url, processed_at, error, media_id, media_type, object_element_or_part, object_represented, object_taxonomy, object_organization, side, orientation, short_description, full_description, creator, date_created, date_uploaded, data_managed_by, data_uploaded_by, publication_status, download_reviewer, ip_holder, copyright_statement, creative_commons_license, morphosource_use_agreement_type, permits_commercial_use, permits_3d_use, required_archival_of_published_derivatives, funding_attribution, publisher, cite_as, media_preview_mode, additional_usage_agreement, morphosource_ark, morphosource_doi, external_identifier, external_media_url, file_name, file_formats, file_size, image_width, image_height, color_space, color_depth, compression, x_pixel_spacing, y_pixel_spacing, z_pixel_spacing, pixel_spacing_units, slice_thickness, number_of_images_in_set, number_of_parent_media, number_of_processing_events, modality, device, batch_index, attempt
2025-01-27 20:09:32,573 - INFO - Saved 10 records to data/parquet/2025-01-27_20-08-35/morphosource_data_20250127_200932.parquet
2025-01-27 20:09:32,573 - INFO - Columns: url, processed_at, error, media_id, media_type, object_element_or_part, object_represented, object_taxonomy, object_organization, side, orientation, short_description, full_description, creator, date_created, date_uploaded, data_managed_by, data_uploaded_by, publication_status, download_reviewer, ip_holder, copyright_statement, creative_commons_license, morphosource_use_agreement_type, permits_commercial_use, permits_3d_use, required_archival_of_published_derivatives, funding_attribution, publisher, cite_as, media_preview_mode, additional_usage_agreement, morphosource_ark, morphosource_doi, external_identifier, external_media_url, file_name, file_formats, file_size, image_width, image_height, color_space, color_depth, compression, x_pixel_spacing, y_pixel_spacing, z_pixel_spacing, pixel_spacing_units, slice_thickness, number_of_images_in_set, number_of_parent_media, number_of_processing_events, modality, device, batch_index, attempt
2025-01-27 20:09:32,573 - INFO - Processed 10 records in this batch
