2025-04-06 01:40:14,026 - Data directory: data/2025-04-06_01-40-11
2025-04-06 01:40:14,026 - Output directory: data/2025-04-06_01-40-11
2025-04-06 01:40:14,026 - Using data directory: data/2025-04-06_01-40-11
2025-04-06 01:40:14,027 - Looking for previous data in: data
2025-04-06 01:40:14,027 - Loading previous data from: data/2025-04-05_01-26-16/morphosource_data_complete.json
2025-04-06 01:40:14,029 - Loaded 487 records from previous data file
2025-04-06 01:40:14,029 - Latest stored record ID: 000727611
2025-04-06 01:40:14,029 - Previous record count: 487
2025-04-06 01:40:14,029 - Fetching page 1
2025-04-06 01:40:16,388 - Found record 000727644 - Total records: 1
2025-04-06 01:40:16,389 - Found record 000727639 - Total records: 2
2025-04-06 01:40:16,389 - Found record 000727634 - Total records: 3
2025-04-06 01:40:16,389 - Found record 000727629 - Total records: 4
2025-04-06 01:40:16,390 - Found record 000727624 - Total records: 5
2025-04-06 01:40:16,390 - Found record 000727611 - Total records: 6
2025-04-06 01:40:16,390 - Found latest stored record 000727611 - stopping fetch
2025-04-06 01:40:16,390 - Completed fetch - Found 6 new records
2025-04-06 01:40:16,391 - Latest webpage record ID: 000727644
2025-04-06 01:40:16,391 - New records available - latest records differ
2025-04-06 01:40:16,391 - New records: 6
2025-04-06 01:40:16,391 - Previous records: 487
2025-04-06 01:40:16,391 - Combined records: 492
2025-04-06 01:40:16,399 - Saved 492 records to: data/2025-04-06_01-40-11/morphosource_data_complete.json
2025-04-06 01:40:16,399 - Created detailed release notes at: data/2025-04-06_01-40-11/release_notes.txt
