2025-04-18 01:28:14,498 - Data directory: data/2025-04-18_01-28-12
2025-04-18 01:28:14,498 - Output directory: data/2025-04-18_01-28-12
2025-04-18 01:28:14,498 - Using data directory: data/2025-04-18_01-28-12
2025-04-18 01:28:14,498 - Looking for previous data in: data
2025-04-18 01:28:14,499 - Loading previous data from: data/2025-04-17_01-37-21/morphosource_data_complete.json
2025-04-18 01:28:14,501 - Loaded 635 records from previous data file
2025-04-18 01:28:14,501 - Latest stored record ID: 000731140
2025-04-18 01:28:14,501 - Previous record count: 635
2025-04-18 01:28:14,502 - Fetching page 1
2025-04-18 01:28:18,372 - Found record 000731474 - Total records: 1
2025-04-18 01:28:18,372 - Found record 000731459 - Total records: 2
2025-04-18 01:28:18,373 - Found record 000731445 - Total records: 3
2025-04-18 01:28:18,373 - Found record 000731415 - Total records: 4
2025-04-18 01:28:18,374 - Found record 000731387 - Total records: 5
2025-04-18 01:28:18,374 - Found record 000731367 - Total records: 6
2025-04-18 01:28:18,374 - Found record 000731363 - Total records: 7
2025-04-18 01:28:18,375 - Found record 000731355 - Total records: 8
2025-04-18 01:28:18,375 - Found record 000731140 - Total records: 9
2025-04-18 01:28:18,375 - Found latest stored record 000731140 - stopping fetch
2025-04-18 01:28:18,375 - Completed fetch - Found 9 new records
2025-04-18 01:28:18,375 - Latest webpage record ID: 000731474
2025-04-18 01:28:18,376 - New records available - latest records differ
2025-04-18 01:28:18,376 - New records: 9
2025-04-18 01:28:18,376 - Previous records: 635
2025-04-18 01:28:18,376 - Combined records: 643
2025-04-18 01:28:18,386 - Saved 643 records to: data/2025-04-18_01-28-12/morphosource_data_complete.json
2025-04-18 01:28:18,387 - Created detailed release notes at: data/2025-04-18_01-28-12/release_notes.txt
