2025-05-03 01:37:14,191 - Data directory: data/2025-05-03_01-37-12
2025-05-03 01:37:14,191 - Output directory: data/2025-05-03_01-37-12
2025-05-03 01:37:14,192 - Using data directory: data/2025-05-03_01-37-12
2025-05-03 01:37:14,192 - Looking for previous data in: data
2025-05-03 01:37:14,193 - Loading previous data from: data/2025-05-02_01-39-53/morphosource_data_complete.json
2025-05-03 01:37:14,196 - Loaded 783 records from previous data file
2025-05-03 01:37:14,196 - Latest stored record ID: 000738389
2025-05-03 01:37:14,196 - Previous record count: 783
2025-05-03 01:37:14,196 - Fetching page 1
2025-05-03 01:37:18,450 - Found record 000739044 - Total records: 1
2025-05-03 01:37:18,450 - Found record 000739040 - Total records: 2
2025-05-03 01:37:18,451 - Found record 000739033 - Total records: 3
2025-05-03 01:37:18,451 - Found record 000739028 - Total records: 4
2025-05-03 01:37:18,451 - Found record 000739021 - Total records: 5
2025-05-03 01:37:18,452 - Found record 000739017 - Total records: 6
2025-05-03 01:37:18,452 - Found record 000739010 - Total records: 7
2025-05-03 01:37:18,452 - Found record 000739006 - Total records: 8
2025-05-03 01:37:18,453 - Found record 000738999 - Total records: 9
2025-05-03 01:37:18,453 - Found record 000738986 - Total records: 10
2025-05-03 01:37:18,454 - Found record 000738978 - Total records: 11
2025-05-03 01:37:18,454 - Found record 000738975 - Total records: 12
2025-05-03 01:37:18,454 - Found record 000738389 - Total records: 13
2025-05-03 01:37:18,454 - Found latest stored record 000738389 - stopping fetch
2025-05-03 01:37:18,454 - Completed fetch - Found 13 new records
2025-05-03 01:37:18,455 - Latest webpage record ID: 000739044
2025-05-03 01:37:18,455 - New records available - latest records differ
2025-05-03 01:37:18,456 - New records: 13
2025-05-03 01:37:18,456 - Previous records: 783
2025-05-03 01:37:18,456 - Combined records: 795
2025-05-03 01:37:18,468 - Saved 795 records to: data/2025-05-03_01-37-12/morphosource_data_complete.json
2025-05-03 01:37:18,468 - Created detailed release notes at: data/2025-05-03_01-37-12/release_notes.txt
