2025-06-13 01:45:11,365 - Data directory: data/2025-06-13_01-45-09
2025-06-13 01:45:11,365 - Output directory: data/2025-06-13_01-45-09
2025-06-13 01:45:11,366 - Using data directory: data/2025-06-13_01-45-09
2025-06-13 01:45:11,366 - Looking for previous data in: data
2025-06-13 01:45:11,367 - Loading previous data from: data/2025-06-12_01-44-05/morphosource_data_complete.json
2025-06-13 01:45:11,372 - Loaded 1364 records from previous data file
2025-06-13 01:45:11,372 - Latest stored record ID: 000751923
2025-06-13 01:45:11,372 - Previous record count: 1364
2025-06-13 01:45:11,372 - Fetching page 1
2025-06-13 01:45:14,412 - Found record 000751997 - Total records: 1
2025-06-13 01:45:14,412 - Found record 000751989 - Total records: 2
2025-06-13 01:45:14,412 - Found record 000751923 - Total records: 3
2025-06-13 01:45:14,412 - Found latest stored record 000751923 - stopping fetch
2025-06-13 01:45:14,413 - Completed fetch - Found 3 new records
2025-06-13 01:45:14,413 - Latest webpage record ID: 000751997
2025-06-13 01:45:14,413 - New records available - latest records differ
2025-06-13 01:45:14,414 - New records: 3
2025-06-13 01:45:14,414 - Previous records: 1364
2025-06-13 01:45:14,414 - Combined records: 1366
2025-06-13 01:45:14,434 - Saved 1366 records to: data/2025-06-13_01-45-09/morphosource_data_complete.json
2025-06-13 01:45:14,434 - Created detailed release notes at: data/2025-06-13_01-45-09/release_notes.txt
