2025-01-27 17:49:55,042 - INFO - Using data file: data/2025-01-27_01-34-38/morphosource_data_complete.json
2025-01-27 17:49:55,467 - INFO - Found 104398 URLs to process
2025-01-27 17:49:55,467 - INFO - Starting at index 0, processed so far: 0
2025-01-27 17:49:55,607 - INFO - Processing URL: https://www.morphosource.org/concern/media/000704255?locale=en
2025-01-27 17:49:57,302 - INFO - Extracted fields for https://www.morphosource.org/concern/media/000704255?locale=en:
2025-01-27 17:49:57,302 - INFO -   url: https://www.morphosource.org/concern/media/000704255?locale=en
2025-01-27 17:49:57,302 - INFO -   processed_at: 2025-01-27T17:49:57.291175
2025-01-27 17:49:57,302 - INFO -   compression: Uncompressed
2025-01-27 17:49:57,302 - INFO - Extracted data for https://www.morphosource.org/concern/media/000704255?locale=en:
2025-01-27 17:49:57,302 - INFO -   url: https://www.morphosource.org/concern/media/000704255?locale=en
2025-01-27 17:49:57,302 - INFO -   processed_at: 2025-01-27T17:49:57.291175
2025-01-27 17:49:57,302 - INFO -   compression: Uncompressed
2025-01-27 17:49:57,302 - INFO -   batch_index: 0
2025-01-27 17:49:58,303 - INFO - Processing URL: https://www.morphosource.org/concern/media/000704249?locale=en
2025-01-27 17:50:00,685 - INFO - Extracted fields for https://www.morphosource.org/concern/media/000704249?locale=en:
2025-01-27 17:50:00,685 - INFO -   url: https://www.morphosource.org/concern/media/000704249?locale=en
2025-01-27 17:50:00,685 - INFO -   processed_at: 2025-01-27T17:50:00.674444
2025-01-27 17:50:00,685 - INFO -   compression: Uncompressed
2025-01-27 17:50:00,685 - INFO - Extracted data for https://www.morphosource.org/concern/media/000704249?locale=en:
2025-01-27 17:50:00,685 - INFO -   url: https://www.morphosource.org/concern/media/000704249?locale=en
2025-01-27 17:50:00,685 - INFO -   processed_at: 2025-01-27T17:50:00.674444
2025-01-27 17:50:00,685 - INFO -   compression: Uncompressed
2025-01-27 17:50:00,685 - INFO -   batch_index: 1
2025-01-27 17:50:01,686 - INFO - Processing URL: https://www.morphosource.org/concern/media/000704150?locale=en
2025-01-27 17:50:02,512 - INFO - Extracted fields for https://www.morphosource.org/concern/media/000704150?locale=en:
2025-01-27 17:50:02,512 - INFO -   url: https://www.morphosource.org/concern/media/000704150?locale=en
2025-01-27 17:50:02,513 - INFO -   processed_at: 2025-01-27T17:50:02.503286
2025-01-27 17:50:02,513 - INFO -   compression: --
2025-01-27 17:50:02,513 - INFO - Extracted data for https://www.morphosource.org/concern/media/000704150?locale=en:
2025-01-27 17:50:02,513 - INFO -   url: https://www.morphosource.org/concern/media/000704150?locale=en
2025-01-27 17:50:02,513 - INFO -   processed_at: 2025-01-27T17:50:02.503286
2025-01-27 17:50:02,513 - INFO -   compression: --
2025-01-27 17:50:02,513 - INFO -   batch_index: 2
2025-01-27 17:50:03,514 - INFO - Processing URL: https://www.morphosource.org/concern/media/000704145?locale=en
2025-01-27 17:50:05,119 - INFO - Extracted fields for https://www.morphosource.org/concern/media/000704145?locale=en:
2025-01-27 17:50:05,119 - INFO -   url: https://www.morphosource.org/concern/media/000704145?locale=en
2025-01-27 17:50:05,119 - INFO -   processed_at: 2025-01-27T17:50:05.108476
2025-01-27 17:50:05,119 - INFO -   compression: Uncompressed
2025-01-27 17:50:05,119 - INFO - Extracted data for https://www.morphosource.org/concern/media/000704145?locale=en:
2025-01-27 17:50:05,119 - INFO -   url: https://www.morphosource.org/concern/media/000704145?locale=en
2025-01-27 17:50:05,119 - INFO -   processed_at: 2025-01-27T17:50:05.108476
2025-01-27 17:50:05,119 - INFO -   compression: Uncompressed
2025-01-27 17:50:05,119 - INFO -   batch_index: 3
2025-01-27 17:50:06,121 - INFO - Processing URL: https://www.morphosource.org/concern/media/000704140?locale=en
2025-01-27 17:50:07,958 - INFO - Extracted fields for https://www.morphosource.org/concern/media/000704140?locale=en:
2025-01-27 17:50:07,958 - INFO -   url: https://www.morphosource.org/concern/media/000704140?locale=en
2025-01-27 17:50:07,958 - INFO -   processed_at: 2025-01-27T17:50:07.947667
2025-01-27 17:50:07,958 - INFO -   compression: Uncompressed
2025-01-27 17:50:07,958 - INFO - Extracted data for https://www.morphosource.org/concern/media/000704140?locale=en:
2025-01-27 17:50:07,958 - INFO -   url: https://www.morphosource.org/concern/media/000704140?locale=en
2025-01-27 17:50:07,958 - INFO -   processed_at: 2025-01-27T17:50:07.947667
2025-01-27 17:50:07,958 - INFO -   compression: Uncompressed
2025-01-27 17:50:07,958 - INFO -   batch_index: 4
2025-01-27 17:50:08,960 - INFO - Processing URL: https://www.morphosource.org/concern/media/000704135?locale=en
2025-01-27 17:50:12,048 - INFO - Extracted fields for https://www.morphosource.org/concern/media/000704135?locale=en:
2025-01-27 17:50:12,048 - INFO -   url: https://www.morphosource.org/concern/media/000704135?locale=en
2025-01-27 17:50:12,048 - INFO -   processed_at: 2025-01-27T17:50:12.038090
2025-01-27 17:50:12,048 - INFO -   compression: Uncompressed
2025-01-27 17:50:12,049 - INFO - Extracted data for https://www.morphosource.org/concern/media/000704135?locale=en:
2025-01-27 17:50:12,049 - INFO -   url: https://www.morphosource.org/concern/media/000704135?locale=en
2025-01-27 17:50:12,049 - INFO -   processed_at: 2025-01-27T17:50:12.038090
2025-01-27 17:50:12,049 - INFO -   compression: Uncompressed
2025-01-27 17:50:12,049 - INFO -   batch_index: 5
2025-01-27 17:50:13,050 - INFO - Processing URL: https://www.morphosource.org/concern/media/000704075?locale=en
2025-01-27 17:50:15,482 - INFO - Extracted fields for https://www.morphosource.org/concern/media/000704075?locale=en:
2025-01-27 17:50:15,482 - INFO -   url: https://www.morphosource.org/concern/media/000704075?locale=en
2025-01-27 17:50:15,482 - INFO -   processed_at: 2025-01-27T17:50:15.471536
2025-01-27 17:50:15,482 - INFO -   compression: Uncompressed
2025-01-27 17:50:15,482 - INFO - Extracted data for https://www.morphosource.org/concern/media/000704075?locale=en:
2025-01-27 17:50:15,482 - INFO -   url: https://www.morphosource.org/concern/media/000704075?locale=en
2025-01-27 17:50:15,482 - INFO -   processed_at: 2025-01-27T17:50:15.471536
2025-01-27 17:50:15,482 - INFO -   compression: Uncompressed
2025-01-27 17:50:15,482 - INFO -   batch_index: 6
2025-01-27 17:50:16,483 - INFO - Processing URL: https://www.morphosource.org/concern/media/000704042?locale=en
2025-01-27 17:50:18,881 - INFO - Extracted fields for https://www.morphosource.org/concern/media/000704042?locale=en:
2025-01-27 17:50:18,881 - INFO -   url: https://www.morphosource.org/concern/media/000704042?locale=en
2025-01-27 17:50:18,881 - INFO -   processed_at: 2025-01-27T17:50:18.870652
2025-01-27 17:50:18,881 - INFO -   compression: PackBits
2025-01-27 17:50:18,881 - INFO - Extracted data for https://www.morphosource.org/concern/media/000704042?locale=en:
2025-01-27 17:50:18,881 - INFO -   url: https://www.morphosource.org/concern/media/000704042?locale=en
2025-01-27 17:50:18,881 - INFO -   processed_at: 2025-01-27T17:50:18.870652
2025-01-27 17:50:18,881 - INFO -   compression: PackBits
2025-01-27 17:50:18,881 - INFO -   batch_index: 7
2025-01-27 17:50:19,883 - INFO - Processing URL: https://www.morphosource.org/concern/media/000704012?locale=en
2025-01-27 17:50:21,844 - INFO - Extracted fields for https://www.morphosource.org/concern/media/000704012?locale=en:
2025-01-27 17:50:21,844 - INFO -   url: https://www.morphosource.org/concern/media/000704012?locale=en
2025-01-27 17:50:21,844 - INFO -   processed_at: 2025-01-27T17:50:21.832561
2025-01-27 17:50:21,844 - INFO - Extracted data for https://www.morphosource.org/concern/media/000704012?locale=en:
2025-01-27 17:50:21,844 - INFO -   url: https://www.morphosource.org/concern/media/000704012?locale=en
2025-01-27 17:50:21,844 - INFO -   processed_at: 2025-01-27T17:50:21.832561
2025-01-27 17:50:21,844 - INFO -   batch_index: 8
2025-01-27 17:50:22,845 - INFO - Processing URL: https://www.morphosource.org/concern/media/000703950?locale=en
2025-01-27 17:50:25,348 - INFO - Extracted fields for https://www.morphosource.org/concern/media/000703950?locale=en:
2025-01-27 17:50:25,348 - INFO -   url: https://www.morphosource.org/concern/media/000703950?locale=en
2025-01-27 17:50:25,348 - INFO -   processed_at: 2025-01-27T17:50:25.337740
2025-01-27 17:50:25,348 - INFO -   compression: Uncompressed
2025-01-27 17:50:25,348 - INFO - Extracted data for https://www.morphosource.org/concern/media/000703950?locale=en:
2025-01-27 17:50:25,348 - INFO -   url: https://www.morphosource.org/concern/media/000703950?locale=en
2025-01-27 17:50:25,348 - INFO -   processed_at: 2025-01-27T17:50:25.337740
2025-01-27 17:50:25,348 - INFO -   compression: Uncompressed
2025-01-27 17:50:25,348 - INFO -   batch_index: 9
2025-01-27 17:50:26,372 - INFO - Saved 10 records to data/parquet/2025-01-27_17-49-53/morphosource_data_20250127_175026.parquet
2025-01-27 17:50:26,372 - INFO - Columns: url, processed_at, file_name, file_format, file_size_bytes, image_width, image_height, color_space, color_depth, compression, x_pixel_spacing, y_pixel_spacing, z_pixel_spacing, pixel_spacing_units, slice_thickness, number_of_images, batch_index
2025-01-27 17:50:26,373 - INFO - Processed 10 records in this batch
